  **** hpge2021new_22.bnx ****

  Simulation of HPGe detector for gamma detection v2021                           

  Total primaries run:         1000000
   Total weight of the primaries run:   1000000.00    


  Detector n:            1 (           1 )  targam    
     (Area:            1.00000000      cmq,
      distr. scored:           7    ,
      from reg.           7  to            4 ,
      one way scoring,
      current scoring)

     Tot. resp. (Part/cmq/pr)  0.1628350      +/-  0.1430085     %
     ( -->      (Part/pr)      0.1628350      +/-  0.1430085     % )

  **** Different. Fluxes as a function of energy **** ****      (integrated over solid angle)        ****


  Energy boundaries (GeV):

  3.0000000E-03  2.9899999E-03  2.9799999E-03  2.9700000E-03  2.9600000E-03
  2.9499999E-03  2.9400000E-03  2.9300000E-03  2.9199999E-03  2.9100000E-03
  2.9000000E-03  2.8899999E-03  2.8800000E-03  2.8700000E-03  2.8599999E-03
  2.8499998E-03  2.8400000E-03  2.8299999E-03  2.8199998E-03  2.8100000E-03
  2.7999999E-03  2.7899998E-03  2.7800000E-03  2.7699999E-03  2.7599998E-03
  2.7500000E-03  2.7399999E-03  2.7299998E-03  2.7200000E-03  2.7099999E-03
  2.6999998E-03  2.6900000E-03  2.6799999E-03  2.6699998E-03  2.6600000E-03
  2.6499999E-03  2.6399998E-03  2.6300000E-03  2.6199999E-03  2.6099999E-03
  2.6000000E-03  2.5899999E-03  2.5799999E-03  2.5700000E-03  2.5599999E-03
  2.5499999E-03  2.5400000E-03  2.5299999E-03  2.5199999E-03  2.5100000E-03
  2.4999999E-03  2.4899999E-03  2.4800000E-03  2.4699999E-03  2.4599999E-03
  2.4500000E-03  2.4400000E-03  2.4299999E-03  2.4200000E-03  2.4100000E-03
  2.3999999E-03  2.3900000E-03  2.3800000E-03  2.3699999E-03  2.3600000E-03
  2.3500000E-03  2.3399999E-03  2.3300000E-03  2.3200000E-03  2.3099999E-03
  2.3000001E-03  2.2900000E-03  2.2799999E-03  2.2700001E-03  2.2600000E-03
  2.2499999E-03  2.2399998E-03  2.2300000E-03  2.2199999E-03  2.2099998E-03
  2.2000000E-03  2.1899999E-03  2.1799998E-03  2.1700000E-03  2.1599999E-03
  2.1499998E-03  2.1400000E-03  2.1299999E-03  2.1199998E-03  2.1100000E-03
  2.0999999E-03  2.0899998E-03  2.0800000E-03  2.0699999E-03  2.0599999E-03
  2.0500000E-03  2.0399999E-03  2.0299999E-03  2.0200000E-03  2.0099999E-03
  1.9999999E-03  1.9900000E-03  1.9799999E-03  1.9699999E-03  1.9600000E-03
  1.9499999E-03  1.9400000E-03  1.9299999E-03  1.9200000E-03  1.9100000E-03
  1.8999999E-03  1.8900000E-03  1.8800000E-03  1.8699999E-03  1.8600000E-03
  1.8500000E-03  1.8399999E-03  1.8300000E-03  1.8200000E-03  1.8099999E-03
  1.8000000E-03  1.7900000E-03  1.7799999E-03  1.7700000E-03  1.7599999E-03
  1.7499999E-03  1.7400000E-03  1.7299999E-03  1.7199999E-03  1.7100000E-03
  1.6999999E-03  1.6899999E-03  1.6800000E-03  1.6699999E-03  1.6600000E-03
  1.6500000E-03  1.6399999E-03  1.6300000E-03  1.6200000E-03  1.6099999E-03
  1.6000000E-03  1.5900000E-03  1.5799999E-03  1.5700000E-03  1.5600000E-03
  1.5499999E-03  1.5400000E-03  1.5300000E-03  1.5199999E-03  1.5100000E-03
  1.5000000E-03  1.4899999E-03  1.4800000E-03  1.4700000E-03  1.4599999E-03
  1.4500000E-03  1.4400000E-03  1.4299999E-03  1.4200000E-03  1.4099999E-03
  1.4000000E-03  1.3900000E-03  1.3799999E-03  1.3700000E-03  1.3600000E-03
  1.3499999E-03  1.3400000E-03  1.3300000E-03  1.3199999E-03  1.3100000E-03
  1.3000000E-03  1.2899999E-03  1.2800000E-03  1.2700000E-03  1.2599999E-03
  1.2500000E-03  1.2400000E-03  1.2299999E-03  1.2200000E-03  1.2100000E-03
  1.1999999E-03  1.1900000E-03  1.1800000E-03  1.1699999E-03  1.1600000E-03
  1.1500000E-03  1.1399999E-03  1.1300000E-03  1.1199999E-03  1.1100000E-03
  1.1000000E-03  1.0899999E-03  1.0800000E-03  1.0700000E-03  1.0599999E-03
  1.0500000E-03  1.0400000E-03  1.0299999E-03  1.0200000E-03  1.0100000E-03
  9.9999993E-04  9.8999997E-04  9.8000001E-04  9.6999999E-04  9.5999998E-04
  9.4999996E-04  9.4000000E-04  9.2999998E-04  9.1999996E-04  9.1000000E-04
  8.9999998E-04  8.8999997E-04  8.7999995E-04  8.6999999E-04  8.5999997E-04
  8.4999995E-04  8.3999999E-04  8.2999998E-04  8.1999996E-04  8.1000000E-04
  7.9999998E-04  7.8999996E-04  7.8000000E-04  7.6999998E-04  7.5999997E-04
  7.5000001E-04  7.3999999E-04  7.2999997E-04  7.2000001E-04  7.0999999E-04
  6.9999998E-04  6.8999996E-04  6.8000000E-04  6.6999998E-04  6.5999996E-04
  6.5000000E-04  6.3999998E-04  6.2999997E-04  6.2000001E-04  6.0999999E-04
  5.9999997E-04  5.9000001E-04  5.7999999E-04  5.6999997E-04  5.5999996E-04
  5.5000000E-04  5.3999998E-04  5.2999996E-04  5.2000000E-04  5.0999998E-04
  4.9999997E-04  4.9000001E-04  4.7999999E-04  4.7000000E-04  4.5999998E-04
  4.4999999E-04  4.3999997E-04  4.2999999E-04  4.2000000E-04  4.0999998E-04
  3.9999999E-04  3.9000000E-04  3.7999998E-04  3.6999999E-04  3.6000001E-04
  3.4999999E-04  3.4000000E-04  3.2999998E-04  3.1999999E-04  3.1000000E-04
  2.9999999E-04  2.9000000E-04  2.7999998E-04  2.6999999E-04  2.6000000E-04
  2.4999998E-04  2.3999999E-04  2.2999999E-04  2.1999999E-04  2.1000000E-04
  1.9999999E-04  1.8999999E-04  1.8000000E-04  1.7000000E-04  1.6000000E-04
  1.4999999E-04  1.3999999E-04  1.3000000E-04  1.2000000E-04  1.0999999E-04
  9.9999997E-05  9.0000001E-05  7.9999998E-05  6.9999995E-05  5.9999998E-05
  4.9999999E-05  3.9999999E-05  2.9999999E-05  1.9999999E-05  9.9999997E-06
  Lowest boundary   (GeV):   0.000000    

  Flux (Part/GeV/cmq/pr):

   43.40000     +/-    8.919462     %    44.10000     +/-    3.370991     % 
   41.60000     +/-    3.633706     %    44.30000     +/-    4.953298     % 
   39.30000     +/-    4.597789     %    43.30000     +/-    2.771363     % 
   42.60000     +/-    4.729916     %    37.30000     +/-    2.457144     % 
   41.40000     +/-    3.112102     %    42.00000     +/-    5.078745     % 
   45.00000     +/-    3.784308     %    42.90000     +/-    3.890051     % 
   43.20000     +/-    2.152902     %    45.90000     +/-    3.107918     % 
   40.50000     +/-    3.289608     %    41.40000     +/-    1.682174     % 
   42.00000     +/-    6.128351     %    43.00000     +/-    1.838534     % 
   41.00000     +/-    4.171374     %    42.10000     +/-    6.344756     % 
   43.30000     +/-    7.708230     %    40.40000     +/-    5.048534     % 
   42.90000     +/-    7.430013     %    40.30000     +/-    4.551845     % 
   42.10000     +/-    2.474189     %    43.00000     +/-    5.985831     % 
   43.20000     +/-    2.654478     %    37.40000     +/-    4.846141     % 
   40.90000     +/-    5.540474     %    38.80000     +/-    3.448219     % 
   38.60000     +/-    2.760009     %    41.20000     +/-    4.878581     % 
   42.70000     +/-    4.878845     %    40.90000     +/-    5.660556     % 
   38.40000     +/-    6.745747     %    38.60000     +/-    5.983840     % 
   37.90000     +/-    5.365356     %    40.50000     +/-    4.416924     % 
   43.90000     +/-    7.935154     %    38.90000     +/-    5.321399     % 
   43.90000     +/-    1.318432     %    43.60000     +/-    4.281687     % 
   38.10000     +/-    6.104832     %    37.30000     +/-    5.061986     % 
   37.80000     +/-    5.511288     %    40.50000     +/-    1.512031     % 
   38.00000     +/-    5.566894     %    42.10000     +/-    3.668277     % 
   38.90000     +/-    6.470289     %    42.00000     +/-    4.089420     % 
   39.30000     +/-    7.703245     %    42.70000     +/-    6.953177     % 
   39.80000     +/-    5.470236     %    39.00000     +/-    4.779835     % 
   38.60000     +/-    1.894914     %    40.30000     +/-    5.853661     % 
   37.40000     +/-    3.547191     %    39.50000     +/-    3.177190     % 
   41.80000     +/-    7.133039     %    43.20000     +/-    4.972814     % 
   40.00000     +/-    5.448625     %    42.30000     +/-    7.756516     % 
   42.30000     +/-    6.816960     %    40.50000     +/-    5.737753     % 
   40.10000     +/-    5.567858     %    38.40000     +/-    6.907181     % 
   38.80000     +/-    4.107571     %    41.00000     +/-    2.936975     % 
   37.00000     +/-    2.736277     %    38.20000     +/-    3.550957     % 
   39.40000     +/-    4.273466     %    36.60000     +/-    7.077505     % 
   39.20000     +/-    4.065657     %    42.10000     +/-    3.855745     % 
   42.10000     +/-    3.470698     %    42.10000     +/-    2.474189     % 
   36.60000     +/-    6.296022     %    41.40000     +/-    5.365908     % 
   36.80000     +/-    3.289053     %    41.40000     +/-    3.902294     % 
   40.10000     +/-    4.851640     %    38.00000     +/-    2.942195     % 
   41.80000     +/-    4.532846     %    42.30000     +/-    5.987672     % 
   39.90000     +/-    7.015306     %    38.60000     +/-    5.073356     % 
   39.30000     +/-    5.782860     %    39.30000     +/-    5.481083     % 
   40.20000     +/-    6.062715     %    37.40000     +/-    3.974883     % 
   34.60000     +/-    10.28349     %    38.00000     +/-    4.423089     % 
   38.30000     +/-    5.861604     %    38.00000     +/-    5.957491     % 
   36.90000     +/-    3.794037     %    39.10000     +/-    6.710815     % 
   39.10000     +/-    7.580435     %    41.10000     +/-    4.509429     % 
   42.80000     +/-    2.922897     %    40.60000     +/-    5.622025     % 
   37.30000     +/-    7.398201     %    39.70000     +/-    5.779746     % 
   42.10000     +/-    3.470699     %    41.60000     +/-    5.312989     % 
   38.80000     +/-    1.446517     %    44.20000     +/-    4.150212     % 
   36.20000     +/-    4.064624     %    41.90000     +/-    4.518878     % 
   40.90000     +/-    4.564341     %    42.40000     +/-    2.594340     % 
   43.00000     +/-    4.987816     %    38.90000     +/-    6.634185     % 
   41.80000     +/-    5.222220     %    40.80000     +/-    4.220386     % 
   42.60000     +/-    3.489688     %    43.20000     +/-    4.246282     % 
   41.50000     +/-    3.977729     %    40.40000     +/-    5.314581     % 
   44.70000     +/-    4.149270     %    37.80000     +/-    7.832208     % 
   40.30000     +/-    3.296608     %    41.70000     +/-    1.497603     % 
   44.30000     +/-    7.709721     %    40.30000     +/-    3.128913     % 
   42.60000     +/-    8.660032     %    41.90000     +/-    4.643217     % 
   41.50000     +/-    2.926497     %    41.40000     +/-    3.135449     % 
   42.80000     +/-    5.536448     %    41.70000     +/-    4.299861     % 
   42.80000     +/-    4.563558     %    41.70000     +/-    2.852609     % 
   42.10000     +/-    3.629622     %    41.60000     +/-    5.062365     % 
   41.80000     +/-    6.403713     %    43.80000     +/-    5.599429     % 
   38.50000     +/-    3.741522     %    42.20000     +/-    3.546595     % 
   42.90000     +/-    2.399915     %    42.80000     +/-    2.548765     % 
   42.20000     +/-    4.248915     %    43.10000     +/-    2.921039     % 
   43.60000     +/-    4.635638     %    43.30000     +/-    10.32568     % 
   42.00000     +/-    5.468421     %    40.50000     +/-    8.659594     % 
   46.30000     +/-    7.648350     %    44.20000     +/-    5.774774     % 
   42.30000     +/-    4.222357     %    42.10000     +/-    3.511104     % 
   42.30000     +/-    4.736989     %    40.00000     +/-    5.347313     % 
   40.80000     +/-    4.660087     %    45.30000     +/-    3.687260     % 
   44.00000     +/-    4.601922     %    40.90000     +/-    4.725219     % 
   44.50000     +/-    4.035570     %    39.10000     +/-    3.511388     % 
   43.50000     +/-    7.251407     %    43.40000     +/-    2.586399     % 
   43.90000     +/-    6.169296     %    39.30000     +/-    7.713744     % 
   42.80000     +/-    4.123683     %    42.30000     +/-    1.737228     % 
   43.60000     +/-    5.197371     %    41.80000     +/-    6.141386     % 
   44.30000     +/-    3.103323     %    43.40000     +/-    2.760173     % 
   43.40000     +/-    3.845235     %    47.30000     +/-    4.115839     % 
   43.80000     +/-    1.861815     %    44.60000     +/-    3.758532     % 
   43.70000     +/-    5.750494     %    44.90000     +/-    5.120073     % 
   41.60000     +/-    4.222156     %    44.40000     +/-    5.016005     % 
   45.20000     +/-    4.979106     %    49.30000     +/-    3.326819     % 
   44.80000     +/-    4.416598     %    42.60000     +/-    3.882121     % 
   44.30000     +/-    3.886947     %    42.70000     +/-    2.240179     % 
   42.80000     +/-    2.521850     %    43.40000     +/-    6.397900     % 
   42.00000     +/-    7.613465     %    44.00000     +/-    6.912230     % 
   47.00000     +/-    4.909779     %    47.00000     +/-    2.018474     % 
   47.30000     +/-    2.354235     %    46.60000     +/-    4.091347     % 
   47.00000     +/-    6.293702     %    46.10000     +/-    3.620026     % 
   44.50000     +/-    4.423600     %    44.10000     +/-    6.585731     % 
   52.00000     +/-    4.310867     %    41.10000     +/-    3.555144     % 
   47.30000     +/-    5.217320     %    48.30000     +/-    3.881643     % 
   44.60000     +/-    7.914513     %    47.00000     +/-    2.913418     % 
   47.90000     +/-    2.071966     %    46.30000     +/-    3.872661     % 
   46.20000     +/-    5.286440     %    48.30000     +/-    3.115924     % 
   46.50000     +/-    4.844680     %    48.20000     +/-    2.656898     % 
   45.40000     +/-    6.224173     %    44.50000     +/-    5.062418     % 
   46.20000     +/-    6.371510     %    49.40000     +/-    5.378676     % 
   43.60000     +/-    4.219809     %    46.10000     +/-    7.493942     % 
   47.40000     +/-    3.924278     %    46.40000     +/-    4.151155     % 
   47.40000     +/-    4.722158     %    47.50000     +/-    3.345316     % 
   48.00000     +/-    2.134781     %    45.90000     +/-    4.008359     % 
   47.50000     +/-    3.585134     %    46.20000     +/-    5.083125     % 
   49.90000     +/-    3.687048     %    48.80000     +/-    2.779644     % 
   49.80000     +/-    2.258479     %    49.30000     +/-    5.579016     % 
   50.40000     +/-    2.335041     %    53.30000     +/-    3.851870     % 
   49.30000     +/-    4.298097     %    48.10000     +/-    4.439535     % 
   46.10000     +/-    4.606672     %    47.60000     +/-    2.727050     % 
   50.50000     +/-    3.597208     %    48.50000     +/-    1.081246     % 
   49.40000     +/-    4.598306     %    50.80000     +/-    4.827854     % 
   49.20000     +/-    4.911807     %    46.60000     +/-    3.433476     % 
   50.00000     +/-    5.029910     %    48.10000     +/-    7.331246     % 
   51.10000     +/-    4.027224     %    50.50000     +/-    2.729515     % 
   50.20000     +/-    5.989360     %    48.90000     +/-    4.069479     % 
   47.80000     +/-    7.662446     %    49.50000     +/-    3.113341     % 
   48.50000     +/-    3.898489     %    48.80000     +/-    2.944694     % 
   47.30000     +/-    3.655733     %    50.70000     +/-    2.174104     % 
   1657.800     +/-    1.227668     %    80.60001     +/-    3.729315     % 
   83.40000     +/-    3.435623     %    84.90000     +/-    4.119973     % 
   82.80000     +/-    3.976347     %    89.70000     +/-    3.488180     % 
   87.70000     +/-    3.697474     %    81.80000     +/-    4.701439     % 
   82.20000     +/-    3.279035     %    84.70000     +/-    4.590084     % 
   85.80000     +/-   0.9324016     %    84.40000     +/-    5.456672     % 
   86.50000     +/-    3.192301     %    90.10001     +/-    3.686900     % 
   88.30000     +/-    5.018917     %    89.90000     +/-    1.937847     % 
   90.30000     +/-    2.300395     %    95.70000     +/-    4.303926     % 
   92.20000     +/-    2.800071     %    91.20000     +/-    1.157824     % 
   103.2000     +/-    2.487499     %    100.2000     +/-    2.268127     % 
   103.3000     +/-    1.722211     %    94.50000     +/-    1.505846     % 
   104.0000     +/-    1.644484     %    109.6000     +/-    1.937661     % 
   109.3000     +/-    2.177609     %    115.1000     +/-    2.203936     % 
   112.5000     +/-    1.704025     %    117.6000     +/-    1.431757     % 
   121.3000     +/-    2.437220     %    120.7000     +/-    3.279126     % 
   123.6000     +/-    4.147969     %    121.0000     +/-    2.213734     % 
   114.7000     +/-    4.708338     %    101.9000     +/-    3.173888     % 
   98.20000     +/-    2.291808     %    91.60000     +/-    2.614395     % 
   79.00000     +/-    1.184068     %    66.80000     +/-    1.508193     % 
   52.90000     +/-    2.873097     %    42.60000     +/-    5.522671     % 
   29.70000     +/-    3.555338     %    24.70000     +/-    2.445961     % 
   19.30000     +/-    7.216781     %    13.90000     +/-    12.88955     % 
   10.20000     +/-    14.34190     %    6.600000     +/-    6.516912     % 
   5.300000     +/-    7.059731     %    1.400000     +/-    13.36306     % 
   1.200000     +/-    28.25971     %    0.000000     +/-    0.000000     % 


  **** Cumulative Fluxes as a function of energy **** ****      (integrated over solid angle)        ****


  Energy boundaries (GeV):

  3.0000000E-03  2.9899999E-03  2.9799999E-03  2.9700000E-03  2.9600000E-03
  2.9499999E-03  2.9400000E-03  2.9300000E-03  2.9199999E-03  2.9100000E-03
  2.9000000E-03  2.8899999E-03  2.8800000E-03  2.8700000E-03  2.8599999E-03
  2.8499998E-03  2.8400000E-03  2.8299999E-03  2.8199998E-03  2.8100000E-03
  2.7999999E-03  2.7899998E-03  2.7800000E-03  2.7699999E-03  2.7599998E-03
  2.7500000E-03  2.7399999E-03  2.7299998E-03  2.7200000E-03  2.7099999E-03
  2.6999998E-03  2.6900000E-03  2.6799999E-03  2.6699998E-03  2.6600000E-03
  2.6499999E-03  2.6399998E-03  2.6300000E-03  2.6199999E-03  2.6099999E-03
  2.6000000E-03  2.5899999E-03  2.5799999E-03  2.5700000E-03  2.5599999E-03
  2.5499999E-03  2.5400000E-03  2.5299999E-03  2.5199999E-03  2.5100000E-03
  2.4999999E-03  2.4899999E-03  2.4800000E-03  2.4699999E-03  2.4599999E-03
  2.4500000E-03  2.4400000E-03  2.4299999E-03  2.4200000E-03  2.4100000E-03
  2.3999999E-03  2.3900000E-03  2.3800000E-03  2.3699999E-03  2.3600000E-03
  2.3500000E-03  2.3399999E-03  2.3300000E-03  2.3200000E-03  2.3099999E-03
  2.3000001E-03  2.2900000E-03  2.2799999E-03  2.2700001E-03  2.2600000E-03
  2.2499999E-03  2.2399998E-03  2.2300000E-03  2.2199999E-03  2.2099998E-03
  2.2000000E-03  2.1899999E-03  2.1799998E-03  2.1700000E-03  2.1599999E-03
  2.1499998E-03  2.1400000E-03  2.1299999E-03  2.1199998E-03  2.1100000E-03
  2.0999999E-03  2.0899998E-03  2.0800000E-03  2.0699999E-03  2.0599999E-03
  2.0500000E-03  2.0399999E-03  2.0299999E-03  2.0200000E-03  2.0099999E-03
  1.9999999E-03  1.9900000E-03  1.9799999E-03  1.9699999E-03  1.9600000E-03
  1.9499999E-03  1.9400000E-03  1.9299999E-03  1.9200000E-03  1.9100000E-03
  1.8999999E-03  1.8900000E-03  1.8800000E-03  1.8699999E-03  1.8600000E-03
  1.8500000E-03  1.8399999E-03  1.8300000E-03  1.8200000E-03  1.8099999E-03
  1.8000000E-03  1.7900000E-03  1.7799999E-03  1.7700000E-03  1.7599999E-03
  1.7499999E-03  1.7400000E-03  1.7299999E-03  1.7199999E-03  1.7100000E-03
  1.6999999E-03  1.6899999E-03  1.6800000E-03  1.6699999E-03  1.6600000E-03
  1.6500000E-03  1.6399999E-03  1.6300000E-03  1.6200000E-03  1.6099999E-03
  1.6000000E-03  1.5900000E-03  1.5799999E-03  1.5700000E-03  1.5600000E-03
  1.5499999E-03  1.5400000E-03  1.5300000E-03  1.5199999E-03  1.5100000E-03
  1.5000000E-03  1.4899999E-03  1.4800000E-03  1.4700000E-03  1.4599999E-03
  1.4500000E-03  1.4400000E-03  1.4299999E-03  1.4200000E-03  1.4099999E-03
  1.4000000E-03  1.3900000E-03  1.3799999E-03  1.3700000E-03  1.3600000E-03
  1.3499999E-03  1.3400000E-03  1.3300000E-03  1.3199999E-03  1.3100000E-03
  1.3000000E-03  1.2899999E-03  1.2800000E-03  1.2700000E-03  1.2599999E-03
  1.2500000E-03  1.2400000E-03  1.2299999E-03  1.2200000E-03  1.2100000E-03
  1.1999999E-03  1.1900000E-03  1.1800000E-03  1.1699999E-03  1.1600000E-03
  1.1500000E-03  1.1399999E-03  1.1300000E-03  1.1199999E-03  1.1100000E-03
  1.1000000E-03  1.0899999E-03  1.0800000E-03  1.0700000E-03  1.0599999E-03
  1.0500000E-03  1.0400000E-03  1.0299999E-03  1.0200000E-03  1.0100000E-03
  9.9999993E-04  9.8999997E-04  9.8000001E-04  9.6999999E-04  9.5999998E-04
  9.4999996E-04  9.4000000E-04  9.2999998E-04  9.1999996E-04  9.1000000E-04
  8.9999998E-04  8.8999997E-04  8.7999995E-04  8.6999999E-04  8.5999997E-04
  8.4999995E-04  8.3999999E-04  8.2999998E-04  8.1999996E-04  8.1000000E-04
  7.9999998E-04  7.8999996E-04  7.8000000E-04  7.6999998E-04  7.5999997E-04
  7.5000001E-04  7.3999999E-04  7.2999997E-04  7.2000001E-04  7.0999999E-04
  6.9999998E-04  6.8999996E-04  6.8000000E-04  6.6999998E-04  6.5999996E-04
  6.5000000E-04  6.3999998E-04  6.2999997E-04  6.2000001E-04  6.0999999E-04
  5.9999997E-04  5.9000001E-04  5.7999999E-04  5.6999997E-04  5.5999996E-04
  5.5000000E-04  5.3999998E-04  5.2999996E-04  5.2000000E-04  5.0999998E-04
  4.9999997E-04  4.9000001E-04  4.7999999E-04  4.7000000E-04  4.5999998E-04
  4.4999999E-04  4.3999997E-04  4.2999999E-04  4.2000000E-04  4.0999998E-04
  3.9999999E-04  3.9000000E-04  3.7999998E-04  3.6999999E-04  3.6000001E-04
  3.4999999E-04  3.4000000E-04  3.2999998E-04  3.1999999E-04  3.1000000E-04
  2.9999999E-04  2.9000000E-04  2.7999998E-04  2.6999999E-04  2.6000000E-04
  2.4999998E-04  2.3999999E-04  2.2999999E-04  2.1999999E-04  2.1000000E-04
  1.9999999E-04  1.8999999E-04  1.8000000E-04  1.7000000E-04  1.6000000E-04
  1.4999999E-04  1.3999999E-04  1.3000000E-04  1.2000000E-04  1.0999999E-04
  9.9999997E-05  9.0000001E-05  7.9999998E-05  6.9999995E-05  5.9999998E-05
  4.9999999E-05  3.9999999E-05  2.9999999E-05  1.9999999E-05  9.9999997E-06
  Lowest boundary   (GeV):   0.000000    

  Cumul. Flux (Part/cmq/pr):

  4.3399999E-04 +/-    8.919462     %   8.7500003E-04 +/-    5.336054     % 
  1.2910001E-03 +/-    4.075642     %   1.7340000E-03 +/-    2.576506     % 
  2.1270001E-03 +/-    1.421365     %   2.5599999E-03 +/-    1.125380     % 
  2.9859999E-03 +/-    1.398367     %   3.3590000E-03 +/-    1.230545     % 
  3.7730001E-03 +/-    1.405343     %   4.1930000E-03 +/-   0.9938310     % 
  4.6430002E-03 +/-    1.000175     %   5.0720000E-03 +/-   0.9277043     % 
  5.5040000E-03 +/-   0.7343129     %   5.9630000E-03 +/-   0.8692178     % 
  6.3680001E-03 +/-   0.9840106     %   6.7820000E-03 +/-   0.8836498     % 
  7.2019999E-03 +/-    1.086143     %   7.6319999E-03 +/-    1.082978     % 
  8.0420002E-03 +/-   0.9281582     %   8.4629999E-03 +/-    1.093328     % 
  8.8959998E-03 +/-    1.027554     %   9.3000000E-03 +/-   0.9958580     % 
  9.7289998E-03 +/-    1.217412     %   1.0132000E-02 +/-    1.015023     % 
  1.0553000E-02 +/-   0.8850787     %   1.0983001E-02 +/-   0.6774803     % 
  1.1415000E-02 +/-   0.6433083     %   1.1789000E-02 +/-   0.5081354     % 
  1.2198000E-02 +/-   0.4169343     %   1.2586000E-02 +/-   0.3591696     % 
  1.2972000E-02 +/-   0.3859463     %   1.3384000E-02 +/-   0.2352073     % 
  1.3811000E-02 +/-   0.2805209     %   1.4220000E-02 +/-   0.3687795     % 
  1.4604000E-02 +/-   0.3746431     %   1.4990000E-02 +/-   0.3201092     % 
  1.5369000E-02 +/-   0.3461978     %   1.5774000E-02 +/-   0.2548466     % 
  1.6213000E-02 +/-   0.3250016     %   1.6602000E-02 +/-   0.4171592     % 
  1.7041000E-02 +/-   0.4361261     %   1.7477000E-02 +/-   0.4636605     % 
  1.7858000E-02 +/-   0.4444296     %   1.8231001E-02 +/-   0.5017799     % 
  1.8609000E-02 +/-   0.4799959     %   1.9014001E-02 +/-   0.4824800     % 
  1.9394001E-02 +/-   0.5567419     %   1.9815000E-02 +/-   0.5120579     % 
  2.0204000E-02 +/-   0.4759905     %   2.0624001E-02 +/-   0.4474504     % 
  2.1017000E-02 +/-   0.4939331     %   2.1444000E-02 +/-   0.4725499     % 
  2.1842001E-02 +/-   0.4488520     %   2.2232000E-02 +/-   0.4824953     % 
  2.2617999E-02 +/-   0.4972489     %   2.3021000E-02 +/-   0.5722283     % 
  2.3395000E-02 +/-   0.5841269     %   2.3790000E-02 +/-   0.5412906     % 
  2.4208000E-02 +/-   0.4497050     %   2.4639999E-02 +/-   0.5103803     % 
  2.5040001E-02 +/-   0.4154602     %   2.5463000E-02 +/-   0.4043655     % 
  2.5886001E-02 +/-   0.4868262     %   2.6291000E-02 +/-   0.5429406     % 
  2.6691999E-02 +/-   0.5764104     %   2.7076000E-02 +/-   0.6341152     % 
  2.7464001E-02 +/-   0.6311456     %   2.7874000E-02 +/-   0.6529333     % 
  2.8244000E-02 +/-   0.6622958     %   2.8626001E-02 +/-   0.6322200     % 
  2.9020000E-02 +/-   0.6035491     %   2.9386001E-02 +/-   0.5963330     % 
  2.9778000E-02 +/-   0.5517702     %   3.0199001E-02 +/-   0.5326930     % 
  3.0619999E-02 +/-   0.5524967     %   3.1041000E-02 +/-   0.5201924     % 
  3.1406999E-02 +/-   0.4596614     %   3.1821001E-02 +/-   0.4492185     % 
  3.2189000E-02 +/-   0.4587284     %   3.2602999E-02 +/-   0.4755796     % 
  3.3004001E-02 +/-   0.4761774     %   3.3383999E-02 +/-   0.4664489     % 
  3.3801999E-02 +/-   0.4841897     %   3.4225002E-02 +/-   0.4963691     % 
  3.4623999E-02 +/-   0.4430400     %   3.5009999E-02 +/-   0.4621384     % 
  3.5403002E-02 +/-   0.4296905     %   3.5796002E-02 +/-   0.4788085     % 
  3.6198001E-02 +/-   0.5043626     %   3.6572002E-02 +/-   0.4784418     % 
  3.6917999E-02 +/-   0.3931265     %   3.7298001E-02 +/-   0.3950567     % 
  3.7680998E-02 +/-   0.4445588     %   3.8061000E-02 +/-   0.4590257     % 
  3.8430002E-02 +/-   0.4290169     %   3.8821001E-02 +/-   0.4207402     % 
  3.9212000E-02 +/-   0.4778655     %   3.9623000E-02 +/-   0.4712560     % 
  4.0051002E-02 +/-   0.4739251     %   4.0456999E-02 +/-   0.4379029     % 
  4.0830001E-02 +/-   0.3767878     %   4.1227002E-02 +/-   0.4127362     % 
  4.1648000E-02 +/-   0.3929374     %   4.2064000E-02 +/-   0.4202128     % 
  4.2452000E-02 +/-   0.4168084     %   4.2894002E-02 +/-   0.3956465     % 
  4.3256000E-02 +/-   0.3689035     %   4.3675002E-02 +/-   0.3688559     % 
  4.4084001E-02 +/-   0.3305639     %   4.4507999E-02 +/-   0.3214869     % 
  4.4938002E-02 +/-   0.2982136     %   4.5327000E-02 +/-   0.3420770     % 
  4.5745000E-02 +/-   0.3288325     %   4.6153001E-02 +/-   0.3359548     % 
  4.6579000E-02 +/-   0.3476438     %   4.7010999E-02 +/-   0.3616394     % 
  4.7426000E-02 +/-   0.3465404     %   4.7830001E-02 +/-   0.3677115     % 
  4.8277002E-02 +/-   0.3551314     %   4.8655000E-02 +/-   0.3499274     % 
  4.9058001E-02 +/-   0.3344101     %   4.9474999E-02 +/-   0.3278340     % 
  4.9918000E-02 +/-   0.3204882     %   5.0321002E-02 +/-   0.3261046     % 
  5.0747000E-02 +/-   0.3801266     %   5.1166002E-02 +/-   0.3870720     % 
  5.1580999E-02 +/-   0.3790317     %   5.1995002E-02 +/-   0.3674135     % 
  5.2423000E-02 +/-   0.3770339     %   5.2840002E-02 +/-   0.3694873     % 
  5.3268000E-02 +/-   0.3565709     %   5.3685002E-02 +/-   0.3555669     % 
  5.4106001E-02 +/-   0.3357644     %   5.4522000E-02 +/-   0.3087597     % 
  5.4940000E-02 +/-   0.3191268     %   5.5378001E-02 +/-   0.2912783     % 
  5.5762999E-02 +/-   0.2972858     %   5.6185000E-02 +/-   0.3147214     % 
  5.6614000E-02 +/-   0.3087877     %   5.7041999E-02 +/-   0.3011243     % 
  5.7464000E-02 +/-   0.2934916     %   5.7895001E-02 +/-   0.2871237     % 
  5.8331002E-02 +/-   0.2558269     %   5.8763999E-02 +/-   0.2711886     % 
  5.9184000E-02 +/-   0.2726620     %   5.9588999E-02 +/-   0.2719633     % 
  6.0052000E-02 +/-   0.2657402     %   6.0494002E-02 +/-   0.2232759     % 
  6.0917001E-02 +/-   0.2116713     %   6.1338000E-02 +/-   0.2021618     % 
  6.1760999E-02 +/-   0.1999890     %   6.2160999E-02 +/-   0.2163183     % 
  6.2569000E-02 +/-   0.2318737     %   6.3022003E-02 +/-   0.2068197     % 
  6.3461997E-02 +/-   0.2329841     %   6.3871004E-02 +/-   0.2226785     % 
  6.4315997E-02 +/-   0.2189266     %   6.4707004E-02 +/-   0.1998120     % 
  6.5141998E-02 +/-   0.2031134     %   6.5576002E-02 +/-   0.2168619     % 
  6.6014998E-02 +/-   0.2432787     %   6.6408001E-02 +/-   0.2583146     % 
  6.6835999E-02 +/-   0.2716994     %   6.7258999E-02 +/-   0.2722735     % 
  6.7694999E-02 +/-   0.2872318     %   6.8112999E-02 +/-   0.2947891     % 
  6.8556003E-02 +/-   0.2924917     %   6.8990000E-02 +/-   0.2997580     % 
  6.9424003E-02 +/-   0.3046285     %   6.9897003E-02 +/-   0.2983364     % 
  7.0335001E-02 +/-   0.2868837     %   7.0781000E-02 +/-   0.2712942     % 
  7.1217999E-02 +/-   0.2721152     %   7.1667001E-02 +/-   0.2788469     % 
  7.2083004E-02 +/-   0.2678548     %   7.2526999E-02 +/-   0.2571799     % 
  7.2979003E-02 +/-   0.2265633     %   7.3472001E-02 +/-   0.2233720     % 
  7.3920004E-02 +/-   0.2073604     %   7.4345998E-02 +/-   0.1907951     % 
  7.4789003E-02 +/-   0.1781952     %   7.5216003E-02 +/-   0.1753913     % 
  7.5644001E-02 +/-   0.1782643     %   7.6077998E-02 +/-   0.1880454     % 
  7.6498002E-02 +/-   0.1998877     %   7.6938003E-02 +/-   0.1948604     % 
  7.7408001E-02 +/-   0.1977595     %   7.7877998E-02 +/-   0.2026985     % 
  7.8350998E-02 +/-   0.1939967     %   7.8817002E-02 +/-   0.1910909     % 
  7.9287000E-02 +/-   0.2009850     %   7.9747997E-02 +/-   0.1990248     % 
  8.0192998E-02 +/-   0.1815390     %   8.0633998E-02 +/-   0.1567653     % 
  8.1154004E-02 +/-   0.1685876     %   8.1565000E-02 +/-   0.1594410     % 
  8.2038000E-02 +/-   0.1618563     %   8.2520999E-02 +/-   0.1758528     % 
  8.2966998E-02 +/-   0.1731461     %   8.3437003E-02 +/-   0.1590973     % 
  8.3916001E-02 +/-   0.1507872     %   8.4379002E-02 +/-   0.1485719     % 
  8.4840998E-02 +/-   0.1478803     %   8.5323997E-02 +/-   0.1351671     % 
  8.5789002E-02 +/-   0.1529336     %   8.6271003E-02 +/-   0.1453136     % 
  8.6725004E-02 +/-   0.1228574     %   8.7169997E-02 +/-   0.1190393     % 
  8.7632000E-02 +/-   0.1086119     %   8.8126004E-02 +/-   0.1166272     % 
  8.8561997E-02 +/-   0.1092072     %   8.9023001E-02 +/-   0.1372158     % 
  8.9497000E-02 +/-   0.1496131     %   8.9961000E-02 +/-   0.1580984     % 
  9.0434998E-02 +/-   0.1412830     %   9.0910003E-02 +/-   0.1516430     % 
  9.1389999E-02 +/-   0.1565621     %   9.1848999E-02 +/-   0.1611322     % 
  9.2324004E-02 +/-   0.1469385     %   9.2785999E-02 +/-   0.1481209     % 
  9.3285002E-02 +/-   0.1523292     %   9.3773000E-02 +/-   0.1604807     % 
  9.4271004E-02 +/-   0.1549634     %   9.4764002E-02 +/-   0.1729006     % 
  9.5268004E-02 +/-   0.1811221     %   9.5801003E-02 +/-   0.1806264     % 
  9.6294001E-02 +/-   0.1692876     %   9.6775003E-02 +/-   0.1673699     % 
  9.7236000E-02 +/-   0.1744038     %   9.7712003E-02 +/-   0.1662192     % 
  9.8217003E-02 +/-   0.1564333     %   9.8701999E-02 +/-   0.1561090     % 
  9.9196002E-02 +/-   0.1544771     %   9.9703997E-02 +/-   0.1477669     % 
  0.1001960     +/-   0.1304768     %   0.1006620     +/-   0.1327215     % 
  0.1011620     +/-   0.1452862     %   0.1016430     +/-   0.1717533     % 
  0.1021540     +/-   0.1765129     %   0.1026590     +/-   0.1683909     % 
  0.1031610     +/-   0.1445401     %   0.1036500     +/-   0.1401182     % 
  0.1041280     +/-   0.1291902     %   0.1046230     +/-   0.1315901     % 
  0.1051080     +/-   0.1396699     %   0.1055960     +/-   0.1490925     % 
  0.1060690     +/-   0.1419694     %   0.1065760     +/-   0.1390248     % 
  0.1231540     +/-   0.1309448     %   0.1239600     +/-   0.1517337     % 
  0.1247940     +/-   0.1703979     %   0.1256430     +/-   0.1835706     % 
  0.1264710     +/-   0.1755957     %   0.1273680     +/-   0.1673056     % 
  0.1282450     +/-   0.1813292     %   0.1290630     +/-   0.1912499     % 
  0.1298850     +/-   0.1907183     %   0.1307320     +/-   0.1866382     % 
  0.1315900     +/-   0.1857884     %   0.1324340     +/-   0.2122583     % 
  0.1332990     +/-   0.2225918     %   0.1342000     +/-   0.2259311     % 
  0.1350830     +/-   0.2383489     %   0.1359820     +/-   0.2296011     % 
  0.1368850     +/-   0.2176378     %   0.1378420     +/-   0.2096860     % 
  0.1387640     +/-   0.2012898     %   0.1396760     +/-   0.2058829     % 
  0.1407080     +/-   0.2016336     %   0.1417100     +/-   0.1954517     % 
  0.1427430     +/-   0.1825176     %   0.1436880     +/-   0.1799867     % 
  0.1447280     +/-   0.1759098     %   0.1458240     +/-   0.1742331     % 
  0.1469170     +/-   0.1825650     %   0.1480680     +/-   0.1781307     % 
  0.1491930     +/-   0.1696683     %   0.1503690     +/-   0.1717189     % 
  0.1515820     +/-   0.1608107     %   0.1527890     +/-   0.1577847     % 
  0.1540250     +/-   0.1790581     %   0.1552350     +/-   0.1908488     % 
  0.1563820     +/-   0.1731052     %   0.1574010     +/-   0.1599391     % 
  0.1583830     +/-   0.1534027     %   0.1592990     +/-   0.1446736     % 
  0.1600890     +/-   0.1425638     %   0.1607570     +/-   0.1462481     % 
  0.1612860     +/-   0.1481028     %   0.1617120     +/-   0.1525182     % 
  0.1620090     +/-   0.1482889     %   0.1622560     +/-   0.1477647     % 
  0.1624490     +/-   0.1437785     %   0.1625880     +/-   0.1461300     % 
  0.1626900     +/-   0.1462271     %   0.1627560     +/-   0.1449958     % 
  0.1628090     +/-   0.1431282     %   0.1628230     +/-   0.1431462     % 
  0.1628350     +/-   0.1430085     %   0.1628350     +/-   0.1430085     % 

  **** Double diff. Fluxes as a function of energy ****


  Solid angle minimum value (sr):   0.000000    

  Solid angle upper boundaries (sr):

   6.283185    

  Angular minimum value (deg.):   0.000000    

  Angular upper boundaries (deg.):

   90.00000    


  Energy interval (GeV):  3.0000000E-03  2.9899999E-03

  Flux (Part/sr/GeV/cmq/pr):

   6.907324     +/-    8.919462     % 

  Flux (Part/deg/GeV/cmq/pr):

  0.4822223     +/-    8.919462     % 

  Energy interval (GeV):  2.9899999E-03  2.9799999E-03

  Flux (Part/sr/GeV/cmq/pr):

   7.018733     +/-    3.370991     % 

  Flux (Part/deg/GeV/cmq/pr):

  0.4900000     +/-    3.370991     % 

  Energy interval (GeV):  2.9799999E-03  2.9700000E-03

  Flux (Part/sr/GeV/cmq/pr):

   6.620846     +/-    3.633706     % 

  Flux (Part/deg/GeV/cmq/pr):

  0.4622222     +/-    3.633706     % 

  Energy interval (GeV):  2.9700000E-03  2.9600000E-03

  Flux (Part/sr/GeV/cmq/pr):

   7.050564     +/-    4.953298     % 

  Flux (Part/deg/GeV/cmq/pr):

  0.4922222     +/-    4.953298     % 

  Energy interval (GeV):  2.9600000E-03  2.9499999E-03

  Flux (Part/sr/GeV/cmq/pr):

   6.254789     +/-    4.597789     % 

  Flux (Part/deg/GeV/cmq/pr):

  0.4366667     +/-    4.597789     % 

  Energy interval (GeV):  2.9499999E-03  2.9400000E-03

  Flux (Part/sr/GeV/cmq/pr):

   6.891409     +/-    2.771363     % 

  Flux (Part/deg/GeV/cmq/pr):

  0.4811111     +/-    2.771363     % 

  Energy interval (GeV):  2.9400000E-03  2.9300000E-03

  Flux (Part/sr/GeV/cmq/pr):

   6.780001     +/-    4.729916     % 

  Flux (Part/deg/GeV/cmq/pr):

  0.4733334     +/-    4.729916     % 

  Energy interval (GeV):  2.9300000E-03  2.9199999E-03

  Flux (Part/sr/GeV/cmq/pr):

   5.936480     +/-    2.457144     % 

  Flux (Part/deg/GeV/cmq/pr):

  0.4144445     +/-    2.457144     % 

  Energy interval (GeV):  2.9199999E-03  2.9100000E-03

  Flux (Part/sr/GeV/cmq/pr):

   6.589015     +/-    3.112102     % 

  Flux (Part/deg/GeV/cmq/pr):

  0.4600000     +/-    3.112102     % 

  Energy interval (GeV):  2.9100000E-03  2.9000000E-03

  Flux (Part/sr/GeV/cmq/pr):

   6.684508     +/-    5.078745     % 

  Flux (Part/deg/GeV/cmq/pr):

  0.4666667     +/-    5.078745     % 

  Energy interval (GeV):  2.9000000E-03  2.8899999E-03

  Flux (Part/sr/GeV/cmq/pr):

   7.161973     +/-    3.784308     % 

  Flux (Part/deg/GeV/cmq/pr):

  0.5000000     +/-    3.784308     % 

  Energy interval (GeV):  2.8899999E-03  2.8800000E-03

  Flux (Part/sr/GeV/cmq/pr):

   6.827747     +/-    3.890051     % 

  Flux (Part/deg/GeV/cmq/pr):

  0.4766667     +/-    3.890051     % 

  Energy interval (GeV):  2.8800000E-03  2.8700000E-03

  Flux (Part/sr/GeV/cmq/pr):

   6.875494     +/-    2.152902     % 

  Flux (Part/deg/GeV/cmq/pr):

  0.4800000     +/-    2.152902     % 

  Energy interval (GeV):  2.8700000E-03  2.8599999E-03

  Flux (Part/sr/GeV/cmq/pr):

   7.305212     +/-    3.107918     % 

  Flux (Part/deg/GeV/cmq/pr):

  0.5100001     +/-    3.107918     % 

  Energy interval (GeV):  2.8599999E-03  2.8499998E-03

  Flux (Part/sr/GeV/cmq/pr):

   6.445775     +/-    3.289608     % 

  Flux (Part/deg/GeV/cmq/pr):

  0.4500000     +/-    3.289608     % 

  Energy interval (GeV):  2.8499998E-03  2.8400000E-03

  Flux (Part/sr/GeV/cmq/pr):

   6.589015     +/-    1.682174     % 

  Flux (Part/deg/GeV/cmq/pr):

  0.4600000     +/-    1.682174     % 

  Energy interval (GeV):  2.8400000E-03  2.8299999E-03

  Flux (Part/sr/GeV/cmq/pr):

   6.684507     +/-    6.128351     % 

  Flux (Part/deg/GeV/cmq/pr):

  0.4666667     +/-    6.128351     % 

  Energy interval (GeV):  2.8299999E-03  2.8199998E-03

  Flux (Part/sr/GeV/cmq/pr):

   6.843663     +/-    1.838534     % 

  Flux (Part/deg/GeV/cmq/pr):

  0.4777778     +/-    1.838534     % 

  Energy interval (GeV):  2.8199998E-03  2.8100000E-03

  Flux (Part/sr/GeV/cmq/pr):

   6.525352     +/-    4.171374     % 

  Flux (Part/deg/GeV/cmq/pr):

  0.4555556     +/-    4.171374     % 

  Energy interval (GeV):  2.8100000E-03  2.7999999E-03

  Flux (Part/sr/GeV/cmq/pr):

   6.700423     +/-    6.344756     % 

  Flux (Part/deg/GeV/cmq/pr):

  0.4677778     +/-    6.344756     % 

  Energy interval (GeV):  2.7999999E-03  2.7899998E-03

  Flux (Part/sr/GeV/cmq/pr):

   6.891409     +/-    7.708230     % 

  Flux (Part/deg/GeV/cmq/pr):

  0.4811111     +/-    7.708230     % 

  Energy interval (GeV):  2.7899998E-03  2.7800000E-03

  Flux (Part/sr/GeV/cmq/pr):

   6.429860     +/-    5.048534     % 

  Flux (Part/deg/GeV/cmq/pr):

  0.4488889     +/-    5.048534     % 

  Energy interval (GeV):  2.7800000E-03  2.7699999E-03

  Flux (Part/sr/GeV/cmq/pr):

   6.827747     +/-    7.430013     % 

  Flux (Part/deg/GeV/cmq/pr):

  0.4766667     +/-    7.430013     % 

  Energy interval (GeV):  2.7699999E-03  2.7599998E-03

  Flux (Part/sr/GeV/cmq/pr):

   6.413944     +/-    4.551845     % 

  Flux (Part/deg/GeV/cmq/pr):

  0.4477778     +/-    4.551845     % 

  Energy interval (GeV):  2.7599998E-03  2.7500000E-03

  Flux (Part/sr/GeV/cmq/pr):

   6.700423     +/-    2.474189     % 

  Flux (Part/deg/GeV/cmq/pr):

  0.4677778     +/-    2.474189     % 

  Energy interval (GeV):  2.7500000E-03  2.7399999E-03

  Flux (Part/sr/GeV/cmq/pr):

   6.843663     +/-    5.985831     % 

  Flux (Part/deg/GeV/cmq/pr):

  0.4777778     +/-    5.985831     % 

  Energy interval (GeV):  2.7399999E-03  2.7299998E-03

  Flux (Part/sr/GeV/cmq/pr):

   6.875494     +/-    2.654478     % 

  Flux (Part/deg/GeV/cmq/pr):

  0.4800000     +/-    2.654478     % 

  Energy interval (GeV):  2.7299998E-03  2.7200000E-03

  Flux (Part/sr/GeV/cmq/pr):

   5.952395     +/-    4.846141     % 

  Flux (Part/deg/GeV/cmq/pr):

  0.4155556     +/-    4.846141     % 

  Energy interval (GeV):  2.7200000E-03  2.7099999E-03

  Flux (Part/sr/GeV/cmq/pr):

   6.509437     +/-    5.540474     % 

  Flux (Part/deg/GeV/cmq/pr):

  0.4544445     +/-    5.540474     % 

  Energy interval (GeV):  2.7099999E-03  2.6999998E-03

  Flux (Part/sr/GeV/cmq/pr):

   6.175212     +/-    3.448219     % 

  Flux (Part/deg/GeV/cmq/pr):

  0.4311111     +/-    3.448219     % 

  Energy interval (GeV):  2.6999998E-03  2.6900000E-03

  Flux (Part/sr/GeV/cmq/pr):

   6.143381     +/-    2.760009     % 

  Flux (Part/deg/GeV/cmq/pr):

  0.4288889     +/-    2.760009     % 

  Energy interval (GeV):  2.6900000E-03  2.6799999E-03

  Flux (Part/sr/GeV/cmq/pr):

   6.557184     +/-    4.878581     % 

  Flux (Part/deg/GeV/cmq/pr):

  0.4577778     +/-    4.878581     % 

  Energy interval (GeV):  2.6799999E-03  2.6699998E-03

  Flux (Part/sr/GeV/cmq/pr):

   6.795916     +/-    4.878845     % 

  Flux (Part/deg/GeV/cmq/pr):

  0.4744445     +/-    4.878845     % 

  Energy interval (GeV):  2.6699998E-03  2.6600000E-03

  Flux (Part/sr/GeV/cmq/pr):

   6.509437     +/-    5.660556     % 

  Flux (Part/deg/GeV/cmq/pr):

  0.4544445     +/-    5.660556     % 

  Energy interval (GeV):  2.6600000E-03  2.6499999E-03

  Flux (Part/sr/GeV/cmq/pr):

   6.111550     +/-    6.745747     % 

  Flux (Part/deg/GeV/cmq/pr):

  0.4266667     +/-    6.745747     % 

  Energy interval (GeV):  2.6499999E-03  2.6399998E-03

  Flux (Part/sr/GeV/cmq/pr):

   6.143381     +/-    5.983840     % 

  Flux (Part/deg/GeV/cmq/pr):

  0.4288889     +/-    5.983840     % 

  Energy interval (GeV):  2.6399998E-03  2.6300000E-03

  Flux (Part/sr/GeV/cmq/pr):

   6.031972     +/-    5.365356     % 

  Flux (Part/deg/GeV/cmq/pr):

  0.4211111     +/-    5.365356     % 

  Energy interval (GeV):  2.6300000E-03  2.6199999E-03

  Flux (Part/sr/GeV/cmq/pr):

   6.445775     +/-    4.416924     % 

  Flux (Part/deg/GeV/cmq/pr):

  0.4500000     +/-    4.416924     % 

  Energy interval (GeV):  2.6199999E-03  2.6099999E-03

  Flux (Part/sr/GeV/cmq/pr):

   6.986902     +/-    7.935154     % 

  Flux (Part/deg/GeV/cmq/pr):

  0.4877778     +/-    7.935154     % 

  Energy interval (GeV):  2.6099999E-03  2.6000000E-03

  Flux (Part/sr/GeV/cmq/pr):

   6.191127     +/-    5.321399     % 

  Flux (Part/deg/GeV/cmq/pr):

  0.4322222     +/-    5.321399     % 

  Energy interval (GeV):  2.6000000E-03  2.5899999E-03

  Flux (Part/sr/GeV/cmq/pr):

   6.986902     +/-    1.318432     % 

  Flux (Part/deg/GeV/cmq/pr):

  0.4877778     +/-    1.318432     % 

  Energy interval (GeV):  2.5899999E-03  2.5799999E-03

  Flux (Part/sr/GeV/cmq/pr):

   6.939156     +/-    4.281687     % 

  Flux (Part/deg/GeV/cmq/pr):

  0.4844445     +/-    4.281687     % 

  Energy interval (GeV):  2.5799999E-03  2.5700000E-03

  Flux (Part/sr/GeV/cmq/pr):

   6.063803     +/-    6.104832     % 

  Flux (Part/deg/GeV/cmq/pr):

  0.4233333     +/-    6.104832     % 

  Energy interval (GeV):  2.5700000E-03  2.5599999E-03

  Flux (Part/sr/GeV/cmq/pr):

   5.936479     +/-    5.061986     % 

  Flux (Part/deg/GeV/cmq/pr):

  0.4144444     +/-    5.061986     % 

  Energy interval (GeV):  2.5599999E-03  2.5499999E-03

  Flux (Part/sr/GeV/cmq/pr):

   6.016057     +/-    5.511288     % 

  Flux (Part/deg/GeV/cmq/pr):

  0.4200000     +/-    5.511288     % 

  Energy interval (GeV):  2.5499999E-03  2.5400000E-03

  Flux (Part/sr/GeV/cmq/pr):

   6.445775     +/-    1.512031     % 

  Flux (Part/deg/GeV/cmq/pr):

  0.4500000     +/-    1.512031     % 

  Energy interval (GeV):  2.5400000E-03  2.5299999E-03

  Flux (Part/sr/GeV/cmq/pr):

   6.047888     +/-    5.566894     % 

  Flux (Part/deg/GeV/cmq/pr):

  0.4222223     +/-    5.566894     % 

  Energy interval (GeV):  2.5299999E-03  2.5199999E-03

  Flux (Part/sr/GeV/cmq/pr):

   6.700423     +/-    3.668277     % 

  Flux (Part/deg/GeV/cmq/pr):

  0.4677778     +/-    3.668277     % 

  Energy interval (GeV):  2.5199999E-03  2.5100000E-03

  Flux (Part/sr/GeV/cmq/pr):

   6.191127     +/-    6.470289     % 

  Flux (Part/deg/GeV/cmq/pr):

  0.4322222     +/-    6.470289     % 

  Energy interval (GeV):  2.5100000E-03  2.4999999E-03

  Flux (Part/sr/GeV/cmq/pr):

   6.684508     +/-    4.089420     % 

  Flux (Part/deg/GeV/cmq/pr):

  0.4666667     +/-    4.089420     % 

  Energy interval (GeV):  2.4999999E-03  2.4899999E-03

  Flux (Part/sr/GeV/cmq/pr):

   6.254789     +/-    7.703245     % 

  Flux (Part/deg/GeV/cmq/pr):

  0.4366667     +/-    7.703245     % 

  Energy interval (GeV):  2.4899999E-03  2.4800000E-03

  Flux (Part/sr/GeV/cmq/pr):

   6.795916     +/-    6.953177     % 

  Flux (Part/deg/GeV/cmq/pr):

  0.4744445     +/-    6.953177     % 

  Energy interval (GeV):  2.4800000E-03  2.4699999E-03

  Flux (Part/sr/GeV/cmq/pr):

   6.334367     +/-    5.470236     % 

  Flux (Part/deg/GeV/cmq/pr):

  0.4422222     +/-    5.470236     % 

  Energy interval (GeV):  2.4699999E-03  2.4599999E-03

  Flux (Part/sr/GeV/cmq/pr):

   6.207043     +/-    4.779835     % 

  Flux (Part/deg/GeV/cmq/pr):

  0.4333333     +/-    4.779835     % 

  Energy interval (GeV):  2.4599999E-03  2.4500000E-03

  Flux (Part/sr/GeV/cmq/pr):

   6.143381     +/-    1.894914     % 

  Flux (Part/deg/GeV/cmq/pr):

  0.4288889     +/-    1.894914     % 

  Energy interval (GeV):  2.4500000E-03  2.4400000E-03

  Flux (Part/sr/GeV/cmq/pr):

   6.413944     +/-    5.853661     % 

  Flux (Part/deg/GeV/cmq/pr):

  0.4477778     +/-    5.853661     % 

  Energy interval (GeV):  2.4400000E-03  2.4299999E-03

  Flux (Part/sr/GeV/cmq/pr):

   5.952395     +/-    3.547191     % 

  Flux (Part/deg/GeV/cmq/pr):

  0.4155556     +/-    3.547191     % 

  Energy interval (GeV):  2.4299999E-03  2.4200000E-03

  Flux (Part/sr/GeV/cmq/pr):

   6.286620     +/-    3.177190     % 

  Flux (Part/deg/GeV/cmq/pr):

  0.4388889     +/-    3.177190     % 

  Energy interval (GeV):  2.4200000E-03  2.4100000E-03

  Flux (Part/sr/GeV/cmq/pr):

   6.652677     +/-    7.133039     % 

  Flux (Part/deg/GeV/cmq/pr):

  0.4644445     +/-    7.133039     % 

  Energy interval (GeV):  2.4100000E-03  2.3999999E-03

  Flux (Part/sr/GeV/cmq/pr):

   6.875494     +/-    4.972814     % 

  Flux (Part/deg/GeV/cmq/pr):

  0.4800000     +/-    4.972814     % 

  Energy interval (GeV):  2.3999999E-03  2.3900000E-03

  Flux (Part/sr/GeV/cmq/pr):

   6.366198     +/-    5.448625     % 

  Flux (Part/deg/GeV/cmq/pr):

  0.4444445     +/-    5.448625     % 

  Energy interval (GeV):  2.3900000E-03  2.3800000E-03

  Flux (Part/sr/GeV/cmq/pr):

   6.732254     +/-    7.756516     % 

  Flux (Part/deg/GeV/cmq/pr):

  0.4700000     +/-    7.756516     % 

  Energy interval (GeV):  2.3800000E-03  2.3699999E-03

  Flux (Part/sr/GeV/cmq/pr):

   6.732254     +/-    6.816960     % 

  Flux (Part/deg/GeV/cmq/pr):

  0.4700000     +/-    6.816960     % 

  Energy interval (GeV):  2.3699999E-03  2.3600000E-03

  Flux (Part/sr/GeV/cmq/pr):

   6.445775     +/-    5.737753     % 

  Flux (Part/deg/GeV/cmq/pr):

  0.4500000     +/-    5.737753     % 

  Energy interval (GeV):  2.3600000E-03  2.3500000E-03

  Flux (Part/sr/GeV/cmq/pr):

   6.382113     +/-    5.567858     % 

  Flux (Part/deg/GeV/cmq/pr):

  0.4455556     +/-    5.567858     % 

  Energy interval (GeV):  2.3500000E-03  2.3399999E-03

  Flux (Part/sr/GeV/cmq/pr):

   6.111550     +/-    6.907181     % 

  Flux (Part/deg/GeV/cmq/pr):

  0.4266667     +/-    6.907181     % 

  Energy interval (GeV):  2.3399999E-03  2.3300000E-03

  Flux (Part/sr/GeV/cmq/pr):

   6.175212     +/-    4.107571     % 

  Flux (Part/deg/GeV/cmq/pr):

  0.4311111     +/-    4.107571     % 

  Energy interval (GeV):  2.3300000E-03  2.3200000E-03

  Flux (Part/sr/GeV/cmq/pr):

   6.525352     +/-    2.936975     % 

  Flux (Part/deg/GeV/cmq/pr):

  0.4555556     +/-    2.936975     % 

  Energy interval (GeV):  2.3200000E-03  2.3099999E-03

  Flux (Part/sr/GeV/cmq/pr):

   5.888733     +/-    2.736277     % 

  Flux (Part/deg/GeV/cmq/pr):

  0.4111111     +/-    2.736277     % 

  Energy interval (GeV):  2.3099999E-03  2.3000001E-03

  Flux (Part/sr/GeV/cmq/pr):

   6.079719     +/-    3.550957     % 

  Flux (Part/deg/GeV/cmq/pr):

  0.4244445     +/-    3.550957     % 

  Energy interval (GeV):  2.3000001E-03  2.2900000E-03

  Flux (Part/sr/GeV/cmq/pr):

   6.270705     +/-    4.273466     % 

  Flux (Part/deg/GeV/cmq/pr):

  0.4377778     +/-    4.273466     % 

  Energy interval (GeV):  2.2900000E-03  2.2799999E-03

  Flux (Part/sr/GeV/cmq/pr):

   5.825071     +/-    7.077505     % 

  Flux (Part/deg/GeV/cmq/pr):

  0.4066667     +/-    7.077505     % 

  Energy interval (GeV):  2.2799999E-03  2.2700001E-03

  Flux (Part/sr/GeV/cmq/pr):

   6.238874     +/-    4.065657     % 

  Flux (Part/deg/GeV/cmq/pr):

  0.4355556     +/-    4.065657     % 

  Energy interval (GeV):  2.2700001E-03  2.2600000E-03

  Flux (Part/sr/GeV/cmq/pr):

   6.700423     +/-    3.855745     % 

  Flux (Part/deg/GeV/cmq/pr):

  0.4677778     +/-    3.855745     % 

  Energy interval (GeV):  2.2600000E-03  2.2499999E-03

  Flux (Part/sr/GeV/cmq/pr):

   6.700423     +/-    3.470698     % 

  Flux (Part/deg/GeV/cmq/pr):

  0.4677778     +/-    3.470698     % 

  Energy interval (GeV):  2.2499999E-03  2.2399998E-03

  Flux (Part/sr/GeV/cmq/pr):

   6.700423     +/-    2.474189     % 

  Flux (Part/deg/GeV/cmq/pr):

  0.4677778     +/-    2.474189     % 

  Energy interval (GeV):  2.2399998E-03  2.2300000E-03

  Flux (Part/sr/GeV/cmq/pr):

   5.825071     +/-    6.296022     % 

  Flux (Part/deg/GeV/cmq/pr):

  0.4066667     +/-    6.296022     % 

  Energy interval (GeV):  2.2300000E-03  2.2199999E-03

  Flux (Part/sr/GeV/cmq/pr):

   6.589015     +/-    5.365908     % 

  Flux (Part/deg/GeV/cmq/pr):

  0.4600000     +/-    5.365908     % 

  Energy interval (GeV):  2.2199999E-03  2.2099998E-03

  Flux (Part/sr/GeV/cmq/pr):

   5.856902     +/-    3.289053     % 

  Flux (Part/deg/GeV/cmq/pr):

  0.4088889     +/-    3.289053     % 

  Energy interval (GeV):  2.2099998E-03  2.2000000E-03

  Flux (Part/sr/GeV/cmq/pr):

   6.589015     +/-    3.902294     % 

  Flux (Part/deg/GeV/cmq/pr):

  0.4600000     +/-    3.902294     % 

  Energy interval (GeV):  2.2000000E-03  2.1899999E-03

  Flux (Part/sr/GeV/cmq/pr):

   6.382113     +/-    4.851640     % 

  Flux (Part/deg/GeV/cmq/pr):

  0.4455556     +/-    4.851640     % 

  Energy interval (GeV):  2.1899999E-03  2.1799998E-03

  Flux (Part/sr/GeV/cmq/pr):

   6.047888     +/-    2.942195     % 

  Flux (Part/deg/GeV/cmq/pr):

  0.4222223     +/-    2.942195     % 

  Energy interval (GeV):  2.1799998E-03  2.1700000E-03

  Flux (Part/sr/GeV/cmq/pr):

   6.652677     +/-    4.532846     % 

  Flux (Part/deg/GeV/cmq/pr):

  0.4644445     +/-    4.532846     % 

  Energy interval (GeV):  2.1700000E-03  2.1599999E-03

  Flux (Part/sr/GeV/cmq/pr):

   6.732254     +/-    5.987672     % 

  Flux (Part/deg/GeV/cmq/pr):

  0.4700000     +/-    5.987672     % 

  Energy interval (GeV):  2.1599999E-03  2.1499998E-03

  Flux (Part/sr/GeV/cmq/pr):

   6.350282     +/-    7.015306     % 

  Flux (Part/deg/GeV/cmq/pr):

  0.4433334     +/-    7.015306     % 

  Energy interval (GeV):  2.1499998E-03  2.1400000E-03

  Flux (Part/sr/GeV/cmq/pr):

   6.143381     +/-    5.073356     % 

  Flux (Part/deg/GeV/cmq/pr):

  0.4288889     +/-    5.073356     % 

  Energy interval (GeV):  2.1400000E-03  2.1299999E-03

  Flux (Part/sr/GeV/cmq/pr):

   6.254789     +/-    5.782860     % 

  Flux (Part/deg/GeV/cmq/pr):

  0.4366667     +/-    5.782860     % 

  Energy interval (GeV):  2.1299999E-03  2.1199998E-03

  Flux (Part/sr/GeV/cmq/pr):

   6.254789     +/-    5.481083     % 

  Flux (Part/deg/GeV/cmq/pr):

  0.4366667     +/-    5.481083     % 

  Energy interval (GeV):  2.1199998E-03  2.1100000E-03

  Flux (Part/sr/GeV/cmq/pr):

   6.398029     +/-    6.062715     % 

  Flux (Part/deg/GeV/cmq/pr):

  0.4466667     +/-    6.062715     % 

  Energy interval (GeV):  2.1100000E-03  2.0999999E-03

  Flux (Part/sr/GeV/cmq/pr):

   5.952395     +/-    3.974883     % 

  Flux (Part/deg/GeV/cmq/pr):

  0.4155556     +/-    3.974883     % 

  Energy interval (GeV):  2.0999999E-03  2.0899998E-03

  Flux (Part/sr/GeV/cmq/pr):

   5.506761     +/-    10.28349     % 

  Flux (Part/deg/GeV/cmq/pr):

  0.3844445     +/-    10.28349     % 

  Energy interval (GeV):  2.0899998E-03  2.0800000E-03

  Flux (Part/sr/GeV/cmq/pr):

   6.047888     +/-    4.423089     % 

  Flux (Part/deg/GeV/cmq/pr):

  0.4222223     +/-    4.423089     % 

  Energy interval (GeV):  2.0800000E-03  2.0699999E-03

  Flux (Part/sr/GeV/cmq/pr):

   6.095634     +/-    5.861604     % 

  Flux (Part/deg/GeV/cmq/pr):

  0.4255556     +/-    5.861604     % 

  Energy interval (GeV):  2.0699999E-03  2.0599999E-03

  Flux (Part/sr/GeV/cmq/pr):

   6.047888     +/-    5.957491     % 

  Flux (Part/deg/GeV/cmq/pr):

  0.4222223     +/-    5.957491     % 

  Energy interval (GeV):  2.0599999E-03  2.0500000E-03

  Flux (Part/sr/GeV/cmq/pr):

   5.872818     +/-    3.794037     % 

  Flux (Part/deg/GeV/cmq/pr):

  0.4100000     +/-    3.794037     % 

  Energy interval (GeV):  2.0500000E-03  2.0399999E-03

  Flux (Part/sr/GeV/cmq/pr):

   6.222959     +/-    6.710815     % 

  Flux (Part/deg/GeV/cmq/pr):

  0.4344445     +/-    6.710815     % 

  Energy interval (GeV):  2.0399999E-03  2.0299999E-03

  Flux (Part/sr/GeV/cmq/pr):

   6.222958     +/-    7.580435     % 

  Flux (Part/deg/GeV/cmq/pr):

  0.4344445     +/-    7.580435     % 

  Energy interval (GeV):  2.0299999E-03  2.0200000E-03

  Flux (Part/sr/GeV/cmq/pr):

   6.541268     +/-    4.509429     % 

  Flux (Part/deg/GeV/cmq/pr):

  0.4566667     +/-    4.509429     % 

  Energy interval (GeV):  2.0200000E-03  2.0099999E-03

  Flux (Part/sr/GeV/cmq/pr):

   6.811831     +/-    2.922897     % 

  Flux (Part/deg/GeV/cmq/pr):

  0.4755556     +/-    2.922897     % 

  Energy interval (GeV):  2.0099999E-03  1.9999999E-03

  Flux (Part/sr/GeV/cmq/pr):

   6.461691     +/-    5.622025     % 

  Flux (Part/deg/GeV/cmq/pr):

  0.4511111     +/-    5.622025     % 

  Energy interval (GeV):  1.9999999E-03  1.9900000E-03

  Flux (Part/sr/GeV/cmq/pr):

   5.936480     +/-    7.398201     % 

  Flux (Part/deg/GeV/cmq/pr):

  0.4144445     +/-    7.398201     % 

  Energy interval (GeV):  1.9900000E-03  1.9799999E-03

  Flux (Part/sr/GeV/cmq/pr):

   6.318451     +/-    5.779746     % 

  Flux (Part/deg/GeV/cmq/pr):

  0.4411111     +/-    5.779746     % 

  Energy interval (GeV):  1.9799999E-03  1.9699999E-03

  Flux (Part/sr/GeV/cmq/pr):

   6.700423     +/-    3.470699     % 

  Flux (Part/deg/GeV/cmq/pr):

  0.4677778     +/-    3.470699     % 

  Energy interval (GeV):  1.9699999E-03  1.9600000E-03

  Flux (Part/sr/GeV/cmq/pr):

   6.620845     +/-    5.312989     % 

  Flux (Part/deg/GeV/cmq/pr):

  0.4622222     +/-    5.312989     % 

  Energy interval (GeV):  1.9600000E-03  1.9499999E-03

  Flux (Part/sr/GeV/cmq/pr):

   6.175212     +/-    1.446517     % 

  Flux (Part/deg/GeV/cmq/pr):

  0.4311111     +/-    1.446517     % 

  Energy interval (GeV):  1.9499999E-03  1.9400000E-03

  Flux (Part/sr/GeV/cmq/pr):

   7.034648     +/-    4.150212     % 

  Flux (Part/deg/GeV/cmq/pr):

  0.4911111     +/-    4.150212     % 

  Energy interval (GeV):  1.9400000E-03  1.9299999E-03

  Flux (Part/sr/GeV/cmq/pr):

   5.761409     +/-    4.064624     % 

  Flux (Part/deg/GeV/cmq/pr):

  0.4022222     +/-    4.064624     % 

  Energy interval (GeV):  1.9299999E-03  1.9200000E-03

  Flux (Part/sr/GeV/cmq/pr):

   6.668592     +/-    4.518878     % 

  Flux (Part/deg/GeV/cmq/pr):

  0.4655556     +/-    4.518878     % 

  Energy interval (GeV):  1.9200000E-03  1.9100000E-03

  Flux (Part/sr/GeV/cmq/pr):

   6.509437     +/-    4.564341     % 

  Flux (Part/deg/GeV/cmq/pr):

  0.4544445     +/-    4.564341     % 

  Energy interval (GeV):  1.9100000E-03  1.8999999E-03

  Flux (Part/sr/GeV/cmq/pr):

   6.748169     +/-    2.594340     % 

  Flux (Part/deg/GeV/cmq/pr):

  0.4711111     +/-    2.594340     % 

  Energy interval (GeV):  1.8999999E-03  1.8900000E-03

  Flux (Part/sr/GeV/cmq/pr):

   6.843663     +/-    4.987816     % 

  Flux (Part/deg/GeV/cmq/pr):

  0.4777778     +/-    4.987816     % 

  Energy interval (GeV):  1.8900000E-03  1.8800000E-03

  Flux (Part/sr/GeV/cmq/pr):

   6.191127     +/-    6.634185     % 

  Flux (Part/deg/GeV/cmq/pr):

  0.4322222     +/-    6.634185     % 

  Energy interval (GeV):  1.8800000E-03  1.8699999E-03

  Flux (Part/sr/GeV/cmq/pr):

   6.652677     +/-    5.222220     % 

  Flux (Part/deg/GeV/cmq/pr):

  0.4644445     +/-    5.222220     % 

  Energy interval (GeV):  1.8699999E-03  1.8600000E-03

  Flux (Part/sr/GeV/cmq/pr):

   6.493522     +/-    4.220386     % 

  Flux (Part/deg/GeV/cmq/pr):

  0.4533333     +/-    4.220386     % 

  Energy interval (GeV):  1.8600000E-03  1.8500000E-03

  Flux (Part/sr/GeV/cmq/pr):

   6.780001     +/-    3.489688     % 

  Flux (Part/deg/GeV/cmq/pr):

  0.4733334     +/-    3.489688     % 

  Energy interval (GeV):  1.8500000E-03  1.8399999E-03

  Flux (Part/sr/GeV/cmq/pr):

   6.875494     +/-    4.246282     % 

  Flux (Part/deg/GeV/cmq/pr):

  0.4800000     +/-    4.246282     % 

  Energy interval (GeV):  1.8399999E-03  1.8300000E-03

  Flux (Part/sr/GeV/cmq/pr):

   6.604930     +/-    3.977729     % 

  Flux (Part/deg/GeV/cmq/pr):

  0.4611111     +/-    3.977729     % 

  Energy interval (GeV):  1.8300000E-03  1.8200000E-03

  Flux (Part/sr/GeV/cmq/pr):

   6.429860     +/-    5.314581     % 

  Flux (Part/deg/GeV/cmq/pr):

  0.4488889     +/-    5.314581     % 

  Energy interval (GeV):  1.8200000E-03  1.8099999E-03

  Flux (Part/sr/GeV/cmq/pr):

   7.114226     +/-    4.149270     % 

  Flux (Part/deg/GeV/cmq/pr):

  0.4966667     +/-    4.149270     % 

  Energy interval (GeV):  1.8099999E-03  1.8000000E-03

  Flux (Part/sr/GeV/cmq/pr):

   6.016057     +/-    7.832208     % 

  Flux (Part/deg/GeV/cmq/pr):

  0.4200000     +/-    7.832208     % 

  Energy interval (GeV):  1.8000000E-03  1.7900000E-03

  Flux (Part/sr/GeV/cmq/pr):

   6.413944     +/-    3.296608     % 

  Flux (Part/deg/GeV/cmq/pr):

  0.4477778     +/-    3.296608     % 

  Energy interval (GeV):  1.7900000E-03  1.7799999E-03

  Flux (Part/sr/GeV/cmq/pr):

   6.636761     +/-    1.497603     % 

  Flux (Part/deg/GeV/cmq/pr):

  0.4633334     +/-    1.497603     % 

  Energy interval (GeV):  1.7799999E-03  1.7700000E-03

  Flux (Part/sr/GeV/cmq/pr):

   7.050564     +/-    7.709721     % 

  Flux (Part/deg/GeV/cmq/pr):

  0.4922222     +/-    7.709721     % 

  Energy interval (GeV):  1.7700000E-03  1.7599999E-03

  Flux (Part/sr/GeV/cmq/pr):

   6.413944     +/-    3.128913     % 

  Flux (Part/deg/GeV/cmq/pr):

  0.4477778     +/-    3.128913     % 

  Energy interval (GeV):  1.7599999E-03  1.7499999E-03

  Flux (Part/sr/GeV/cmq/pr):

   6.780001     +/-    8.660032     % 

  Flux (Part/deg/GeV/cmq/pr):

  0.4733334     +/-    8.660032     % 

  Energy interval (GeV):  1.7499999E-03  1.7400000E-03

  Flux (Part/sr/GeV/cmq/pr):

   6.668592     +/-    4.643217     % 

  Flux (Part/deg/GeV/cmq/pr):

  0.4655556     +/-    4.643217     % 

  Energy interval (GeV):  1.7400000E-03  1.7299999E-03

  Flux (Part/sr/GeV/cmq/pr):

   6.604930     +/-    2.926497     % 

  Flux (Part/deg/GeV/cmq/pr):

  0.4611111     +/-    2.926497     % 

  Energy interval (GeV):  1.7299999E-03  1.7199999E-03

  Flux (Part/sr/GeV/cmq/pr):

   6.589015     +/-    3.135449     % 

  Flux (Part/deg/GeV/cmq/pr):

  0.4600000     +/-    3.135449     % 

  Energy interval (GeV):  1.7199999E-03  1.7100000E-03

  Flux (Part/sr/GeV/cmq/pr):

   6.811831     +/-    5.536448     % 

  Flux (Part/deg/GeV/cmq/pr):

  0.4755556     +/-    5.536448     % 

  Energy interval (GeV):  1.7100000E-03  1.6999999E-03

  Flux (Part/sr/GeV/cmq/pr):

   6.636761     +/-    4.299861     % 

  Flux (Part/deg/GeV/cmq/pr):

  0.4633334     +/-    4.299861     % 

  Energy interval (GeV):  1.6999999E-03  1.6899999E-03

  Flux (Part/sr/GeV/cmq/pr):

   6.811831     +/-    4.563558     % 

  Flux (Part/deg/GeV/cmq/pr):

  0.4755556     +/-    4.563558     % 

  Energy interval (GeV):  1.6899999E-03  1.6800000E-03

  Flux (Part/sr/GeV/cmq/pr):

   6.636761     +/-    2.852609     % 

  Flux (Part/deg/GeV/cmq/pr):

  0.4633334     +/-    2.852609     % 

  Energy interval (GeV):  1.6800000E-03  1.6699999E-03

  Flux (Part/sr/GeV/cmq/pr):

   6.700423     +/-    3.629622     % 

  Flux (Part/deg/GeV/cmq/pr):

  0.4677778     +/-    3.629622     % 

  Energy interval (GeV):  1.6699999E-03  1.6600000E-03

  Flux (Part/sr/GeV/cmq/pr):

   6.620846     +/-    5.062365     % 

  Flux (Part/deg/GeV/cmq/pr):

  0.4622222     +/-    5.062365     % 

  Energy interval (GeV):  1.6600000E-03  1.6500000E-03

  Flux (Part/sr/GeV/cmq/pr):

   6.652677     +/-    6.403713     % 

  Flux (Part/deg/GeV/cmq/pr):

  0.4644445     +/-    6.403713     % 

  Energy interval (GeV):  1.6500000E-03  1.6399999E-03

  Flux (Part/sr/GeV/cmq/pr):

   6.970986     +/-    5.599429     % 

  Flux (Part/deg/GeV/cmq/pr):

  0.4866667     +/-    5.599429     % 

  Energy interval (GeV):  1.6399999E-03  1.6300000E-03

  Flux (Part/sr/GeV/cmq/pr):

   6.127465     +/-    3.741522     % 

  Flux (Part/deg/GeV/cmq/pr):

  0.4277778     +/-    3.741522     % 

  Energy interval (GeV):  1.6300000E-03  1.6200000E-03

  Flux (Part/sr/GeV/cmq/pr):

   6.716339     +/-    3.546595     % 

  Flux (Part/deg/GeV/cmq/pr):

  0.4688889     +/-    3.546595     % 

  Energy interval (GeV):  1.6200000E-03  1.6099999E-03

  Flux (Part/sr/GeV/cmq/pr):

   6.827747     +/-    2.399915     % 

  Flux (Part/deg/GeV/cmq/pr):

  0.4766667     +/-    2.399915     % 

  Energy interval (GeV):  1.6099999E-03  1.6000000E-03

  Flux (Part/sr/GeV/cmq/pr):

   6.811831     +/-    2.548765     % 

  Flux (Part/deg/GeV/cmq/pr):

  0.4755556     +/-    2.548765     % 

  Energy interval (GeV):  1.6000000E-03  1.5900000E-03

  Flux (Part/sr/GeV/cmq/pr):

   6.716339     +/-    4.248915     % 

  Flux (Part/deg/GeV/cmq/pr):

  0.4688889     +/-    4.248915     % 

  Energy interval (GeV):  1.5900000E-03  1.5799999E-03

  Flux (Part/sr/GeV/cmq/pr):

   6.859578     +/-    2.921039     % 

  Flux (Part/deg/GeV/cmq/pr):

  0.4788889     +/-    2.921039     % 

  Energy interval (GeV):  1.5799999E-03  1.5700000E-03

  Flux (Part/sr/GeV/cmq/pr):

   6.939156     +/-    4.635638     % 

  Flux (Part/deg/GeV/cmq/pr):

  0.4844445     +/-    4.635638     % 

  Energy interval (GeV):  1.5700000E-03  1.5600000E-03

  Flux (Part/sr/GeV/cmq/pr):

   6.891409     +/-    10.32568     % 

  Flux (Part/deg/GeV/cmq/pr):

  0.4811111     +/-    10.32568     % 

  Energy interval (GeV):  1.5600000E-03  1.5499999E-03

  Flux (Part/sr/GeV/cmq/pr):

   6.684508     +/-    5.468421     % 

  Flux (Part/deg/GeV/cmq/pr):

  0.4666667     +/-    5.468421     % 

  Energy interval (GeV):  1.5499999E-03  1.5400000E-03

  Flux (Part/sr/GeV/cmq/pr):

   6.445776     +/-    8.659594     % 

  Flux (Part/deg/GeV/cmq/pr):

  0.4500000     +/-    8.659594     % 

  Energy interval (GeV):  1.5400000E-03  1.5300000E-03

  Flux (Part/sr/GeV/cmq/pr):

   7.368874     +/-    7.648350     % 

  Flux (Part/deg/GeV/cmq/pr):

  0.5144445     +/-    7.648350     % 

  Energy interval (GeV):  1.5300000E-03  1.5199999E-03

  Flux (Part/sr/GeV/cmq/pr):

   7.034648     +/-    5.774774     % 

  Flux (Part/deg/GeV/cmq/pr):

  0.4911111     +/-    5.774774     % 

  Energy interval (GeV):  1.5199999E-03  1.5100000E-03

  Flux (Part/sr/GeV/cmq/pr):

   6.732254     +/-    4.222357     % 

  Flux (Part/deg/GeV/cmq/pr):

  0.4700000     +/-    4.222357     % 

  Energy interval (GeV):  1.5100000E-03  1.5000000E-03

  Flux (Part/sr/GeV/cmq/pr):

   6.700423     +/-    3.511104     % 

  Flux (Part/deg/GeV/cmq/pr):

  0.4677778     +/-    3.511104     % 

  Energy interval (GeV):  1.5000000E-03  1.4899999E-03

  Flux (Part/sr/GeV/cmq/pr):

   6.732254     +/-    4.736989     % 

  Flux (Part/deg/GeV/cmq/pr):

  0.4700000     +/-    4.736989     % 

  Energy interval (GeV):  1.4899999E-03  1.4800000E-03

  Flux (Part/sr/GeV/cmq/pr):

   6.366198     +/-    5.347313     % 

  Flux (Part/deg/GeV/cmq/pr):

  0.4444445     +/-    5.347313     % 

  Energy interval (GeV):  1.4800000E-03  1.4700000E-03

  Flux (Part/sr/GeV/cmq/pr):

   6.493522     +/-    4.660087     % 

  Flux (Part/deg/GeV/cmq/pr):

  0.4533333     +/-    4.660087     % 

  Energy interval (GeV):  1.4700000E-03  1.4599999E-03

  Flux (Part/sr/GeV/cmq/pr):

   7.209719     +/-    3.687260     % 

  Flux (Part/deg/GeV/cmq/pr):

  0.5033334     +/-    3.687260     % 

  Energy interval (GeV):  1.4599999E-03  1.4500000E-03

  Flux (Part/sr/GeV/cmq/pr):

   7.002818     +/-    4.601922     % 

  Flux (Part/deg/GeV/cmq/pr):

  0.4888889     +/-    4.601922     % 

  Energy interval (GeV):  1.4500000E-03  1.4400000E-03

  Flux (Part/sr/GeV/cmq/pr):

   6.509437     +/-    4.725219     % 

  Flux (Part/deg/GeV/cmq/pr):

  0.4544445     +/-    4.725219     % 

  Energy interval (GeV):  1.4400000E-03  1.4299999E-03

  Flux (Part/sr/GeV/cmq/pr):

   7.082395     +/-    4.035570     % 

  Flux (Part/deg/GeV/cmq/pr):

  0.4944445     +/-    4.035570     % 

  Energy interval (GeV):  1.4299999E-03  1.4200000E-03

  Flux (Part/sr/GeV/cmq/pr):

   6.222958     +/-    3.511388     % 

  Flux (Part/deg/GeV/cmq/pr):

  0.4344445     +/-    3.511388     % 

  Energy interval (GeV):  1.4200000E-03  1.4099999E-03

  Flux (Part/sr/GeV/cmq/pr):

   6.923240     +/-    7.251407     % 

  Flux (Part/deg/GeV/cmq/pr):

  0.4833334     +/-    7.251407     % 

  Energy interval (GeV):  1.4099999E-03  1.4000000E-03

  Flux (Part/sr/GeV/cmq/pr):

   6.907325     +/-    2.586399     % 

  Flux (Part/deg/GeV/cmq/pr):

  0.4822223     +/-    2.586399     % 

  Energy interval (GeV):  1.4000000E-03  1.3900000E-03

  Flux (Part/sr/GeV/cmq/pr):

   6.986902     +/-    6.169296     % 

  Flux (Part/deg/GeV/cmq/pr):

  0.4877778     +/-    6.169296     % 

  Energy interval (GeV):  1.3900000E-03  1.3799999E-03

  Flux (Part/sr/GeV/cmq/pr):

   6.254789     +/-    7.713744     % 

  Flux (Part/deg/GeV/cmq/pr):

  0.4366667     +/-    7.713744     % 

  Energy interval (GeV):  1.3799999E-03  1.3700000E-03

  Flux (Part/sr/GeV/cmq/pr):

   6.811831     +/-    4.123683     % 

  Flux (Part/deg/GeV/cmq/pr):

  0.4755556     +/-    4.123683     % 

  Energy interval (GeV):  1.3700000E-03  1.3600000E-03

  Flux (Part/sr/GeV/cmq/pr):

   6.732254     +/-    1.737228     % 

  Flux (Part/deg/GeV/cmq/pr):

  0.4700000     +/-    1.737228     % 

  Energy interval (GeV):  1.3600000E-03  1.3499999E-03

  Flux (Part/sr/GeV/cmq/pr):

   6.939156     +/-    5.197371     % 

  Flux (Part/deg/GeV/cmq/pr):

  0.4844445     +/-    5.197371     % 

  Energy interval (GeV):  1.3499999E-03  1.3400000E-03

  Flux (Part/sr/GeV/cmq/pr):

   6.652677     +/-    6.141386     % 

  Flux (Part/deg/GeV/cmq/pr):

  0.4644445     +/-    6.141386     % 

  Energy interval (GeV):  1.3400000E-03  1.3300000E-03

  Flux (Part/sr/GeV/cmq/pr):

   7.050564     +/-    3.103323     % 

  Flux (Part/deg/GeV/cmq/pr):

  0.4922222     +/-    3.103323     % 

  Energy interval (GeV):  1.3300000E-03  1.3199999E-03

  Flux (Part/sr/GeV/cmq/pr):

   6.907324     +/-    2.760173     % 

  Flux (Part/deg/GeV/cmq/pr):

  0.4822223     +/-    2.760173     % 

  Energy interval (GeV):  1.3199999E-03  1.3100000E-03

  Flux (Part/sr/GeV/cmq/pr):

   6.907325     +/-    3.845235     % 

  Flux (Part/deg/GeV/cmq/pr):

  0.4822223     +/-    3.845235     % 

  Energy interval (GeV):  1.3100000E-03  1.3000000E-03

  Flux (Part/sr/GeV/cmq/pr):

   7.528029     +/-    4.115839     % 

  Flux (Part/deg/GeV/cmq/pr):

  0.5255556     +/-    4.115839     % 

  Energy interval (GeV):  1.3000000E-03  1.2899999E-03

  Flux (Part/sr/GeV/cmq/pr):

   6.970987     +/-    1.861815     % 

  Flux (Part/deg/GeV/cmq/pr):

  0.4866667     +/-    1.861815     % 

  Energy interval (GeV):  1.2899999E-03  1.2800000E-03

  Flux (Part/sr/GeV/cmq/pr):

   7.098310     +/-    3.758532     % 

  Flux (Part/deg/GeV/cmq/pr):

  0.4955556     +/-    3.758532     % 

  Energy interval (GeV):  1.2800000E-03  1.2700000E-03

  Flux (Part/sr/GeV/cmq/pr):

   6.955071     +/-    5.750494     % 

  Flux (Part/deg/GeV/cmq/pr):

  0.4855556     +/-    5.750494     % 

  Energy interval (GeV):  1.2700000E-03  1.2599999E-03

  Flux (Part/sr/GeV/cmq/pr):

   7.146057     +/-    5.120073     % 

  Flux (Part/deg/GeV/cmq/pr):

  0.4988889     +/-    5.120073     % 

  Energy interval (GeV):  1.2599999E-03  1.2500000E-03

  Flux (Part/sr/GeV/cmq/pr):

   6.620845     +/-    4.222156     % 

  Flux (Part/deg/GeV/cmq/pr):

  0.4622222     +/-    4.222156     % 

  Energy interval (GeV):  1.2500000E-03  1.2400000E-03

  Flux (Part/sr/GeV/cmq/pr):

   7.066480     +/-    5.016005     % 

  Flux (Part/deg/GeV/cmq/pr):

  0.4933334     +/-    5.016005     % 

  Energy interval (GeV):  1.2400000E-03  1.2299999E-03

  Flux (Part/sr/GeV/cmq/pr):

   7.193803     +/-    4.979106     % 

  Flux (Part/deg/GeV/cmq/pr):

  0.5022222     +/-    4.979106     % 

  Energy interval (GeV):  1.2299999E-03  1.2200000E-03

  Flux (Part/sr/GeV/cmq/pr):

   7.846339     +/-    3.326819     % 

  Flux (Part/deg/GeV/cmq/pr):

  0.5477778     +/-    3.326819     % 

  Energy interval (GeV):  1.2200000E-03  1.2100000E-03

  Flux (Part/sr/GeV/cmq/pr):

   7.130141     +/-    4.416598     % 

  Flux (Part/deg/GeV/cmq/pr):

  0.4977778     +/-    4.416598     % 

  Energy interval (GeV):  1.2100000E-03  1.1999999E-03

  Flux (Part/sr/GeV/cmq/pr):

   6.780001     +/-    3.882121     % 

  Flux (Part/deg/GeV/cmq/pr):

  0.4733334     +/-    3.882121     % 

  Energy interval (GeV):  1.1999999E-03  1.1900000E-03

  Flux (Part/sr/GeV/cmq/pr):

   7.050564     +/-    3.886947     % 

  Flux (Part/deg/GeV/cmq/pr):

  0.4922222     +/-    3.886947     % 

  Energy interval (GeV):  1.1900000E-03  1.1800000E-03

  Flux (Part/sr/GeV/cmq/pr):

   6.795916     +/-    2.240179     % 

  Flux (Part/deg/GeV/cmq/pr):

  0.4744445     +/-    2.240179     % 

  Energy interval (GeV):  1.1800000E-03  1.1699999E-03

  Flux (Part/sr/GeV/cmq/pr):

   6.811831     +/-    2.521850     % 

  Flux (Part/deg/GeV/cmq/pr):

  0.4755556     +/-    2.521850     % 

  Energy interval (GeV):  1.1699999E-03  1.1600000E-03

  Flux (Part/sr/GeV/cmq/pr):

   6.907325     +/-    6.397900     % 

  Flux (Part/deg/GeV/cmq/pr):

  0.4822223     +/-    6.397900     % 

  Energy interval (GeV):  1.1600000E-03  1.1500000E-03

  Flux (Part/sr/GeV/cmq/pr):

   6.684508     +/-    7.613465     % 

  Flux (Part/deg/GeV/cmq/pr):

  0.4666667     +/-    7.613465     % 

  Energy interval (GeV):  1.1500000E-03  1.1399999E-03

  Flux (Part/sr/GeV/cmq/pr):

   7.002818     +/-    6.912230     % 

  Flux (Part/deg/GeV/cmq/pr):

  0.4888889     +/-    6.912230     % 

  Energy interval (GeV):  1.1399999E-03  1.1300000E-03

  Flux (Part/sr/GeV/cmq/pr):

   7.480282     +/-    4.909779     % 

  Flux (Part/deg/GeV/cmq/pr):

  0.5222223     +/-    4.909779     % 

  Energy interval (GeV):  1.1300000E-03  1.1199999E-03

  Flux (Part/sr/GeV/cmq/pr):

   7.480282     +/-    2.018474     % 

  Flux (Part/deg/GeV/cmq/pr):

  0.5222222     +/-    2.018474     % 

  Energy interval (GeV):  1.1199999E-03  1.1100000E-03

  Flux (Part/sr/GeV/cmq/pr):

   7.528029     +/-    2.354235     % 

  Flux (Part/deg/GeV/cmq/pr):

  0.5255556     +/-    2.354235     % 

  Energy interval (GeV):  1.1100000E-03  1.1000000E-03

  Flux (Part/sr/GeV/cmq/pr):

   7.416620     +/-    4.091347     % 

  Flux (Part/deg/GeV/cmq/pr):

  0.5177778     +/-    4.091347     % 

  Energy interval (GeV):  1.1000000E-03  1.0899999E-03

  Flux (Part/sr/GeV/cmq/pr):

   7.480282     +/-    6.293702     % 

  Flux (Part/deg/GeV/cmq/pr):

  0.5222223     +/-    6.293702     % 

  Energy interval (GeV):  1.0899999E-03  1.0800000E-03

  Flux (Part/sr/GeV/cmq/pr):

   7.337043     +/-    3.620026     % 

  Flux (Part/deg/GeV/cmq/pr):

  0.5122222     +/-    3.620026     % 

  Energy interval (GeV):  1.0800000E-03  1.0700000E-03

  Flux (Part/sr/GeV/cmq/pr):

   7.082395     +/-    4.423600     % 

  Flux (Part/deg/GeV/cmq/pr):

  0.4944445     +/-    4.423600     % 

  Energy interval (GeV):  1.0700000E-03  1.0599999E-03

  Flux (Part/sr/GeV/cmq/pr):

   7.018733     +/-    6.585731     % 

  Flux (Part/deg/GeV/cmq/pr):

  0.4900000     +/-    6.585731     % 

  Energy interval (GeV):  1.0599999E-03  1.0500000E-03

  Flux (Part/sr/GeV/cmq/pr):

   8.276057     +/-    4.310867     % 

  Flux (Part/deg/GeV/cmq/pr):

  0.5777778     +/-    4.310867     % 

  Energy interval (GeV):  1.0500000E-03  1.0400000E-03

  Flux (Part/sr/GeV/cmq/pr):

   6.541268     +/-    3.555144     % 

  Flux (Part/deg/GeV/cmq/pr):

  0.4566667     +/-    3.555144     % 

  Energy interval (GeV):  1.0400000E-03  1.0299999E-03

  Flux (Part/sr/GeV/cmq/pr):

   7.528029     +/-    5.217320     % 

  Flux (Part/deg/GeV/cmq/pr):

  0.5255556     +/-    5.217320     % 

  Energy interval (GeV):  1.0299999E-03  1.0200000E-03

  Flux (Part/sr/GeV/cmq/pr):

   7.687184     +/-    3.881643     % 

  Flux (Part/deg/GeV/cmq/pr):

  0.5366667     +/-    3.881643     % 

  Energy interval (GeV):  1.0200000E-03  1.0100000E-03

  Flux (Part/sr/GeV/cmq/pr):

   7.098310     +/-    7.914513     % 

  Flux (Part/deg/GeV/cmq/pr):

  0.4955556     +/-    7.914513     % 

  Energy interval (GeV):  1.0100000E-03  9.9999993E-04

  Flux (Part/sr/GeV/cmq/pr):

   7.480282     +/-    2.913418     % 

  Flux (Part/deg/GeV/cmq/pr):

  0.5222223     +/-    2.913418     % 

  Energy interval (GeV):  9.9999993E-04  9.8999997E-04

  Flux (Part/sr/GeV/cmq/pr):

   7.623522     +/-    2.071966     % 

  Flux (Part/deg/GeV/cmq/pr):

  0.5322223     +/-    2.071966     % 

  Energy interval (GeV):  9.8999997E-04  9.8000001E-04

  Flux (Part/sr/GeV/cmq/pr):

   7.368874     +/-    3.872661     % 

  Flux (Part/deg/GeV/cmq/pr):

  0.5144445     +/-    3.872661     % 

  Energy interval (GeV):  9.8000001E-04  9.6999999E-04

  Flux (Part/sr/GeV/cmq/pr):

   7.352959     +/-    5.286440     % 

  Flux (Part/deg/GeV/cmq/pr):

  0.5133334     +/-    5.286440     % 

  Energy interval (GeV):  9.6999999E-04  9.5999998E-04

  Flux (Part/sr/GeV/cmq/pr):

   7.687184     +/-    3.115924     % 

  Flux (Part/deg/GeV/cmq/pr):

  0.5366667     +/-    3.115924     % 

  Energy interval (GeV):  9.5999998E-04  9.4999996E-04

  Flux (Part/sr/GeV/cmq/pr):

   7.400705     +/-    4.844680     % 

  Flux (Part/deg/GeV/cmq/pr):

  0.5166667     +/-    4.844680     % 

  Energy interval (GeV):  9.4999996E-04  9.4000000E-04

  Flux (Part/sr/GeV/cmq/pr):

   7.671268     +/-    2.656898     % 

  Flux (Part/deg/GeV/cmq/pr):

  0.5355556     +/-    2.656898     % 

  Energy interval (GeV):  9.4000000E-04  9.2999998E-04

  Flux (Part/sr/GeV/cmq/pr):

   7.225635     +/-    6.224173     % 

  Flux (Part/deg/GeV/cmq/pr):

  0.5044445     +/-    6.224173     % 

  Energy interval (GeV):  9.2999998E-04  9.1999996E-04

  Flux (Part/sr/GeV/cmq/pr):

   7.082395     +/-    5.062418     % 

  Flux (Part/deg/GeV/cmq/pr):

  0.4944445     +/-    5.062418     % 

  Energy interval (GeV):  9.1999996E-04  9.1000000E-04

  Flux (Part/sr/GeV/cmq/pr):

   7.352958     +/-    6.371510     % 

  Flux (Part/deg/GeV/cmq/pr):

  0.5133334     +/-    6.371510     % 

  Energy interval (GeV):  9.1000000E-04  8.9999998E-04

  Flux (Part/sr/GeV/cmq/pr):

   7.862254     +/-    5.378676     % 

  Flux (Part/deg/GeV/cmq/pr):

  0.5488889     +/-    5.378676     % 

  Energy interval (GeV):  8.9999998E-04  8.8999997E-04

  Flux (Part/sr/GeV/cmq/pr):

   6.939156     +/-    4.219809     % 

  Flux (Part/deg/GeV/cmq/pr):

  0.4844445     +/-    4.219809     % 

  Energy interval (GeV):  8.8999997E-04  8.7999995E-04

  Flux (Part/sr/GeV/cmq/pr):

   7.337043     +/-    7.493942     % 

  Flux (Part/deg/GeV/cmq/pr):

  0.5122222     +/-    7.493942     % 

  Energy interval (GeV):  8.7999995E-04  8.6999999E-04

  Flux (Part/sr/GeV/cmq/pr):

   7.543944     +/-    3.924278     % 

  Flux (Part/deg/GeV/cmq/pr):

  0.5266667     +/-    3.924278     % 

  Energy interval (GeV):  8.6999999E-04  8.5999997E-04

  Flux (Part/sr/GeV/cmq/pr):

   7.384789     +/-    4.151155     % 

  Flux (Part/deg/GeV/cmq/pr):

  0.5155556     +/-    4.151155     % 

  Energy interval (GeV):  8.5999997E-04  8.4999995E-04

  Flux (Part/sr/GeV/cmq/pr):

   7.543944     +/-    4.722158     % 

  Flux (Part/deg/GeV/cmq/pr):

  0.5266667     +/-    4.722158     % 

  Energy interval (GeV):  8.4999995E-04  8.3999999E-04

  Flux (Part/sr/GeV/cmq/pr):

   7.559860     +/-    3.345316     % 

  Flux (Part/deg/GeV/cmq/pr):

  0.5277778     +/-    3.345316     % 

  Energy interval (GeV):  8.3999999E-04  8.2999998E-04

  Flux (Part/sr/GeV/cmq/pr):

   7.639437     +/-    2.134781     % 

  Flux (Part/deg/GeV/cmq/pr):

  0.5333334     +/-    2.134781     % 

  Energy interval (GeV):  8.2999998E-04  8.1999996E-04

  Flux (Part/sr/GeV/cmq/pr):

   7.305212     +/-    4.008359     % 

  Flux (Part/deg/GeV/cmq/pr):

  0.5100001     +/-    4.008359     % 

  Energy interval (GeV):  8.1999996E-04  8.1000000E-04

  Flux (Part/sr/GeV/cmq/pr):

   7.559860     +/-    3.585134     % 

  Flux (Part/deg/GeV/cmq/pr):

  0.5277778     +/-    3.585134     % 

  Energy interval (GeV):  8.1000000E-04  7.9999998E-04

  Flux (Part/sr/GeV/cmq/pr):

   7.352958     +/-    5.083125     % 

  Flux (Part/deg/GeV/cmq/pr):

  0.5133334     +/-    5.083125     % 

  Energy interval (GeV):  7.9999998E-04  7.8999996E-04

  Flux (Part/sr/GeV/cmq/pr):

   7.941832     +/-    3.687048     % 

  Flux (Part/deg/GeV/cmq/pr):

  0.5544445     +/-    3.687048     % 

  Energy interval (GeV):  7.8999996E-04  7.8000000E-04

  Flux (Part/sr/GeV/cmq/pr):

   7.766761     +/-    2.779644     % 

  Flux (Part/deg/GeV/cmq/pr):

  0.5422223     +/-    2.779644     % 

  Energy interval (GeV):  7.8000000E-04  7.6999998E-04

  Flux (Part/sr/GeV/cmq/pr):

   7.925916     +/-    2.258479     % 

  Flux (Part/deg/GeV/cmq/pr):

  0.5533333     +/-    2.258479     % 

  Energy interval (GeV):  7.6999998E-04  7.5999997E-04

  Flux (Part/sr/GeV/cmq/pr):

   7.846339     +/-    5.579016     % 

  Flux (Part/deg/GeV/cmq/pr):

  0.5477778     +/-    5.579016     % 

  Energy interval (GeV):  7.5999997E-04  7.5000001E-04

  Flux (Part/sr/GeV/cmq/pr):

   8.021409     +/-    2.335041     % 

  Flux (Part/deg/GeV/cmq/pr):

  0.5600000     +/-    2.335041     % 

  Energy interval (GeV):  7.5000001E-04  7.3999999E-04

  Flux (Part/sr/GeV/cmq/pr):

   8.482959     +/-    3.851870     % 

  Flux (Part/deg/GeV/cmq/pr):

  0.5922223     +/-    3.851870     % 

  Energy interval (GeV):  7.3999999E-04  7.2999997E-04

  Flux (Part/sr/GeV/cmq/pr):

   7.846339     +/-    4.298097     % 

  Flux (Part/deg/GeV/cmq/pr):

  0.5477778     +/-    4.298097     % 

  Energy interval (GeV):  7.2999997E-04  7.2000001E-04

  Flux (Part/sr/GeV/cmq/pr):

   7.655353     +/-    4.439535     % 

  Flux (Part/deg/GeV/cmq/pr):

  0.5344445     +/-    4.439535     % 

  Energy interval (GeV):  7.2000001E-04  7.0999999E-04

  Flux (Part/sr/GeV/cmq/pr):

   7.337043     +/-    4.606672     % 

  Flux (Part/deg/GeV/cmq/pr):

  0.5122222     +/-    4.606672     % 

  Energy interval (GeV):  7.0999999E-04  6.9999998E-04

  Flux (Part/sr/GeV/cmq/pr):

   7.575775     +/-    2.727050     % 

  Flux (Part/deg/GeV/cmq/pr):

  0.5288889     +/-    2.727050     % 

  Energy interval (GeV):  6.9999998E-04  6.8999996E-04

  Flux (Part/sr/GeV/cmq/pr):

   8.037325     +/-    3.597208     % 

  Flux (Part/deg/GeV/cmq/pr):

  0.5611112     +/-    3.597208     % 

  Energy interval (GeV):  6.8999996E-04  6.8000000E-04

  Flux (Part/sr/GeV/cmq/pr):

   7.719015     +/-    1.081246     % 

  Flux (Part/deg/GeV/cmq/pr):

  0.5388889     +/-    1.081246     % 

  Energy interval (GeV):  6.8000000E-04  6.6999998E-04

  Flux (Part/sr/GeV/cmq/pr):

   7.862254     +/-    4.598306     % 

  Flux (Part/deg/GeV/cmq/pr):

  0.5488889     +/-    4.598306     % 

  Energy interval (GeV):  6.6999998E-04  6.5999996E-04

  Flux (Part/sr/GeV/cmq/pr):

   8.085072     +/-    4.827854     % 

  Flux (Part/deg/GeV/cmq/pr):

  0.5644445     +/-    4.827854     % 

  Energy interval (GeV):  6.5999996E-04  6.5000000E-04

  Flux (Part/sr/GeV/cmq/pr):

   7.830423     +/-    4.911807     % 

  Flux (Part/deg/GeV/cmq/pr):

  0.5466667     +/-    4.911807     % 

  Energy interval (GeV):  6.5000000E-04  6.3999998E-04

  Flux (Part/sr/GeV/cmq/pr):

   7.416620     +/-    3.433476     % 

  Flux (Part/deg/GeV/cmq/pr):

  0.5177778     +/-    3.433476     % 

  Energy interval (GeV):  6.3999998E-04  6.2999997E-04

  Flux (Part/sr/GeV/cmq/pr):

   7.957747     +/-    5.029910     % 

  Flux (Part/deg/GeV/cmq/pr):

  0.5555556     +/-    5.029910     % 

  Energy interval (GeV):  6.2999997E-04  6.2000001E-04

  Flux (Part/sr/GeV/cmq/pr):

   7.655353     +/-    7.331246     % 

  Flux (Part/deg/GeV/cmq/pr):

  0.5344445     +/-    7.331246     % 

  Energy interval (GeV):  6.2000001E-04  6.0999999E-04

  Flux (Part/sr/GeV/cmq/pr):

   8.132817     +/-    4.027224     % 

  Flux (Part/deg/GeV/cmq/pr):

  0.5677778     +/-    4.027224     % 

  Energy interval (GeV):  6.0999999E-04  5.9999997E-04

  Flux (Part/sr/GeV/cmq/pr):

   8.037325     +/-    2.729515     % 

  Flux (Part/deg/GeV/cmq/pr):

  0.5611112     +/-    2.729515     % 

  Energy interval (GeV):  5.9999997E-04  5.9000001E-04

  Flux (Part/sr/GeV/cmq/pr):

   7.989578     +/-    5.989360     % 

  Flux (Part/deg/GeV/cmq/pr):

  0.5577778     +/-    5.989360     % 

  Energy interval (GeV):  5.9000001E-04  5.7999999E-04

  Flux (Part/sr/GeV/cmq/pr):

   7.782677     +/-    4.069479     % 

  Flux (Part/deg/GeV/cmq/pr):

  0.5433334     +/-    4.069479     % 

  Energy interval (GeV):  5.7999999E-04  5.6999997E-04

  Flux (Part/sr/GeV/cmq/pr):

   7.607606     +/-    7.662446     % 

  Flux (Part/deg/GeV/cmq/pr):

  0.5311111     +/-    7.662446     % 

  Energy interval (GeV):  5.6999997E-04  5.5999996E-04

  Flux (Part/sr/GeV/cmq/pr):

   7.878170     +/-    3.113341     % 

  Flux (Part/deg/GeV/cmq/pr):

  0.5500000     +/-    3.113341     % 

  Energy interval (GeV):  5.5999996E-04  5.5000000E-04

  Flux (Part/sr/GeV/cmq/pr):

   7.719015     +/-    3.898489     % 

  Flux (Part/deg/GeV/cmq/pr):

  0.5388889     +/-    3.898489     % 

  Energy interval (GeV):  5.5000000E-04  5.3999998E-04

  Flux (Part/sr/GeV/cmq/pr):

   7.766761     +/-    2.944694     % 

  Flux (Part/deg/GeV/cmq/pr):

  0.5422223     +/-    2.944694     % 

  Energy interval (GeV):  5.3999998E-04  5.2999996E-04

  Flux (Part/sr/GeV/cmq/pr):

   7.528029     +/-    3.655733     % 

  Flux (Part/deg/GeV/cmq/pr):

  0.5255556     +/-    3.655733     % 

  Energy interval (GeV):  5.2999996E-04  5.2000000E-04

  Flux (Part/sr/GeV/cmq/pr):

   8.069156     +/-    2.174104     % 

  Flux (Part/deg/GeV/cmq/pr):

  0.5633334     +/-    2.174104     % 

  Energy interval (GeV):  5.2000000E-04  5.0999998E-04

  Flux (Part/sr/GeV/cmq/pr):

   263.8471     +/-    1.227668     % 

  Flux (Part/deg/GeV/cmq/pr):

   18.42000     +/-    1.227668     % 

  Energy interval (GeV):  5.0999998E-04  4.9999997E-04

  Flux (Part/sr/GeV/cmq/pr):

   12.82789     +/-    3.729315     % 

  Flux (Part/deg/GeV/cmq/pr):

  0.8955556     +/-    3.729315     % 

  Energy interval (GeV):  4.9999997E-04  4.9000001E-04

  Flux (Part/sr/GeV/cmq/pr):

   13.27352     +/-    3.435623     % 

  Flux (Part/deg/GeV/cmq/pr):

  0.9266667     +/-    3.435623     % 

  Energy interval (GeV):  4.9000001E-04  4.7999999E-04

  Flux (Part/sr/GeV/cmq/pr):

   13.51225     +/-    4.119973     % 

  Flux (Part/deg/GeV/cmq/pr):

  0.9433334     +/-    4.119973     % 

  Energy interval (GeV):  4.7999999E-04  4.7000000E-04

  Flux (Part/sr/GeV/cmq/pr):

   13.17803     +/-    3.976347     % 

  Flux (Part/deg/GeV/cmq/pr):

  0.9200001     +/-    3.976347     % 

  Energy interval (GeV):  4.7000000E-04  4.5999998E-04

  Flux (Part/sr/GeV/cmq/pr):

   14.27620     +/-    3.488180     % 

  Flux (Part/deg/GeV/cmq/pr):

  0.9966667     +/-    3.488180     % 

  Energy interval (GeV):  4.5999998E-04  4.4999999E-04

  Flux (Part/sr/GeV/cmq/pr):

   13.95789     +/-    3.697474     % 

  Flux (Part/deg/GeV/cmq/pr):

  0.9744445     +/-    3.697474     % 

  Energy interval (GeV):  4.4999999E-04  4.3999997E-04

  Flux (Part/sr/GeV/cmq/pr):

   13.01887     +/-    4.701439     % 

  Flux (Part/deg/GeV/cmq/pr):

  0.9088889     +/-    4.701439     % 

  Energy interval (GeV):  4.3999997E-04  4.2999999E-04

  Flux (Part/sr/GeV/cmq/pr):

   13.08254     +/-    3.279035     % 

  Flux (Part/deg/GeV/cmq/pr):

  0.9133334     +/-    3.279035     % 

  Energy interval (GeV):  4.2999999E-04  4.2000000E-04

  Flux (Part/sr/GeV/cmq/pr):

   13.48042     +/-    4.590084     % 

  Flux (Part/deg/GeV/cmq/pr):

  0.9411111     +/-    4.590084     % 

  Energy interval (GeV):  4.2000000E-04  4.0999998E-04

  Flux (Part/sr/GeV/cmq/pr):

   13.65549     +/-   0.9324016     % 

  Flux (Part/deg/GeV/cmq/pr):

  0.9533334     +/-   0.9324016     % 

  Energy interval (GeV):  4.0999998E-04  3.9999999E-04

  Flux (Part/sr/GeV/cmq/pr):

   13.43268     +/-    5.456672     % 

  Flux (Part/deg/GeV/cmq/pr):

  0.9377778     +/-    5.456672     % 

  Energy interval (GeV):  3.9999999E-04  3.9000000E-04

  Flux (Part/sr/GeV/cmq/pr):

   13.76690     +/-    3.192301     % 

  Flux (Part/deg/GeV/cmq/pr):

  0.9611112     +/-    3.192301     % 

  Energy interval (GeV):  3.9000000E-04  3.7999998E-04

  Flux (Part/sr/GeV/cmq/pr):

   14.33986     +/-    3.686900     % 

  Flux (Part/deg/GeV/cmq/pr):

   1.001111     +/-    3.686900     % 

  Energy interval (GeV):  3.7999998E-04  3.6999999E-04

  Flux (Part/sr/GeV/cmq/pr):

   14.05338     +/-    5.018917     % 

  Flux (Part/deg/GeV/cmq/pr):

  0.9811112     +/-    5.018917     % 

  Energy interval (GeV):  3.6999999E-04  3.6000001E-04

  Flux (Part/sr/GeV/cmq/pr):

   14.30803     +/-    1.937847     % 

  Flux (Part/deg/GeV/cmq/pr):

  0.9988890     +/-    1.937847     % 

  Energy interval (GeV):  3.6000001E-04  3.4999999E-04

  Flux (Part/sr/GeV/cmq/pr):

   14.37169     +/-    2.300395     % 

  Flux (Part/deg/GeV/cmq/pr):

   1.003333     +/-    2.300395     % 

  Energy interval (GeV):  3.4999999E-04  3.4000000E-04

  Flux (Part/sr/GeV/cmq/pr):

   15.23113     +/-    4.303926     % 

  Flux (Part/deg/GeV/cmq/pr):

   1.063333     +/-    4.303926     % 

  Energy interval (GeV):  3.4000000E-04  3.2999998E-04

  Flux (Part/sr/GeV/cmq/pr):

   14.67409     +/-    2.800071     % 

  Flux (Part/deg/GeV/cmq/pr):

   1.024444     +/-    2.800071     % 

  Energy interval (GeV):  3.2999998E-04  3.1999999E-04

  Flux (Part/sr/GeV/cmq/pr):

   14.51493     +/-    1.157824     % 

  Flux (Part/deg/GeV/cmq/pr):

   1.013333     +/-    1.157824     % 

  Energy interval (GeV):  3.1999999E-04  3.1000000E-04

  Flux (Part/sr/GeV/cmq/pr):

   16.42479     +/-    2.487499     % 

  Flux (Part/deg/GeV/cmq/pr):

   1.146667     +/-    2.487499     % 

  Energy interval (GeV):  3.1000000E-04  2.9999999E-04

  Flux (Part/sr/GeV/cmq/pr):

   15.94732     +/-    2.268127     % 

  Flux (Part/deg/GeV/cmq/pr):

   1.113333     +/-    2.268127     % 

  Energy interval (GeV):  2.9999999E-04  2.9000000E-04

  Flux (Part/sr/GeV/cmq/pr):

   16.44070     +/-    1.722211     % 

  Flux (Part/deg/GeV/cmq/pr):

   1.147778     +/-    1.722211     % 

  Energy interval (GeV):  2.9000000E-04  2.7999998E-04

  Flux (Part/sr/GeV/cmq/pr):

   15.04014     +/-    1.505846     % 

  Flux (Part/deg/GeV/cmq/pr):

   1.050000     +/-    1.505846     % 

  Energy interval (GeV):  2.7999998E-04  2.6999999E-04

  Flux (Part/sr/GeV/cmq/pr):

   16.55211     +/-    1.644484     % 

  Flux (Part/deg/GeV/cmq/pr):

   1.155556     +/-    1.644484     % 

  Energy interval (GeV):  2.6999999E-04  2.6000000E-04

  Flux (Part/sr/GeV/cmq/pr):

   17.44338     +/-    1.937661     % 

  Flux (Part/deg/GeV/cmq/pr):

   1.217778     +/-    1.937661     % 

  Energy interval (GeV):  2.6000000E-04  2.4999998E-04

  Flux (Part/sr/GeV/cmq/pr):

   17.39564     +/-    2.177609     % 

  Flux (Part/deg/GeV/cmq/pr):

   1.214445     +/-    2.177609     % 

  Energy interval (GeV):  2.4999998E-04  2.3999999E-04

  Flux (Part/sr/GeV/cmq/pr):

   18.31874     +/-    2.203936     % 

  Flux (Part/deg/GeV/cmq/pr):

   1.278889     +/-    2.203936     % 

  Energy interval (GeV):  2.3999999E-04  2.2999999E-04

  Flux (Part/sr/GeV/cmq/pr):

   17.90493     +/-    1.704025     % 

  Flux (Part/deg/GeV/cmq/pr):

   1.250000     +/-    1.704025     % 

  Energy interval (GeV):  2.2999999E-04  2.1999999E-04

  Flux (Part/sr/GeV/cmq/pr):

   18.71662     +/-    1.431757     % 

  Flux (Part/deg/GeV/cmq/pr):

   1.306667     +/-    1.431757     % 

  Energy interval (GeV):  2.1999999E-04  2.1000000E-04

  Flux (Part/sr/GeV/cmq/pr):

   19.30549     +/-    2.437220     % 

  Flux (Part/deg/GeV/cmq/pr):

   1.347778     +/-    2.437220     % 

  Energy interval (GeV):  2.1000000E-04  1.9999999E-04

  Flux (Part/sr/GeV/cmq/pr):

   19.21000     +/-    3.279126     % 

  Flux (Part/deg/GeV/cmq/pr):

   1.341111     +/-    3.279126     % 

  Energy interval (GeV):  1.9999999E-04  1.8999999E-04

  Flux (Part/sr/GeV/cmq/pr):

   19.67155     +/-    4.147969     % 

  Flux (Part/deg/GeV/cmq/pr):

   1.373333     +/-    4.147969     % 

  Energy interval (GeV):  1.8999999E-04  1.8000000E-04

  Flux (Part/sr/GeV/cmq/pr):

   19.25775     +/-    2.213734     % 

  Flux (Part/deg/GeV/cmq/pr):

   1.344445     +/-    2.213734     % 

  Energy interval (GeV):  1.8000000E-04  1.7000000E-04

  Flux (Part/sr/GeV/cmq/pr):

   18.25507     +/-    4.708338     % 

  Flux (Part/deg/GeV/cmq/pr):

   1.274445     +/-    4.708338     % 

  Energy interval (GeV):  1.7000000E-04  1.6000000E-04

  Flux (Part/sr/GeV/cmq/pr):

   16.21789     +/-    3.173888     % 

  Flux (Part/deg/GeV/cmq/pr):

   1.132222     +/-    3.173888     % 

  Energy interval (GeV):  1.6000000E-04  1.4999999E-04

  Flux (Part/sr/GeV/cmq/pr):

   15.62901     +/-    2.291808     % 

  Flux (Part/deg/GeV/cmq/pr):

   1.091111     +/-    2.291808     % 

  Energy interval (GeV):  1.4999999E-04  1.3999999E-04

  Flux (Part/sr/GeV/cmq/pr):

   14.57859     +/-    2.614395     % 

  Flux (Part/deg/GeV/cmq/pr):

   1.017778     +/-    2.614395     % 

  Energy interval (GeV):  1.3999999E-04  1.3000000E-04

  Flux (Part/sr/GeV/cmq/pr):

   12.57324     +/-    1.184068     % 

  Flux (Part/deg/GeV/cmq/pr):

  0.8777778     +/-    1.184068     % 

  Energy interval (GeV):  1.3000000E-04  1.2000000E-04

  Flux (Part/sr/GeV/cmq/pr):

   10.63155     +/-    1.508193     % 

  Flux (Part/deg/GeV/cmq/pr):

  0.7422222     +/-    1.508193     % 

  Energy interval (GeV):  1.2000000E-04  1.0999999E-04

  Flux (Part/sr/GeV/cmq/pr):

   8.419296     +/-    2.873097     % 

  Flux (Part/deg/GeV/cmq/pr):

  0.5877778     +/-    2.873097     % 

  Energy interval (GeV):  1.0999999E-04  9.9999997E-05

  Flux (Part/sr/GeV/cmq/pr):

   6.780001     +/-    5.522671     % 

  Flux (Part/deg/GeV/cmq/pr):

  0.4733334     +/-    5.522671     % 

  Energy interval (GeV):  9.9999997E-05  9.0000001E-05

  Flux (Part/sr/GeV/cmq/pr):

   4.726902     +/-    3.555338     % 

  Flux (Part/deg/GeV/cmq/pr):

  0.3300000     +/-    3.555338     % 

  Energy interval (GeV):  9.0000001E-05  7.9999998E-05

  Flux (Part/sr/GeV/cmq/pr):

   3.931127     +/-    2.445961     % 

  Flux (Part/deg/GeV/cmq/pr):

  0.2744445     +/-    2.445961     % 

  Energy interval (GeV):  7.9999998E-05  6.9999995E-05

  Flux (Part/sr/GeV/cmq/pr):

   3.071690     +/-    7.216781     % 

  Flux (Part/deg/GeV/cmq/pr):

  0.2144445     +/-    7.216781     % 

  Energy interval (GeV):  6.9999995E-05  5.9999998E-05

  Flux (Part/sr/GeV/cmq/pr):

   2.212254     +/-    12.88955     % 

  Flux (Part/deg/GeV/cmq/pr):

  0.1544445     +/-    12.88955     % 

  Energy interval (GeV):  5.9999998E-05  4.9999999E-05

  Flux (Part/sr/GeV/cmq/pr):

   1.623380     +/-    14.34190     % 

  Flux (Part/deg/GeV/cmq/pr):

  0.1133333     +/-    14.34190     % 

  Energy interval (GeV):  4.9999999E-05  3.9999999E-05

  Flux (Part/sr/GeV/cmq/pr):

   1.050423     +/-    6.516912     % 

  Flux (Part/deg/GeV/cmq/pr):

  7.3333338E-02 +/-    6.516912     % 

  Energy interval (GeV):  3.9999999E-05  2.9999999E-05

  Flux (Part/sr/GeV/cmq/pr):

  0.8435212     +/-    7.059731     % 

  Flux (Part/deg/GeV/cmq/pr):

  5.8888894E-02 +/-    7.059731     % 

  Energy interval (GeV):  2.9999999E-05  1.9999999E-05

  Flux (Part/sr/GeV/cmq/pr):

  0.2228169     +/-    13.36306     % 

  Flux (Part/deg/GeV/cmq/pr):

  1.5555556E-02 +/-    13.36306     % 

  Energy interval (GeV):  1.9999999E-05  9.9999997E-06

  Flux (Part/sr/GeV/cmq/pr):

  0.1909859     +/-    28.25971     % 

  Flux (Part/deg/GeV/cmq/pr):

  1.3333334E-02 +/-    28.25971     % 

  Energy interval (GeV):  9.9999997E-06   0.000000    

  Flux (Part/sr/GeV/cmq/pr):

   0.000000     +/-    0.000000     % 

  Flux (Part/deg/GeV/cmq/pr):

   0.000000     +/-    0.000000     % 
