  **** hpge2021new_22.bnx ****

  Simulation of HPGe detector for gamma detection v2021                           

  Total primaries run:         1000000
   Total weight of the primaries run:   1000000.00    


  Detector n:            1 (           1 )  targam    
     (Area:            1.00000000      cmq,
      distr. scored:           7    ,
      from reg.           7  to            4 ,
      one way scoring,
      current scoring)

     Tot. resp. (Part/cmq/pr)  0.4891200      +/-  0.1202209     %
     ( -->      (Part/pr)      0.4891200      +/-  0.1202209     % )

  **** Different. Fluxes as a function of energy **** ****      (integrated over solid angle)        ****


  Energy boundaries (GeV):

  3.0000000E-03  2.9899999E-03  2.9799999E-03  2.9700000E-03  2.9600000E-03
  2.9499999E-03  2.9400000E-03  2.9300000E-03  2.9199999E-03  2.9100000E-03
  2.9000000E-03  2.8899999E-03  2.8800000E-03  2.8700000E-03  2.8599999E-03
  2.8499998E-03  2.8400000E-03  2.8299999E-03  2.8199998E-03  2.8100000E-03
  2.7999999E-03  2.7899998E-03  2.7800000E-03  2.7699999E-03  2.7599998E-03
  2.7500000E-03  2.7399999E-03  2.7299998E-03  2.7200000E-03  2.7099999E-03
  2.6999998E-03  2.6900000E-03  2.6799999E-03  2.6699998E-03  2.6600000E-03
  2.6499999E-03  2.6399998E-03  2.6300000E-03  2.6199999E-03  2.6099999E-03
  2.6000000E-03  2.5899999E-03  2.5799999E-03  2.5700000E-03  2.5599999E-03
  2.5499999E-03  2.5400000E-03  2.5299999E-03  2.5199999E-03  2.5100000E-03
  2.4999999E-03  2.4899999E-03  2.4800000E-03  2.4699999E-03  2.4599999E-03
  2.4500000E-03  2.4400000E-03  2.4299999E-03  2.4200000E-03  2.4100000E-03
  2.3999999E-03  2.3900000E-03  2.3800000E-03  2.3699999E-03  2.3600000E-03
  2.3500000E-03  2.3399999E-03  2.3300000E-03  2.3200000E-03  2.3099999E-03
  2.3000001E-03  2.2900000E-03  2.2799999E-03  2.2700001E-03  2.2600000E-03
  2.2499999E-03  2.2399998E-03  2.2300000E-03  2.2199999E-03  2.2099998E-03
  2.2000000E-03  2.1899999E-03  2.1799998E-03  2.1700000E-03  2.1599999E-03
  2.1499998E-03  2.1400000E-03  2.1299999E-03  2.1199998E-03  2.1100000E-03
  2.0999999E-03  2.0899998E-03  2.0800000E-03  2.0699999E-03  2.0599999E-03
  2.0500000E-03  2.0399999E-03  2.0299999E-03  2.0200000E-03  2.0099999E-03
  1.9999999E-03  1.9900000E-03  1.9799999E-03  1.9699999E-03  1.9600000E-03
  1.9499999E-03  1.9400000E-03  1.9299999E-03  1.9200000E-03  1.9100000E-03
  1.8999999E-03  1.8900000E-03  1.8800000E-03  1.8699999E-03  1.8600000E-03
  1.8500000E-03  1.8399999E-03  1.8300000E-03  1.8200000E-03  1.8099999E-03
  1.8000000E-03  1.7900000E-03  1.7799999E-03  1.7700000E-03  1.7599999E-03
  1.7499999E-03  1.7400000E-03  1.7299999E-03  1.7199999E-03  1.7100000E-03
  1.6999999E-03  1.6899999E-03  1.6800000E-03  1.6699999E-03  1.6600000E-03
  1.6500000E-03  1.6399999E-03  1.6300000E-03  1.6200000E-03  1.6099999E-03
  1.6000000E-03  1.5900000E-03  1.5799999E-03  1.5700000E-03  1.5600000E-03
  1.5499999E-03  1.5400000E-03  1.5300000E-03  1.5199999E-03  1.5100000E-03
  1.5000000E-03  1.4899999E-03  1.4800000E-03  1.4700000E-03  1.4599999E-03
  1.4500000E-03  1.4400000E-03  1.4299999E-03  1.4200000E-03  1.4099999E-03
  1.4000000E-03  1.3900000E-03  1.3799999E-03  1.3700000E-03  1.3600000E-03
  1.3499999E-03  1.3400000E-03  1.3300000E-03  1.3199999E-03  1.3100000E-03
  1.3000000E-03  1.2899999E-03  1.2800000E-03  1.2700000E-03  1.2599999E-03
  1.2500000E-03  1.2400000E-03  1.2299999E-03  1.2200000E-03  1.2100000E-03
  1.1999999E-03  1.1900000E-03  1.1800000E-03  1.1699999E-03  1.1600000E-03
  1.1500000E-03  1.1399999E-03  1.1300000E-03  1.1199999E-03  1.1100000E-03
  1.1000000E-03  1.0899999E-03  1.0800000E-03  1.0700000E-03  1.0599999E-03
  1.0500000E-03  1.0400000E-03  1.0299999E-03  1.0200000E-03  1.0100000E-03
  9.9999993E-04  9.8999997E-04  9.8000001E-04  9.6999999E-04  9.5999998E-04
  9.4999996E-04  9.4000000E-04  9.2999998E-04  9.1999996E-04  9.1000000E-04
  8.9999998E-04  8.8999997E-04  8.7999995E-04  8.6999999E-04  8.5999997E-04
  8.4999995E-04  8.3999999E-04  8.2999998E-04  8.1999996E-04  8.1000000E-04
  7.9999998E-04  7.8999996E-04  7.8000000E-04  7.6999998E-04  7.5999997E-04
  7.5000001E-04  7.3999999E-04  7.2999997E-04  7.2000001E-04  7.0999999E-04
  6.9999998E-04  6.8999996E-04  6.8000000E-04  6.6999998E-04  6.5999996E-04
  6.5000000E-04  6.3999998E-04  6.2999997E-04  6.2000001E-04  6.0999999E-04
  5.9999997E-04  5.9000001E-04  5.7999999E-04  5.6999997E-04  5.5999996E-04
  5.5000000E-04  5.3999998E-04  5.2999996E-04  5.2000000E-04  5.0999998E-04
  4.9999997E-04  4.9000001E-04  4.7999999E-04  4.7000000E-04  4.5999998E-04
  4.4999999E-04  4.3999997E-04  4.2999999E-04  4.2000000E-04  4.0999998E-04
  3.9999999E-04  3.9000000E-04  3.7999998E-04  3.6999999E-04  3.6000001E-04
  3.4999999E-04  3.4000000E-04  3.2999998E-04  3.1999999E-04  3.1000000E-04
  2.9999999E-04  2.9000000E-04  2.7999998E-04  2.6999999E-04  2.6000000E-04
  2.4999998E-04  2.3999999E-04  2.2999999E-04  2.1999999E-04  2.1000000E-04
  1.9999999E-04  1.8999999E-04  1.8000000E-04  1.7000000E-04  1.6000000E-04
  1.4999999E-04  1.3999999E-04  1.3000000E-04  1.2000000E-04  1.0999999E-04
  9.9999997E-05  9.0000001E-05  7.9999998E-05  6.9999995E-05  5.9999998E-05
  4.9999999E-05  3.9999999E-05  2.9999999E-05  1.9999999E-05  9.9999997E-06
  Lowest boundary   (GeV):   0.000000    

  Flux (Part/GeV/cmq/pr):

   0.000000     +/-    0.000000     %    0.000000     +/-    0.000000     % 
   0.000000     +/-    0.000000     %    0.000000     +/-    0.000000     % 
   0.000000     +/-    0.000000     %    0.000000     +/-    0.000000     % 
   0.000000     +/-    0.000000     %    0.000000     +/-    0.000000     % 
   0.000000     +/-    0.000000     %    0.000000     +/-    0.000000     % 
   0.000000     +/-    0.000000     %    0.000000     +/-    0.000000     % 
   0.000000     +/-    0.000000     %    0.000000     +/-    0.000000     % 
   0.000000     +/-    0.000000     %    0.000000     +/-    0.000000     % 
   0.000000     +/-    0.000000     %    0.000000     +/-    0.000000     % 
   0.000000     +/-    0.000000     %    0.000000     +/-    0.000000     % 
   0.000000     +/-    0.000000     %    0.000000     +/-    0.000000     % 
   0.000000     +/-    0.000000     %    0.000000     +/-    0.000000     % 
   0.000000     +/-    0.000000     %    0.000000     +/-    0.000000     % 
   0.000000     +/-    0.000000     %    0.000000     +/-    0.000000     % 
   0.000000     +/-    0.000000     %    0.000000     +/-    0.000000     % 
   0.000000     +/-    0.000000     %    0.000000     +/-    0.000000     % 
   0.000000     +/-    0.000000     %    0.000000     +/-    0.000000     % 
   0.000000     +/-    0.000000     %    0.000000     +/-    0.000000     % 
   0.000000     +/-    0.000000     %    0.000000     +/-    0.000000     % 
   0.000000     +/-    0.000000     %    0.000000     +/-    0.000000     % 
   0.000000     +/-    0.000000     %    0.000000     +/-    0.000000     % 
   0.000000     +/-    0.000000     %    0.000000     +/-    0.000000     % 
   0.000000     +/-    0.000000     %    0.000000     +/-    0.000000     % 
   0.000000     +/-    0.000000     %    0.000000     +/-    0.000000     % 
   0.000000     +/-    0.000000     %    0.000000     +/-    0.000000     % 
   0.000000     +/-    0.000000     %    0.000000     +/-    0.000000     % 
   0.000000     +/-    0.000000     %    0.000000     +/-    0.000000     % 
   0.000000     +/-    0.000000     %    0.000000     +/-    0.000000     % 
   0.000000     +/-    0.000000     %    0.000000     +/-    0.000000     % 
   0.000000     +/-    0.000000     %    0.000000     +/-    0.000000     % 
   0.000000     +/-    0.000000     %    0.000000     +/-    0.000000     % 
   0.000000     +/-    0.000000     %    0.000000     +/-    0.000000     % 
   0.000000     +/-    0.000000     %    0.000000     +/-    0.000000     % 
   0.000000     +/-    0.000000     %    0.000000     +/-    0.000000     % 
   0.000000     +/-    0.000000     %    0.000000     +/-    0.000000     % 
   0.000000     +/-    0.000000     %    0.000000     +/-    0.000000     % 
   0.000000     +/-    0.000000     %    0.000000     +/-    0.000000     % 
   0.000000     +/-    0.000000     %    0.000000     +/-    0.000000     % 
   0.000000     +/-    0.000000     %    0.000000     +/-    0.000000     % 
   0.000000     +/-    0.000000     %    0.000000     +/-    0.000000     % 
   0.000000     +/-    0.000000     %    0.000000     +/-    0.000000     % 
   0.000000     +/-    0.000000     %    0.000000     +/-    0.000000     % 
   0.000000     +/-    0.000000     %    0.000000     +/-    0.000000     % 
   0.000000     +/-    0.000000     %    0.000000     +/-    0.000000     % 
   0.000000     +/-    0.000000     %    0.000000     +/-    0.000000     % 
   0.000000     +/-    0.000000     %    0.000000     +/-    0.000000     % 
   0.000000     +/-    0.000000     %    0.000000     +/-    0.000000     % 
   0.000000     +/-    0.000000     %    0.000000     +/-    0.000000     % 
   0.000000     +/-    0.000000     %    0.000000     +/-    0.000000     % 
   0.000000     +/-    0.000000     %    30351.10     +/-   0.1839479     % 
   131.4000     +/-    3.240884     %    151.1000     +/-    1.528631     % 
   148.3000     +/-    1.436770     %    150.2000     +/-    2.408796     % 
   147.1000     +/-    1.673493     %    143.6000     +/-    1.911556     % 
   147.6000     +/-    2.672505     %    142.7000     +/-    2.359841     % 
   146.8000     +/-    1.910396     %    146.9000     +/-    3.035575     % 
   146.7000     +/-    2.826231     %    149.6000     +/-    2.552829     % 
   152.3000     +/-    2.083086     %    141.5000     +/-    2.075502     % 
   145.0000     +/-    2.803514     %    144.5000     +/-    2.404783     % 
   139.1000     +/-    3.743153     %    141.2000     +/-    2.246839     % 
   141.9000     +/-    1.082613     %    141.6000     +/-    3.085196     % 
   143.2000     +/-    2.798964     %    142.5000     +/-    2.395235     % 
   133.6000     +/-    2.923955     %    134.5000     +/-    3.268416     % 
   132.7000     +/-    3.742567     %    144.0000     +/-    2.154458     % 
   134.3000     +/-    2.163192     %    131.9000     +/-    3.283762     % 
   132.9000     +/-    1.079962     %    132.0000     +/-    1.989989     % 
   132.3000     +/-    1.251169     %    125.4000     +/-    3.956017     % 
   136.4000     +/-   0.8705522     %    121.1000     +/-    2.086586     % 
   127.7000     +/-    2.846706     %    119.5000     +/-    3.334180     % 
   117.7000     +/-    3.189180     %    123.6000     +/-    2.024270     % 
   118.9000     +/-    3.450840     %    117.2000     +/-    3.845747     % 
   118.4000     +/-    3.744899     %    115.6000     +/-    3.533501     % 
   119.3000     +/-    2.639405     %    111.5000     +/-    2.516810     % 
   111.6000     +/-    3.377792     %    112.4000     +/-    2.317441     % 
   112.2000     +/-    2.848567     %    114.8000     +/-    2.571531     % 
   112.3000     +/-    1.040368     %    110.4000     +/-    3.711005     % 
   103.5000     +/-    4.194839     %    116.1000     +/-    1.619430     % 
   115.4000     +/-    3.161428     %    106.7000     +/-    2.002423     % 
   110.6000     +/-    3.332535     %    105.5000     +/-    1.688960     % 
   109.9000     +/-    2.056898     %    106.4000     +/-    1.246851     % 
   112.0000     +/-    2.395788     %    107.7000     +/-    1.939888     % 
   102.7000     +/-    1.147987     %    105.0000     +/-    3.541142     % 
   106.8000     +/-    2.033150     %    104.5000     +/-    2.339121     % 
   103.8000     +/-    3.488887     %    104.9000     +/-    1.343090     % 
   108.3000     +/-    3.295765     %    103.1000     +/-    3.515252     % 
   107.9000     +/-    5.198258     %    97.20000     +/-    3.789166     % 
   107.0000     +/-    1.346249     %    101.8000     +/-    1.013742     % 
   102.9000     +/-    3.433831     %    102.9000     +/-    4.582508     % 
   103.9000     +/-    3.342398     %    104.9000     +/-    1.472206     % 
   106.6000     +/-    5.015472     %    96.40000     +/-    3.079008     % 
   103.5000     +/-    4.061996     %    95.70000     +/-    2.949042     % 
   100.6000     +/-    3.757007     %    101.5000     +/-    1.994921     % 
   98.50000     +/-    1.589084     %    100.0000     +/-    5.511351     % 
   103.4000     +/-    2.233813     %    98.10000     +/-    2.713319     % 
   92.50000     +/-    3.924041     %    95.80000     +/-    2.549409     % 
   101.2000     +/-    2.793140     %    96.40000     +/-    4.393126     % 
   94.60000     +/-    2.712605     %    92.70000     +/-    5.860594     % 
   91.60001     +/-    2.095671     %    98.70000     +/-    3.690085     % 
   92.60001     +/-   0.9099511     %    96.50000     +/-    3.264660     % 
   97.00000     +/-    1.778164     %    99.10001     +/-    3.593947     % 
   91.20000     +/-    3.065276     %    91.60000     +/-    5.987969     % 
   92.40000     +/-    1.806095     %    86.50000     +/-    4.224006     % 
   87.10001     +/-    1.168024     %    94.60000     +/-    2.168951     % 
   97.50000     +/-    2.859865     %    85.00000     +/-    3.435012     % 
   93.00001     +/-    3.925099     %    91.40000     +/-    2.405758     % 
   92.30000     +/-    4.566473     %    86.40000     +/-    3.564552     % 
   89.00001     +/-    1.694730     %    84.40000     +/-    3.836558     % 
   86.10001     +/-    5.214853     %    83.10001     +/-    3.730445     % 
   85.30000     +/-    3.796984     %    89.20000     +/-    2.232321     % 
   81.40000     +/-    3.881948     %    83.20000     +/-    2.129814     % 
   82.40000     +/-    4.377352     %    82.00000     +/-    2.911546     % 
   81.20000     +/-    5.087414     %    78.40000     +/-    3.235625     % 
   82.80000     +/-    2.215452     %    78.20000     +/-    3.918555     % 
   80.30000     +/-    4.161155     %    77.60001     +/-    5.029902     % 
   80.70000     +/-    3.374287     %    82.20000     +/-    4.247467     % 
   75.50000     +/-    4.103824     %    80.80000     +/-    2.593110     % 
   79.10000     +/-    2.325963     %    72.80000     +/-    2.918753     % 
   84.00000     +/-    2.417870     %    72.40000     +/-    3.264171     % 
   74.50000     +/-    4.349490     %    76.70000     +/-    5.385894     % 
   74.80000     +/-    4.878306     %    75.00000     +/-    1.316561     % 
   75.70000     +/-    3.899760     %    71.00000     +/-    5.777223     % 
   73.70000     +/-    4.218259     %    72.50000     +/-    5.645071     % 
   70.70000     +/-    3.759557     %    73.40000     +/-    4.556401     % 
   67.10000     +/-    3.728762     %    63.20000     +/-    1.135498     % 
   66.10000     +/-    3.731891     %    60.80000     +/-    2.879465     % 
   375.1000     +/-    2.213868     %    73.40000     +/-    4.667082     % 
   69.20000     +/-    3.252248     %    69.20000     +/-    4.521529     % 
   66.50000     +/-    2.782972     %    62.80000     +/-    3.913442     % 
   67.50000     +/-    3.567880     %    63.70000     +/-    6.992483     % 
   63.00000     +/-    5.192200     %    65.10000     +/-    2.653942     % 
   57.60000     +/-    6.122100     %    56.40000     +/-    2.178759     % 
   59.80000     +/-    3.909254     %    60.60000     +/-    2.874795     % 
   58.10000     +/-    3.059618     %    60.60000     +/-    4.835012     % 
   62.50000     +/-   0.9121401     %    59.40000     +/-    4.496872     % 
   61.90000     +/-    2.049852     %    59.40000     +/-    4.401319     % 
   63.60000     +/-    5.103407     %    62.80000     +/-    3.326845     % 
   61.70000     +/-    2.531686     %    65.80000     +/-    5.095154     % 
   65.90000     +/-    4.497648     %    65.70000     +/-    4.695037     % 
   71.70000     +/-    4.369442     %    65.70000     +/-    3.686114     % 
   69.30000     +/-    4.853936     %    69.60001     +/-    4.607792     % 
   70.20000     +/-    4.411357     %    74.00000     +/-    5.959751     % 
   74.80000     +/-    4.091214     %    72.60001     +/-    3.225905     % 
   66.90000     +/-    3.191953     %    71.30000     +/-    4.617693     % 
   60.50000     +/-    2.520322     %    55.80000     +/-    5.927539     % 
   53.30000     +/-    5.498817     %    40.00000     +/-    7.905694     % 
   32.60000     +/-    5.848367     %    20.90000     +/-    2.769340     % 
   14.90000     +/-    7.607909     %    9.800000     +/-    10.77485     % 
   6.500000     +/-    20.49679     %    4.200000     +/-    22.14414     % 
   3.700000     +/-    12.53192     %    3.300000     +/-    7.725787     % 
   1.400000     +/-    34.62629     %   0.6000000     +/-    48.59127     % 
  0.3000000     +/-    66.66666     %    0.000000     +/-    0.000000     % 


  **** Cumulative Fluxes as a function of energy **** ****      (integrated over solid angle)        ****


  Energy boundaries (GeV):

  3.0000000E-03  2.9899999E-03  2.9799999E-03  2.9700000E-03  2.9600000E-03
  2.9499999E-03  2.9400000E-03  2.9300000E-03  2.9199999E-03  2.9100000E-03
  2.9000000E-03  2.8899999E-03  2.8800000E-03  2.8700000E-03  2.8599999E-03
  2.8499998E-03  2.8400000E-03  2.8299999E-03  2.8199998E-03  2.8100000E-03
  2.7999999E-03  2.7899998E-03  2.7800000E-03  2.7699999E-03  2.7599998E-03
  2.7500000E-03  2.7399999E-03  2.7299998E-03  2.7200000E-03  2.7099999E-03
  2.6999998E-03  2.6900000E-03  2.6799999E-03  2.6699998E-03  2.6600000E-03
  2.6499999E-03  2.6399998E-03  2.6300000E-03  2.6199999E-03  2.6099999E-03
  2.6000000E-03  2.5899999E-03  2.5799999E-03  2.5700000E-03  2.5599999E-03
  2.5499999E-03  2.5400000E-03  2.5299999E-03  2.5199999E-03  2.5100000E-03
  2.4999999E-03  2.4899999E-03  2.4800000E-03  2.4699999E-03  2.4599999E-03
  2.4500000E-03  2.4400000E-03  2.4299999E-03  2.4200000E-03  2.4100000E-03
  2.3999999E-03  2.3900000E-03  2.3800000E-03  2.3699999E-03  2.3600000E-03
  2.3500000E-03  2.3399999E-03  2.3300000E-03  2.3200000E-03  2.3099999E-03
  2.3000001E-03  2.2900000E-03  2.2799999E-03  2.2700001E-03  2.2600000E-03
  2.2499999E-03  2.2399998E-03  2.2300000E-03  2.2199999E-03  2.2099998E-03
  2.2000000E-03  2.1899999E-03  2.1799998E-03  2.1700000E-03  2.1599999E-03
  2.1499998E-03  2.1400000E-03  2.1299999E-03  2.1199998E-03  2.1100000E-03
  2.0999999E-03  2.0899998E-03  2.0800000E-03  2.0699999E-03  2.0599999E-03
  2.0500000E-03  2.0399999E-03  2.0299999E-03  2.0200000E-03  2.0099999E-03
  1.9999999E-03  1.9900000E-03  1.9799999E-03  1.9699999E-03  1.9600000E-03
  1.9499999E-03  1.9400000E-03  1.9299999E-03  1.9200000E-03  1.9100000E-03
  1.8999999E-03  1.8900000E-03  1.8800000E-03  1.8699999E-03  1.8600000E-03
  1.8500000E-03  1.8399999E-03  1.8300000E-03  1.8200000E-03  1.8099999E-03
  1.8000000E-03  1.7900000E-03  1.7799999E-03  1.7700000E-03  1.7599999E-03
  1.7499999E-03  1.7400000E-03  1.7299999E-03  1.7199999E-03  1.7100000E-03
  1.6999999E-03  1.6899999E-03  1.6800000E-03  1.6699999E-03  1.6600000E-03
  1.6500000E-03  1.6399999E-03  1.6300000E-03  1.6200000E-03  1.6099999E-03
  1.6000000E-03  1.5900000E-03  1.5799999E-03  1.5700000E-03  1.5600000E-03
  1.5499999E-03  1.5400000E-03  1.5300000E-03  1.5199999E-03  1.5100000E-03
  1.5000000E-03  1.4899999E-03  1.4800000E-03  1.4700000E-03  1.4599999E-03
  1.4500000E-03  1.4400000E-03  1.4299999E-03  1.4200000E-03  1.4099999E-03
  1.4000000E-03  1.3900000E-03  1.3799999E-03  1.3700000E-03  1.3600000E-03
  1.3499999E-03  1.3400000E-03  1.3300000E-03  1.3199999E-03  1.3100000E-03
  1.3000000E-03  1.2899999E-03  1.2800000E-03  1.2700000E-03  1.2599999E-03
  1.2500000E-03  1.2400000E-03  1.2299999E-03  1.2200000E-03  1.2100000E-03
  1.1999999E-03  1.1900000E-03  1.1800000E-03  1.1699999E-03  1.1600000E-03
  1.1500000E-03  1.1399999E-03  1.1300000E-03  1.1199999E-03  1.1100000E-03
  1.1000000E-03  1.0899999E-03  1.0800000E-03  1.0700000E-03  1.0599999E-03
  1.0500000E-03  1.0400000E-03  1.0299999E-03  1.0200000E-03  1.0100000E-03
  9.9999993E-04  9.8999997E-04  9.8000001E-04  9.6999999E-04  9.5999998E-04
  9.4999996E-04  9.4000000E-04  9.2999998E-04  9.1999996E-04  9.1000000E-04
  8.9999998E-04  8.8999997E-04  8.7999995E-04  8.6999999E-04  8.5999997E-04
  8.4999995E-04  8.3999999E-04  8.2999998E-04  8.1999996E-04  8.1000000E-04
  7.9999998E-04  7.8999996E-04  7.8000000E-04  7.6999998E-04  7.5999997E-04
  7.5000001E-04  7.3999999E-04  7.2999997E-04  7.2000001E-04  7.0999999E-04
  6.9999998E-04  6.8999996E-04  6.8000000E-04  6.6999998E-04  6.5999996E-04
  6.5000000E-04  6.3999998E-04  6.2999997E-04  6.2000001E-04  6.0999999E-04
  5.9999997E-04  5.9000001E-04  5.7999999E-04  5.6999997E-04  5.5999996E-04
  5.5000000E-04  5.3999998E-04  5.2999996E-04  5.2000000E-04  5.0999998E-04
  4.9999997E-04  4.9000001E-04  4.7999999E-04  4.7000000E-04  4.5999998E-04
  4.4999999E-04  4.3999997E-04  4.2999999E-04  4.2000000E-04  4.0999998E-04
  3.9999999E-04  3.9000000E-04  3.7999998E-04  3.6999999E-04  3.6000001E-04
  3.4999999E-04  3.4000000E-04  3.2999998E-04  3.1999999E-04  3.1000000E-04
  2.9999999E-04  2.9000000E-04  2.7999998E-04  2.6999999E-04  2.6000000E-04
  2.4999998E-04  2.3999999E-04  2.2999999E-04  2.1999999E-04  2.1000000E-04
  1.9999999E-04  1.8999999E-04  1.8000000E-04  1.7000000E-04  1.6000000E-04
  1.4999999E-04  1.3999999E-04  1.3000000E-04  1.2000000E-04  1.0999999E-04
  9.9999997E-05  9.0000001E-05  7.9999998E-05  6.9999995E-05  5.9999998E-05
  4.9999999E-05  3.9999999E-05  2.9999999E-05  1.9999999E-05  9.9999997E-06
  Lowest boundary   (GeV):   0.000000    

  Cumul. Flux (Part/cmq/pr):

   0.000000     +/-    0.000000     %    0.000000     +/-    0.000000     % 
   0.000000     +/-    0.000000     %    0.000000     +/-    0.000000     % 
   0.000000     +/-    0.000000     %    0.000000     +/-    0.000000     % 
   0.000000     +/-    0.000000     %    0.000000     +/-    0.000000     % 
   0.000000     +/-    0.000000     %    0.000000     +/-    0.000000     % 
   0.000000     +/-    0.000000     %    0.000000     +/-    0.000000     % 
   0.000000     +/-    0.000000     %    0.000000     +/-    0.000000     % 
   0.000000     +/-    0.000000     %    0.000000     +/-    0.000000     % 
   0.000000     +/-    0.000000     %    0.000000     +/-    0.000000     % 
   0.000000     +/-    0.000000     %    0.000000     +/-    0.000000     % 
   0.000000     +/-    0.000000     %    0.000000     +/-    0.000000     % 
   0.000000     +/-    0.000000     %    0.000000     +/-    0.000000     % 
   0.000000     +/-    0.000000     %    0.000000     +/-    0.000000     % 
   0.000000     +/-    0.000000     %    0.000000     +/-    0.000000     % 
   0.000000     +/-    0.000000     %    0.000000     +/-    0.000000     % 
   0.000000     +/-    0.000000     %    0.000000     +/-    0.000000     % 
   0.000000     +/-    0.000000     %    0.000000     +/-    0.000000     % 
   0.000000     +/-    0.000000     %    0.000000     +/-    0.000000     % 
   0.000000     +/-    0.000000     %    0.000000     +/-    0.000000     % 
   0.000000     +/-    0.000000     %    0.000000     +/-    0.000000     % 
   0.000000     +/-    0.000000     %    0.000000     +/-    0.000000     % 
   0.000000     +/-    0.000000     %    0.000000     +/-    0.000000     % 
   0.000000     +/-    0.000000     %    0.000000     +/-    0.000000     % 
   0.000000     +/-    0.000000     %    0.000000     +/-    0.000000     % 
   0.000000     +/-    0.000000     %    0.000000     +/-    0.000000     % 
   0.000000     +/-    0.000000     %    0.000000     +/-    0.000000     % 
   0.000000     +/-    0.000000     %    0.000000     +/-    0.000000     % 
   0.000000     +/-    0.000000     %    0.000000     +/-    0.000000     % 
   0.000000     +/-    0.000000     %    0.000000     +/-    0.000000     % 
   0.000000     +/-    0.000000     %    0.000000     +/-    0.000000     % 
   0.000000     +/-    0.000000     %    0.000000     +/-    0.000000     % 
   0.000000     +/-    0.000000     %    0.000000     +/-    0.000000     % 
   0.000000     +/-    0.000000     %    0.000000     +/-    0.000000     % 
   0.000000     +/-    0.000000     %    0.000000     +/-    0.000000     % 
   0.000000     +/-    0.000000     %    0.000000     +/-    0.000000     % 
   0.000000     +/-    0.000000     %    0.000000     +/-    0.000000     % 
   0.000000     +/-    0.000000     %    0.000000     +/-    0.000000     % 
   0.000000     +/-    0.000000     %    0.000000     +/-    0.000000     % 
   0.000000     +/-    0.000000     %    0.000000     +/-    0.000000     % 
   0.000000     +/-    0.000000     %    0.000000     +/-    0.000000     % 
   0.000000     +/-    0.000000     %    0.000000     +/-    0.000000     % 
   0.000000     +/-    0.000000     %    0.000000     +/-    0.000000     % 
   0.000000     +/-    0.000000     %    0.000000     +/-    0.000000     % 
   0.000000     +/-    0.000000     %    0.000000     +/-    0.000000     % 
   0.000000     +/-    0.000000     %    0.000000     +/-    0.000000     % 
   0.000000     +/-    0.000000     %    0.000000     +/-    0.000000     % 
   0.000000     +/-    0.000000     %    0.000000     +/-    0.000000     % 
   0.000000     +/-    0.000000     %    0.000000     +/-    0.000000     % 
   0.000000     +/-    0.000000     %    0.000000     +/-    0.000000     % 
   0.000000     +/-    0.000000     %   0.3035110     +/-   0.1839479     % 
  0.3048250     +/-   0.1760456     %   0.3063360     +/-   0.1786031     % 
  0.3078190     +/-   0.1814303     %   0.3093210     +/-   0.1758053     % 
  0.3107920     +/-   0.1690073     %   0.3122280     +/-   0.1661531     % 
  0.3137040     +/-   0.1646284     %   0.3151310     +/-   0.1680122     % 
  0.3165990     +/-   0.1718212     %   0.3180680     +/-   0.1834256     % 
  0.3195350     +/-   0.1878375     %   0.3210310     +/-   0.1793449     % 
  0.3225540     +/-   0.1736029     %   0.3239690     +/-   0.1759025     % 
  0.3254190     +/-   0.1694673     %   0.3268640     +/-   0.1721776     % 
  0.3282550     +/-   0.1619943     %   0.3296670     +/-   0.1606513     % 
  0.3310860     +/-   0.1612202     %   0.3325020     +/-   0.1609095     % 
  0.3339340     +/-   0.1535917     %   0.3353590     +/-   0.1501009     % 
  0.3366950     +/-   0.1560158     %   0.3380400     +/-   0.1514674     % 
  0.3393670     +/-   0.1485513     %   0.3408070     +/-   0.1506687     % 
  0.3421500     +/-   0.1540089     %   0.3434690     +/-   0.1622340     % 
  0.3447980     +/-   0.1578788     %   0.3461180     +/-   0.1534874     % 
  0.3474410     +/-   0.1540370     %   0.3486950     +/-   0.1477701     % 
  0.3500590     +/-   0.1486284     %   0.3512700     +/-   0.1454517     % 
  0.3525470     +/-   0.1466506     %   0.3537420     +/-   0.1403173     % 
  0.3549190     +/-   0.1386675     %   0.3561550     +/-   0.1430674     % 
  0.3573440     +/-   0.1428222     %   0.3585160     +/-   0.1381203     % 
  0.3597000     +/-   0.1274517     %   0.3608560     +/-   0.1179935     % 
  0.3620490     +/-   0.1203411     %   0.3631640     +/-   0.1194173     % 
  0.3642800     +/-   0.1220463     %   0.3654040     +/-   0.1198510     % 
  0.3665260     +/-   0.1111683     %   0.3676740     +/-   0.1160909     % 
  0.3687970     +/-   0.1168983     %   0.3699010     +/-   0.1236131     % 
  0.3709360     +/-   0.1311324     %   0.3720970     +/-   0.1348731     % 
  0.3732510     +/-   0.1345261     %   0.3743180     +/-   0.1314522     % 
  0.3754240     +/-   0.1377478     %   0.3764790     +/-   0.1380975     % 
  0.3775780     +/-   0.1352446     %   0.3786420     +/-   0.1345539     % 
  0.3797620     +/-   0.1330940     %   0.3808390     +/-   0.1320103     % 
  0.3818660     +/-   0.1325055     %   0.3829160     +/-   0.1404960     % 
  0.3839840     +/-   0.1399975     %   0.3850290     +/-   0.1395632     % 
  0.3860670     +/-   0.1313054     %   0.3871160     +/-   0.1302854     % 
  0.3881990     +/-   0.1323446     %   0.3892300     +/-   0.1394831     % 
  0.3903090     +/-   0.1404234     %   0.3912810     +/-   0.1330386     % 
  0.3923510     +/-   0.1330297     %   0.3933690     +/-   0.1322213     % 
  0.3943980     +/-   0.1361518     %   0.3954270     +/-   0.1306857     % 
  0.3964660     +/-   0.1242106     %   0.3975150     +/-   0.1256105     % 
  0.3985810     +/-   0.1278087     %   0.3995450     +/-   0.1260355     % 
  0.4005800     +/-   0.1263693     %   0.4015370     +/-   0.1267921     % 
  0.4025430     +/-   0.1274498     %   0.4035580     +/-   0.1259270     % 
  0.4045430     +/-   0.1285254     %   0.4055430     +/-   0.1346009     % 
  0.4065770     +/-   0.1349670     %   0.4075580     +/-   0.1324620     % 
  0.4084830     +/-   0.1295446     %   0.4094410     +/-   0.1312587     % 
  0.4104530     +/-   0.1278658     %   0.4114170     +/-   0.1341372     % 
  0.4123630     +/-   0.1294492     %   0.4132900     +/-   0.1209996     % 
  0.4142060     +/-   0.1228345     %   0.4151930     +/-   0.1192340     % 
  0.4161190     +/-   0.1191189     %   0.4170840     +/-   0.1122950     % 
  0.4180540     +/-   0.1157675     %   0.4190450     +/-   0.1166288     % 
  0.4199570     +/-   0.1175653     %   0.4208730     +/-   0.1179819     % 
  0.4217970     +/-   0.1185970     %   0.4226620     +/-   0.1102142     % 
  0.4235330     +/-   0.1101553     %   0.4244790     +/-   0.1114423     % 
  0.4254540     +/-   0.1050271     %   0.4263040     +/-   0.1000420     % 
  0.4272340     +/-   9.7965688E-02 %   0.4281480     +/-   0.1016275     % 
  0.4290710     +/-   0.1031817     %   0.4299350     +/-   0.1079587     % 
  0.4308250     +/-   0.1079349     %   0.4316690     +/-   0.1098906     % 
  0.4325300     +/-   0.1107796     %   0.4333610     +/-   0.1100292     % 
  0.4342140     +/-   0.1160415     %   0.4351060     +/-   0.1139297     % 
  0.4359200     +/-   0.1169134     %   0.4367520     +/-   0.1161992     % 
  0.4375760     +/-   0.1192836     %   0.4383960     +/-   0.1219528     % 
  0.4392080     +/-   0.1239289     %   0.4399920     +/-   0.1263088     % 
  0.4408200     +/-   0.1270339     %   0.4416020     +/-   0.1327852     % 
  0.4424050     +/-   0.1377256     %   0.4431810     +/-   0.1345806     % 
  0.4439880     +/-   0.1342757     %   0.4448100     +/-   0.1349443     % 
  0.4455650     +/-   0.1389364     %   0.4463730     +/-   0.1346986     % 
  0.4471640     +/-   0.1310515     %   0.4478920     +/-   0.1298380     % 
  0.4487320     +/-   0.1275497     %   0.4494560     +/-   0.1229233     % 
  0.4502010     +/-   0.1276591     %   0.4509680     +/-   0.1246445     % 
  0.4517160     +/-   0.1261629     %   0.4524660     +/-   0.1254276     % 
  0.4532230     +/-   0.1241984     %   0.4539330     +/-   0.1165574     % 
  0.4546700     +/-   0.1119215     %   0.4553950     +/-   0.1168796     % 
  0.4561020     +/-   0.1142747     %   0.4568360     +/-   0.1115819     % 
  0.4575070     +/-   0.1128494     %   0.4581390     +/-   0.1123830     % 
  0.4588000     +/-   0.1140485     %   0.4594080     +/-   0.1164083     % 
  0.4631590     +/-   9.7852305E-02 %   0.4638930     +/-   9.9375866E-02 % 
  0.4645850     +/-   9.7942732E-02 %   0.4652770     +/-   9.3617044E-02 % 
  0.4659420     +/-   9.6171997E-02 %   0.4665700     +/-   9.7230576E-02 % 
  0.4672450     +/-   9.5817976E-02 %   0.4678820     +/-   9.3854442E-02 % 
  0.4685120     +/-   9.8241389E-02 %   0.4691630     +/-   9.8470256E-02 % 
  0.4697390     +/-   9.9692702E-02 %   0.4703030     +/-   0.1008556     % 
  0.4709010     +/-   9.8648749E-02 %   0.4715070     +/-   0.1010865     % 
  0.4720880     +/-   0.1010532     %   0.4726940     +/-   9.6997991E-02 % 
  0.4733190     +/-   9.7606108E-02 %   0.4739130     +/-   0.1022424     % 
  0.4745320     +/-   0.1030463     %   0.4751260     +/-   0.1023519     % 
  0.4757620     +/-   0.1004577     %   0.4763900     +/-   0.1015299     % 
  0.4770070     +/-   0.1020454     %   0.4776650     +/-   0.1038715     % 
  0.4783240     +/-   0.1085044     %   0.4789810     +/-   0.1108348     % 
  0.4796980     +/-   0.1167102     %   0.4803550     +/-   0.1186823     % 
  0.4810480     +/-   0.1162354     %   0.4817440     +/-   0.1124216     % 
  0.4824460     +/-   0.1102689     %   0.4831860     +/-   0.1136387     % 
  0.4839340     +/-   0.1157000     %   0.4846600     +/-   0.1125465     % 
  0.4853290     +/-   0.1089553     %   0.4860420     +/-   0.1111128     % 
  0.4866470     +/-   0.1139159     %   0.4872050     +/-   0.1172035     % 
  0.4877380     +/-   0.1144093     %   0.4881380     +/-   0.1171974     % 
  0.4884640     +/-   0.1190081     %   0.4886730     +/-   0.1182680     % 
  0.4888220     +/-   0.1192010     %   0.4889200     +/-   0.1199130     % 
  0.4889850     +/-   0.1202632     %   0.4890270     +/-   0.1207978     % 
  0.4890640     +/-   0.1207176     %   0.4890970     +/-   0.1207394     % 
  0.4891110     +/-   0.1203506     %   0.4891170     +/-   0.1205002     % 
  0.4891200     +/-   0.1202209     %   0.4891200     +/-   0.1202209     % 

  **** Double diff. Fluxes as a function of energy ****


  Solid angle minimum value (sr):   0.000000    

  Solid angle upper boundaries (sr):

   6.283185    

  Angular minimum value (deg.):   0.000000    

  Angular upper boundaries (deg.):

   90.00000    


  Energy interval (GeV):  3.0000000E-03  2.9899999E-03

  Flux (Part/sr/GeV/cmq/pr):

   0.000000     +/-    0.000000     % 

  Flux (Part/deg/GeV/cmq/pr):

   0.000000     +/-    0.000000     % 

  Energy interval (GeV):  2.9899999E-03  2.9799999E-03

  Flux (Part/sr/GeV/cmq/pr):

   0.000000     +/-    0.000000     % 

  Flux (Part/deg/GeV/cmq/pr):

   0.000000     +/-    0.000000     % 

  Energy interval (GeV):  2.9799999E-03  2.9700000E-03

  Flux (Part/sr/GeV/cmq/pr):

   0.000000     +/-    0.000000     % 

  Flux (Part/deg/GeV/cmq/pr):

   0.000000     +/-    0.000000     % 

  Energy interval (GeV):  2.9700000E-03  2.9600000E-03

  Flux (Part/sr/GeV/cmq/pr):

   0.000000     +/-    0.000000     % 

  Flux (Part/deg/GeV/cmq/pr):

   0.000000     +/-    0.000000     % 

  Energy interval (GeV):  2.9600000E-03  2.9499999E-03

  Flux (Part/sr/GeV/cmq/pr):

   0.000000     +/-    0.000000     % 

  Flux (Part/deg/GeV/cmq/pr):

   0.000000     +/-    0.000000     % 

  Energy interval (GeV):  2.9499999E-03  2.9400000E-03

  Flux (Part/sr/GeV/cmq/pr):

   0.000000     +/-    0.000000     % 

  Flux (Part/deg/GeV/cmq/pr):

   0.000000     +/-    0.000000     % 

  Energy interval (GeV):  2.9400000E-03  2.9300000E-03

  Flux (Part/sr/GeV/cmq/pr):

   0.000000     +/-    0.000000     % 

  Flux (Part/deg/GeV/cmq/pr):

   0.000000     +/-    0.000000     % 

  Energy interval (GeV):  2.9300000E-03  2.9199999E-03

  Flux (Part/sr/GeV/cmq/pr):

   0.000000     +/-    0.000000     % 

  Flux (Part/deg/GeV/cmq/pr):

   0.000000     +/-    0.000000     % 

  Energy interval (GeV):  2.9199999E-03  2.9100000E-03

  Flux (Part/sr/GeV/cmq/pr):

   0.000000     +/-    0.000000     % 

  Flux (Part/deg/GeV/cmq/pr):

   0.000000     +/-    0.000000     % 

  Energy interval (GeV):  2.9100000E-03  2.9000000E-03

  Flux (Part/sr/GeV/cmq/pr):

   0.000000     +/-    0.000000     % 

  Flux (Part/deg/GeV/cmq/pr):

   0.000000     +/-    0.000000     % 

  Energy interval (GeV):  2.9000000E-03  2.8899999E-03

  Flux (Part/sr/GeV/cmq/pr):

   0.000000     +/-    0.000000     % 

  Flux (Part/deg/GeV/cmq/pr):

   0.000000     +/-    0.000000     % 

  Energy interval (GeV):  2.8899999E-03  2.8800000E-03

  Flux (Part/sr/GeV/cmq/pr):

   0.000000     +/-    0.000000     % 

  Flux (Part/deg/GeV/cmq/pr):

   0.000000     +/-    0.000000     % 

  Energy interval (GeV):  2.8800000E-03  2.8700000E-03

  Flux (Part/sr/GeV/cmq/pr):

   0.000000     +/-    0.000000     % 

  Flux (Part/deg/GeV/cmq/pr):

   0.000000     +/-    0.000000     % 

  Energy interval (GeV):  2.8700000E-03  2.8599999E-03

  Flux (Part/sr/GeV/cmq/pr):

   0.000000     +/-    0.000000     % 

  Flux (Part/deg/GeV/cmq/pr):

   0.000000     +/-    0.000000     % 

  Energy interval (GeV):  2.8599999E-03  2.8499998E-03

  Flux (Part/sr/GeV/cmq/pr):

   0.000000     +/-    0.000000     % 

  Flux (Part/deg/GeV/cmq/pr):

   0.000000     +/-    0.000000     % 

  Energy interval (GeV):  2.8499998E-03  2.8400000E-03

  Flux (Part/sr/GeV/cmq/pr):

   0.000000     +/-    0.000000     % 

  Flux (Part/deg/GeV/cmq/pr):

   0.000000     +/-    0.000000     % 

  Energy interval (GeV):  2.8400000E-03  2.8299999E-03

  Flux (Part/sr/GeV/cmq/pr):

   0.000000     +/-    0.000000     % 

  Flux (Part/deg/GeV/cmq/pr):

   0.000000     +/-    0.000000     % 

  Energy interval (GeV):  2.8299999E-03  2.8199998E-03

  Flux (Part/sr/GeV/cmq/pr):

   0.000000     +/-    0.000000     % 

  Flux (Part/deg/GeV/cmq/pr):

   0.000000     +/-    0.000000     % 

  Energy interval (GeV):  2.8199998E-03  2.8100000E-03

  Flux (Part/sr/GeV/cmq/pr):

   0.000000     +/-    0.000000     % 

  Flux (Part/deg/GeV/cmq/pr):

   0.000000     +/-    0.000000     % 

  Energy interval (GeV):  2.8100000E-03  2.7999999E-03

  Flux (Part/sr/GeV/cmq/pr):

   0.000000     +/-    0.000000     % 

  Flux (Part/deg/GeV/cmq/pr):

   0.000000     +/-    0.000000     % 

  Energy interval (GeV):  2.7999999E-03  2.7899998E-03

  Flux (Part/sr/GeV/cmq/pr):

   0.000000     +/-    0.000000     % 

  Flux (Part/deg/GeV/cmq/pr):

   0.000000     +/-    0.000000     % 

  Energy interval (GeV):  2.7899998E-03  2.7800000E-03

  Flux (Part/sr/GeV/cmq/pr):

   0.000000     +/-    0.000000     % 

  Flux (Part/deg/GeV/cmq/pr):

   0.000000     +/-    0.000000     % 

  Energy interval (GeV):  2.7800000E-03  2.7699999E-03

  Flux (Part/sr/GeV/cmq/pr):

   0.000000     +/-    0.000000     % 

  Flux (Part/deg/GeV/cmq/pr):

   0.000000     +/-    0.000000     % 

  Energy interval (GeV):  2.7699999E-03  2.7599998E-03

  Flux (Part/sr/GeV/cmq/pr):

   0.000000     +/-    0.000000     % 

  Flux (Part/deg/GeV/cmq/pr):

   0.000000     +/-    0.000000     % 

  Energy interval (GeV):  2.7599998E-03  2.7500000E-03

  Flux (Part/sr/GeV/cmq/pr):

   0.000000     +/-    0.000000     % 

  Flux (Part/deg/GeV/cmq/pr):

   0.000000     +/-    0.000000     % 

  Energy interval (GeV):  2.7500000E-03  2.7399999E-03

  Flux (Part/sr/GeV/cmq/pr):

   0.000000     +/-    0.000000     % 

  Flux (Part/deg/GeV/cmq/pr):

   0.000000     +/-    0.000000     % 

  Energy interval (GeV):  2.7399999E-03  2.7299998E-03

  Flux (Part/sr/GeV/cmq/pr):

   0.000000     +/-    0.000000     % 

  Flux (Part/deg/GeV/cmq/pr):

   0.000000     +/-    0.000000     % 

  Energy interval (GeV):  2.7299998E-03  2.7200000E-03

  Flux (Part/sr/GeV/cmq/pr):

   0.000000     +/-    0.000000     % 

  Flux (Part/deg/GeV/cmq/pr):

   0.000000     +/-    0.000000     % 

  Energy interval (GeV):  2.7200000E-03  2.7099999E-03

  Flux (Part/sr/GeV/cmq/pr):

   0.000000     +/-    0.000000     % 

  Flux (Part/deg/GeV/cmq/pr):

   0.000000     +/-    0.000000     % 

  Energy interval (GeV):  2.7099999E-03  2.6999998E-03

  Flux (Part/sr/GeV/cmq/pr):

   0.000000     +/-    0.000000     % 

  Flux (Part/deg/GeV/cmq/pr):

   0.000000     +/-    0.000000     % 

  Energy interval (GeV):  2.6999998E-03  2.6900000E-03

  Flux (Part/sr/GeV/cmq/pr):

   0.000000     +/-    0.000000     % 

  Flux (Part/deg/GeV/cmq/pr):

   0.000000     +/-    0.000000     % 

  Energy interval (GeV):  2.6900000E-03  2.6799999E-03

  Flux (Part/sr/GeV/cmq/pr):

   0.000000     +/-    0.000000     % 

  Flux (Part/deg/GeV/cmq/pr):

   0.000000     +/-    0.000000     % 

  Energy interval (GeV):  2.6799999E-03  2.6699998E-03

  Flux (Part/sr/GeV/cmq/pr):

   0.000000     +/-    0.000000     % 

  Flux (Part/deg/GeV/cmq/pr):

   0.000000     +/-    0.000000     % 

  Energy interval (GeV):  2.6699998E-03  2.6600000E-03

  Flux (Part/sr/GeV/cmq/pr):

   0.000000     +/-    0.000000     % 

  Flux (Part/deg/GeV/cmq/pr):

   0.000000     +/-    0.000000     % 

  Energy interval (GeV):  2.6600000E-03  2.6499999E-03

  Flux (Part/sr/GeV/cmq/pr):

   0.000000     +/-    0.000000     % 

  Flux (Part/deg/GeV/cmq/pr):

   0.000000     +/-    0.000000     % 

  Energy interval (GeV):  2.6499999E-03  2.6399998E-03

  Flux (Part/sr/GeV/cmq/pr):

   0.000000     +/-    0.000000     % 

  Flux (Part/deg/GeV/cmq/pr):

   0.000000     +/-    0.000000     % 

  Energy interval (GeV):  2.6399998E-03  2.6300000E-03

  Flux (Part/sr/GeV/cmq/pr):

   0.000000     +/-    0.000000     % 

  Flux (Part/deg/GeV/cmq/pr):

   0.000000     +/-    0.000000     % 

  Energy interval (GeV):  2.6300000E-03  2.6199999E-03

  Flux (Part/sr/GeV/cmq/pr):

   0.000000     +/-    0.000000     % 

  Flux (Part/deg/GeV/cmq/pr):

   0.000000     +/-    0.000000     % 

  Energy interval (GeV):  2.6199999E-03  2.6099999E-03

  Flux (Part/sr/GeV/cmq/pr):

   0.000000     +/-    0.000000     % 

  Flux (Part/deg/GeV/cmq/pr):

   0.000000     +/-    0.000000     % 

  Energy interval (GeV):  2.6099999E-03  2.6000000E-03

  Flux (Part/sr/GeV/cmq/pr):

   0.000000     +/-    0.000000     % 

  Flux (Part/deg/GeV/cmq/pr):

   0.000000     +/-    0.000000     % 

  Energy interval (GeV):  2.6000000E-03  2.5899999E-03

  Flux (Part/sr/GeV/cmq/pr):

   0.000000     +/-    0.000000     % 

  Flux (Part/deg/GeV/cmq/pr):

   0.000000     +/-    0.000000     % 

  Energy interval (GeV):  2.5899999E-03  2.5799999E-03

  Flux (Part/sr/GeV/cmq/pr):

   0.000000     +/-    0.000000     % 

  Flux (Part/deg/GeV/cmq/pr):

   0.000000     +/-    0.000000     % 

  Energy interval (GeV):  2.5799999E-03  2.5700000E-03

  Flux (Part/sr/GeV/cmq/pr):

   0.000000     +/-    0.000000     % 

  Flux (Part/deg/GeV/cmq/pr):

   0.000000     +/-    0.000000     % 

  Energy interval (GeV):  2.5700000E-03  2.5599999E-03

  Flux (Part/sr/GeV/cmq/pr):

   0.000000     +/-    0.000000     % 

  Flux (Part/deg/GeV/cmq/pr):

   0.000000     +/-    0.000000     % 

  Energy interval (GeV):  2.5599999E-03  2.5499999E-03

  Flux (Part/sr/GeV/cmq/pr):

   0.000000     +/-    0.000000     % 

  Flux (Part/deg/GeV/cmq/pr):

   0.000000     +/-    0.000000     % 

  Energy interval (GeV):  2.5499999E-03  2.5400000E-03

  Flux (Part/sr/GeV/cmq/pr):

   0.000000     +/-    0.000000     % 

  Flux (Part/deg/GeV/cmq/pr):

   0.000000     +/-    0.000000     % 

  Energy interval (GeV):  2.5400000E-03  2.5299999E-03

  Flux (Part/sr/GeV/cmq/pr):

   0.000000     +/-    0.000000     % 

  Flux (Part/deg/GeV/cmq/pr):

   0.000000     +/-    0.000000     % 

  Energy interval (GeV):  2.5299999E-03  2.5199999E-03

  Flux (Part/sr/GeV/cmq/pr):

   0.000000     +/-    0.000000     % 

  Flux (Part/deg/GeV/cmq/pr):

   0.000000     +/-    0.000000     % 

  Energy interval (GeV):  2.5199999E-03  2.5100000E-03

  Flux (Part/sr/GeV/cmq/pr):

   0.000000     +/-    0.000000     % 

  Flux (Part/deg/GeV/cmq/pr):

   0.000000     +/-    0.000000     % 

  Energy interval (GeV):  2.5100000E-03  2.4999999E-03

  Flux (Part/sr/GeV/cmq/pr):

   0.000000     +/-    0.000000     % 

  Flux (Part/deg/GeV/cmq/pr):

   0.000000     +/-    0.000000     % 

  Energy interval (GeV):  2.4999999E-03  2.4899999E-03

  Flux (Part/sr/GeV/cmq/pr):

   0.000000     +/-    0.000000     % 

  Flux (Part/deg/GeV/cmq/pr):

   0.000000     +/-    0.000000     % 

  Energy interval (GeV):  2.4899999E-03  2.4800000E-03

  Flux (Part/sr/GeV/cmq/pr):

   0.000000     +/-    0.000000     % 

  Flux (Part/deg/GeV/cmq/pr):

   0.000000     +/-    0.000000     % 

  Energy interval (GeV):  2.4800000E-03  2.4699999E-03

  Flux (Part/sr/GeV/cmq/pr):

   0.000000     +/-    0.000000     % 

  Flux (Part/deg/GeV/cmq/pr):

   0.000000     +/-    0.000000     % 

  Energy interval (GeV):  2.4699999E-03  2.4599999E-03

  Flux (Part/sr/GeV/cmq/pr):

   0.000000     +/-    0.000000     % 

  Flux (Part/deg/GeV/cmq/pr):

   0.000000     +/-    0.000000     % 

  Energy interval (GeV):  2.4599999E-03  2.4500000E-03

  Flux (Part/sr/GeV/cmq/pr):

   0.000000     +/-    0.000000     % 

  Flux (Part/deg/GeV/cmq/pr):

   0.000000     +/-    0.000000     % 

  Energy interval (GeV):  2.4500000E-03  2.4400000E-03

  Flux (Part/sr/GeV/cmq/pr):

   0.000000     +/-    0.000000     % 

  Flux (Part/deg/GeV/cmq/pr):

   0.000000     +/-    0.000000     % 

  Energy interval (GeV):  2.4400000E-03  2.4299999E-03

  Flux (Part/sr/GeV/cmq/pr):

   0.000000     +/-    0.000000     % 

  Flux (Part/deg/GeV/cmq/pr):

   0.000000     +/-    0.000000     % 

  Energy interval (GeV):  2.4299999E-03  2.4200000E-03

  Flux (Part/sr/GeV/cmq/pr):

   0.000000     +/-    0.000000     % 

  Flux (Part/deg/GeV/cmq/pr):

   0.000000     +/-    0.000000     % 

  Energy interval (GeV):  2.4200000E-03  2.4100000E-03

  Flux (Part/sr/GeV/cmq/pr):

   0.000000     +/-    0.000000     % 

  Flux (Part/deg/GeV/cmq/pr):

   0.000000     +/-    0.000000     % 

  Energy interval (GeV):  2.4100000E-03  2.3999999E-03

  Flux (Part/sr/GeV/cmq/pr):

   0.000000     +/-    0.000000     % 

  Flux (Part/deg/GeV/cmq/pr):

   0.000000     +/-    0.000000     % 

  Energy interval (GeV):  2.3999999E-03  2.3900000E-03

  Flux (Part/sr/GeV/cmq/pr):

   0.000000     +/-    0.000000     % 

  Flux (Part/deg/GeV/cmq/pr):

   0.000000     +/-    0.000000     % 

  Energy interval (GeV):  2.3900000E-03  2.3800000E-03

  Flux (Part/sr/GeV/cmq/pr):

   0.000000     +/-    0.000000     % 

  Flux (Part/deg/GeV/cmq/pr):

   0.000000     +/-    0.000000     % 

  Energy interval (GeV):  2.3800000E-03  2.3699999E-03

  Flux (Part/sr/GeV/cmq/pr):

   0.000000     +/-    0.000000     % 

  Flux (Part/deg/GeV/cmq/pr):

   0.000000     +/-    0.000000     % 

  Energy interval (GeV):  2.3699999E-03  2.3600000E-03

  Flux (Part/sr/GeV/cmq/pr):

   0.000000     +/-    0.000000     % 

  Flux (Part/deg/GeV/cmq/pr):

   0.000000     +/-    0.000000     % 

  Energy interval (GeV):  2.3600000E-03  2.3500000E-03

  Flux (Part/sr/GeV/cmq/pr):

   0.000000     +/-    0.000000     % 

  Flux (Part/deg/GeV/cmq/pr):

   0.000000     +/-    0.000000     % 

  Energy interval (GeV):  2.3500000E-03  2.3399999E-03

  Flux (Part/sr/GeV/cmq/pr):

   0.000000     +/-    0.000000     % 

  Flux (Part/deg/GeV/cmq/pr):

   0.000000     +/-    0.000000     % 

  Energy interval (GeV):  2.3399999E-03  2.3300000E-03

  Flux (Part/sr/GeV/cmq/pr):

   0.000000     +/-    0.000000     % 

  Flux (Part/deg/GeV/cmq/pr):

   0.000000     +/-    0.000000     % 

  Energy interval (GeV):  2.3300000E-03  2.3200000E-03

  Flux (Part/sr/GeV/cmq/pr):

   0.000000     +/-    0.000000     % 

  Flux (Part/deg/GeV/cmq/pr):

   0.000000     +/-    0.000000     % 

  Energy interval (GeV):  2.3200000E-03  2.3099999E-03

  Flux (Part/sr/GeV/cmq/pr):

   0.000000     +/-    0.000000     % 

  Flux (Part/deg/GeV/cmq/pr):

   0.000000     +/-    0.000000     % 

  Energy interval (GeV):  2.3099999E-03  2.3000001E-03

  Flux (Part/sr/GeV/cmq/pr):

   0.000000     +/-    0.000000     % 

  Flux (Part/deg/GeV/cmq/pr):

   0.000000     +/-    0.000000     % 

  Energy interval (GeV):  2.3000001E-03  2.2900000E-03

  Flux (Part/sr/GeV/cmq/pr):

   0.000000     +/-    0.000000     % 

  Flux (Part/deg/GeV/cmq/pr):

   0.000000     +/-    0.000000     % 

  Energy interval (GeV):  2.2900000E-03  2.2799999E-03

  Flux (Part/sr/GeV/cmq/pr):

   0.000000     +/-    0.000000     % 

  Flux (Part/deg/GeV/cmq/pr):

   0.000000     +/-    0.000000     % 

  Energy interval (GeV):  2.2799999E-03  2.2700001E-03

  Flux (Part/sr/GeV/cmq/pr):

   0.000000     +/-    0.000000     % 

  Flux (Part/deg/GeV/cmq/pr):

   0.000000     +/-    0.000000     % 

  Energy interval (GeV):  2.2700001E-03  2.2600000E-03

  Flux (Part/sr/GeV/cmq/pr):

   0.000000     +/-    0.000000     % 

  Flux (Part/deg/GeV/cmq/pr):

   0.000000     +/-    0.000000     % 

  Energy interval (GeV):  2.2600000E-03  2.2499999E-03

  Flux (Part/sr/GeV/cmq/pr):

   0.000000     +/-    0.000000     % 

  Flux (Part/deg/GeV/cmq/pr):

   0.000000     +/-    0.000000     % 

  Energy interval (GeV):  2.2499999E-03  2.2399998E-03

  Flux (Part/sr/GeV/cmq/pr):

   0.000000     +/-    0.000000     % 

  Flux (Part/deg/GeV/cmq/pr):

   0.000000     +/-    0.000000     % 

  Energy interval (GeV):  2.2399998E-03  2.2300000E-03

  Flux (Part/sr/GeV/cmq/pr):

   0.000000     +/-    0.000000     % 

  Flux (Part/deg/GeV/cmq/pr):

   0.000000     +/-    0.000000     % 

  Energy interval (GeV):  2.2300000E-03  2.2199999E-03

  Flux (Part/sr/GeV/cmq/pr):

   0.000000     +/-    0.000000     % 

  Flux (Part/deg/GeV/cmq/pr):

   0.000000     +/-    0.000000     % 

  Energy interval (GeV):  2.2199999E-03  2.2099998E-03

  Flux (Part/sr/GeV/cmq/pr):

   0.000000     +/-    0.000000     % 

  Flux (Part/deg/GeV/cmq/pr):

   0.000000     +/-    0.000000     % 

  Energy interval (GeV):  2.2099998E-03  2.2000000E-03

  Flux (Part/sr/GeV/cmq/pr):

   0.000000     +/-    0.000000     % 

  Flux (Part/deg/GeV/cmq/pr):

   0.000000     +/-    0.000000     % 

  Energy interval (GeV):  2.2000000E-03  2.1899999E-03

  Flux (Part/sr/GeV/cmq/pr):

   0.000000     +/-    0.000000     % 

  Flux (Part/deg/GeV/cmq/pr):

   0.000000     +/-    0.000000     % 

  Energy interval (GeV):  2.1899999E-03  2.1799998E-03

  Flux (Part/sr/GeV/cmq/pr):

   0.000000     +/-    0.000000     % 

  Flux (Part/deg/GeV/cmq/pr):

   0.000000     +/-    0.000000     % 

  Energy interval (GeV):  2.1799998E-03  2.1700000E-03

  Flux (Part/sr/GeV/cmq/pr):

   0.000000     +/-    0.000000     % 

  Flux (Part/deg/GeV/cmq/pr):

   0.000000     +/-    0.000000     % 

  Energy interval (GeV):  2.1700000E-03  2.1599999E-03

  Flux (Part/sr/GeV/cmq/pr):

   0.000000     +/-    0.000000     % 

  Flux (Part/deg/GeV/cmq/pr):

   0.000000     +/-    0.000000     % 

  Energy interval (GeV):  2.1599999E-03  2.1499998E-03

  Flux (Part/sr/GeV/cmq/pr):

   0.000000     +/-    0.000000     % 

  Flux (Part/deg/GeV/cmq/pr):

   0.000000     +/-    0.000000     % 

  Energy interval (GeV):  2.1499998E-03  2.1400000E-03

  Flux (Part/sr/GeV/cmq/pr):

   0.000000     +/-    0.000000     % 

  Flux (Part/deg/GeV/cmq/pr):

   0.000000     +/-    0.000000     % 

  Energy interval (GeV):  2.1400000E-03  2.1299999E-03

  Flux (Part/sr/GeV/cmq/pr):

   0.000000     +/-    0.000000     % 

  Flux (Part/deg/GeV/cmq/pr):

   0.000000     +/-    0.000000     % 

  Energy interval (GeV):  2.1299999E-03  2.1199998E-03

  Flux (Part/sr/GeV/cmq/pr):

   0.000000     +/-    0.000000     % 

  Flux (Part/deg/GeV/cmq/pr):

   0.000000     +/-    0.000000     % 

  Energy interval (GeV):  2.1199998E-03  2.1100000E-03

  Flux (Part/sr/GeV/cmq/pr):

   0.000000     +/-    0.000000     % 

  Flux (Part/deg/GeV/cmq/pr):

   0.000000     +/-    0.000000     % 

  Energy interval (GeV):  2.1100000E-03  2.0999999E-03

  Flux (Part/sr/GeV/cmq/pr):

   0.000000     +/-    0.000000     % 

  Flux (Part/deg/GeV/cmq/pr):

   0.000000     +/-    0.000000     % 

  Energy interval (GeV):  2.0999999E-03  2.0899998E-03

  Flux (Part/sr/GeV/cmq/pr):

   0.000000     +/-    0.000000     % 

  Flux (Part/deg/GeV/cmq/pr):

   0.000000     +/-    0.000000     % 

  Energy interval (GeV):  2.0899998E-03  2.0800000E-03

  Flux (Part/sr/GeV/cmq/pr):

   0.000000     +/-    0.000000     % 

  Flux (Part/deg/GeV/cmq/pr):

   0.000000     +/-    0.000000     % 

  Energy interval (GeV):  2.0800000E-03  2.0699999E-03

  Flux (Part/sr/GeV/cmq/pr):

   0.000000     +/-    0.000000     % 

  Flux (Part/deg/GeV/cmq/pr):

   0.000000     +/-    0.000000     % 

  Energy interval (GeV):  2.0699999E-03  2.0599999E-03

  Flux (Part/sr/GeV/cmq/pr):

   0.000000     +/-    0.000000     % 

  Flux (Part/deg/GeV/cmq/pr):

   0.000000     +/-    0.000000     % 

  Energy interval (GeV):  2.0599999E-03  2.0500000E-03

  Flux (Part/sr/GeV/cmq/pr):

   0.000000     +/-    0.000000     % 

  Flux (Part/deg/GeV/cmq/pr):

   0.000000     +/-    0.000000     % 

  Energy interval (GeV):  2.0500000E-03  2.0399999E-03

  Flux (Part/sr/GeV/cmq/pr):

   0.000000     +/-    0.000000     % 

  Flux (Part/deg/GeV/cmq/pr):

   0.000000     +/-    0.000000     % 

  Energy interval (GeV):  2.0399999E-03  2.0299999E-03

  Flux (Part/sr/GeV/cmq/pr):

   0.000000     +/-    0.000000     % 

  Flux (Part/deg/GeV/cmq/pr):

   0.000000     +/-    0.000000     % 

  Energy interval (GeV):  2.0299999E-03  2.0200000E-03

  Flux (Part/sr/GeV/cmq/pr):

   0.000000     +/-    0.000000     % 

  Flux (Part/deg/GeV/cmq/pr):

   0.000000     +/-    0.000000     % 

  Energy interval (GeV):  2.0200000E-03  2.0099999E-03

  Flux (Part/sr/GeV/cmq/pr):

   0.000000     +/-    0.000000     % 

  Flux (Part/deg/GeV/cmq/pr):

   0.000000     +/-    0.000000     % 

  Energy interval (GeV):  2.0099999E-03  1.9999999E-03

  Flux (Part/sr/GeV/cmq/pr):

   4830.528     +/-   0.1839479     % 

  Flux (Part/deg/GeV/cmq/pr):

   337.2345     +/-   0.1839479     % 

  Energy interval (GeV):  1.9999999E-03  1.9900000E-03

  Flux (Part/sr/GeV/cmq/pr):

   20.91296     +/-    3.240884     % 

  Flux (Part/deg/GeV/cmq/pr):

   1.460000     +/-    3.240884     % 

  Energy interval (GeV):  1.9900000E-03  1.9799999E-03

  Flux (Part/sr/GeV/cmq/pr):

   24.04831     +/-    1.528631     % 

  Flux (Part/deg/GeV/cmq/pr):

   1.678889     +/-    1.528631     % 

  Energy interval (GeV):  1.9799999E-03  1.9699999E-03

  Flux (Part/sr/GeV/cmq/pr):

   23.60268     +/-    1.436770     % 

  Flux (Part/deg/GeV/cmq/pr):

   1.647778     +/-    1.436770     % 

  Energy interval (GeV):  1.9699999E-03  1.9600000E-03

  Flux (Part/sr/GeV/cmq/pr):

   23.90507     +/-    2.408796     % 

  Flux (Part/deg/GeV/cmq/pr):

   1.668889     +/-    2.408796     % 

  Energy interval (GeV):  1.9600000E-03  1.9499999E-03

  Flux (Part/sr/GeV/cmq/pr):

   23.41169     +/-    1.673493     % 

  Flux (Part/deg/GeV/cmq/pr):

   1.634444     +/-    1.673493     % 

  Energy interval (GeV):  1.9499999E-03  1.9400000E-03

  Flux (Part/sr/GeV/cmq/pr):

   22.85465     +/-    1.911556     % 

  Flux (Part/deg/GeV/cmq/pr):

   1.595556     +/-    1.911556     % 

  Energy interval (GeV):  1.9400000E-03  1.9299999E-03

  Flux (Part/sr/GeV/cmq/pr):

   23.49127     +/-    2.672505     % 

  Flux (Part/deg/GeV/cmq/pr):

   1.640000     +/-    2.672505     % 

  Energy interval (GeV):  1.9299999E-03  1.9200000E-03

  Flux (Part/sr/GeV/cmq/pr):

   22.71141     +/-    2.359841     % 

  Flux (Part/deg/GeV/cmq/pr):

   1.585556     +/-    2.359841     % 

  Energy interval (GeV):  1.9200000E-03  1.9100000E-03

  Flux (Part/sr/GeV/cmq/pr):

   23.36395     +/-    1.910396     % 

  Flux (Part/deg/GeV/cmq/pr):

   1.631111     +/-    1.910396     % 

  Energy interval (GeV):  1.9100000E-03  1.8999999E-03

  Flux (Part/sr/GeV/cmq/pr):

   23.37986     +/-    3.035575     % 

  Flux (Part/deg/GeV/cmq/pr):

   1.632222     +/-    3.035575     % 

  Energy interval (GeV):  1.8999999E-03  1.8900000E-03

  Flux (Part/sr/GeV/cmq/pr):

   23.34803     +/-    2.826231     % 

  Flux (Part/deg/GeV/cmq/pr):

   1.630000     +/-    2.826231     % 

  Energy interval (GeV):  1.8900000E-03  1.8800000E-03

  Flux (Part/sr/GeV/cmq/pr):

   23.80958     +/-    2.552829     % 

  Flux (Part/deg/GeV/cmq/pr):

   1.662222     +/-    2.552829     % 

  Energy interval (GeV):  1.8800000E-03  1.8699999E-03

  Flux (Part/sr/GeV/cmq/pr):

   24.23930     +/-    2.083086     % 

  Flux (Part/deg/GeV/cmq/pr):

   1.692222     +/-    2.083086     % 

  Energy interval (GeV):  1.8699999E-03  1.8600000E-03

  Flux (Part/sr/GeV/cmq/pr):

   22.52042     +/-    2.075502     % 

  Flux (Part/deg/GeV/cmq/pr):

   1.572222     +/-    2.075502     % 

  Energy interval (GeV):  1.8600000E-03  1.8500000E-03

  Flux (Part/sr/GeV/cmq/pr):

   23.07747     +/-    2.803514     % 

  Flux (Part/deg/GeV/cmq/pr):

   1.611111     +/-    2.803514     % 

  Energy interval (GeV):  1.8500000E-03  1.8399999E-03

  Flux (Part/sr/GeV/cmq/pr):

   22.99789     +/-    2.404783     % 

  Flux (Part/deg/GeV/cmq/pr):

   1.605556     +/-    2.404783     % 

  Energy interval (GeV):  1.8399999E-03  1.8300000E-03

  Flux (Part/sr/GeV/cmq/pr):

   22.13845     +/-    3.743153     % 

  Flux (Part/deg/GeV/cmq/pr):

   1.545556     +/-    3.743153     % 

  Energy interval (GeV):  1.8300000E-03  1.8200000E-03

  Flux (Part/sr/GeV/cmq/pr):

   22.47268     +/-    2.246839     % 

  Flux (Part/deg/GeV/cmq/pr):

   1.568889     +/-    2.246839     % 

  Energy interval (GeV):  1.8200000E-03  1.8099999E-03

  Flux (Part/sr/GeV/cmq/pr):

   22.58409     +/-    1.082613     % 

  Flux (Part/deg/GeV/cmq/pr):

   1.576667     +/-    1.082613     % 

  Energy interval (GeV):  1.8099999E-03  1.8000000E-03

  Flux (Part/sr/GeV/cmq/pr):

   22.53634     +/-    3.085196     % 

  Flux (Part/deg/GeV/cmq/pr):

   1.573333     +/-    3.085196     % 

  Energy interval (GeV):  1.8000000E-03  1.7900000E-03

  Flux (Part/sr/GeV/cmq/pr):

   22.79099     +/-    2.798964     % 

  Flux (Part/deg/GeV/cmq/pr):

   1.591111     +/-    2.798964     % 

  Energy interval (GeV):  1.7900000E-03  1.7799999E-03

  Flux (Part/sr/GeV/cmq/pr):

   22.67958     +/-    2.395235     % 

  Flux (Part/deg/GeV/cmq/pr):

   1.583333     +/-    2.395235     % 

  Energy interval (GeV):  1.7799999E-03  1.7700000E-03

  Flux (Part/sr/GeV/cmq/pr):

   21.26310     +/-    2.923955     % 

  Flux (Part/deg/GeV/cmq/pr):

   1.484444     +/-    2.923955     % 

  Energy interval (GeV):  1.7700000E-03  1.7599999E-03

  Flux (Part/sr/GeV/cmq/pr):

   21.40634     +/-    3.268416     % 

  Flux (Part/deg/GeV/cmq/pr):

   1.494444     +/-    3.268416     % 

  Energy interval (GeV):  1.7599999E-03  1.7499999E-03

  Flux (Part/sr/GeV/cmq/pr):

   21.11986     +/-    3.742567     % 

  Flux (Part/deg/GeV/cmq/pr):

   1.474445     +/-    3.742567     % 

  Energy interval (GeV):  1.7499999E-03  1.7400000E-03

  Flux (Part/sr/GeV/cmq/pr):

   22.91831     +/-    2.154458     % 

  Flux (Part/deg/GeV/cmq/pr):

   1.600000     +/-    2.154458     % 

  Energy interval (GeV):  1.7400000E-03  1.7299999E-03

  Flux (Part/sr/GeV/cmq/pr):

   21.37451     +/-    2.163192     % 

  Flux (Part/deg/GeV/cmq/pr):

   1.492222     +/-    2.163192     % 

  Energy interval (GeV):  1.7299999E-03  1.7199999E-03

  Flux (Part/sr/GeV/cmq/pr):

   20.99254     +/-    3.283762     % 

  Flux (Part/deg/GeV/cmq/pr):

   1.465556     +/-    3.283762     % 

  Energy interval (GeV):  1.7199999E-03  1.7100000E-03

  Flux (Part/sr/GeV/cmq/pr):

   21.15169     +/-    1.079962     % 

  Flux (Part/deg/GeV/cmq/pr):

   1.476667     +/-    1.079962     % 

  Energy interval (GeV):  1.7100000E-03  1.6999999E-03

  Flux (Part/sr/GeV/cmq/pr):

   21.00845     +/-    1.989989     % 

  Flux (Part/deg/GeV/cmq/pr):

   1.466667     +/-    1.989989     % 

  Energy interval (GeV):  1.6999999E-03  1.6899999E-03

  Flux (Part/sr/GeV/cmq/pr):

   21.05620     +/-    1.251169     % 

  Flux (Part/deg/GeV/cmq/pr):

   1.470000     +/-    1.251169     % 

  Energy interval (GeV):  1.6899999E-03  1.6800000E-03

  Flux (Part/sr/GeV/cmq/pr):

   19.95803     +/-    3.956017     % 

  Flux (Part/deg/GeV/cmq/pr):

   1.393333     +/-    3.956017     % 

  Energy interval (GeV):  1.6800000E-03  1.6699999E-03

  Flux (Part/sr/GeV/cmq/pr):

   21.70873     +/-   0.8705522     % 

  Flux (Part/deg/GeV/cmq/pr):

   1.515556     +/-   0.8705522     % 

  Energy interval (GeV):  1.6699999E-03  1.6600000E-03

  Flux (Part/sr/GeV/cmq/pr):

   19.27366     +/-    2.086586     % 

  Flux (Part/deg/GeV/cmq/pr):

   1.345556     +/-    2.086586     % 

  Energy interval (GeV):  1.6600000E-03  1.6500000E-03

  Flux (Part/sr/GeV/cmq/pr):

   20.32409     +/-    2.846706     % 

  Flux (Part/deg/GeV/cmq/pr):

   1.418889     +/-    2.846706     % 

  Energy interval (GeV):  1.6500000E-03  1.6399999E-03

  Flux (Part/sr/GeV/cmq/pr):

   19.01902     +/-    3.334180     % 

  Flux (Part/deg/GeV/cmq/pr):

   1.327778     +/-    3.334180     % 

  Energy interval (GeV):  1.6399999E-03  1.6300000E-03

  Flux (Part/sr/GeV/cmq/pr):

   18.73254     +/-    3.189180     % 

  Flux (Part/deg/GeV/cmq/pr):

   1.307778     +/-    3.189180     % 

  Energy interval (GeV):  1.6300000E-03  1.6200000E-03

  Flux (Part/sr/GeV/cmq/pr):

   19.67155     +/-    2.024270     % 

  Flux (Part/deg/GeV/cmq/pr):

   1.373333     +/-    2.024270     % 

  Energy interval (GeV):  1.6200000E-03  1.6099999E-03

  Flux (Part/sr/GeV/cmq/pr):

   18.92352     +/-    3.450840     % 

  Flux (Part/deg/GeV/cmq/pr):

   1.321111     +/-    3.450840     % 

  Energy interval (GeV):  1.6099999E-03  1.6000000E-03

  Flux (Part/sr/GeV/cmq/pr):

   18.65296     +/-    3.845747     % 

  Flux (Part/deg/GeV/cmq/pr):

   1.302222     +/-    3.845747     % 

  Energy interval (GeV):  1.6000000E-03  1.5900000E-03

  Flux (Part/sr/GeV/cmq/pr):

   18.84394     +/-    3.744899     % 

  Flux (Part/deg/GeV/cmq/pr):

   1.315556     +/-    3.744899     % 

  Energy interval (GeV):  1.5900000E-03  1.5799999E-03

  Flux (Part/sr/GeV/cmq/pr):

   18.39831     +/-    3.533501     % 

  Flux (Part/deg/GeV/cmq/pr):

   1.284445     +/-    3.533501     % 

  Energy interval (GeV):  1.5799999E-03  1.5700000E-03

  Flux (Part/sr/GeV/cmq/pr):

   18.98718     +/-    2.639405     % 

  Flux (Part/deg/GeV/cmq/pr):

   1.325556     +/-    2.639405     % 

  Energy interval (GeV):  1.5700000E-03  1.5600000E-03

  Flux (Part/sr/GeV/cmq/pr):

   17.74578     +/-    2.516810     % 

  Flux (Part/deg/GeV/cmq/pr):

   1.238889     +/-    2.516810     % 

  Energy interval (GeV):  1.5600000E-03  1.5499999E-03

  Flux (Part/sr/GeV/cmq/pr):

   17.76169     +/-    3.377792     % 

  Flux (Part/deg/GeV/cmq/pr):

   1.240000     +/-    3.377792     % 

  Energy interval (GeV):  1.5499999E-03  1.5400000E-03

  Flux (Part/sr/GeV/cmq/pr):

   17.88902     +/-    2.317441     % 

  Flux (Part/deg/GeV/cmq/pr):

   1.248889     +/-    2.317441     % 

  Energy interval (GeV):  1.5400000E-03  1.5300000E-03

  Flux (Part/sr/GeV/cmq/pr):

   17.85719     +/-    2.848567     % 

  Flux (Part/deg/GeV/cmq/pr):

   1.246667     +/-    2.848567     % 

  Energy interval (GeV):  1.5300000E-03  1.5199999E-03

  Flux (Part/sr/GeV/cmq/pr):

   18.27099     +/-    2.571531     % 

  Flux (Part/deg/GeV/cmq/pr):

   1.275556     +/-    2.571531     % 

  Energy interval (GeV):  1.5199999E-03  1.5100000E-03

  Flux (Part/sr/GeV/cmq/pr):

   17.87310     +/-    1.040368     % 

  Flux (Part/deg/GeV/cmq/pr):

   1.247778     +/-    1.040368     % 

  Energy interval (GeV):  1.5100000E-03  1.5000000E-03

  Flux (Part/sr/GeV/cmq/pr):

   17.57071     +/-    3.711005     % 

  Flux (Part/deg/GeV/cmq/pr):

   1.226667     +/-    3.711005     % 

  Energy interval (GeV):  1.5000000E-03  1.4899999E-03

  Flux (Part/sr/GeV/cmq/pr):

   16.47254     +/-    4.194839     % 

  Flux (Part/deg/GeV/cmq/pr):

   1.150000     +/-    4.194839     % 

  Energy interval (GeV):  1.4899999E-03  1.4800000E-03

  Flux (Part/sr/GeV/cmq/pr):

   18.47789     +/-    1.619430     % 

  Flux (Part/deg/GeV/cmq/pr):

   1.290000     +/-    1.619430     % 

  Energy interval (GeV):  1.4800000E-03  1.4700000E-03

  Flux (Part/sr/GeV/cmq/pr):

   18.36648     +/-    3.161428     % 

  Flux (Part/deg/GeV/cmq/pr):

   1.282222     +/-    3.161428     % 

  Energy interval (GeV):  1.4700000E-03  1.4599999E-03

  Flux (Part/sr/GeV/cmq/pr):

   16.98183     +/-    2.002423     % 

  Flux (Part/deg/GeV/cmq/pr):

   1.185556     +/-    2.002423     % 

  Energy interval (GeV):  1.4599999E-03  1.4500000E-03

  Flux (Part/sr/GeV/cmq/pr):

   17.60254     +/-    3.332535     % 

  Flux (Part/deg/GeV/cmq/pr):

   1.228889     +/-    3.332535     % 

  Energy interval (GeV):  1.4500000E-03  1.4400000E-03

  Flux (Part/sr/GeV/cmq/pr):

   16.79085     +/-    1.688960     % 

  Flux (Part/deg/GeV/cmq/pr):

   1.172222     +/-    1.688960     % 

  Energy interval (GeV):  1.4400000E-03  1.4299999E-03

  Flux (Part/sr/GeV/cmq/pr):

   17.49113     +/-    2.056898     % 

  Flux (Part/deg/GeV/cmq/pr):

   1.221111     +/-    2.056898     % 

  Energy interval (GeV):  1.4299999E-03  1.4200000E-03

  Flux (Part/sr/GeV/cmq/pr):

   16.93409     +/-    1.246851     % 

  Flux (Part/deg/GeV/cmq/pr):

   1.182222     +/-    1.246851     % 

  Energy interval (GeV):  1.4200000E-03  1.4099999E-03

  Flux (Part/sr/GeV/cmq/pr):

   17.82535     +/-    2.395788     % 

  Flux (Part/deg/GeV/cmq/pr):

   1.244444     +/-    2.395788     % 

  Energy interval (GeV):  1.4099999E-03  1.4000000E-03

  Flux (Part/sr/GeV/cmq/pr):

   17.14099     +/-    1.939888     % 

  Flux (Part/deg/GeV/cmq/pr):

   1.196667     +/-    1.939888     % 

  Energy interval (GeV):  1.4000000E-03  1.3900000E-03

  Flux (Part/sr/GeV/cmq/pr):

   16.34521     +/-    1.147987     % 

  Flux (Part/deg/GeV/cmq/pr):

   1.141111     +/-    1.147987     % 

  Energy interval (GeV):  1.3900000E-03  1.3799999E-03

  Flux (Part/sr/GeV/cmq/pr):

   16.71127     +/-    3.541142     % 

  Flux (Part/deg/GeV/cmq/pr):

   1.166667     +/-    3.541142     % 

  Energy interval (GeV):  1.3799999E-03  1.3700000E-03

  Flux (Part/sr/GeV/cmq/pr):

   16.99775     +/-    2.033150     % 

  Flux (Part/deg/GeV/cmq/pr):

   1.186667     +/-    2.033150     % 

  Energy interval (GeV):  1.3700000E-03  1.3600000E-03

  Flux (Part/sr/GeV/cmq/pr):

   16.63169     +/-    2.339121     % 

  Flux (Part/deg/GeV/cmq/pr):

   1.161111     +/-    2.339121     % 

  Energy interval (GeV):  1.3600000E-03  1.3499999E-03

  Flux (Part/sr/GeV/cmq/pr):

   16.52028     +/-    3.488887     % 

  Flux (Part/deg/GeV/cmq/pr):

   1.153333     +/-    3.488887     % 

  Energy interval (GeV):  1.3499999E-03  1.3400000E-03

  Flux (Part/sr/GeV/cmq/pr):

   16.69535     +/-    1.343090     % 

  Flux (Part/deg/GeV/cmq/pr):

   1.165556     +/-    1.343090     % 

  Energy interval (GeV):  1.3400000E-03  1.3300000E-03

  Flux (Part/sr/GeV/cmq/pr):

   17.23648     +/-    3.295765     % 

  Flux (Part/deg/GeV/cmq/pr):

   1.203333     +/-    3.295765     % 

  Energy interval (GeV):  1.3300000E-03  1.3199999E-03

  Flux (Part/sr/GeV/cmq/pr):

   16.40887     +/-    3.515252     % 

  Flux (Part/deg/GeV/cmq/pr):

   1.145556     +/-    3.515252     % 

  Energy interval (GeV):  1.3199999E-03  1.3100000E-03

  Flux (Part/sr/GeV/cmq/pr):

   17.17282     +/-    5.198258     % 

  Flux (Part/deg/GeV/cmq/pr):

   1.198889     +/-    5.198258     % 

  Energy interval (GeV):  1.3100000E-03  1.3000000E-03

  Flux (Part/sr/GeV/cmq/pr):

   15.46986     +/-    3.789166     % 

  Flux (Part/deg/GeV/cmq/pr):

   1.080000     +/-    3.789166     % 

  Energy interval (GeV):  1.3000000E-03  1.2899999E-03

  Flux (Part/sr/GeV/cmq/pr):

   17.02958     +/-    1.346249     % 

  Flux (Part/deg/GeV/cmq/pr):

   1.188889     +/-    1.346249     % 

  Energy interval (GeV):  1.2899999E-03  1.2800000E-03

  Flux (Part/sr/GeV/cmq/pr):

   16.20197     +/-    1.013742     % 

  Flux (Part/deg/GeV/cmq/pr):

   1.131111     +/-    1.013742     % 

  Energy interval (GeV):  1.2800000E-03  1.2700000E-03

  Flux (Part/sr/GeV/cmq/pr):

   16.37704     +/-    3.433831     % 

  Flux (Part/deg/GeV/cmq/pr):

   1.143333     +/-    3.433831     % 

  Energy interval (GeV):  1.2700000E-03  1.2599999E-03

  Flux (Part/sr/GeV/cmq/pr):

   16.37704     +/-    4.582508     % 

  Flux (Part/deg/GeV/cmq/pr):

   1.143333     +/-    4.582508     % 

  Energy interval (GeV):  1.2599999E-03  1.2500000E-03

  Flux (Part/sr/GeV/cmq/pr):

   16.53620     +/-    3.342398     % 

  Flux (Part/deg/GeV/cmq/pr):

   1.154444     +/-    3.342398     % 

  Energy interval (GeV):  1.2500000E-03  1.2400000E-03

  Flux (Part/sr/GeV/cmq/pr):

   16.69535     +/-    1.472206     % 

  Flux (Part/deg/GeV/cmq/pr):

   1.165556     +/-    1.472206     % 

  Energy interval (GeV):  1.2400000E-03  1.2299999E-03

  Flux (Part/sr/GeV/cmq/pr):

   16.96592     +/-    5.015472     % 

  Flux (Part/deg/GeV/cmq/pr):

   1.184445     +/-    5.015472     % 

  Energy interval (GeV):  1.2299999E-03  1.2200000E-03

  Flux (Part/sr/GeV/cmq/pr):

   15.34254     +/-    3.079008     % 

  Flux (Part/deg/GeV/cmq/pr):

   1.071111     +/-    3.079008     % 

  Energy interval (GeV):  1.2200000E-03  1.2100000E-03

  Flux (Part/sr/GeV/cmq/pr):

   16.47254     +/-    4.061996     % 

  Flux (Part/deg/GeV/cmq/pr):

   1.150000     +/-    4.061996     % 

  Energy interval (GeV):  1.2100000E-03  1.1999999E-03

  Flux (Part/sr/GeV/cmq/pr):

   15.23113     +/-    2.949042     % 

  Flux (Part/deg/GeV/cmq/pr):

   1.063333     +/-    2.949042     % 

  Energy interval (GeV):  1.1999999E-03  1.1900000E-03

  Flux (Part/sr/GeV/cmq/pr):

   16.01099     +/-    3.757007     % 

  Flux (Part/deg/GeV/cmq/pr):

   1.117778     +/-    3.757007     % 

  Energy interval (GeV):  1.1900000E-03  1.1800000E-03

  Flux (Part/sr/GeV/cmq/pr):

   16.15423     +/-    1.994921     % 

  Flux (Part/deg/GeV/cmq/pr):

   1.127778     +/-    1.994921     % 

  Energy interval (GeV):  1.1800000E-03  1.1699999E-03

  Flux (Part/sr/GeV/cmq/pr):

   15.67676     +/-    1.589084     % 

  Flux (Part/deg/GeV/cmq/pr):

   1.094445     +/-    1.589084     % 

  Energy interval (GeV):  1.1699999E-03  1.1600000E-03

  Flux (Part/sr/GeV/cmq/pr):

   15.91549     +/-    5.511351     % 

  Flux (Part/deg/GeV/cmq/pr):

   1.111111     +/-    5.511351     % 

  Energy interval (GeV):  1.1600000E-03  1.1500000E-03

  Flux (Part/sr/GeV/cmq/pr):

   16.45662     +/-    2.233813     % 

  Flux (Part/deg/GeV/cmq/pr):

   1.148889     +/-    2.233813     % 

  Energy interval (GeV):  1.1500000E-03  1.1399999E-03

  Flux (Part/sr/GeV/cmq/pr):

   15.61310     +/-    2.713319     % 

  Flux (Part/deg/GeV/cmq/pr):

   1.090000     +/-    2.713319     % 

  Energy interval (GeV):  1.1399999E-03  1.1300000E-03

  Flux (Part/sr/GeV/cmq/pr):

   14.72183     +/-    3.924041     % 

  Flux (Part/deg/GeV/cmq/pr):

   1.027778     +/-    3.924041     % 

  Energy interval (GeV):  1.1300000E-03  1.1199999E-03

  Flux (Part/sr/GeV/cmq/pr):

   15.24704     +/-    2.549409     % 

  Flux (Part/deg/GeV/cmq/pr):

   1.064445     +/-    2.549409     % 

  Energy interval (GeV):  1.1199999E-03  1.1100000E-03

  Flux (Part/sr/GeV/cmq/pr):

   16.10648     +/-    2.793140     % 

  Flux (Part/deg/GeV/cmq/pr):

   1.124444     +/-    2.793140     % 

  Energy interval (GeV):  1.1100000E-03  1.1000000E-03

  Flux (Part/sr/GeV/cmq/pr):

   15.34254     +/-    4.393126     % 

  Flux (Part/deg/GeV/cmq/pr):

   1.071111     +/-    4.393126     % 

  Energy interval (GeV):  1.1000000E-03  1.0899999E-03

  Flux (Part/sr/GeV/cmq/pr):

   15.05606     +/-    2.712605     % 

  Flux (Part/deg/GeV/cmq/pr):

   1.051111     +/-    2.712605     % 

  Energy interval (GeV):  1.0899999E-03  1.0800000E-03

  Flux (Part/sr/GeV/cmq/pr):

   14.75366     +/-    5.860594     % 

  Flux (Part/deg/GeV/cmq/pr):

   1.030000     +/-    5.860594     % 

  Energy interval (GeV):  1.0800000E-03  1.0700000E-03

  Flux (Part/sr/GeV/cmq/pr):

   14.57859     +/-    2.095671     % 

  Flux (Part/deg/GeV/cmq/pr):

   1.017778     +/-    2.095671     % 

  Energy interval (GeV):  1.0700000E-03  1.0599999E-03

  Flux (Part/sr/GeV/cmq/pr):

   15.70859     +/-    3.690085     % 

  Flux (Part/deg/GeV/cmq/pr):

   1.096667     +/-    3.690085     % 

  Energy interval (GeV):  1.0599999E-03  1.0500000E-03

  Flux (Part/sr/GeV/cmq/pr):

   14.73775     +/-   0.9099511     % 

  Flux (Part/deg/GeV/cmq/pr):

   1.028889     +/-   0.9099511     % 

  Energy interval (GeV):  1.0500000E-03  1.0400000E-03

  Flux (Part/sr/GeV/cmq/pr):

   15.35845     +/-    3.264660     % 

  Flux (Part/deg/GeV/cmq/pr):

   1.072222     +/-    3.264660     % 

  Energy interval (GeV):  1.0400000E-03  1.0299999E-03

  Flux (Part/sr/GeV/cmq/pr):

   15.43803     +/-    1.778164     % 

  Flux (Part/deg/GeV/cmq/pr):

   1.077778     +/-    1.778164     % 

  Energy interval (GeV):  1.0299999E-03  1.0200000E-03

  Flux (Part/sr/GeV/cmq/pr):

   15.77225     +/-    3.593947     % 

  Flux (Part/deg/GeV/cmq/pr):

   1.101111     +/-    3.593947     % 

  Energy interval (GeV):  1.0200000E-03  1.0100000E-03

  Flux (Part/sr/GeV/cmq/pr):

   14.51493     +/-    3.065276     % 

  Flux (Part/deg/GeV/cmq/pr):

   1.013333     +/-    3.065276     % 

  Energy interval (GeV):  1.0100000E-03  9.9999993E-04

  Flux (Part/sr/GeV/cmq/pr):

   14.57859     +/-    5.987969     % 

  Flux (Part/deg/GeV/cmq/pr):

   1.017778     +/-    5.987969     % 

  Energy interval (GeV):  9.9999993E-04  9.8999997E-04

  Flux (Part/sr/GeV/cmq/pr):

   14.70592     +/-    1.806095     % 

  Flux (Part/deg/GeV/cmq/pr):

   1.026667     +/-    1.806095     % 

  Energy interval (GeV):  9.8999997E-04  9.8000001E-04

  Flux (Part/sr/GeV/cmq/pr):

   13.76690     +/-    4.224006     % 

  Flux (Part/deg/GeV/cmq/pr):

  0.9611112     +/-    4.224006     % 

  Energy interval (GeV):  9.8000001E-04  9.6999999E-04

  Flux (Part/sr/GeV/cmq/pr):

   13.86240     +/-    1.168024     % 

  Flux (Part/deg/GeV/cmq/pr):

  0.9677778     +/-    1.168024     % 

  Energy interval (GeV):  9.6999999E-04  9.5999998E-04

  Flux (Part/sr/GeV/cmq/pr):

   15.05606     +/-    2.168951     % 

  Flux (Part/deg/GeV/cmq/pr):

   1.051111     +/-    2.168951     % 

  Energy interval (GeV):  9.5999998E-04  9.4999996E-04

  Flux (Part/sr/GeV/cmq/pr):

   15.51761     +/-    2.859865     % 

  Flux (Part/deg/GeV/cmq/pr):

   1.083333     +/-    2.859865     % 

  Energy interval (GeV):  9.4999996E-04  9.4000000E-04

  Flux (Part/sr/GeV/cmq/pr):

   13.52817     +/-    3.435012     % 

  Flux (Part/deg/GeV/cmq/pr):

  0.9444445     +/-    3.435012     % 

  Energy interval (GeV):  9.4000000E-04  9.2999998E-04

  Flux (Part/sr/GeV/cmq/pr):

   14.80141     +/-    3.925099     % 

  Flux (Part/deg/GeV/cmq/pr):

   1.033333     +/-    3.925099     % 

  Energy interval (GeV):  9.2999998E-04  9.1999996E-04

  Flux (Part/sr/GeV/cmq/pr):

   14.54676     +/-    2.405758     % 

  Flux (Part/deg/GeV/cmq/pr):

   1.015556     +/-    2.405758     % 

  Energy interval (GeV):  9.1999996E-04  9.1000000E-04

  Flux (Part/sr/GeV/cmq/pr):

   14.69000     +/-    4.566473     % 

  Flux (Part/deg/GeV/cmq/pr):

   1.025556     +/-    4.566473     % 

  Energy interval (GeV):  9.1000000E-04  8.9999998E-04

  Flux (Part/sr/GeV/cmq/pr):

   13.75099     +/-    3.564552     % 

  Flux (Part/deg/GeV/cmq/pr):

  0.9600000     +/-    3.564552     % 

  Energy interval (GeV):  8.9999998E-04  8.8999997E-04

  Flux (Part/sr/GeV/cmq/pr):

   14.16479     +/-    1.694730     % 

  Flux (Part/deg/GeV/cmq/pr):

  0.9888890     +/-    1.694730     % 

  Energy interval (GeV):  8.8999997E-04  8.7999995E-04

  Flux (Part/sr/GeV/cmq/pr):

   13.43268     +/-    3.836558     % 

  Flux (Part/deg/GeV/cmq/pr):

  0.9377778     +/-    3.836558     % 

  Energy interval (GeV):  8.7999995E-04  8.6999999E-04

  Flux (Part/sr/GeV/cmq/pr):

   13.70324     +/-    5.214853     % 

  Flux (Part/deg/GeV/cmq/pr):

  0.9566667     +/-    5.214853     % 

  Energy interval (GeV):  8.6999999E-04  8.5999997E-04

  Flux (Part/sr/GeV/cmq/pr):

   13.22578     +/-    3.730445     % 

  Flux (Part/deg/GeV/cmq/pr):

  0.9233334     +/-    3.730445     % 

  Energy interval (GeV):  8.5999997E-04  8.4999995E-04

  Flux (Part/sr/GeV/cmq/pr):

   13.57592     +/-    3.796984     % 

  Flux (Part/deg/GeV/cmq/pr):

  0.9477778     +/-    3.796984     % 

  Energy interval (GeV):  8.4999995E-04  8.3999999E-04

  Flux (Part/sr/GeV/cmq/pr):

   14.19662     +/-    2.232321     % 

  Flux (Part/deg/GeV/cmq/pr):

  0.9911112     +/-    2.232321     % 

  Energy interval (GeV):  8.3999999E-04  8.2999998E-04

  Flux (Part/sr/GeV/cmq/pr):

   12.95521     +/-    3.881948     % 

  Flux (Part/deg/GeV/cmq/pr):

  0.9044445     +/-    3.881948     % 

  Energy interval (GeV):  8.2999998E-04  8.1999996E-04

  Flux (Part/sr/GeV/cmq/pr):

   13.24169     +/-    2.129814     % 

  Flux (Part/deg/GeV/cmq/pr):

  0.9244445     +/-    2.129814     % 

  Energy interval (GeV):  8.1999996E-04  8.1000000E-04

  Flux (Part/sr/GeV/cmq/pr):

   13.11437     +/-    4.377352     % 

  Flux (Part/deg/GeV/cmq/pr):

  0.9155556     +/-    4.377352     % 

  Energy interval (GeV):  8.1000000E-04  7.9999998E-04

  Flux (Part/sr/GeV/cmq/pr):

   13.05070     +/-    2.911546     % 

  Flux (Part/deg/GeV/cmq/pr):

  0.9111112     +/-    2.911546     % 

  Energy interval (GeV):  7.9999998E-04  7.8999996E-04

  Flux (Part/sr/GeV/cmq/pr):

   12.92338     +/-    5.087414     % 

  Flux (Part/deg/GeV/cmq/pr):

  0.9022223     +/-    5.087414     % 

  Energy interval (GeV):  7.8999996E-04  7.8000000E-04

  Flux (Part/sr/GeV/cmq/pr):

   12.47775     +/-    3.235625     % 

  Flux (Part/deg/GeV/cmq/pr):

  0.8711112     +/-    3.235625     % 

  Energy interval (GeV):  7.8000000E-04  7.6999998E-04

  Flux (Part/sr/GeV/cmq/pr):

   13.17803     +/-    2.215452     % 

  Flux (Part/deg/GeV/cmq/pr):

  0.9200000     +/-    2.215452     % 

  Energy interval (GeV):  7.6999998E-04  7.5999997E-04

  Flux (Part/sr/GeV/cmq/pr):

   12.44592     +/-    3.918555     % 

  Flux (Part/deg/GeV/cmq/pr):

  0.8688889     +/-    3.918555     % 

  Energy interval (GeV):  7.5999997E-04  7.5000001E-04

  Flux (Part/sr/GeV/cmq/pr):

   12.78014     +/-    4.161155     % 

  Flux (Part/deg/GeV/cmq/pr):

  0.8922223     +/-    4.161155     % 

  Energy interval (GeV):  7.5000001E-04  7.3999999E-04

  Flux (Part/sr/GeV/cmq/pr):

   12.35042     +/-    5.029902     % 

  Flux (Part/deg/GeV/cmq/pr):

  0.8622223     +/-    5.029902     % 

  Energy interval (GeV):  7.3999999E-04  7.2999997E-04

  Flux (Part/sr/GeV/cmq/pr):

   12.84380     +/-    3.374287     % 

  Flux (Part/deg/GeV/cmq/pr):

  0.8966667     +/-    3.374287     % 

  Energy interval (GeV):  7.2999997E-04  7.2000001E-04

  Flux (Part/sr/GeV/cmq/pr):

   13.08254     +/-    4.247467     % 

  Flux (Part/deg/GeV/cmq/pr):

  0.9133334     +/-    4.247467     % 

  Energy interval (GeV):  7.2000001E-04  7.0999999E-04

  Flux (Part/sr/GeV/cmq/pr):

   12.01620     +/-    4.103824     % 

  Flux (Part/deg/GeV/cmq/pr):

  0.8388889     +/-    4.103824     % 

  Energy interval (GeV):  7.0999999E-04  6.9999998E-04

  Flux (Part/sr/GeV/cmq/pr):

   12.85972     +/-    2.593110     % 

  Flux (Part/deg/GeV/cmq/pr):

  0.8977779     +/-    2.593110     % 

  Energy interval (GeV):  6.9999998E-04  6.8999996E-04

  Flux (Part/sr/GeV/cmq/pr):

   12.58916     +/-    2.325963     % 

  Flux (Part/deg/GeV/cmq/pr):

  0.8788889     +/-    2.325963     % 

  Energy interval (GeV):  6.8999996E-04  6.8000000E-04

  Flux (Part/sr/GeV/cmq/pr):

   11.58648     +/-    2.918753     % 

  Flux (Part/deg/GeV/cmq/pr):

  0.8088889     +/-    2.918753     % 

  Energy interval (GeV):  6.8000000E-04  6.6999998E-04

  Flux (Part/sr/GeV/cmq/pr):

   13.36901     +/-    2.417870     % 

  Flux (Part/deg/GeV/cmq/pr):

  0.9333334     +/-    2.417870     % 

  Energy interval (GeV):  6.6999998E-04  6.5999996E-04

  Flux (Part/sr/GeV/cmq/pr):

   11.52282     +/-    3.264171     % 

  Flux (Part/deg/GeV/cmq/pr):

  0.8044445     +/-    3.264171     % 

  Energy interval (GeV):  6.5999996E-04  6.5000000E-04

  Flux (Part/sr/GeV/cmq/pr):

   11.85704     +/-    4.349490     % 

  Flux (Part/deg/GeV/cmq/pr):

  0.8277778     +/-    4.349490     % 

  Energy interval (GeV):  6.5000000E-04  6.3999998E-04

  Flux (Part/sr/GeV/cmq/pr):

   12.20718     +/-    5.385894     % 

  Flux (Part/deg/GeV/cmq/pr):

  0.8522223     +/-    5.385894     % 

  Energy interval (GeV):  6.3999998E-04  6.2999997E-04

  Flux (Part/sr/GeV/cmq/pr):

   11.90479     +/-    4.878306     % 

  Flux (Part/deg/GeV/cmq/pr):

  0.8311111     +/-    4.878306     % 

  Energy interval (GeV):  6.2999997E-04  6.2000001E-04

  Flux (Part/sr/GeV/cmq/pr):

   11.93662     +/-    1.316561     % 

  Flux (Part/deg/GeV/cmq/pr):

  0.8333334     +/-    1.316561     % 

  Energy interval (GeV):  6.2000001E-04  6.0999999E-04

  Flux (Part/sr/GeV/cmq/pr):

   12.04803     +/-    3.899760     % 

  Flux (Part/deg/GeV/cmq/pr):

  0.8411111     +/-    3.899760     % 

  Energy interval (GeV):  6.0999999E-04  5.9999997E-04

  Flux (Part/sr/GeV/cmq/pr):

   11.30000     +/-    5.777223     % 

  Flux (Part/deg/GeV/cmq/pr):

  0.7888889     +/-    5.777223     % 

  Energy interval (GeV):  5.9999997E-04  5.9000001E-04

  Flux (Part/sr/GeV/cmq/pr):

   11.72972     +/-    4.218259     % 

  Flux (Part/deg/GeV/cmq/pr):

  0.8188890     +/-    4.218259     % 

  Energy interval (GeV):  5.9000001E-04  5.7999999E-04

  Flux (Part/sr/GeV/cmq/pr):

   11.53873     +/-    5.645071     % 

  Flux (Part/deg/GeV/cmq/pr):

  0.8055556     +/-    5.645071     % 

  Energy interval (GeV):  5.7999999E-04  5.6999997E-04

  Flux (Part/sr/GeV/cmq/pr):

   11.25225     +/-    3.759557     % 

  Flux (Part/deg/GeV/cmq/pr):

  0.7855556     +/-    3.759557     % 

  Energy interval (GeV):  5.6999997E-04  5.5999996E-04

  Flux (Part/sr/GeV/cmq/pr):

   11.68197     +/-    4.556401     % 

  Flux (Part/deg/GeV/cmq/pr):

  0.8155556     +/-    4.556401     % 

  Energy interval (GeV):  5.5999996E-04  5.5000000E-04

  Flux (Part/sr/GeV/cmq/pr):

   10.67930     +/-    3.728762     % 

  Flux (Part/deg/GeV/cmq/pr):

  0.7455556     +/-    3.728762     % 

  Energy interval (GeV):  5.5000000E-04  5.3999998E-04

  Flux (Part/sr/GeV/cmq/pr):

   10.05859     +/-    1.135498     % 

  Flux (Part/deg/GeV/cmq/pr):

  0.7022222     +/-    1.135498     % 

  Energy interval (GeV):  5.3999998E-04  5.2999996E-04

  Flux (Part/sr/GeV/cmq/pr):

   10.52014     +/-    3.731891     % 

  Flux (Part/deg/GeV/cmq/pr):

  0.7344445     +/-    3.731891     % 

  Energy interval (GeV):  5.2999996E-04  5.2000000E-04

  Flux (Part/sr/GeV/cmq/pr):

   9.676620     +/-    2.879465     % 

  Flux (Part/deg/GeV/cmq/pr):

  0.6755556     +/-    2.879465     % 

  Energy interval (GeV):  5.2000000E-04  5.0999998E-04

  Flux (Part/sr/GeV/cmq/pr):

   59.69902     +/-    2.213868     % 

  Flux (Part/deg/GeV/cmq/pr):

   4.167778     +/-    2.213868     % 

  Energy interval (GeV):  5.0999998E-04  4.9999997E-04

  Flux (Part/sr/GeV/cmq/pr):

   11.68197     +/-    4.667082     % 

  Flux (Part/deg/GeV/cmq/pr):

  0.8155556     +/-    4.667082     % 

  Energy interval (GeV):  4.9999997E-04  4.9000001E-04

  Flux (Part/sr/GeV/cmq/pr):

   11.01352     +/-    3.252248     % 

  Flux (Part/deg/GeV/cmq/pr):

  0.7688890     +/-    3.252248     % 

  Energy interval (GeV):  4.9000001E-04  4.7999999E-04

  Flux (Part/sr/GeV/cmq/pr):

   11.01352     +/-    4.521529     % 

  Flux (Part/deg/GeV/cmq/pr):

  0.7688890     +/-    4.521529     % 

  Energy interval (GeV):  4.7999999E-04  4.7000000E-04

  Flux (Part/sr/GeV/cmq/pr):

   10.58380     +/-    2.782972     % 

  Flux (Part/deg/GeV/cmq/pr):

  0.7388889     +/-    2.782972     % 

  Energy interval (GeV):  4.7000000E-04  4.5999998E-04

  Flux (Part/sr/GeV/cmq/pr):

   9.994930     +/-    3.913442     % 

  Flux (Part/deg/GeV/cmq/pr):

  0.6977778     +/-    3.913442     % 

  Energy interval (GeV):  4.5999998E-04  4.4999999E-04

  Flux (Part/sr/GeV/cmq/pr):

   10.74296     +/-    3.567880     % 

  Flux (Part/deg/GeV/cmq/pr):

  0.7500001     +/-    3.567880     % 

  Energy interval (GeV):  4.4999999E-04  4.3999997E-04

  Flux (Part/sr/GeV/cmq/pr):

   10.13817     +/-    6.992483     % 

  Flux (Part/deg/GeV/cmq/pr):

  0.7077779     +/-    6.992483     % 

  Energy interval (GeV):  4.3999997E-04  4.2999999E-04

  Flux (Part/sr/GeV/cmq/pr):

   10.02676     +/-    5.192200     % 

  Flux (Part/deg/GeV/cmq/pr):

  0.7000000     +/-    5.192200     % 

  Energy interval (GeV):  4.2999999E-04  4.2000000E-04

  Flux (Part/sr/GeV/cmq/pr):

   10.36099     +/-    2.653942     % 

  Flux (Part/deg/GeV/cmq/pr):

  0.7233334     +/-    2.653942     % 

  Energy interval (GeV):  4.2000000E-04  4.0999998E-04

  Flux (Part/sr/GeV/cmq/pr):

   9.167325     +/-    6.122100     % 

  Flux (Part/deg/GeV/cmq/pr):

  0.6400000     +/-    6.122100     % 

  Energy interval (GeV):  4.0999998E-04  3.9999999E-04

  Flux (Part/sr/GeV/cmq/pr):

   8.976338     +/-    2.178759     % 

  Flux (Part/deg/GeV/cmq/pr):

  0.6266667     +/-    2.178759     % 

  Energy interval (GeV):  3.9999999E-04  3.9000000E-04

  Flux (Part/sr/GeV/cmq/pr):

   9.517466     +/-    3.909254     % 

  Flux (Part/deg/GeV/cmq/pr):

  0.6644445     +/-    3.909254     % 

  Energy interval (GeV):  3.9000000E-04  3.7999998E-04

  Flux (Part/sr/GeV/cmq/pr):

   9.644790     +/-    2.874795     % 

  Flux (Part/deg/GeV/cmq/pr):

  0.6733333     +/-    2.874795     % 

  Energy interval (GeV):  3.7999998E-04  3.6999999E-04

  Flux (Part/sr/GeV/cmq/pr):

   9.246902     +/-    3.059618     % 

  Flux (Part/deg/GeV/cmq/pr):

  0.6455556     +/-    3.059618     % 

  Energy interval (GeV):  3.6999999E-04  3.6000001E-04

  Flux (Part/sr/GeV/cmq/pr):

   9.644790     +/-    4.835012     % 

  Flux (Part/deg/GeV/cmq/pr):

  0.6733333     +/-    4.835012     % 

  Energy interval (GeV):  3.6000001E-04  3.4999999E-04

  Flux (Part/sr/GeV/cmq/pr):

   9.947184     +/-   0.9121401     % 

  Flux (Part/deg/GeV/cmq/pr):

  0.6944445     +/-   0.9121401     % 

  Energy interval (GeV):  3.4999999E-04  3.4000000E-04

  Flux (Part/sr/GeV/cmq/pr):

   9.453804     +/-    4.496872     % 

  Flux (Part/deg/GeV/cmq/pr):

  0.6600000     +/-    4.496872     % 

  Energy interval (GeV):  3.4000000E-04  3.2999998E-04

  Flux (Part/sr/GeV/cmq/pr):

   9.851691     +/-    2.049852     % 

  Flux (Part/deg/GeV/cmq/pr):

  0.6877778     +/-    2.049852     % 

  Energy interval (GeV):  3.2999998E-04  3.1999999E-04

  Flux (Part/sr/GeV/cmq/pr):

   9.453804     +/-    4.401319     % 

  Flux (Part/deg/GeV/cmq/pr):

  0.6600000     +/-    4.401319     % 

  Energy interval (GeV):  3.1999999E-04  3.1000000E-04

  Flux (Part/sr/GeV/cmq/pr):

   10.12225     +/-    5.103407     % 

  Flux (Part/deg/GeV/cmq/pr):

  0.7066667     +/-    5.103407     % 

  Energy interval (GeV):  3.1000000E-04  2.9999999E-04

  Flux (Part/sr/GeV/cmq/pr):

   9.994930     +/-    3.326845     % 

  Flux (Part/deg/GeV/cmq/pr):

  0.6977778     +/-    3.326845     % 

  Energy interval (GeV):  2.9999999E-04  2.9000000E-04

  Flux (Part/sr/GeV/cmq/pr):

   9.819860     +/-    2.531686     % 

  Flux (Part/deg/GeV/cmq/pr):

  0.6855556     +/-    2.531686     % 

  Energy interval (GeV):  2.9000000E-04  2.7999998E-04

  Flux (Part/sr/GeV/cmq/pr):

   10.47239     +/-    5.095154     % 

  Flux (Part/deg/GeV/cmq/pr):

  0.7311112     +/-    5.095154     % 

  Energy interval (GeV):  2.7999998E-04  2.6999999E-04

  Flux (Part/sr/GeV/cmq/pr):

   10.48831     +/-    4.497648     % 

  Flux (Part/deg/GeV/cmq/pr):

  0.7322223     +/-    4.497648     % 

  Energy interval (GeV):  2.6999999E-04  2.6000000E-04

  Flux (Part/sr/GeV/cmq/pr):

   10.45648     +/-    4.695037     % 

  Flux (Part/deg/GeV/cmq/pr):

  0.7300001     +/-    4.695037     % 

  Energy interval (GeV):  2.6000000E-04  2.4999998E-04

  Flux (Part/sr/GeV/cmq/pr):

   11.41141     +/-    4.369442     % 

  Flux (Part/deg/GeV/cmq/pr):

  0.7966667     +/-    4.369442     % 

  Energy interval (GeV):  2.4999998E-04  2.3999999E-04

  Flux (Part/sr/GeV/cmq/pr):

   10.45648     +/-    3.686114     % 

  Flux (Part/deg/GeV/cmq/pr):

  0.7300000     +/-    3.686114     % 

  Energy interval (GeV):  2.3999999E-04  2.2999999E-04

  Flux (Part/sr/GeV/cmq/pr):

   11.02944     +/-    4.853936     % 

  Flux (Part/deg/GeV/cmq/pr):

  0.7700000     +/-    4.853936     % 

  Energy interval (GeV):  2.2999999E-04  2.1999999E-04

  Flux (Part/sr/GeV/cmq/pr):

   11.07718     +/-    4.607792     % 

  Flux (Part/deg/GeV/cmq/pr):

  0.7733334     +/-    4.607792     % 

  Energy interval (GeV):  2.1999999E-04  2.1000000E-04

  Flux (Part/sr/GeV/cmq/pr):

   11.17268     +/-    4.411357     % 

  Flux (Part/deg/GeV/cmq/pr):

  0.7800000     +/-    4.411357     % 

  Energy interval (GeV):  2.1000000E-04  1.9999999E-04

  Flux (Part/sr/GeV/cmq/pr):

   11.77747     +/-    5.959751     % 

  Flux (Part/deg/GeV/cmq/pr):

  0.8222223     +/-    5.959751     % 

  Energy interval (GeV):  1.9999999E-04  1.8999999E-04

  Flux (Part/sr/GeV/cmq/pr):

   11.90479     +/-    4.091214     % 

  Flux (Part/deg/GeV/cmq/pr):

  0.8311111     +/-    4.091214     % 

  Energy interval (GeV):  1.8999999E-04  1.8000000E-04

  Flux (Part/sr/GeV/cmq/pr):

   11.55465     +/-    3.225905     % 

  Flux (Part/deg/GeV/cmq/pr):

  0.8066667     +/-    3.225905     % 

  Energy interval (GeV):  1.8000000E-04  1.7000000E-04

  Flux (Part/sr/GeV/cmq/pr):

   10.64747     +/-    3.191953     % 

  Flux (Part/deg/GeV/cmq/pr):

  0.7433334     +/-    3.191953     % 

  Energy interval (GeV):  1.7000000E-04  1.6000000E-04

  Flux (Part/sr/GeV/cmq/pr):

   11.34775     +/-    4.617693     % 

  Flux (Part/deg/GeV/cmq/pr):

  0.7922223     +/-    4.617693     % 

  Energy interval (GeV):  1.6000000E-04  1.4999999E-04

  Flux (Part/sr/GeV/cmq/pr):

   9.628874     +/-    2.520322     % 

  Flux (Part/deg/GeV/cmq/pr):

  0.6722223     +/-    2.520322     % 

  Energy interval (GeV):  1.4999999E-04  1.3999999E-04

  Flux (Part/sr/GeV/cmq/pr):

   8.880846     +/-    5.927539     % 

  Flux (Part/deg/GeV/cmq/pr):

  0.6200000     +/-    5.927539     % 

  Energy interval (GeV):  1.3999999E-04  1.3000000E-04

  Flux (Part/sr/GeV/cmq/pr):

   8.482959     +/-    5.498817     % 

  Flux (Part/deg/GeV/cmq/pr):

  0.5922223     +/-    5.498817     % 

  Energy interval (GeV):  1.3000000E-04  1.2000000E-04

  Flux (Part/sr/GeV/cmq/pr):

   6.366198     +/-    7.905694     % 

  Flux (Part/deg/GeV/cmq/pr):

  0.4444445     +/-    7.905694     % 

  Energy interval (GeV):  1.2000000E-04  1.0999999E-04

  Flux (Part/sr/GeV/cmq/pr):

   5.188451     +/-    5.848367     % 

  Flux (Part/deg/GeV/cmq/pr):

  0.3622223     +/-    5.848367     % 

  Energy interval (GeV):  1.0999999E-04  9.9999997E-05

  Flux (Part/sr/GeV/cmq/pr):

   3.326338     +/-    2.769340     % 

  Flux (Part/deg/GeV/cmq/pr):

  0.2322222     +/-    2.769340     % 

  Energy interval (GeV):  9.9999997E-05  9.0000001E-05

  Flux (Part/sr/GeV/cmq/pr):

   2.371409     +/-    7.607909     % 

  Flux (Part/deg/GeV/cmq/pr):

  0.1655556     +/-    7.607909     % 

  Energy interval (GeV):  9.0000001E-05  7.9999998E-05

  Flux (Part/sr/GeV/cmq/pr):

   1.559718     +/-    10.77485     % 

  Flux (Part/deg/GeV/cmq/pr):

  0.1088889     +/-    10.77485     % 

  Energy interval (GeV):  7.9999998E-05  6.9999995E-05

  Flux (Part/sr/GeV/cmq/pr):

   1.034507     +/-    20.49679     % 

  Flux (Part/deg/GeV/cmq/pr):

  7.2222225E-02 +/-    20.49679     % 

  Energy interval (GeV):  6.9999995E-05  5.9999998E-05

  Flux (Part/sr/GeV/cmq/pr):

  0.6684508     +/-    22.14414     % 

  Flux (Part/deg/GeV/cmq/pr):

  4.6666667E-02 +/-    22.14414     % 

  Energy interval (GeV):  5.9999998E-05  4.9999999E-05

  Flux (Part/sr/GeV/cmq/pr):

  0.5888733     +/-    12.53192     % 

  Flux (Part/deg/GeV/cmq/pr):

  4.1111112E-02 +/-    12.53192     % 

  Energy interval (GeV):  4.9999999E-05  3.9999999E-05

  Flux (Part/sr/GeV/cmq/pr):

  0.5252113     +/-    7.725787     % 

  Flux (Part/deg/GeV/cmq/pr):

  3.6666669E-02 +/-    7.725787     % 

  Energy interval (GeV):  3.9999999E-05  2.9999999E-05

  Flux (Part/sr/GeV/cmq/pr):

  0.2228169     +/-    34.62629     % 

  Flux (Part/deg/GeV/cmq/pr):

  1.5555556E-02 +/-    34.62629     % 

  Energy interval (GeV):  2.9999999E-05  1.9999999E-05

  Flux (Part/sr/GeV/cmq/pr):

  9.5492966E-02 +/-    48.59127     % 

  Flux (Part/deg/GeV/cmq/pr):

  6.6666668E-03 +/-    48.59127     % 

  Energy interval (GeV):  1.9999999E-05  9.9999997E-06

  Flux (Part/sr/GeV/cmq/pr):

  4.7746480E-02 +/-    66.66666     % 

  Flux (Part/deg/GeV/cmq/pr):

  3.3333334E-03 +/-    66.66666     % 

  Energy interval (GeV):  9.9999997E-06   0.000000    

  Flux (Part/sr/GeV/cmq/pr):

   0.000000     +/-    0.000000     % 

  Flux (Part/deg/GeV/cmq/pr):

   0.000000     +/-    0.000000     % 
