  **** hpge2021new_22.bnx ****

  Simulation of HPGe detector for gamma detection v2021                           

  Total primaries run:         1000000
   Total weight of the primaries run:   1000000.00    


  Detector n:            1 (           1 )  targam    
     (Area:            1.00000000      cmq,
      distr. scored:           7    ,
      from reg.           7  to            4 ,
      one way scoring,
      current scoring)

     Tot. resp. (Part/cmq/pr)  0.5353420      +/-  6.1633747E-02 %
     ( -->      (Part/pr)      0.5353420      +/-  6.1633747E-02 % )

  **** Different. Fluxes as a function of energy **** ****      (integrated over solid angle)        ****


  Energy boundaries (GeV):

  3.0000000E-03  2.9899999E-03  2.9799999E-03  2.9700000E-03  2.9600000E-03
  2.9499999E-03  2.9400000E-03  2.9300000E-03  2.9199999E-03  2.9100000E-03
  2.9000000E-03  2.8899999E-03  2.8800000E-03  2.8700000E-03  2.8599999E-03
  2.8499998E-03  2.8400000E-03  2.8299999E-03  2.8199998E-03  2.8100000E-03
  2.7999999E-03  2.7899998E-03  2.7800000E-03  2.7699999E-03  2.7599998E-03
  2.7500000E-03  2.7399999E-03  2.7299998E-03  2.7200000E-03  2.7099999E-03
  2.6999998E-03  2.6900000E-03  2.6799999E-03  2.6699998E-03  2.6600000E-03
  2.6499999E-03  2.6399998E-03  2.6300000E-03  2.6199999E-03  2.6099999E-03
  2.6000000E-03  2.5899999E-03  2.5799999E-03  2.5700000E-03  2.5599999E-03
  2.5499999E-03  2.5400000E-03  2.5299999E-03  2.5199999E-03  2.5100000E-03
  2.4999999E-03  2.4899999E-03  2.4800000E-03  2.4699999E-03  2.4599999E-03
  2.4500000E-03  2.4400000E-03  2.4299999E-03  2.4200000E-03  2.4100000E-03
  2.3999999E-03  2.3900000E-03  2.3800000E-03  2.3699999E-03  2.3600000E-03
  2.3500000E-03  2.3399999E-03  2.3300000E-03  2.3200000E-03  2.3099999E-03
  2.3000001E-03  2.2900000E-03  2.2799999E-03  2.2700001E-03  2.2600000E-03
  2.2499999E-03  2.2399998E-03  2.2300000E-03  2.2199999E-03  2.2099998E-03
  2.2000000E-03  2.1899999E-03  2.1799998E-03  2.1700000E-03  2.1599999E-03
  2.1499998E-03  2.1400000E-03  2.1299999E-03  2.1199998E-03  2.1100000E-03
  2.0999999E-03  2.0899998E-03  2.0800000E-03  2.0699999E-03  2.0599999E-03
  2.0500000E-03  2.0399999E-03  2.0299999E-03  2.0200000E-03  2.0099999E-03
  1.9999999E-03  1.9900000E-03  1.9799999E-03  1.9699999E-03  1.9600000E-03
  1.9499999E-03  1.9400000E-03  1.9299999E-03  1.9200000E-03  1.9100000E-03
  1.8999999E-03  1.8900000E-03  1.8800000E-03  1.8699999E-03  1.8600000E-03
  1.8500000E-03  1.8399999E-03  1.8300000E-03  1.8200000E-03  1.8099999E-03
  1.8000000E-03  1.7900000E-03  1.7799999E-03  1.7700000E-03  1.7599999E-03
  1.7499999E-03  1.7400000E-03  1.7299999E-03  1.7199999E-03  1.7100000E-03
  1.6999999E-03  1.6899999E-03  1.6800000E-03  1.6699999E-03  1.6600000E-03
  1.6500000E-03  1.6399999E-03  1.6300000E-03  1.6200000E-03  1.6099999E-03
  1.6000000E-03  1.5900000E-03  1.5799999E-03  1.5700000E-03  1.5600000E-03
  1.5499999E-03  1.5400000E-03  1.5300000E-03  1.5199999E-03  1.5100000E-03
  1.5000000E-03  1.4899999E-03  1.4800000E-03  1.4700000E-03  1.4599999E-03
  1.4500000E-03  1.4400000E-03  1.4299999E-03  1.4200000E-03  1.4099999E-03
  1.4000000E-03  1.3900000E-03  1.3799999E-03  1.3700000E-03  1.3600000E-03
  1.3499999E-03  1.3400000E-03  1.3300000E-03  1.3199999E-03  1.3100000E-03
  1.3000000E-03  1.2899999E-03  1.2800000E-03  1.2700000E-03  1.2599999E-03
  1.2500000E-03  1.2400000E-03  1.2299999E-03  1.2200000E-03  1.2100000E-03
  1.1999999E-03  1.1900000E-03  1.1800000E-03  1.1699999E-03  1.1600000E-03
  1.1500000E-03  1.1399999E-03  1.1300000E-03  1.1199999E-03  1.1100000E-03
  1.1000000E-03  1.0899999E-03  1.0800000E-03  1.0700000E-03  1.0599999E-03
  1.0500000E-03  1.0400000E-03  1.0299999E-03  1.0200000E-03  1.0100000E-03
  9.9999993E-04  9.8999997E-04  9.8000001E-04  9.6999999E-04  9.5999998E-04
  9.4999996E-04  9.4000000E-04  9.2999998E-04  9.1999996E-04  9.1000000E-04
  8.9999998E-04  8.8999997E-04  8.7999995E-04  8.6999999E-04  8.5999997E-04
  8.4999995E-04  8.3999999E-04  8.2999998E-04  8.1999996E-04  8.1000000E-04
  7.9999998E-04  7.8999996E-04  7.8000000E-04  7.6999998E-04  7.5999997E-04
  7.5000001E-04  7.3999999E-04  7.2999997E-04  7.2000001E-04  7.0999999E-04
  6.9999998E-04  6.8999996E-04  6.8000000E-04  6.6999998E-04  6.5999996E-04
  6.5000000E-04  6.3999998E-04  6.2999997E-04  6.2000001E-04  6.0999999E-04
  5.9999997E-04  5.9000001E-04  5.7999999E-04  5.6999997E-04  5.5999996E-04
  5.5000000E-04  5.3999998E-04  5.2999996E-04  5.2000000E-04  5.0999998E-04
  4.9999997E-04  4.9000001E-04  4.7999999E-04  4.7000000E-04  4.5999998E-04
  4.4999999E-04  4.3999997E-04  4.2999999E-04  4.2000000E-04  4.0999998E-04
  3.9999999E-04  3.9000000E-04  3.7999998E-04  3.6999999E-04  3.6000001E-04
  3.4999999E-04  3.4000000E-04  3.2999998E-04  3.1999999E-04  3.1000000E-04
  2.9999999E-04  2.9000000E-04  2.7999998E-04  2.6999999E-04  2.6000000E-04
  2.4999998E-04  2.3999999E-04  2.2999999E-04  2.1999999E-04  2.1000000E-04
  1.9999999E-04  1.8999999E-04  1.8000000E-04  1.7000000E-04  1.6000000E-04
  1.4999999E-04  1.3999999E-04  1.3000000E-04  1.2000000E-04  1.0999999E-04
  9.9999997E-05  9.0000001E-05  7.9999998E-05  6.9999995E-05  5.9999998E-05
  4.9999999E-05  3.9999999E-05  2.9999999E-05  1.9999999E-05  9.9999997E-06
  Lowest boundary   (GeV):   0.000000    

  Flux (Part/GeV/cmq/pr):

   0.000000     +/-    0.000000     %    0.000000     +/-    0.000000     % 
   0.000000     +/-    0.000000     %    0.000000     +/-    0.000000     % 
   0.000000     +/-    0.000000     %    0.000000     +/-    0.000000     % 
   0.000000     +/-    0.000000     %    0.000000     +/-    0.000000     % 
   0.000000     +/-    0.000000     %    0.000000     +/-    0.000000     % 
   0.000000     +/-    0.000000     %    0.000000     +/-    0.000000     % 
   0.000000     +/-    0.000000     %    0.000000     +/-    0.000000     % 
   0.000000     +/-    0.000000     %    0.000000     +/-    0.000000     % 
   0.000000     +/-    0.000000     %    0.000000     +/-    0.000000     % 
   0.000000     +/-    0.000000     %    0.000000     +/-    0.000000     % 
   0.000000     +/-    0.000000     %    0.000000     +/-    0.000000     % 
   0.000000     +/-    0.000000     %    0.000000     +/-    0.000000     % 
   0.000000     +/-    0.000000     %    0.000000     +/-    0.000000     % 
   0.000000     +/-    0.000000     %    0.000000     +/-    0.000000     % 
   0.000000     +/-    0.000000     %    0.000000     +/-    0.000000     % 
   0.000000     +/-    0.000000     %    0.000000     +/-    0.000000     % 
   0.000000     +/-    0.000000     %    0.000000     +/-    0.000000     % 
   0.000000     +/-    0.000000     %    0.000000     +/-    0.000000     % 
   0.000000     +/-    0.000000     %    0.000000     +/-    0.000000     % 
   0.000000     +/-    0.000000     %    34023.90     +/-   3.1269252E-02 % 
   93.40000     +/-    2.641090     %    98.30000     +/-    3.736392     % 
   100.1000     +/-    2.922825     %    97.80000     +/-    3.522046     % 
   97.40000     +/-    2.174314     %    97.20000     +/-    2.405077     % 
   95.10000     +/-    3.058472     %    99.30000     +/-    2.474966     % 
   101.4000     +/-    3.104553     %    99.90000     +/-    3.878152     % 
   97.80000     +/-    2.272608     %    100.6000     +/-    2.333338     % 
   103.5000     +/-    2.878351     %    100.8000     +/-    4.257212     % 
   100.4000     +/-    3.251957     %    99.00000     +/-    2.812002     % 
   98.30000     +/-    3.895717     %    98.70000     +/-    4.458528     % 
   103.3000     +/-    3.142823     %    104.0000     +/-    3.545979     % 
   98.80000     +/-    2.944805     %    99.70000     +/-    2.022251     % 
   97.40000     +/-    2.818270     %    101.6000     +/-    1.989310     % 
   98.70000     +/-    3.912860     %    91.50000     +/-    2.978017     % 
   103.6000     +/-    4.099192     %    97.80000     +/-    4.273124     % 
   93.90000     +/-    3.083797     %    97.80000     +/-    1.760651     % 
   86.50000     +/-    2.692675     %    94.90000     +/-    4.512054     % 
   94.40000     +/-    3.470794     %    98.00000     +/-    3.807777     % 
   95.00000     +/-    2.513123     %    95.60000     +/-    2.828138     % 
   91.20000     +/-   0.7868803     %    93.50000     +/-    1.829158     % 
   87.30000     +/-    4.092570     %    91.50000     +/-    3.628843     % 
   89.70000     +/-    2.446277     %    86.30000     +/-    4.184350     % 
   89.50000     +/-    4.398888     %    87.20000     +/-    4.941183     % 
   89.20000     +/-    3.042437     %    86.10001     +/-    3.471716     % 
   79.60000     +/-    1.919687     %    86.20000     +/-    1.291826     % 
   87.00000     +/-    1.853393     %    83.40000     +/-    3.291362     % 
   83.80000     +/-    3.103773     %    82.80000     +/-    3.360007     % 
   82.90000     +/-    2.869814     %    79.10000     +/-    1.102123     % 
   86.90000     +/-    2.484124     %    83.90000     +/-    2.272429     % 
   78.30000     +/-    5.186193     %    82.90000     +/-    2.084096     % 
   87.10001     +/-    1.754387     %    84.00000     +/-    5.064773     % 
   78.00000     +/-    2.424060     %    83.40000     +/-    3.969532     % 
   82.40000     +/-    2.165846     %    77.30000     +/-    5.574013     % 
   83.20000     +/-   0.7742860     %    80.30000     +/-    3.110834     % 
   79.90000     +/-    2.613344     %    75.60000     +/-    3.282981     % 
   77.70000     +/-    4.818097     %    79.80000     +/-    5.432009     % 
   80.50000     +/-    3.947888     %    74.00000     +/-    3.600786     % 
   77.80000     +/-    7.146692     %    79.60000     +/-    2.804914     % 
   74.90000     +/-    4.797128     %    77.00000     +/-    3.233740     % 
   78.60000     +/-    2.314683     %    70.20000     +/-    2.564102     % 
   78.60000     +/-    3.907945     %    76.00000     +/-    3.462551     % 
   77.80000     +/-    2.357832     %    70.90000     +/-    3.407017     % 
   75.70000     +/-    3.572820     %    80.60001     +/-    4.818786     % 
   74.30000     +/-    4.650647     %    72.30000     +/-    2.665882     % 
   77.10000     +/-    3.427904     %    77.30000     +/-    2.982442     % 
   75.70000     +/-    2.775680     %    77.20000     +/-    3.356647     % 
   72.50000     +/-    4.415948     %    70.80000     +/-    2.749706     % 
   71.40000     +/-    3.280122     %    73.20000     +/-    2.837783     % 
   77.80000     +/-    6.508478     %    66.10000     +/-    1.423215     % 
   73.00000     +/-    2.873448     %    74.60001     +/-    4.793045     % 
   69.60001     +/-    4.234241     %    71.30000     +/-    5.699672     % 
   75.80000     +/-    5.026196     %    74.10000     +/-    5.817857     % 
   72.10000     +/-    6.215851     %    70.30000     +/-    2.814561     % 
   71.50000     +/-    3.150736     %    72.90000     +/-    4.603007     % 
   73.80000     +/-    3.639667     %    70.50000     +/-    3.567313     % 
   73.10001     +/-    3.023533     %    70.30000     +/-    4.014556     % 
   70.30000     +/-    3.531923     %    73.00000     +/-    6.818424     % 
   68.30000     +/-    1.171303     %    67.90000     +/-    4.155151     % 
   70.70000     +/-    3.692441     %    71.20000     +/-    2.585949     % 
   72.00000     +/-    3.257233     %    72.90000     +/-    4.134614     % 
   71.30000     +/-    2.638833     %    66.90000     +/-    4.681752     % 
   76.70000     +/-    3.903730     %    68.80000     +/-    2.305052     % 
   73.60001     +/-    2.686646     %    72.80000     +/-    1.949872     % 
   71.50000     +/-    3.855678     %    69.80000     +/-    2.414370     % 
   74.20000     +/-    3.386746     %    71.20000     +/-    3.501390     % 
   68.60000     +/-    4.332905     %    70.50000     +/-    2.898271     % 
   73.30000     +/-    2.792562     %    71.80000     +/-    4.407588     % 
   70.40000     +/-    4.865964     %    71.50000     +/-    3.181625     % 
   69.30000     +/-    3.780830     %    74.90000     +/-    3.534899     % 
   73.30000     +/-    3.904253     %    70.00000     +/-    3.447863     % 
   73.80000     +/-    3.757568     %    71.80000     +/-    2.141860     % 
   67.90000     +/-    4.802850     %    74.00000     +/-    2.694243     % 
   64.40000     +/-    2.484473     %    67.80000     +/-    3.416294     % 
   67.30000     +/-   0.7279313     %    70.30000     +/-    5.219728     % 
   65.90000     +/-    5.446992     %    65.20000     +/-    3.185979     % 
   66.60001     +/-    3.808905     %    70.90000     +/-    3.941661     % 
   64.20000     +/-    3.657951     %    73.20000     +/-    1.865641     % 
   69.20000     +/-    3.276239     %    66.70000     +/-    3.870565     % 
   66.30000     +/-    2.575171     %    68.50000     +/-    5.083354     % 
   68.30000     +/-    4.046933     %    66.80000     +/-    2.980885     % 
   66.10000     +/-    2.360740     %    69.30000     +/-    2.587361     % 
   66.30000     +/-    3.886606     %    66.50000     +/-    5.447886     % 
   67.40000     +/-   0.8587413     %    70.50000     +/-    3.318966     % 
   63.40000     +/-    4.372529     %    67.80000     +/-    3.676977     % 
   67.80000     +/-    3.202662     %    66.00000     +/-    3.972761     % 
   67.90000     +/-    3.706837     %    67.30000     +/-    2.725697     % 
   62.20000     +/-    4.718862     %    62.80000     +/-    1.959958     % 
   62.20000     +/-    3.241455     %    66.00000     +/-    3.001760     % 
   66.60000     +/-    3.896679     %    60.10000     +/-    3.139429     % 
   61.80000     +/-    6.201867     %    69.50000     +/-    2.983661     % 
   64.60000     +/-    4.076531     %    65.70000     +/-    1.677734     % 
   61.20000     +/-    3.784717     %    66.90000     +/-    1.592473     % 
   65.70000     +/-    4.657883     %    62.50000     +/-    4.374472     % 
   60.70000     +/-    1.182265     %    62.10000     +/-    4.278690     % 
   62.70000     +/-    4.063075     %    62.10000     +/-    7.563297     % 
   62.80000     +/-    4.437222     %    60.10000     +/-    2.688102     % 
   63.10000     +/-    3.318605     %    64.30000     +/-    4.402920     % 
   58.60000     +/-    4.605927     %    62.30000     +/-    1.732508     % 
   61.90000     +/-    3.851897     %    64.10000     +/-    3.517933     % 
   57.90000     +/-    2.552978     %    59.00000     +/-    8.461855     % 
   56.60000     +/-    2.921878     %    56.60000     +/-    2.551153     % 
   57.60000     +/-    4.084476     %    58.00000     +/-    4.454486     % 
   56.90000     +/-    5.539515     %    59.20000     +/-    4.752299     % 
   54.00000     +/-    1.756820     %    53.80000     +/-    4.295249     % 
   58.50000     +/-    4.804605     %    51.10000     +/-    6.456443     % 
   778.4000     +/-    1.746110     %    66.80000     +/-    4.171520     % 
   65.10001     +/-    3.253122     %    69.20000     +/-    3.315837     % 
   63.80000     +/-    2.676078     %    70.00000     +/-    3.704658     % 
   64.00000     +/-    2.974912     %    63.40000     +/-    3.834463     % 
   64.00000     +/-    1.330423     %    60.60000     +/-    4.103905     % 
   64.80000     +/-    2.373235     %    63.50000     +/-    5.960375     % 
   66.40000     +/-    6.283929     %    66.10000     +/-    4.695961     % 
   63.60000     +/-    5.281943     %    67.80000     +/-    3.319404     % 
   69.20000     +/-    3.027793     %    67.70000     +/-    2.837426     % 
   65.70000     +/-    3.391520     %    69.10001     +/-    3.303246     % 
   69.10001     +/-    2.572560     %    74.00000     +/-    1.911099     % 
   72.50000     +/-    3.496219     %    73.80000     +/-    3.919013     % 
   73.90000     +/-    2.337909     %    75.10000     +/-    3.624675     % 
   72.40000     +/-    5.616471     %    83.80000     +/-    5.953445     % 
   83.80000     +/-    1.755841     %    80.50000     +/-    2.106314     % 
   86.70000     +/-    4.031137     %    81.60001     +/-    3.996489     % 
   85.30000     +/-    4.923798     %    82.10001     +/-    3.701479     % 
   83.70000     +/-    1.482638     %    73.00000     +/-    3.306168     % 
   74.20000     +/-    4.800947     %    68.00000     +/-    4.916034     % 
   60.90000     +/-    2.535869     %    47.90000     +/-    2.885235     % 
   36.10000     +/-    4.865421     %    25.70000     +/-    3.566207     % 
   19.10000     +/-    6.896304     %    13.20000     +/-    5.694430     % 
   11.10000     +/-    6.589521     %    8.000000     +/-    10.64337     % 
   4.700000     +/-    17.02128     %    3.300000     +/-    21.74652     % 
   2.400000     +/-    22.24391     %    1.100000     +/-    33.40213     % 
  0.9000000     +/-    47.79070     %    0.000000     +/-    0.000000     % 


  **** Cumulative Fluxes as a function of energy **** ****      (integrated over solid angle)        ****


  Energy boundaries (GeV):

  3.0000000E-03  2.9899999E-03  2.9799999E-03  2.9700000E-03  2.9600000E-03
  2.9499999E-03  2.9400000E-03  2.9300000E-03  2.9199999E-03  2.9100000E-03
  2.9000000E-03  2.8899999E-03  2.8800000E-03  2.8700000E-03  2.8599999E-03
  2.8499998E-03  2.8400000E-03  2.8299999E-03  2.8199998E-03  2.8100000E-03
  2.7999999E-03  2.7899998E-03  2.7800000E-03  2.7699999E-03  2.7599998E-03
  2.7500000E-03  2.7399999E-03  2.7299998E-03  2.7200000E-03  2.7099999E-03
  2.6999998E-03  2.6900000E-03  2.6799999E-03  2.6699998E-03  2.6600000E-03
  2.6499999E-03  2.6399998E-03  2.6300000E-03  2.6199999E-03  2.6099999E-03
  2.6000000E-03  2.5899999E-03  2.5799999E-03  2.5700000E-03  2.5599999E-03
  2.5499999E-03  2.5400000E-03  2.5299999E-03  2.5199999E-03  2.5100000E-03
  2.4999999E-03  2.4899999E-03  2.4800000E-03  2.4699999E-03  2.4599999E-03
  2.4500000E-03  2.4400000E-03  2.4299999E-03  2.4200000E-03  2.4100000E-03
  2.3999999E-03  2.3900000E-03  2.3800000E-03  2.3699999E-03  2.3600000E-03
  2.3500000E-03  2.3399999E-03  2.3300000E-03  2.3200000E-03  2.3099999E-03
  2.3000001E-03  2.2900000E-03  2.2799999E-03  2.2700001E-03  2.2600000E-03
  2.2499999E-03  2.2399998E-03  2.2300000E-03  2.2199999E-03  2.2099998E-03
  2.2000000E-03  2.1899999E-03  2.1799998E-03  2.1700000E-03  2.1599999E-03
  2.1499998E-03  2.1400000E-03  2.1299999E-03  2.1199998E-03  2.1100000E-03
  2.0999999E-03  2.0899998E-03  2.0800000E-03  2.0699999E-03  2.0599999E-03
  2.0500000E-03  2.0399999E-03  2.0299999E-03  2.0200000E-03  2.0099999E-03
  1.9999999E-03  1.9900000E-03  1.9799999E-03  1.9699999E-03  1.9600000E-03
  1.9499999E-03  1.9400000E-03  1.9299999E-03  1.9200000E-03  1.9100000E-03
  1.8999999E-03  1.8900000E-03  1.8800000E-03  1.8699999E-03  1.8600000E-03
  1.8500000E-03  1.8399999E-03  1.8300000E-03  1.8200000E-03  1.8099999E-03
  1.8000000E-03  1.7900000E-03  1.7799999E-03  1.7700000E-03  1.7599999E-03
  1.7499999E-03  1.7400000E-03  1.7299999E-03  1.7199999E-03  1.7100000E-03
  1.6999999E-03  1.6899999E-03  1.6800000E-03  1.6699999E-03  1.6600000E-03
  1.6500000E-03  1.6399999E-03  1.6300000E-03  1.6200000E-03  1.6099999E-03
  1.6000000E-03  1.5900000E-03  1.5799999E-03  1.5700000E-03  1.5600000E-03
  1.5499999E-03  1.5400000E-03  1.5300000E-03  1.5199999E-03  1.5100000E-03
  1.5000000E-03  1.4899999E-03  1.4800000E-03  1.4700000E-03  1.4599999E-03
  1.4500000E-03  1.4400000E-03  1.4299999E-03  1.4200000E-03  1.4099999E-03
  1.4000000E-03  1.3900000E-03  1.3799999E-03  1.3700000E-03  1.3600000E-03
  1.3499999E-03  1.3400000E-03  1.3300000E-03  1.3199999E-03  1.3100000E-03
  1.3000000E-03  1.2899999E-03  1.2800000E-03  1.2700000E-03  1.2599999E-03
  1.2500000E-03  1.2400000E-03  1.2299999E-03  1.2200000E-03  1.2100000E-03
  1.1999999E-03  1.1900000E-03  1.1800000E-03  1.1699999E-03  1.1600000E-03
  1.1500000E-03  1.1399999E-03  1.1300000E-03  1.1199999E-03  1.1100000E-03
  1.1000000E-03  1.0899999E-03  1.0800000E-03  1.0700000E-03  1.0599999E-03
  1.0500000E-03  1.0400000E-03  1.0299999E-03  1.0200000E-03  1.0100000E-03
  9.9999993E-04  9.8999997E-04  9.8000001E-04  9.6999999E-04  9.5999998E-04
  9.4999996E-04  9.4000000E-04  9.2999998E-04  9.1999996E-04  9.1000000E-04
  8.9999998E-04  8.8999997E-04  8.7999995E-04  8.6999999E-04  8.5999997E-04
  8.4999995E-04  8.3999999E-04  8.2999998E-04  8.1999996E-04  8.1000000E-04
  7.9999998E-04  7.8999996E-04  7.8000000E-04  7.6999998E-04  7.5999997E-04
  7.5000001E-04  7.3999999E-04  7.2999997E-04  7.2000001E-04  7.0999999E-04
  6.9999998E-04  6.8999996E-04  6.8000000E-04  6.6999998E-04  6.5999996E-04
  6.5000000E-04  6.3999998E-04  6.2999997E-04  6.2000001E-04  6.0999999E-04
  5.9999997E-04  5.9000001E-04  5.7999999E-04  5.6999997E-04  5.5999996E-04
  5.5000000E-04  5.3999998E-04  5.2999996E-04  5.2000000E-04  5.0999998E-04
  4.9999997E-04  4.9000001E-04  4.7999999E-04  4.7000000E-04  4.5999998E-04
  4.4999999E-04  4.3999997E-04  4.2999999E-04  4.2000000E-04  4.0999998E-04
  3.9999999E-04  3.9000000E-04  3.7999998E-04  3.6999999E-04  3.6000001E-04
  3.4999999E-04  3.4000000E-04  3.2999998E-04  3.1999999E-04  3.1000000E-04
  2.9999999E-04  2.9000000E-04  2.7999998E-04  2.6999999E-04  2.6000000E-04
  2.4999998E-04  2.3999999E-04  2.2999999E-04  2.1999999E-04  2.1000000E-04
  1.9999999E-04  1.8999999E-04  1.8000000E-04  1.7000000E-04  1.6000000E-04
  1.4999999E-04  1.3999999E-04  1.3000000E-04  1.2000000E-04  1.0999999E-04
  9.9999997E-05  9.0000001E-05  7.9999998E-05  6.9999995E-05  5.9999998E-05
  4.9999999E-05  3.9999999E-05  2.9999999E-05  1.9999999E-05  9.9999997E-06
  Lowest boundary   (GeV):   0.000000    

  Cumul. Flux (Part/cmq/pr):

   0.000000     +/-    0.000000     %    0.000000     +/-    0.000000     % 
   0.000000     +/-    0.000000     %    0.000000     +/-    0.000000     % 
   0.000000     +/-    0.000000     %    0.000000     +/-    0.000000     % 
   0.000000     +/-    0.000000     %    0.000000     +/-    0.000000     % 
   0.000000     +/-    0.000000     %    0.000000     +/-    0.000000     % 
   0.000000     +/-    0.000000     %    0.000000     +/-    0.000000     % 
   0.000000     +/-    0.000000     %    0.000000     +/-    0.000000     % 
   0.000000     +/-    0.000000     %    0.000000     +/-    0.000000     % 
   0.000000     +/-    0.000000     %    0.000000     +/-    0.000000     % 
   0.000000     +/-    0.000000     %    0.000000     +/-    0.000000     % 
   0.000000     +/-    0.000000     %    0.000000     +/-    0.000000     % 
   0.000000     +/-    0.000000     %    0.000000     +/-    0.000000     % 
   0.000000     +/-    0.000000     %    0.000000     +/-    0.000000     % 
   0.000000     +/-    0.000000     %    0.000000     +/-    0.000000     % 
   0.000000     +/-    0.000000     %    0.000000     +/-    0.000000     % 
   0.000000     +/-    0.000000     %    0.000000     +/-    0.000000     % 
   0.000000     +/-    0.000000     %    0.000000     +/-    0.000000     % 
   0.000000     +/-    0.000000     %    0.000000     +/-    0.000000     % 
   0.000000     +/-    0.000000     %    0.000000     +/-    0.000000     % 
   0.000000     +/-    0.000000     %   0.3402390     +/-   3.1269252E-02 % 
  0.3411730     +/-   3.7432101E-02 %   0.3421560     +/-   3.8328715E-02 % 
  0.3431570     +/-   3.7587263E-02 %   0.3441350     +/-   3.4651604E-02 % 
  0.3451090     +/-   3.6369231E-02 %   0.3460810     +/-   3.2889657E-02 % 
  0.3470320     +/-   4.0397711E-02 %   0.3480250     +/-   4.3699577E-02 % 
  0.3490390     +/-   4.4641186E-02 %   0.3500380     +/-   5.4105673E-02 % 
  0.3510160     +/-   5.8791958E-02 %   0.3520220     +/-   6.0595609E-02 % 
  0.3530570     +/-   6.1010882E-02 %   0.3540650     +/-   5.8905926E-02 % 
  0.3550690     +/-   5.3038489E-02 %   0.3560590     +/-   5.5818796E-02 % 
  0.3570420     +/-   4.9494758E-02 %   0.3580290     +/-   5.0153580E-02 % 
  0.3590620     +/-   4.2921450E-02 %   0.3601020     +/-   3.4159627E-02 % 
  0.3610900     +/-   3.6454588E-02 %   0.3620870     +/-   3.6195461E-02 % 
  0.3630610     +/-   4.0366706E-02 %   0.3640770     +/-   3.7486374E-02 % 
  0.3650640     +/-   3.4394585E-02 %   0.3659790     +/-   3.6677670E-02 % 
  0.3670150     +/-   3.6351599E-02 %   0.3679930     +/-   3.1747628E-02 % 
  0.3689320     +/-   3.6060080E-02 %   0.3699100     +/-   3.2862663E-02 % 
  0.3707750     +/-   3.1786382E-02 %   0.3717240     +/-   2.9595969E-02 % 
  0.3726680     +/-   3.2460835E-02 %   0.3736480     +/-   3.9143443E-02 % 
  0.3745980     +/-   3.9267052E-02 %   0.3755540     +/-   3.2468483E-02 % 
  0.3764660     +/-   3.2905776E-02 %   0.3774010     +/-   3.3357397E-02 % 
  0.3782740     +/-   3.3280343E-02 %   0.3791890     +/-   3.5639845E-02 % 
  0.3800860     +/-   3.4398101E-02 %   0.3809490     +/-   3.3576917E-02 % 
  0.3818440     +/-   3.9277494E-02 %   0.3827160     +/-   4.0698748E-02 % 
  0.3836080     +/-   4.2093903E-02 %   0.3844690     +/-   4.0611070E-02 % 
  0.3852650     +/-   4.3645907E-02 %   0.3861270     +/-   4.3967355E-02 % 
  0.3869970     +/-   4.0659446E-02 %   0.3878310     +/-   4.1050263E-02 % 
  0.3886690     +/-   4.5589063E-02 %   0.3894970     +/-   4.4017926E-02 % 
  0.3903260     +/-   4.9537119E-02 %   0.3911170     +/-   5.1363382E-02 % 
  0.3919860     +/-   5.5276863E-02 %   0.3928250     +/-   5.1917288E-02 % 
  0.3936080     +/-   5.6190968E-02 %   0.3944370     +/-   5.3731389E-02 % 
  0.3953080     +/-   5.5292066E-02 %   0.3961480     +/-   5.1103789E-02 % 
  0.3969280     +/-   4.8087310E-02 %   0.3977620     +/-   4.6735287E-02 % 
  0.3985860     +/-   5.0948624E-02 %   0.3993590     +/-   5.0253212E-02 % 
  0.4001910     +/-   4.9485996E-02 %   0.4009940     +/-   4.7483414E-02 % 
  0.4017930     +/-   4.8540324E-02 %   0.4025490     +/-   4.3971721E-02 % 
  0.4033260     +/-   3.9436296E-02 %   0.4041240     +/-   4.3979775E-02 % 
  0.4049290     +/-   4.0993188E-02 %   0.4056690     +/-   4.0545437E-02 % 
  0.4064470     +/-   4.9115788E-02 %   0.4072430     +/-   4.7931351E-02 % 
  0.4079920     +/-   4.7668759E-02 %   0.4087620     +/-   4.5286167E-02 % 
  0.4095480     +/-   4.5251980E-02 %   0.4102500     +/-   4.6519771E-02 % 
  0.4110360     +/-   4.5225549E-02 %   0.4117960     +/-   4.8078861E-02 % 
  0.4125740     +/-   4.6019617E-02 %   0.4132830     +/-   4.4989724E-02 % 
  0.4140400     +/-   5.0409876E-02 %   0.4148460     +/-   5.5044614E-02 % 
  0.4155890     +/-   5.5841107E-02 %   0.4163120     +/-   5.4484196E-02 % 
  0.4170830     +/-   4.8387211E-02 %   0.4178560     +/-   4.8825171E-02 % 
  0.4186130     +/-   4.7508404E-02 %   0.4193850     +/-   4.5437679E-02 % 
  0.4201100     +/-   3.9511051E-02 %   0.4208180     +/-   3.7236366E-02 % 
  0.4215320     +/-   4.0850077E-02 %   0.4222640     +/-   4.4078566E-02 % 
  0.4230420     +/-   3.8779762E-02 %   0.4237030     +/-   4.0522315E-02 % 
  0.4244330     +/-   4.0168602E-02 %   0.4251790     +/-   4.0601525E-02 % 
  0.4258750     +/-   3.8686667E-02 %   0.4265880     +/-   3.3015970E-02 % 
  0.4273460     +/-   2.7653849E-02 %   0.4280870     +/-   2.8275361E-02 % 
  0.4288080     +/-   2.6302988E-02 %   0.4295110     +/-   2.8919289E-02 % 
  0.4302260     +/-   2.9192222E-02 %   0.4309550     +/-   3.4403741E-02 % 
  0.4316930     +/-   3.4536958E-02 %   0.4323980     +/-   3.4986805E-02 % 
  0.4331290     +/-   3.4177333E-02 %   0.4338320     +/-   3.4563188E-02 % 
  0.4345350     +/-   2.9759385E-02 %   0.4352650     +/-   3.1132346E-02 % 
  0.4359480     +/-   3.2404609E-02 %   0.4366270     +/-   2.6498595E-02 % 
  0.4373340     +/-   2.7568256E-02 %   0.4380460     +/-   2.5770565E-02 % 
  0.4387660     +/-   2.7958557E-02 %   0.4394950     +/-   2.8857291E-02 % 
  0.4402080     +/-   3.1350773E-02 %   0.4408770     +/-   3.4554806E-02 % 
  0.4416440     +/-   3.5186052E-02 %   0.4423320     +/-   3.8174979E-02 % 
  0.4430680     +/-   3.6799189E-02 %   0.4437960     +/-   3.6303990E-02 % 
  0.4445110     +/-   3.5728861E-02 %   0.4452090     +/-   3.6590885E-02 % 
  0.4459510     +/-   4.0622868E-02 %   0.4466630     +/-   4.2742569E-02 % 
  0.4473490     +/-   4.4083420E-02 %   0.4480540     +/-   4.3136701E-02 % 
  0.4487870     +/-   4.2392552E-02 %   0.4495050     +/-   3.8327664E-02 % 
  0.4502090     +/-   3.6204655E-02 %   0.4509240     +/-   3.4121089E-02 % 
  0.4516170     +/-   2.9741324E-02 %   0.4523660     +/-   3.0292425E-02 % 
  0.4530990     +/-   3.2735839E-02 %   0.4537990     +/-   3.2864980E-02 % 
  0.4545370     +/-   3.0564869E-02 %   0.4552550     +/-   3.0503597E-02 % 
  0.4559340     +/-   3.0397687E-02 %   0.4566740     +/-   3.2385442E-02 % 
  0.4573180     +/-   3.2151211E-02 %   0.4579960     +/-   3.5327211E-02 % 
  0.4586690     +/-   3.5143737E-02 %   0.4593720     +/-   3.4107517E-02 % 
  0.4600310     +/-   3.3364601E-02 %   0.4606830     +/-   3.2872740E-02 % 
  0.4613490     +/-   3.7610896E-02 %   0.4620580     +/-   4.1572895E-02 % 
  0.4627000     +/-   4.4600576E-02 %   0.4634320     +/-   4.3601088E-02 % 
  0.4641240     +/-   4.3368857E-02 %   0.4647910     +/-   4.1906524E-02 % 
  0.4654540     +/-   4.1183852E-02 %   0.4661390     +/-   3.6531840E-02 % 
  0.4668220     +/-   3.4601655E-02 %   0.4674900     +/-   3.1837456E-02 % 
  0.4681510     +/-   3.1041691E-02 %   0.4688440     +/-   3.2215625E-02 % 
  0.4695070     +/-   2.6967652E-02 %   0.4701720     +/-   2.5058640E-02 % 
  0.4708460     +/-   2.4811903E-02 %   0.4715510     +/-   2.0797892E-02 % 
  0.4721850     +/-   2.6124969E-02 %   0.4728630     +/-   2.6321318E-02 % 
  0.4735410     +/-   2.3034777E-02 %   0.4742010     +/-   2.6700087E-02 % 
  0.4748800     +/-   2.3956314E-02 %   0.4755530     +/-   2.5705721E-02 % 
  0.4761750     +/-   2.6936747E-02 %   0.4768030     +/-   2.9088402E-02 % 
  0.4774250     +/-   2.7694436E-02 %   0.4780850     +/-   3.1761233E-02 % 
  0.4787510     +/-   2.9347429E-02 %   0.4793520     +/-   3.2111429E-02 % 
  0.4799700     +/-   3.6561258E-02 %   0.4806650     +/-   3.8208600E-02 % 
  0.4813110     +/-   3.4020878E-02 %   0.4819680     +/-   3.3573341E-02 % 
  0.4825800     +/-   3.2470975E-02 %   0.4832490     +/-   3.2812327E-02 % 
  0.4839060     +/-   3.5523959E-02 %   0.4845310     +/-   3.7326857E-02 % 
  0.4851380     +/-   3.6997281E-02 %   0.4857590     +/-   3.6677688E-02 % 
  0.4863860     +/-   3.9423212E-02 %   0.4870070     +/-   4.0524997E-02 % 
  0.4876350     +/-   3.9634664E-02 %   0.4882360     +/-   3.7052024E-02 % 
  0.4888670     +/-   3.8752586E-02 %   0.4895100     +/-   4.3978073E-02 % 
  0.4900960     +/-   4.0371239E-02 %   0.4907190     +/-   4.0867288E-02 % 
  0.4913380     +/-   4.2592760E-02 %   0.4919790     +/-   4.2017855E-02 % 
  0.4925580     +/-   4.1552916E-02 %   0.4931480     +/-   4.8567854E-02 % 
  0.4937140     +/-   4.9768422E-02 %   0.4942800     +/-   5.0433461E-02 % 
  0.4948560     +/-   5.1181324E-02 %   0.4954360     +/-   4.9331836E-02 % 
  0.4960050     +/-   4.3881834E-02 %   0.4965970     +/-   4.8298735E-02 % 
  0.4971370     +/-   4.7144502E-02 %   0.4976750     +/-   4.9889434E-02 % 
  0.4982600     +/-   5.2192826E-02 %   0.4987710     +/-   5.2145537E-02 % 
  0.5065550     +/-   4.0532976E-02 %   0.5072230     +/-   4.0918395E-02 % 
  0.5078740     +/-   4.4005096E-02 %   0.5085660     +/-   4.2813245E-02 % 
  0.5092040     +/-   4.1657407E-02 %   0.5099040     +/-   4.2511273E-02 % 
  0.5105440     +/-   4.2128034E-02 %   0.5111780     +/-   3.7607078E-02 % 
  0.5118180     +/-   3.6736682E-02 %   0.5124240     +/-   4.0640041E-02 % 
  0.5130720     +/-   4.2086855E-02 %   0.5137070     +/-   3.7994701E-02 % 
  0.5143710     +/-   4.2405784E-02 %   0.5150320     +/-   4.5657434E-02 % 
  0.5156680     +/-   4.8315946E-02 %   0.5163460     +/-   5.0853230E-02 % 
  0.5170380     +/-   5.2318219E-02 %   0.5177150     +/-   4.9902678E-02 % 
  0.5183720     +/-   4.7836863E-02 %   0.5190630     +/-   4.5957640E-02 % 
  0.5197540     +/-   4.8266809E-02 %   0.5204940     +/-   4.8320577E-02 % 
  0.5212190     +/-   5.1190492E-02 %   0.5219570     +/-   4.9106747E-02 % 
  0.5226960     +/-   5.1567476E-02 %   0.5234470     +/-   5.5637091E-02 % 
  0.5241710     +/-   6.1220627E-02 %   0.5250090     +/-   6.6045597E-02 % 
  0.5258470     +/-   6.6173166E-02 %   0.5266520     +/-   6.4650267E-02 % 
  0.5275190     +/-   6.5401144E-02 %   0.5283350     +/-   6.5155715E-02 % 
  0.5291880     +/-   5.8509596E-02 %   0.5300090     +/-   5.8491845E-02 % 
  0.5308460     +/-   6.0333353E-02 %   0.5315760     +/-   6.4582229E-02 % 
  0.5323180     +/-   6.1319891E-02 %   0.5329980     +/-   6.0081851E-02 % 
  0.5336070     +/-   6.0465105E-02 %   0.5340860     +/-   5.9940293E-02 % 
  0.5344470     +/-   6.2460005E-02 %   0.5347040     +/-   6.2187061E-02 % 
  0.5348950     +/-   6.1807238E-02 %   0.5350270     +/-   6.1597057E-02 % 
  0.5351380     +/-   6.1911579E-02 %   0.5352180     +/-   6.2461622E-02 % 
  0.5352650     +/-   6.2138464E-02 %   0.5352980     +/-   6.2099945E-02 % 
  0.5353220     +/-   6.2061321E-02 %   0.5353330     +/-   6.1771210E-02 % 
  0.5353420     +/-   6.1633743E-02 %   0.5353420     +/-   6.1633743E-02 % 

  **** Double diff. Fluxes as a function of energy ****


  Solid angle minimum value (sr):   0.000000    

  Solid angle upper boundaries (sr):

   6.283185    

  Angular minimum value (deg.):   0.000000    

  Angular upper boundaries (deg.):

   90.00000    


  Energy interval (GeV):  3.0000000E-03  2.9899999E-03

  Flux (Part/sr/GeV/cmq/pr):

   0.000000     +/-    0.000000     % 

  Flux (Part/deg/GeV/cmq/pr):

   0.000000     +/-    0.000000     % 

  Energy interval (GeV):  2.9899999E-03  2.9799999E-03

  Flux (Part/sr/GeV/cmq/pr):

   0.000000     +/-    0.000000     % 

  Flux (Part/deg/GeV/cmq/pr):

   0.000000     +/-    0.000000     % 

  Energy interval (GeV):  2.9799999E-03  2.9700000E-03

  Flux (Part/sr/GeV/cmq/pr):

   0.000000     +/-    0.000000     % 

  Flux (Part/deg/GeV/cmq/pr):

   0.000000     +/-    0.000000     % 

  Energy interval (GeV):  2.9700000E-03  2.9600000E-03

  Flux (Part/sr/GeV/cmq/pr):

   0.000000     +/-    0.000000     % 

  Flux (Part/deg/GeV/cmq/pr):

   0.000000     +/-    0.000000     % 

  Energy interval (GeV):  2.9600000E-03  2.9499999E-03

  Flux (Part/sr/GeV/cmq/pr):

   0.000000     +/-    0.000000     % 

  Flux (Part/deg/GeV/cmq/pr):

   0.000000     +/-    0.000000     % 

  Energy interval (GeV):  2.9499999E-03  2.9400000E-03

  Flux (Part/sr/GeV/cmq/pr):

   0.000000     +/-    0.000000     % 

  Flux (Part/deg/GeV/cmq/pr):

   0.000000     +/-    0.000000     % 

  Energy interval (GeV):  2.9400000E-03  2.9300000E-03

  Flux (Part/sr/GeV/cmq/pr):

   0.000000     +/-    0.000000     % 

  Flux (Part/deg/GeV/cmq/pr):

   0.000000     +/-    0.000000     % 

  Energy interval (GeV):  2.9300000E-03  2.9199999E-03

  Flux (Part/sr/GeV/cmq/pr):

   0.000000     +/-    0.000000     % 

  Flux (Part/deg/GeV/cmq/pr):

   0.000000     +/-    0.000000     % 

  Energy interval (GeV):  2.9199999E-03  2.9100000E-03

  Flux (Part/sr/GeV/cmq/pr):

   0.000000     +/-    0.000000     % 

  Flux (Part/deg/GeV/cmq/pr):

   0.000000     +/-    0.000000     % 

  Energy interval (GeV):  2.9100000E-03  2.9000000E-03

  Flux (Part/sr/GeV/cmq/pr):

   0.000000     +/-    0.000000     % 

  Flux (Part/deg/GeV/cmq/pr):

   0.000000     +/-    0.000000     % 

  Energy interval (GeV):  2.9000000E-03  2.8899999E-03

  Flux (Part/sr/GeV/cmq/pr):

   0.000000     +/-    0.000000     % 

  Flux (Part/deg/GeV/cmq/pr):

   0.000000     +/-    0.000000     % 

  Energy interval (GeV):  2.8899999E-03  2.8800000E-03

  Flux (Part/sr/GeV/cmq/pr):

   0.000000     +/-    0.000000     % 

  Flux (Part/deg/GeV/cmq/pr):

   0.000000     +/-    0.000000     % 

  Energy interval (GeV):  2.8800000E-03  2.8700000E-03

  Flux (Part/sr/GeV/cmq/pr):

   0.000000     +/-    0.000000     % 

  Flux (Part/deg/GeV/cmq/pr):

   0.000000     +/-    0.000000     % 

  Energy interval (GeV):  2.8700000E-03  2.8599999E-03

  Flux (Part/sr/GeV/cmq/pr):

   0.000000     +/-    0.000000     % 

  Flux (Part/deg/GeV/cmq/pr):

   0.000000     +/-    0.000000     % 

  Energy interval (GeV):  2.8599999E-03  2.8499998E-03

  Flux (Part/sr/GeV/cmq/pr):

   0.000000     +/-    0.000000     % 

  Flux (Part/deg/GeV/cmq/pr):

   0.000000     +/-    0.000000     % 

  Energy interval (GeV):  2.8499998E-03  2.8400000E-03

  Flux (Part/sr/GeV/cmq/pr):

   0.000000     +/-    0.000000     % 

  Flux (Part/deg/GeV/cmq/pr):

   0.000000     +/-    0.000000     % 

  Energy interval (GeV):  2.8400000E-03  2.8299999E-03

  Flux (Part/sr/GeV/cmq/pr):

   0.000000     +/-    0.000000     % 

  Flux (Part/deg/GeV/cmq/pr):

   0.000000     +/-    0.000000     % 

  Energy interval (GeV):  2.8299999E-03  2.8199998E-03

  Flux (Part/sr/GeV/cmq/pr):

   0.000000     +/-    0.000000     % 

  Flux (Part/deg/GeV/cmq/pr):

   0.000000     +/-    0.000000     % 

  Energy interval (GeV):  2.8199998E-03  2.8100000E-03

  Flux (Part/sr/GeV/cmq/pr):

   0.000000     +/-    0.000000     % 

  Flux (Part/deg/GeV/cmq/pr):

   0.000000     +/-    0.000000     % 

  Energy interval (GeV):  2.8100000E-03  2.7999999E-03

  Flux (Part/sr/GeV/cmq/pr):

   0.000000     +/-    0.000000     % 

  Flux (Part/deg/GeV/cmq/pr):

   0.000000     +/-    0.000000     % 

  Energy interval (GeV):  2.7999999E-03  2.7899998E-03

  Flux (Part/sr/GeV/cmq/pr):

   0.000000     +/-    0.000000     % 

  Flux (Part/deg/GeV/cmq/pr):

   0.000000     +/-    0.000000     % 

  Energy interval (GeV):  2.7899998E-03  2.7800000E-03

  Flux (Part/sr/GeV/cmq/pr):

   0.000000     +/-    0.000000     % 

  Flux (Part/deg/GeV/cmq/pr):

   0.000000     +/-    0.000000     % 

  Energy interval (GeV):  2.7800000E-03  2.7699999E-03

  Flux (Part/sr/GeV/cmq/pr):

   0.000000     +/-    0.000000     % 

  Flux (Part/deg/GeV/cmq/pr):

   0.000000     +/-    0.000000     % 

  Energy interval (GeV):  2.7699999E-03  2.7599998E-03

  Flux (Part/sr/GeV/cmq/pr):

   0.000000     +/-    0.000000     % 

  Flux (Part/deg/GeV/cmq/pr):

   0.000000     +/-    0.000000     % 

  Energy interval (GeV):  2.7599998E-03  2.7500000E-03

  Flux (Part/sr/GeV/cmq/pr):

   0.000000     +/-    0.000000     % 

  Flux (Part/deg/GeV/cmq/pr):

   0.000000     +/-    0.000000     % 

  Energy interval (GeV):  2.7500000E-03  2.7399999E-03

  Flux (Part/sr/GeV/cmq/pr):

   0.000000     +/-    0.000000     % 

  Flux (Part/deg/GeV/cmq/pr):

   0.000000     +/-    0.000000     % 

  Energy interval (GeV):  2.7399999E-03  2.7299998E-03

  Flux (Part/sr/GeV/cmq/pr):

   0.000000     +/-    0.000000     % 

  Flux (Part/deg/GeV/cmq/pr):

   0.000000     +/-    0.000000     % 

  Energy interval (GeV):  2.7299998E-03  2.7200000E-03

  Flux (Part/sr/GeV/cmq/pr):

   0.000000     +/-    0.000000     % 

  Flux (Part/deg/GeV/cmq/pr):

   0.000000     +/-    0.000000     % 

  Energy interval (GeV):  2.7200000E-03  2.7099999E-03

  Flux (Part/sr/GeV/cmq/pr):

   0.000000     +/-    0.000000     % 

  Flux (Part/deg/GeV/cmq/pr):

   0.000000     +/-    0.000000     % 

  Energy interval (GeV):  2.7099999E-03  2.6999998E-03

  Flux (Part/sr/GeV/cmq/pr):

   0.000000     +/-    0.000000     % 

  Flux (Part/deg/GeV/cmq/pr):

   0.000000     +/-    0.000000     % 

  Energy interval (GeV):  2.6999998E-03  2.6900000E-03

  Flux (Part/sr/GeV/cmq/pr):

   0.000000     +/-    0.000000     % 

  Flux (Part/deg/GeV/cmq/pr):

   0.000000     +/-    0.000000     % 

  Energy interval (GeV):  2.6900000E-03  2.6799999E-03

  Flux (Part/sr/GeV/cmq/pr):

   0.000000     +/-    0.000000     % 

  Flux (Part/deg/GeV/cmq/pr):

   0.000000     +/-    0.000000     % 

  Energy interval (GeV):  2.6799999E-03  2.6699998E-03

  Flux (Part/sr/GeV/cmq/pr):

   0.000000     +/-    0.000000     % 

  Flux (Part/deg/GeV/cmq/pr):

   0.000000     +/-    0.000000     % 

  Energy interval (GeV):  2.6699998E-03  2.6600000E-03

  Flux (Part/sr/GeV/cmq/pr):

   0.000000     +/-    0.000000     % 

  Flux (Part/deg/GeV/cmq/pr):

   0.000000     +/-    0.000000     % 

  Energy interval (GeV):  2.6600000E-03  2.6499999E-03

  Flux (Part/sr/GeV/cmq/pr):

   0.000000     +/-    0.000000     % 

  Flux (Part/deg/GeV/cmq/pr):

   0.000000     +/-    0.000000     % 

  Energy interval (GeV):  2.6499999E-03  2.6399998E-03

  Flux (Part/sr/GeV/cmq/pr):

   0.000000     +/-    0.000000     % 

  Flux (Part/deg/GeV/cmq/pr):

   0.000000     +/-    0.000000     % 

  Energy interval (GeV):  2.6399998E-03  2.6300000E-03

  Flux (Part/sr/GeV/cmq/pr):

   0.000000     +/-    0.000000     % 

  Flux (Part/deg/GeV/cmq/pr):

   0.000000     +/-    0.000000     % 

  Energy interval (GeV):  2.6300000E-03  2.6199999E-03

  Flux (Part/sr/GeV/cmq/pr):

   0.000000     +/-    0.000000     % 

  Flux (Part/deg/GeV/cmq/pr):

   0.000000     +/-    0.000000     % 

  Energy interval (GeV):  2.6199999E-03  2.6099999E-03

  Flux (Part/sr/GeV/cmq/pr):

   0.000000     +/-    0.000000     % 

  Flux (Part/deg/GeV/cmq/pr):

   0.000000     +/-    0.000000     % 

  Energy interval (GeV):  2.6099999E-03  2.6000000E-03

  Flux (Part/sr/GeV/cmq/pr):

   5415.072     +/-   3.1269252E-02 % 

  Flux (Part/deg/GeV/cmq/pr):

   378.0434     +/-   3.1269252E-02 % 

  Energy interval (GeV):  2.6000000E-03  2.5899999E-03

  Flux (Part/sr/GeV/cmq/pr):

   14.86507     +/-    2.641090     % 

  Flux (Part/deg/GeV/cmq/pr):

   1.037778     +/-    2.641090     % 

  Energy interval (GeV):  2.5899999E-03  2.5799999E-03

  Flux (Part/sr/GeV/cmq/pr):

   15.64493     +/-    3.736392     % 

  Flux (Part/deg/GeV/cmq/pr):

   1.092222     +/-    3.736392     % 

  Energy interval (GeV):  2.5799999E-03  2.5700000E-03

  Flux (Part/sr/GeV/cmq/pr):

   15.93141     +/-    2.922825     % 

  Flux (Part/deg/GeV/cmq/pr):

   1.112222     +/-    2.922825     % 

  Energy interval (GeV):  2.5700000E-03  2.5599999E-03

  Flux (Part/sr/GeV/cmq/pr):

   15.56535     +/-    3.522046     % 

  Flux (Part/deg/GeV/cmq/pr):

   1.086667     +/-    3.522046     % 

  Energy interval (GeV):  2.5599999E-03  2.5499999E-03

  Flux (Part/sr/GeV/cmq/pr):

   15.50169     +/-    2.174314     % 

  Flux (Part/deg/GeV/cmq/pr):

   1.082222     +/-    2.174314     % 

  Energy interval (GeV):  2.5499999E-03  2.5400000E-03

  Flux (Part/sr/GeV/cmq/pr):

   15.46986     +/-    2.405077     % 

  Flux (Part/deg/GeV/cmq/pr):

   1.080000     +/-    2.405077     % 

  Energy interval (GeV):  2.5400000E-03  2.5299999E-03

  Flux (Part/sr/GeV/cmq/pr):

   15.13564     +/-    3.058472     % 

  Flux (Part/deg/GeV/cmq/pr):

   1.056667     +/-    3.058472     % 

  Energy interval (GeV):  2.5299999E-03  2.5199999E-03

  Flux (Part/sr/GeV/cmq/pr):

   15.80409     +/-    2.474966     % 

  Flux (Part/deg/GeV/cmq/pr):

   1.103333     +/-    2.474966     % 

  Energy interval (GeV):  2.5199999E-03  2.5100000E-03

  Flux (Part/sr/GeV/cmq/pr):

   16.13831     +/-    3.104553     % 

  Flux (Part/deg/GeV/cmq/pr):

   1.126667     +/-    3.104553     % 

  Energy interval (GeV):  2.5100000E-03  2.4999999E-03

  Flux (Part/sr/GeV/cmq/pr):

   15.89958     +/-    3.878152     % 

  Flux (Part/deg/GeV/cmq/pr):

   1.110000     +/-    3.878152     % 

  Energy interval (GeV):  2.4999999E-03  2.4899999E-03

  Flux (Part/sr/GeV/cmq/pr):

   15.56535     +/-    2.272608     % 

  Flux (Part/deg/GeV/cmq/pr):

   1.086667     +/-    2.272608     % 

  Energy interval (GeV):  2.4899999E-03  2.4800000E-03

  Flux (Part/sr/GeV/cmq/pr):

   16.01099     +/-    2.333338     % 

  Flux (Part/deg/GeV/cmq/pr):

   1.117778     +/-    2.333338     % 

  Energy interval (GeV):  2.4800000E-03  2.4699999E-03

  Flux (Part/sr/GeV/cmq/pr):

   16.47254     +/-    2.878351     % 

  Flux (Part/deg/GeV/cmq/pr):

   1.150000     +/-    2.878351     % 

  Energy interval (GeV):  2.4699999E-03  2.4599999E-03

  Flux (Part/sr/GeV/cmq/pr):

   16.04282     +/-    4.257212     % 

  Flux (Part/deg/GeV/cmq/pr):

   1.120000     +/-    4.257212     % 

  Energy interval (GeV):  2.4599999E-03  2.4500000E-03

  Flux (Part/sr/GeV/cmq/pr):

   15.97916     +/-    3.251957     % 

  Flux (Part/deg/GeV/cmq/pr):

   1.115556     +/-    3.251957     % 

  Energy interval (GeV):  2.4500000E-03  2.4400000E-03

  Flux (Part/sr/GeV/cmq/pr):

   15.75634     +/-    2.812002     % 

  Flux (Part/deg/GeV/cmq/pr):

   1.100000     +/-    2.812002     % 

  Energy interval (GeV):  2.4400000E-03  2.4299999E-03

  Flux (Part/sr/GeV/cmq/pr):

   15.64493     +/-    3.895717     % 

  Flux (Part/deg/GeV/cmq/pr):

   1.092222     +/-    3.895717     % 

  Energy interval (GeV):  2.4299999E-03  2.4200000E-03

  Flux (Part/sr/GeV/cmq/pr):

   15.70859     +/-    4.458528     % 

  Flux (Part/deg/GeV/cmq/pr):

   1.096667     +/-    4.458528     % 

  Energy interval (GeV):  2.4200000E-03  2.4100000E-03

  Flux (Part/sr/GeV/cmq/pr):

   16.44070     +/-    3.142823     % 

  Flux (Part/deg/GeV/cmq/pr):

   1.147778     +/-    3.142823     % 

  Energy interval (GeV):  2.4100000E-03  2.3999999E-03

  Flux (Part/sr/GeV/cmq/pr):

   16.55211     +/-    3.545979     % 

  Flux (Part/deg/GeV/cmq/pr):

   1.155556     +/-    3.545979     % 

  Energy interval (GeV):  2.3999999E-03  2.3900000E-03

  Flux (Part/sr/GeV/cmq/pr):

   15.72451     +/-    2.944805     % 

  Flux (Part/deg/GeV/cmq/pr):

   1.097778     +/-    2.944805     % 

  Energy interval (GeV):  2.3900000E-03  2.3800000E-03

  Flux (Part/sr/GeV/cmq/pr):

   15.86775     +/-    2.022251     % 

  Flux (Part/deg/GeV/cmq/pr):

   1.107778     +/-    2.022251     % 

  Energy interval (GeV):  2.3800000E-03  2.3699999E-03

  Flux (Part/sr/GeV/cmq/pr):

   15.50169     +/-    2.818270     % 

  Flux (Part/deg/GeV/cmq/pr):

   1.082222     +/-    2.818270     % 

  Energy interval (GeV):  2.3699999E-03  2.3600000E-03

  Flux (Part/sr/GeV/cmq/pr):

   16.17014     +/-    1.989310     % 

  Flux (Part/deg/GeV/cmq/pr):

   1.128889     +/-    1.989310     % 

  Energy interval (GeV):  2.3600000E-03  2.3500000E-03

  Flux (Part/sr/GeV/cmq/pr):

   15.70859     +/-    3.912860     % 

  Flux (Part/deg/GeV/cmq/pr):

   1.096667     +/-    3.912860     % 

  Energy interval (GeV):  2.3500000E-03  2.3399999E-03

  Flux (Part/sr/GeV/cmq/pr):

   14.56268     +/-    2.978017     % 

  Flux (Part/deg/GeV/cmq/pr):

   1.016667     +/-    2.978017     % 

  Energy interval (GeV):  2.3399999E-03  2.3300000E-03

  Flux (Part/sr/GeV/cmq/pr):

   16.48845     +/-    4.099192     % 

  Flux (Part/deg/GeV/cmq/pr):

   1.151111     +/-    4.099192     % 

  Energy interval (GeV):  2.3300000E-03  2.3200000E-03

  Flux (Part/sr/GeV/cmq/pr):

   15.56535     +/-    4.273124     % 

  Flux (Part/deg/GeV/cmq/pr):

   1.086667     +/-    4.273124     % 

  Energy interval (GeV):  2.3200000E-03  2.3099999E-03

  Flux (Part/sr/GeV/cmq/pr):

   14.94465     +/-    3.083797     % 

  Flux (Part/deg/GeV/cmq/pr):

   1.043333     +/-    3.083797     % 

  Energy interval (GeV):  2.3099999E-03  2.3000001E-03

  Flux (Part/sr/GeV/cmq/pr):

   15.56535     +/-    1.760651     % 

  Flux (Part/deg/GeV/cmq/pr):

   1.086667     +/-    1.760651     % 

  Energy interval (GeV):  2.3000001E-03  2.2900000E-03

  Flux (Part/sr/GeV/cmq/pr):

   13.76690     +/-    2.692675     % 

  Flux (Part/deg/GeV/cmq/pr):

  0.9611112     +/-    2.692675     % 

  Energy interval (GeV):  2.2900000E-03  2.2799999E-03

  Flux (Part/sr/GeV/cmq/pr):

   15.10380     +/-    4.512054     % 

  Flux (Part/deg/GeV/cmq/pr):

   1.054445     +/-    4.512054     % 

  Energy interval (GeV):  2.2799999E-03  2.2700001E-03

  Flux (Part/sr/GeV/cmq/pr):

   15.02423     +/-    3.470794     % 

  Flux (Part/deg/GeV/cmq/pr):

   1.048889     +/-    3.470794     % 

  Energy interval (GeV):  2.2700001E-03  2.2600000E-03

  Flux (Part/sr/GeV/cmq/pr):

   15.59718     +/-    3.807777     % 

  Flux (Part/deg/GeV/cmq/pr):

   1.088889     +/-    3.807777     % 

  Energy interval (GeV):  2.2600000E-03  2.2499999E-03

  Flux (Part/sr/GeV/cmq/pr):

   15.11972     +/-    2.513123     % 

  Flux (Part/deg/GeV/cmq/pr):

   1.055556     +/-    2.513123     % 

  Energy interval (GeV):  2.2499999E-03  2.2399998E-03

  Flux (Part/sr/GeV/cmq/pr):

   15.21521     +/-    2.828138     % 

  Flux (Part/deg/GeV/cmq/pr):

   1.062222     +/-    2.828138     % 

  Energy interval (GeV):  2.2399998E-03  2.2300000E-03

  Flux (Part/sr/GeV/cmq/pr):

   14.51493     +/-   0.7868803     % 

  Flux (Part/deg/GeV/cmq/pr):

   1.013333     +/-   0.7868803     % 

  Energy interval (GeV):  2.2300000E-03  2.2199999E-03

  Flux (Part/sr/GeV/cmq/pr):

   14.88099     +/-    1.829158     % 

  Flux (Part/deg/GeV/cmq/pr):

   1.038889     +/-    1.829158     % 

  Energy interval (GeV):  2.2199999E-03  2.2099998E-03

  Flux (Part/sr/GeV/cmq/pr):

   13.89423     +/-    4.092570     % 

  Flux (Part/deg/GeV/cmq/pr):

  0.9700001     +/-    4.092570     % 

  Energy interval (GeV):  2.2099998E-03  2.2000000E-03

  Flux (Part/sr/GeV/cmq/pr):

   14.56268     +/-    3.628843     % 

  Flux (Part/deg/GeV/cmq/pr):

   1.016667     +/-    3.628843     % 

  Energy interval (GeV):  2.2000000E-03  2.1899999E-03

  Flux (Part/sr/GeV/cmq/pr):

   14.27620     +/-    2.446277     % 

  Flux (Part/deg/GeV/cmq/pr):

  0.9966667     +/-    2.446277     % 

  Energy interval (GeV):  2.1899999E-03  2.1799998E-03

  Flux (Part/sr/GeV/cmq/pr):

   13.73507     +/-    4.184350     % 

  Flux (Part/deg/GeV/cmq/pr):

  0.9588889     +/-    4.184350     % 

  Energy interval (GeV):  2.1799998E-03  2.1700000E-03

  Flux (Part/sr/GeV/cmq/pr):

   14.24437     +/-    4.398888     % 

  Flux (Part/deg/GeV/cmq/pr):

  0.9944445     +/-    4.398888     % 

  Energy interval (GeV):  2.1700000E-03  2.1599999E-03

  Flux (Part/sr/GeV/cmq/pr):

   13.87831     +/-    4.941183     % 

  Flux (Part/deg/GeV/cmq/pr):

  0.9688889     +/-    4.941183     % 

  Energy interval (GeV):  2.1599999E-03  2.1499998E-03

  Flux (Part/sr/GeV/cmq/pr):

   14.19662     +/-    3.042437     % 

  Flux (Part/deg/GeV/cmq/pr):

  0.9911112     +/-    3.042437     % 

  Energy interval (GeV):  2.1499998E-03  2.1400000E-03

  Flux (Part/sr/GeV/cmq/pr):

   13.70324     +/-    3.471716     % 

  Flux (Part/deg/GeV/cmq/pr):

  0.9566667     +/-    3.471716     % 

  Energy interval (GeV):  2.1400000E-03  2.1299999E-03

  Flux (Part/sr/GeV/cmq/pr):

   12.66873     +/-    1.919687     % 

  Flux (Part/deg/GeV/cmq/pr):

  0.8844445     +/-    1.919687     % 

  Energy interval (GeV):  2.1299999E-03  2.1199998E-03

  Flux (Part/sr/GeV/cmq/pr):

   13.71916     +/-    1.291826     % 

  Flux (Part/deg/GeV/cmq/pr):

  0.9577779     +/-    1.291826     % 

  Energy interval (GeV):  2.1199998E-03  2.1100000E-03

  Flux (Part/sr/GeV/cmq/pr):

   13.84648     +/-    1.853393     % 

  Flux (Part/deg/GeV/cmq/pr):

  0.9666668     +/-    1.853393     % 

  Energy interval (GeV):  2.1100000E-03  2.0999999E-03

  Flux (Part/sr/GeV/cmq/pr):

   13.27352     +/-    3.291362     % 

  Flux (Part/deg/GeV/cmq/pr):

  0.9266667     +/-    3.291362     % 

  Energy interval (GeV):  2.0999999E-03  2.0899998E-03

  Flux (Part/sr/GeV/cmq/pr):

   13.33718     +/-    3.103773     % 

  Flux (Part/deg/GeV/cmq/pr):

  0.9311112     +/-    3.103773     % 

  Energy interval (GeV):  2.0899998E-03  2.0800000E-03

  Flux (Part/sr/GeV/cmq/pr):

   13.17803     +/-    3.360007     % 

  Flux (Part/deg/GeV/cmq/pr):

  0.9200001     +/-    3.360007     % 

  Energy interval (GeV):  2.0800000E-03  2.0699999E-03

  Flux (Part/sr/GeV/cmq/pr):

   13.19394     +/-    2.869814     % 

  Flux (Part/deg/GeV/cmq/pr):

  0.9211112     +/-    2.869814     % 

  Energy interval (GeV):  2.0699999E-03  2.0599999E-03

  Flux (Part/sr/GeV/cmq/pr):

   12.58916     +/-    1.102123     % 

  Flux (Part/deg/GeV/cmq/pr):

  0.8788889     +/-    1.102123     % 

  Energy interval (GeV):  2.0599999E-03  2.0500000E-03

  Flux (Part/sr/GeV/cmq/pr):

   13.83056     +/-    2.484124     % 

  Flux (Part/deg/GeV/cmq/pr):

  0.9655556     +/-    2.484124     % 

  Energy interval (GeV):  2.0500000E-03  2.0399999E-03

  Flux (Part/sr/GeV/cmq/pr):

   13.35310     +/-    2.272429     % 

  Flux (Part/deg/GeV/cmq/pr):

  0.9322223     +/-    2.272429     % 

  Energy interval (GeV):  2.0399999E-03  2.0299999E-03

  Flux (Part/sr/GeV/cmq/pr):

   12.46183     +/-    5.186193     % 

  Flux (Part/deg/GeV/cmq/pr):

  0.8700001     +/-    5.186193     % 

  Energy interval (GeV):  2.0299999E-03  2.0200000E-03

  Flux (Part/sr/GeV/cmq/pr):

   13.19394     +/-    2.084096     % 

  Flux (Part/deg/GeV/cmq/pr):

  0.9211112     +/-    2.084096     % 

  Energy interval (GeV):  2.0200000E-03  2.0099999E-03

  Flux (Part/sr/GeV/cmq/pr):

   13.86240     +/-    1.754387     % 

  Flux (Part/deg/GeV/cmq/pr):

  0.9677778     +/-    1.754387     % 

  Energy interval (GeV):  2.0099999E-03  1.9999999E-03

  Flux (Part/sr/GeV/cmq/pr):

   13.36902     +/-    5.064773     % 

  Flux (Part/deg/GeV/cmq/pr):

  0.9333334     +/-    5.064773     % 

  Energy interval (GeV):  1.9999999E-03  1.9900000E-03

  Flux (Part/sr/GeV/cmq/pr):

   12.41409     +/-    2.424060     % 

  Flux (Part/deg/GeV/cmq/pr):

  0.8666667     +/-    2.424060     % 

  Energy interval (GeV):  1.9900000E-03  1.9799999E-03

  Flux (Part/sr/GeV/cmq/pr):

   13.27352     +/-    3.969532     % 

  Flux (Part/deg/GeV/cmq/pr):

  0.9266667     +/-    3.969532     % 

  Energy interval (GeV):  1.9799999E-03  1.9699999E-03

  Flux (Part/sr/GeV/cmq/pr):

   13.11437     +/-    2.165846     % 

  Flux (Part/deg/GeV/cmq/pr):

  0.9155556     +/-    2.165846     % 

  Energy interval (GeV):  1.9699999E-03  1.9600000E-03

  Flux (Part/sr/GeV/cmq/pr):

   12.30268     +/-    5.574013     % 

  Flux (Part/deg/GeV/cmq/pr):

  0.8588889     +/-    5.574013     % 

  Energy interval (GeV):  1.9600000E-03  1.9499999E-03

  Flux (Part/sr/GeV/cmq/pr):

   13.24169     +/-   0.7742860     % 

  Flux (Part/deg/GeV/cmq/pr):

  0.9244445     +/-   0.7742860     % 

  Energy interval (GeV):  1.9499999E-03  1.9400000E-03

  Flux (Part/sr/GeV/cmq/pr):

   12.78014     +/-    3.110834     % 

  Flux (Part/deg/GeV/cmq/pr):

  0.8922223     +/-    3.110834     % 

  Energy interval (GeV):  1.9400000E-03  1.9299999E-03

  Flux (Part/sr/GeV/cmq/pr):

   12.71648     +/-    2.613344     % 

  Flux (Part/deg/GeV/cmq/pr):

  0.8877778     +/-    2.613344     % 

  Energy interval (GeV):  1.9299999E-03  1.9200000E-03

  Flux (Part/sr/GeV/cmq/pr):

   12.03211     +/-    3.282981     % 

  Flux (Part/deg/GeV/cmq/pr):

  0.8400000     +/-    3.282981     % 

  Energy interval (GeV):  1.9200000E-03  1.9100000E-03

  Flux (Part/sr/GeV/cmq/pr):

   12.36634     +/-    4.818097     % 

  Flux (Part/deg/GeV/cmq/pr):

  0.8633334     +/-    4.818097     % 

  Energy interval (GeV):  1.9100000E-03  1.8999999E-03

  Flux (Part/sr/GeV/cmq/pr):

   12.70056     +/-    5.432009     % 

  Flux (Part/deg/GeV/cmq/pr):

  0.8866667     +/-    5.432009     % 

  Energy interval (GeV):  1.8999999E-03  1.8900000E-03

  Flux (Part/sr/GeV/cmq/pr):

   12.81197     +/-    3.947888     % 

  Flux (Part/deg/GeV/cmq/pr):

  0.8944445     +/-    3.947888     % 

  Energy interval (GeV):  1.8900000E-03  1.8800000E-03

  Flux (Part/sr/GeV/cmq/pr):

   11.77747     +/-    3.600786     % 

  Flux (Part/deg/GeV/cmq/pr):

  0.8222223     +/-    3.600786     % 

  Energy interval (GeV):  1.8800000E-03  1.8699999E-03

  Flux (Part/sr/GeV/cmq/pr):

   12.38225     +/-    7.146692     % 

  Flux (Part/deg/GeV/cmq/pr):

  0.8644445     +/-    7.146692     % 

  Energy interval (GeV):  1.8699999E-03  1.8600000E-03

  Flux (Part/sr/GeV/cmq/pr):

   12.66873     +/-    2.804914     % 

  Flux (Part/deg/GeV/cmq/pr):

  0.8844445     +/-    2.804914     % 

  Energy interval (GeV):  1.8600000E-03  1.8500000E-03

  Flux (Part/sr/GeV/cmq/pr):

   11.92070     +/-    4.797128     % 

  Flux (Part/deg/GeV/cmq/pr):

  0.8322223     +/-    4.797128     % 

  Energy interval (GeV):  1.8500000E-03  1.8399999E-03

  Flux (Part/sr/GeV/cmq/pr):

   12.25493     +/-    3.233740     % 

  Flux (Part/deg/GeV/cmq/pr):

  0.8555556     +/-    3.233740     % 

  Energy interval (GeV):  1.8399999E-03  1.8300000E-03

  Flux (Part/sr/GeV/cmq/pr):

   12.50958     +/-    2.314683     % 

  Flux (Part/deg/GeV/cmq/pr):

  0.8733334     +/-    2.314683     % 

  Energy interval (GeV):  1.8300000E-03  1.8200000E-03

  Flux (Part/sr/GeV/cmq/pr):

   11.17268     +/-    2.564102     % 

  Flux (Part/deg/GeV/cmq/pr):

  0.7800000     +/-    2.564102     % 

  Energy interval (GeV):  1.8200000E-03  1.8099999E-03

  Flux (Part/sr/GeV/cmq/pr):

   12.50958     +/-    3.907945     % 

  Flux (Part/deg/GeV/cmq/pr):

  0.8733334     +/-    3.907945     % 

  Energy interval (GeV):  1.8099999E-03  1.8000000E-03

  Flux (Part/sr/GeV/cmq/pr):

   12.09578     +/-    3.462551     % 

  Flux (Part/deg/GeV/cmq/pr):

  0.8444445     +/-    3.462551     % 

  Energy interval (GeV):  1.8000000E-03  1.7900000E-03

  Flux (Part/sr/GeV/cmq/pr):

   12.38225     +/-    2.357832     % 

  Flux (Part/deg/GeV/cmq/pr):

  0.8644445     +/-    2.357832     % 

  Energy interval (GeV):  1.7900000E-03  1.7799999E-03

  Flux (Part/sr/GeV/cmq/pr):

   11.28409     +/-    3.407017     % 

  Flux (Part/deg/GeV/cmq/pr):

  0.7877778     +/-    3.407017     % 

  Energy interval (GeV):  1.7799999E-03  1.7700000E-03

  Flux (Part/sr/GeV/cmq/pr):

   12.04803     +/-    3.572820     % 

  Flux (Part/deg/GeV/cmq/pr):

  0.8411112     +/-    3.572820     % 

  Energy interval (GeV):  1.7700000E-03  1.7599999E-03

  Flux (Part/sr/GeV/cmq/pr):

   12.82789     +/-    4.818786     % 

  Flux (Part/deg/GeV/cmq/pr):

  0.8955556     +/-    4.818786     % 

  Energy interval (GeV):  1.7599999E-03  1.7499999E-03

  Flux (Part/sr/GeV/cmq/pr):

   11.82521     +/-    4.650647     % 

  Flux (Part/deg/GeV/cmq/pr):

  0.8255556     +/-    4.650647     % 

  Energy interval (GeV):  1.7499999E-03  1.7400000E-03

  Flux (Part/sr/GeV/cmq/pr):

   11.50690     +/-    2.665882     % 

  Flux (Part/deg/GeV/cmq/pr):

  0.8033334     +/-    2.665882     % 

  Energy interval (GeV):  1.7400000E-03  1.7299999E-03

  Flux (Part/sr/GeV/cmq/pr):

   12.27085     +/-    3.427904     % 

  Flux (Part/deg/GeV/cmq/pr):

  0.8566667     +/-    3.427904     % 

  Energy interval (GeV):  1.7299999E-03  1.7199999E-03

  Flux (Part/sr/GeV/cmq/pr):

   12.30268     +/-    2.982442     % 

  Flux (Part/deg/GeV/cmq/pr):

  0.8588889     +/-    2.982442     % 

  Energy interval (GeV):  1.7199999E-03  1.7100000E-03

  Flux (Part/sr/GeV/cmq/pr):

   12.04803     +/-    2.775680     % 

  Flux (Part/deg/GeV/cmq/pr):

  0.8411112     +/-    2.775680     % 

  Energy interval (GeV):  1.7100000E-03  1.6999999E-03

  Flux (Part/sr/GeV/cmq/pr):

   12.28676     +/-    3.356647     % 

  Flux (Part/deg/GeV/cmq/pr):

  0.8577778     +/-    3.356647     % 

  Energy interval (GeV):  1.6999999E-03  1.6899999E-03

  Flux (Part/sr/GeV/cmq/pr):

   11.53873     +/-    4.415948     % 

  Flux (Part/deg/GeV/cmq/pr):

  0.8055556     +/-    4.415948     % 

  Energy interval (GeV):  1.6899999E-03  1.6800000E-03

  Flux (Part/sr/GeV/cmq/pr):

   11.26817     +/-    2.749706     % 

  Flux (Part/deg/GeV/cmq/pr):

  0.7866668     +/-    2.749706     % 

  Energy interval (GeV):  1.6800000E-03  1.6699999E-03

  Flux (Part/sr/GeV/cmq/pr):

   11.36366     +/-    3.280122     % 

  Flux (Part/deg/GeV/cmq/pr):

  0.7933334     +/-    3.280122     % 

  Energy interval (GeV):  1.6699999E-03  1.6600000E-03

  Flux (Part/sr/GeV/cmq/pr):

   11.65014     +/-    2.837783     % 

  Flux (Part/deg/GeV/cmq/pr):

  0.8133334     +/-    2.837783     % 

  Energy interval (GeV):  1.6600000E-03  1.6500000E-03

  Flux (Part/sr/GeV/cmq/pr):

   12.38225     +/-    6.508478     % 

  Flux (Part/deg/GeV/cmq/pr):

  0.8644445     +/-    6.508478     % 

  Energy interval (GeV):  1.6500000E-03  1.6399999E-03

  Flux (Part/sr/GeV/cmq/pr):

   10.52014     +/-    1.423215     % 

  Flux (Part/deg/GeV/cmq/pr):

  0.7344445     +/-    1.423215     % 

  Energy interval (GeV):  1.6399999E-03  1.6300000E-03

  Flux (Part/sr/GeV/cmq/pr):

   11.61831     +/-    2.873448     % 

  Flux (Part/deg/GeV/cmq/pr):

  0.8111112     +/-    2.873448     % 

  Energy interval (GeV):  1.6300000E-03  1.6200000E-03

  Flux (Part/sr/GeV/cmq/pr):

   11.87296     +/-    4.793045     % 

  Flux (Part/deg/GeV/cmq/pr):

  0.8288890     +/-    4.793045     % 

  Energy interval (GeV):  1.6200000E-03  1.6099999E-03

  Flux (Part/sr/GeV/cmq/pr):

   11.07718     +/-    4.234241     % 

  Flux (Part/deg/GeV/cmq/pr):

  0.7733334     +/-    4.234241     % 

  Energy interval (GeV):  1.6099999E-03  1.6000000E-03

  Flux (Part/sr/GeV/cmq/pr):

   11.34775     +/-    5.699672     % 

  Flux (Part/deg/GeV/cmq/pr):

  0.7922223     +/-    5.699672     % 

  Energy interval (GeV):  1.6000000E-03  1.5900000E-03

  Flux (Part/sr/GeV/cmq/pr):

   12.06394     +/-    5.026196     % 

  Flux (Part/deg/GeV/cmq/pr):

  0.8422223     +/-    5.026196     % 

  Energy interval (GeV):  1.5900000E-03  1.5799999E-03

  Flux (Part/sr/GeV/cmq/pr):

   11.79338     +/-    5.817857     % 

  Flux (Part/deg/GeV/cmq/pr):

  0.8233334     +/-    5.817857     % 

  Energy interval (GeV):  1.5799999E-03  1.5700000E-03

  Flux (Part/sr/GeV/cmq/pr):

   11.47507     +/-    6.215851     % 

  Flux (Part/deg/GeV/cmq/pr):

  0.8011112     +/-    6.215851     % 

  Energy interval (GeV):  1.5700000E-03  1.5600000E-03

  Flux (Part/sr/GeV/cmq/pr):

   11.18859     +/-    2.814561     % 

  Flux (Part/deg/GeV/cmq/pr):

  0.7811112     +/-    2.814561     % 

  Energy interval (GeV):  1.5600000E-03  1.5499999E-03

  Flux (Part/sr/GeV/cmq/pr):

   11.37958     +/-    3.150736     % 

  Flux (Part/deg/GeV/cmq/pr):

  0.7944445     +/-    3.150736     % 

  Energy interval (GeV):  1.5499999E-03  1.5400000E-03

  Flux (Part/sr/GeV/cmq/pr):

   11.60240     +/-    4.603007     % 

  Flux (Part/deg/GeV/cmq/pr):

  0.8100001     +/-    4.603007     % 

  Energy interval (GeV):  1.5400000E-03  1.5300000E-03

  Flux (Part/sr/GeV/cmq/pr):

   11.74564     +/-    3.639667     % 

  Flux (Part/deg/GeV/cmq/pr):

  0.8200001     +/-    3.639667     % 

  Energy interval (GeV):  1.5300000E-03  1.5199999E-03

  Flux (Part/sr/GeV/cmq/pr):

   11.22042     +/-    3.567313     % 

  Flux (Part/deg/GeV/cmq/pr):

  0.7833334     +/-    3.567313     % 

  Energy interval (GeV):  1.5199999E-03  1.5100000E-03

  Flux (Part/sr/GeV/cmq/pr):

   11.63423     +/-    3.023533     % 

  Flux (Part/deg/GeV/cmq/pr):

  0.8122223     +/-    3.023533     % 

  Energy interval (GeV):  1.5100000E-03  1.5000000E-03

  Flux (Part/sr/GeV/cmq/pr):

   11.18859     +/-    4.014556     % 

  Flux (Part/deg/GeV/cmq/pr):

  0.7811112     +/-    4.014556     % 

  Energy interval (GeV):  1.5000000E-03  1.4899999E-03

  Flux (Part/sr/GeV/cmq/pr):

   11.18859     +/-    3.531923     % 

  Flux (Part/deg/GeV/cmq/pr):

  0.7811112     +/-    3.531923     % 

  Energy interval (GeV):  1.4899999E-03  1.4800000E-03

  Flux (Part/sr/GeV/cmq/pr):

   11.61831     +/-    6.818424     % 

  Flux (Part/deg/GeV/cmq/pr):

  0.8111112     +/-    6.818424     % 

  Energy interval (GeV):  1.4800000E-03  1.4700000E-03

  Flux (Part/sr/GeV/cmq/pr):

   10.87028     +/-    1.171303     % 

  Flux (Part/deg/GeV/cmq/pr):

  0.7588890     +/-    1.171303     % 

  Energy interval (GeV):  1.4700000E-03  1.4599999E-03

  Flux (Part/sr/GeV/cmq/pr):

   10.80662     +/-    4.155151     % 

  Flux (Part/deg/GeV/cmq/pr):

  0.7544445     +/-    4.155151     % 

  Energy interval (GeV):  1.4599999E-03  1.4500000E-03

  Flux (Part/sr/GeV/cmq/pr):

   11.25225     +/-    3.692441     % 

  Flux (Part/deg/GeV/cmq/pr):

  0.7855556     +/-    3.692441     % 

  Energy interval (GeV):  1.4500000E-03  1.4400000E-03

  Flux (Part/sr/GeV/cmq/pr):

   11.33183     +/-    2.585949     % 

  Flux (Part/deg/GeV/cmq/pr):

  0.7911112     +/-    2.585949     % 

  Energy interval (GeV):  1.4400000E-03  1.4299999E-03

  Flux (Part/sr/GeV/cmq/pr):

   11.45916     +/-    3.257233     % 

  Flux (Part/deg/GeV/cmq/pr):

  0.8000000     +/-    3.257233     % 

  Energy interval (GeV):  1.4299999E-03  1.4200000E-03

  Flux (Part/sr/GeV/cmq/pr):

   11.60240     +/-    4.134614     % 

  Flux (Part/deg/GeV/cmq/pr):

  0.8100001     +/-    4.134614     % 

  Energy interval (GeV):  1.4200000E-03  1.4099999E-03

  Flux (Part/sr/GeV/cmq/pr):

   11.34775     +/-    2.638833     % 

  Flux (Part/deg/GeV/cmq/pr):

  0.7922223     +/-    2.638833     % 

  Energy interval (GeV):  1.4099999E-03  1.4000000E-03

  Flux (Part/sr/GeV/cmq/pr):

   10.64747     +/-    4.681752     % 

  Flux (Part/deg/GeV/cmq/pr):

  0.7433333     +/-    4.681752     % 

  Energy interval (GeV):  1.4000000E-03  1.3900000E-03

  Flux (Part/sr/GeV/cmq/pr):

   12.20718     +/-    3.903730     % 

  Flux (Part/deg/GeV/cmq/pr):

  0.8522223     +/-    3.903730     % 

  Energy interval (GeV):  1.3900000E-03  1.3799999E-03

  Flux (Part/sr/GeV/cmq/pr):

   10.94986     +/-    2.305052     % 

  Flux (Part/deg/GeV/cmq/pr):

  0.7644445     +/-    2.305052     % 

  Energy interval (GeV):  1.3799999E-03  1.3700000E-03

  Flux (Part/sr/GeV/cmq/pr):

   11.71380     +/-    2.686646     % 

  Flux (Part/deg/GeV/cmq/pr):

  0.8177778     +/-    2.686646     % 

  Energy interval (GeV):  1.3700000E-03  1.3600000E-03

  Flux (Part/sr/GeV/cmq/pr):

   11.58648     +/-    1.949872     % 

  Flux (Part/deg/GeV/cmq/pr):

  0.8088889     +/-    1.949872     % 

  Energy interval (GeV):  1.3600000E-03  1.3499999E-03

  Flux (Part/sr/GeV/cmq/pr):

   11.37958     +/-    3.855678     % 

  Flux (Part/deg/GeV/cmq/pr):

  0.7944445     +/-    3.855678     % 

  Energy interval (GeV):  1.3499999E-03  1.3400000E-03

  Flux (Part/sr/GeV/cmq/pr):

   11.10902     +/-    2.414370     % 

  Flux (Part/deg/GeV/cmq/pr):

  0.7755556     +/-    2.414370     % 

  Energy interval (GeV):  1.3400000E-03  1.3300000E-03

  Flux (Part/sr/GeV/cmq/pr):

   11.80930     +/-    3.386746     % 

  Flux (Part/deg/GeV/cmq/pr):

  0.8244445     +/-    3.386746     % 

  Energy interval (GeV):  1.3300000E-03  1.3199999E-03

  Flux (Part/sr/GeV/cmq/pr):

   11.33183     +/-    3.501390     % 

  Flux (Part/deg/GeV/cmq/pr):

  0.7911112     +/-    3.501390     % 

  Energy interval (GeV):  1.3199999E-03  1.3100000E-03

  Flux (Part/sr/GeV/cmq/pr):

   10.91803     +/-    4.332905     % 

  Flux (Part/deg/GeV/cmq/pr):

  0.7622222     +/-    4.332905     % 

  Energy interval (GeV):  1.3100000E-03  1.3000000E-03

  Flux (Part/sr/GeV/cmq/pr):

   11.22042     +/-    2.898271     % 

  Flux (Part/deg/GeV/cmq/pr):

  0.7833334     +/-    2.898271     % 

  Energy interval (GeV):  1.3000000E-03  1.2899999E-03

  Flux (Part/sr/GeV/cmq/pr):

   11.66606     +/-    2.792562     % 

  Flux (Part/deg/GeV/cmq/pr):

  0.8144445     +/-    2.792562     % 

  Energy interval (GeV):  1.2899999E-03  1.2800000E-03

  Flux (Part/sr/GeV/cmq/pr):

   11.42733     +/-    4.407588     % 

  Flux (Part/deg/GeV/cmq/pr):

  0.7977778     +/-    4.407588     % 

  Energy interval (GeV):  1.2800000E-03  1.2700000E-03

  Flux (Part/sr/GeV/cmq/pr):

   11.20451     +/-    4.865964     % 

  Flux (Part/deg/GeV/cmq/pr):

  0.7822223     +/-    4.865964     % 

  Energy interval (GeV):  1.2700000E-03  1.2599999E-03

  Flux (Part/sr/GeV/cmq/pr):

   11.37958     +/-    3.181625     % 

  Flux (Part/deg/GeV/cmq/pr):

  0.7944445     +/-    3.181625     % 

  Energy interval (GeV):  1.2599999E-03  1.2500000E-03

  Flux (Part/sr/GeV/cmq/pr):

   11.02944     +/-    3.780830     % 

  Flux (Part/deg/GeV/cmq/pr):

  0.7700000     +/-    3.780830     % 

  Energy interval (GeV):  1.2500000E-03  1.2400000E-03

  Flux (Part/sr/GeV/cmq/pr):

   11.92070     +/-    3.534899     % 

  Flux (Part/deg/GeV/cmq/pr):

  0.8322223     +/-    3.534899     % 

  Energy interval (GeV):  1.2400000E-03  1.2299999E-03

  Flux (Part/sr/GeV/cmq/pr):

   11.66606     +/-    3.904253     % 

  Flux (Part/deg/GeV/cmq/pr):

  0.8144445     +/-    3.904253     % 

  Energy interval (GeV):  1.2299999E-03  1.2200000E-03

  Flux (Part/sr/GeV/cmq/pr):

   11.14085     +/-    3.447863     % 

  Flux (Part/deg/GeV/cmq/pr):

  0.7777779     +/-    3.447863     % 

  Energy interval (GeV):  1.2200000E-03  1.2100000E-03

  Flux (Part/sr/GeV/cmq/pr):

   11.74564     +/-    3.757568     % 

  Flux (Part/deg/GeV/cmq/pr):

  0.8200001     +/-    3.757568     % 

  Energy interval (GeV):  1.2100000E-03  1.1999999E-03

  Flux (Part/sr/GeV/cmq/pr):

   11.42733     +/-    2.141860     % 

  Flux (Part/deg/GeV/cmq/pr):

  0.7977778     +/-    2.141860     % 

  Energy interval (GeV):  1.1999999E-03  1.1900000E-03

  Flux (Part/sr/GeV/cmq/pr):

   10.80662     +/-    4.802850     % 

  Flux (Part/deg/GeV/cmq/pr):

  0.7544445     +/-    4.802850     % 

  Energy interval (GeV):  1.1900000E-03  1.1800000E-03

  Flux (Part/sr/GeV/cmq/pr):

   11.77747     +/-    2.694243     % 

  Flux (Part/deg/GeV/cmq/pr):

  0.8222223     +/-    2.694243     % 

  Energy interval (GeV):  1.1800000E-03  1.1699999E-03

  Flux (Part/sr/GeV/cmq/pr):

   10.24958     +/-    2.484473     % 

  Flux (Part/deg/GeV/cmq/pr):

  0.7155556     +/-    2.484473     % 

  Energy interval (GeV):  1.1699999E-03  1.1600000E-03

  Flux (Part/sr/GeV/cmq/pr):

   10.79071     +/-    3.416294     % 

  Flux (Part/deg/GeV/cmq/pr):

  0.7533334     +/-    3.416294     % 

  Energy interval (GeV):  1.1600000E-03  1.1500000E-03

  Flux (Part/sr/GeV/cmq/pr):

   10.71113     +/-   0.7279313     % 

  Flux (Part/deg/GeV/cmq/pr):

  0.7477778     +/-   0.7279313     % 

  Energy interval (GeV):  1.1500000E-03  1.1399999E-03

  Flux (Part/sr/GeV/cmq/pr):

   11.18859     +/-    5.219728     % 

  Flux (Part/deg/GeV/cmq/pr):

  0.7811111     +/-    5.219728     % 

  Energy interval (GeV):  1.1399999E-03  1.1300000E-03

  Flux (Part/sr/GeV/cmq/pr):

   10.48831     +/-    5.446992     % 

  Flux (Part/deg/GeV/cmq/pr):

  0.7322223     +/-    5.446992     % 

  Energy interval (GeV):  1.1300000E-03  1.1199999E-03

  Flux (Part/sr/GeV/cmq/pr):

   10.37690     +/-    3.185979     % 

  Flux (Part/deg/GeV/cmq/pr):

  0.7244445     +/-    3.185979     % 

  Energy interval (GeV):  1.1199999E-03  1.1100000E-03

  Flux (Part/sr/GeV/cmq/pr):

   10.59972     +/-    3.808905     % 

  Flux (Part/deg/GeV/cmq/pr):

  0.7400001     +/-    3.808905     % 

  Energy interval (GeV):  1.1100000E-03  1.1000000E-03

  Flux (Part/sr/GeV/cmq/pr):

   11.28409     +/-    3.941661     % 

  Flux (Part/deg/GeV/cmq/pr):

  0.7877778     +/-    3.941661     % 

  Energy interval (GeV):  1.1000000E-03  1.0899999E-03

  Flux (Part/sr/GeV/cmq/pr):

   10.21775     +/-    3.657951     % 

  Flux (Part/deg/GeV/cmq/pr):

  0.7133334     +/-    3.657951     % 

  Energy interval (GeV):  1.0899999E-03  1.0800000E-03

  Flux (Part/sr/GeV/cmq/pr):

   11.65014     +/-    1.865641     % 

  Flux (Part/deg/GeV/cmq/pr):

  0.8133334     +/-    1.865641     % 

  Energy interval (GeV):  1.0800000E-03  1.0700000E-03

  Flux (Part/sr/GeV/cmq/pr):

   11.01352     +/-    3.276239     % 

  Flux (Part/deg/GeV/cmq/pr):

  0.7688890     +/-    3.276239     % 

  Energy interval (GeV):  1.0700000E-03  1.0599999E-03

  Flux (Part/sr/GeV/cmq/pr):

   10.61563     +/-    3.870565     % 

  Flux (Part/deg/GeV/cmq/pr):

  0.7411112     +/-    3.870565     % 

  Energy interval (GeV):  1.0599999E-03  1.0500000E-03

  Flux (Part/sr/GeV/cmq/pr):

   10.55197     +/-    2.575171     % 

  Flux (Part/deg/GeV/cmq/pr):

  0.7366667     +/-    2.575171     % 

  Energy interval (GeV):  1.0500000E-03  1.0400000E-03

  Flux (Part/sr/GeV/cmq/pr):

   10.90211     +/-    5.083354     % 

  Flux (Part/deg/GeV/cmq/pr):

  0.7611111     +/-    5.083354     % 

  Energy interval (GeV):  1.0400000E-03  1.0299999E-03

  Flux (Part/sr/GeV/cmq/pr):

   10.87028     +/-    4.046933     % 

  Flux (Part/deg/GeV/cmq/pr):

  0.7588889     +/-    4.046933     % 

  Energy interval (GeV):  1.0299999E-03  1.0200000E-03

  Flux (Part/sr/GeV/cmq/pr):

   10.63155     +/-    2.980885     % 

  Flux (Part/deg/GeV/cmq/pr):

  0.7422222     +/-    2.980885     % 

  Energy interval (GeV):  1.0200000E-03  1.0100000E-03

  Flux (Part/sr/GeV/cmq/pr):

   10.52014     +/-    2.360740     % 

  Flux (Part/deg/GeV/cmq/pr):

  0.7344445     +/-    2.360740     % 

  Energy interval (GeV):  1.0100000E-03  9.9999993E-04

  Flux (Part/sr/GeV/cmq/pr):

   11.02944     +/-    2.587361     % 

  Flux (Part/deg/GeV/cmq/pr):

  0.7700000     +/-    2.587361     % 

  Energy interval (GeV):  9.9999993E-04  9.8999997E-04

  Flux (Part/sr/GeV/cmq/pr):

   10.55197     +/-    3.886606     % 

  Flux (Part/deg/GeV/cmq/pr):

  0.7366667     +/-    3.886606     % 

  Energy interval (GeV):  9.8999997E-04  9.8000001E-04

  Flux (Part/sr/GeV/cmq/pr):

   10.58380     +/-    5.447886     % 

  Flux (Part/deg/GeV/cmq/pr):

  0.7388889     +/-    5.447886     % 

  Energy interval (GeV):  9.8000001E-04  9.6999999E-04

  Flux (Part/sr/GeV/cmq/pr):

   10.72704     +/-   0.8587413     % 

  Flux (Part/deg/GeV/cmq/pr):

  0.7488890     +/-   0.8587413     % 

  Energy interval (GeV):  9.6999999E-04  9.5999998E-04

  Flux (Part/sr/GeV/cmq/pr):

   11.22042     +/-    3.318966     % 

  Flux (Part/deg/GeV/cmq/pr):

  0.7833334     +/-    3.318966     % 

  Energy interval (GeV):  9.5999998E-04  9.4999996E-04

  Flux (Part/sr/GeV/cmq/pr):

   10.09042     +/-    4.372529     % 

  Flux (Part/deg/GeV/cmq/pr):

  0.7044445     +/-    4.372529     % 

  Energy interval (GeV):  9.4999996E-04  9.4000000E-04

  Flux (Part/sr/GeV/cmq/pr):

   10.79071     +/-    3.676977     % 

  Flux (Part/deg/GeV/cmq/pr):

  0.7533334     +/-    3.676977     % 

  Energy interval (GeV):  9.4000000E-04  9.2999998E-04

  Flux (Part/sr/GeV/cmq/pr):

   10.79071     +/-    3.202662     % 

  Flux (Part/deg/GeV/cmq/pr):

  0.7533334     +/-    3.202662     % 

  Energy interval (GeV):  9.2999998E-04  9.1999996E-04

  Flux (Part/sr/GeV/cmq/pr):

   10.50423     +/-    3.972761     % 

  Flux (Part/deg/GeV/cmq/pr):

  0.7333334     +/-    3.972761     % 

  Energy interval (GeV):  9.1999996E-04  9.1000000E-04

  Flux (Part/sr/GeV/cmq/pr):

   10.80662     +/-    3.706837     % 

  Flux (Part/deg/GeV/cmq/pr):

  0.7544445     +/-    3.706837     % 

  Energy interval (GeV):  9.1000000E-04  8.9999998E-04

  Flux (Part/sr/GeV/cmq/pr):

   10.71113     +/-    2.725697     % 

  Flux (Part/deg/GeV/cmq/pr):

  0.7477778     +/-    2.725697     % 

  Energy interval (GeV):  8.9999998E-04  8.8999997E-04

  Flux (Part/sr/GeV/cmq/pr):

   9.899438     +/-    4.718862     % 

  Flux (Part/deg/GeV/cmq/pr):

  0.6911111     +/-    4.718862     % 

  Energy interval (GeV):  8.8999997E-04  8.7999995E-04

  Flux (Part/sr/GeV/cmq/pr):

   9.994930     +/-    1.959958     % 

  Flux (Part/deg/GeV/cmq/pr):

  0.6977778     +/-    1.959958     % 

  Energy interval (GeV):  8.7999995E-04  8.6999999E-04

  Flux (Part/sr/GeV/cmq/pr):

   9.899437     +/-    3.241455     % 

  Flux (Part/deg/GeV/cmq/pr):

  0.6911111     +/-    3.241455     % 

  Energy interval (GeV):  8.6999999E-04  8.5999997E-04

  Flux (Part/sr/GeV/cmq/pr):

   10.50423     +/-    3.001760     % 

  Flux (Part/deg/GeV/cmq/pr):

  0.7333333     +/-    3.001760     % 

  Energy interval (GeV):  8.5999997E-04  8.4999995E-04

  Flux (Part/sr/GeV/cmq/pr):

   10.59972     +/-    3.896679     % 

  Flux (Part/deg/GeV/cmq/pr):

  0.7400001     +/-    3.896679     % 

  Energy interval (GeV):  8.4999995E-04  8.3999999E-04

  Flux (Part/sr/GeV/cmq/pr):

   9.565212     +/-    3.139429     % 

  Flux (Part/deg/GeV/cmq/pr):

  0.6677778     +/-    3.139429     % 

  Energy interval (GeV):  8.3999999E-04  8.2999998E-04

  Flux (Part/sr/GeV/cmq/pr):

   9.835775     +/-    6.201867     % 

  Flux (Part/deg/GeV/cmq/pr):

  0.6866667     +/-    6.201867     % 

  Energy interval (GeV):  8.2999998E-04  8.1999996E-04

  Flux (Part/sr/GeV/cmq/pr):

   11.06127     +/-    2.983661     % 

  Flux (Part/deg/GeV/cmq/pr):

  0.7722223     +/-    2.983661     % 

  Energy interval (GeV):  8.1999996E-04  8.1000000E-04

  Flux (Part/sr/GeV/cmq/pr):

   10.28141     +/-    4.076531     % 

  Flux (Part/deg/GeV/cmq/pr):

  0.7177778     +/-    4.076531     % 

  Energy interval (GeV):  8.1000000E-04  7.9999998E-04

  Flux (Part/sr/GeV/cmq/pr):

   10.45648     +/-    1.677734     % 

  Flux (Part/deg/GeV/cmq/pr):

  0.7300000     +/-    1.677734     % 

  Energy interval (GeV):  7.9999998E-04  7.8999996E-04

  Flux (Part/sr/GeV/cmq/pr):

   9.740282     +/-    3.784717     % 

  Flux (Part/deg/GeV/cmq/pr):

  0.6800000     +/-    3.784717     % 

  Energy interval (GeV):  7.8999996E-04  7.8000000E-04

  Flux (Part/sr/GeV/cmq/pr):

   10.64747     +/-    1.592473     % 

  Flux (Part/deg/GeV/cmq/pr):

  0.7433334     +/-    1.592473     % 

  Energy interval (GeV):  7.8000000E-04  7.6999998E-04

  Flux (Part/sr/GeV/cmq/pr):

   10.45648     +/-    4.657883     % 

  Flux (Part/deg/GeV/cmq/pr):

  0.7300000     +/-    4.657883     % 

  Energy interval (GeV):  7.6999998E-04  7.5999997E-04

  Flux (Part/sr/GeV/cmq/pr):

   9.947184     +/-    4.374472     % 

  Flux (Part/deg/GeV/cmq/pr):

  0.6944445     +/-    4.374472     % 

  Energy interval (GeV):  7.5999997E-04  7.5000001E-04

  Flux (Part/sr/GeV/cmq/pr):

   9.660705     +/-    1.182265     % 

  Flux (Part/deg/GeV/cmq/pr):

  0.6744444     +/-    1.182265     % 

  Energy interval (GeV):  7.5000001E-04  7.3999999E-04

  Flux (Part/sr/GeV/cmq/pr):

   9.883522     +/-    4.278690     % 

  Flux (Part/deg/GeV/cmq/pr):

  0.6900001     +/-    4.278690     % 

  Energy interval (GeV):  7.3999999E-04  7.2999997E-04

  Flux (Part/sr/GeV/cmq/pr):

   9.979014     +/-    4.063075     % 

  Flux (Part/deg/GeV/cmq/pr):

  0.6966667     +/-    4.063075     % 

  Energy interval (GeV):  7.2999997E-04  7.2000001E-04

  Flux (Part/sr/GeV/cmq/pr):

   9.883522     +/-    7.563297     % 

  Flux (Part/deg/GeV/cmq/pr):

  0.6900001     +/-    7.563297     % 

  Energy interval (GeV):  7.2000001E-04  7.0999999E-04

  Flux (Part/sr/GeV/cmq/pr):

   9.994930     +/-    4.437222     % 

  Flux (Part/deg/GeV/cmq/pr):

  0.6977778     +/-    4.437222     % 

  Energy interval (GeV):  7.0999999E-04  6.9999998E-04

  Flux (Part/sr/GeV/cmq/pr):

   9.565212     +/-    2.688102     % 

  Flux (Part/deg/GeV/cmq/pr):

  0.6677778     +/-    2.688102     % 

  Energy interval (GeV):  6.9999998E-04  6.8999996E-04

  Flux (Part/sr/GeV/cmq/pr):

   10.04268     +/-    3.318605     % 

  Flux (Part/deg/GeV/cmq/pr):

  0.7011111     +/-    3.318605     % 

  Energy interval (GeV):  6.8999996E-04  6.8000000E-04

  Flux (Part/sr/GeV/cmq/pr):

   10.23366     +/-    4.402920     % 

  Flux (Part/deg/GeV/cmq/pr):

  0.7144445     +/-    4.402920     % 

  Energy interval (GeV):  6.8000000E-04  6.6999998E-04

  Flux (Part/sr/GeV/cmq/pr):

   9.326479     +/-    4.605927     % 

  Flux (Part/deg/GeV/cmq/pr):

  0.6511111     +/-    4.605927     % 

  Energy interval (GeV):  6.6999998E-04  6.5999996E-04

  Flux (Part/sr/GeV/cmq/pr):

   9.915353     +/-    1.732508     % 

  Flux (Part/deg/GeV/cmq/pr):

  0.6922222     +/-    1.732508     % 

  Energy interval (GeV):  6.5999996E-04  6.5000000E-04

  Flux (Part/sr/GeV/cmq/pr):

   9.851691     +/-    3.851897     % 

  Flux (Part/deg/GeV/cmq/pr):

  0.6877778     +/-    3.851897     % 

  Energy interval (GeV):  6.5000000E-04  6.3999998E-04

  Flux (Part/sr/GeV/cmq/pr):

   10.20183     +/-    3.517933     % 

  Flux (Part/deg/GeV/cmq/pr):

  0.7122222     +/-    3.517933     % 

  Energy interval (GeV):  6.3999998E-04  6.2999997E-04

  Flux (Part/sr/GeV/cmq/pr):

   9.215071     +/-    2.552978     % 

  Flux (Part/deg/GeV/cmq/pr):

  0.6433334     +/-    2.552978     % 

  Energy interval (GeV):  6.2999997E-04  6.2000001E-04

  Flux (Part/sr/GeV/cmq/pr):

   9.390141     +/-    8.461855     % 

  Flux (Part/deg/GeV/cmq/pr):

  0.6555556     +/-    8.461855     % 

  Energy interval (GeV):  6.2000001E-04  6.0999999E-04

  Flux (Part/sr/GeV/cmq/pr):

   9.008170     +/-    2.921878     % 

  Flux (Part/deg/GeV/cmq/pr):

  0.6288889     +/-    2.921878     % 

  Energy interval (GeV):  6.0999999E-04  5.9999997E-04

  Flux (Part/sr/GeV/cmq/pr):

   9.008170     +/-    2.551153     % 

  Flux (Part/deg/GeV/cmq/pr):

  0.6288889     +/-    2.551153     % 

  Energy interval (GeV):  5.9999997E-04  5.9000001E-04

  Flux (Part/sr/GeV/cmq/pr):

   9.167324     +/-    4.084476     % 

  Flux (Part/deg/GeV/cmq/pr):

  0.6400000     +/-    4.084476     % 

  Energy interval (GeV):  5.9000001E-04  5.7999999E-04

  Flux (Part/sr/GeV/cmq/pr):

   9.230987     +/-    4.454486     % 

  Flux (Part/deg/GeV/cmq/pr):

  0.6444445     +/-    4.454486     % 

  Energy interval (GeV):  5.7999999E-04  5.6999997E-04

  Flux (Part/sr/GeV/cmq/pr):

   9.055916     +/-    5.539515     % 

  Flux (Part/deg/GeV/cmq/pr):

  0.6322222     +/-    5.539515     % 

  Energy interval (GeV):  5.6999997E-04  5.5999996E-04

  Flux (Part/sr/GeV/cmq/pr):

   9.421972     +/-    4.752299     % 

  Flux (Part/deg/GeV/cmq/pr):

  0.6577778     +/-    4.752299     % 

  Energy interval (GeV):  5.5999996E-04  5.5000000E-04

  Flux (Part/sr/GeV/cmq/pr):

   8.594367     +/-    1.756820     % 

  Flux (Part/deg/GeV/cmq/pr):

  0.6000000     +/-    1.756820     % 

  Energy interval (GeV):  5.5000000E-04  5.3999998E-04

  Flux (Part/sr/GeV/cmq/pr):

   8.562536     +/-    4.295249     % 

  Flux (Part/deg/GeV/cmq/pr):

  0.5977778     +/-    4.295249     % 

  Energy interval (GeV):  5.3999998E-04  5.2999996E-04

  Flux (Part/sr/GeV/cmq/pr):

   9.310564     +/-    4.804605     % 

  Flux (Part/deg/GeV/cmq/pr):

  0.6500000     +/-    4.804605     % 

  Energy interval (GeV):  5.2999996E-04  5.2000000E-04

  Flux (Part/sr/GeV/cmq/pr):

   8.132817     +/-    6.456443     % 

  Flux (Part/deg/GeV/cmq/pr):

  0.5677778     +/-    6.456443     % 

  Energy interval (GeV):  5.2000000E-04  5.0999998E-04

  Flux (Part/sr/GeV/cmq/pr):

   123.8862     +/-    1.746110     % 

  Flux (Part/deg/GeV/cmq/pr):

   8.648890     +/-    1.746110     % 

  Energy interval (GeV):  5.0999998E-04  4.9999997E-04

  Flux (Part/sr/GeV/cmq/pr):

   10.63155     +/-    4.171520     % 

  Flux (Part/deg/GeV/cmq/pr):

  0.7422222     +/-    4.171520     % 

  Energy interval (GeV):  4.9999997E-04  4.9000001E-04

  Flux (Part/sr/GeV/cmq/pr):

   10.36099     +/-    3.253122     % 

  Flux (Part/deg/GeV/cmq/pr):

  0.7233334     +/-    3.253122     % 

  Energy interval (GeV):  4.9000001E-04  4.7999999E-04

  Flux (Part/sr/GeV/cmq/pr):

   11.01352     +/-    3.315837     % 

  Flux (Part/deg/GeV/cmq/pr):

  0.7688890     +/-    3.315837     % 

  Energy interval (GeV):  4.7999999E-04  4.7000000E-04

  Flux (Part/sr/GeV/cmq/pr):

   10.15409     +/-    2.676078     % 

  Flux (Part/deg/GeV/cmq/pr):

  0.7088889     +/-    2.676078     % 

  Energy interval (GeV):  4.7000000E-04  4.5999998E-04

  Flux (Part/sr/GeV/cmq/pr):

   11.14085     +/-    3.704658     % 

  Flux (Part/deg/GeV/cmq/pr):

  0.7777779     +/-    3.704658     % 

  Energy interval (GeV):  4.5999998E-04  4.4999999E-04

  Flux (Part/sr/GeV/cmq/pr):

   10.18592     +/-    2.974912     % 

  Flux (Part/deg/GeV/cmq/pr):

  0.7111111     +/-    2.974912     % 

  Energy interval (GeV):  4.4999999E-04  4.3999997E-04

  Flux (Part/sr/GeV/cmq/pr):

   10.09042     +/-    3.834463     % 

  Flux (Part/deg/GeV/cmq/pr):

  0.7044445     +/-    3.834463     % 

  Energy interval (GeV):  4.3999997E-04  4.2999999E-04

  Flux (Part/sr/GeV/cmq/pr):

   10.18592     +/-    1.330423     % 

  Flux (Part/deg/GeV/cmq/pr):

  0.7111111     +/-    1.330423     % 

  Energy interval (GeV):  4.2999999E-04  4.2000000E-04

  Flux (Part/sr/GeV/cmq/pr):

   9.644790     +/-    4.103905     % 

  Flux (Part/deg/GeV/cmq/pr):

  0.6733333     +/-    4.103905     % 

  Energy interval (GeV):  4.2000000E-04  4.0999998E-04

  Flux (Part/sr/GeV/cmq/pr):

   10.31324     +/-    2.373235     % 

  Flux (Part/deg/GeV/cmq/pr):

  0.7200000     +/-    2.373235     % 

  Energy interval (GeV):  4.0999998E-04  3.9999999E-04

  Flux (Part/sr/GeV/cmq/pr):

   10.10634     +/-    5.960375     % 

  Flux (Part/deg/GeV/cmq/pr):

  0.7055556     +/-    5.960375     % 

  Energy interval (GeV):  3.9999999E-04  3.9000000E-04

  Flux (Part/sr/GeV/cmq/pr):

   10.56789     +/-    6.283929     % 

  Flux (Part/deg/GeV/cmq/pr):

  0.7377778     +/-    6.283929     % 

  Energy interval (GeV):  3.9000000E-04  3.7999998E-04

  Flux (Part/sr/GeV/cmq/pr):

   10.52014     +/-    4.695961     % 

  Flux (Part/deg/GeV/cmq/pr):

  0.7344445     +/-    4.695961     % 

  Energy interval (GeV):  3.7999998E-04  3.6999999E-04

  Flux (Part/sr/GeV/cmq/pr):

   10.12225     +/-    5.281943     % 

  Flux (Part/deg/GeV/cmq/pr):

  0.7066667     +/-    5.281943     % 

  Energy interval (GeV):  3.6999999E-04  3.6000001E-04

  Flux (Part/sr/GeV/cmq/pr):

   10.79070     +/-    3.319404     % 

  Flux (Part/deg/GeV/cmq/pr):

  0.7533334     +/-    3.319404     % 

  Energy interval (GeV):  3.6000001E-04  3.4999999E-04

  Flux (Part/sr/GeV/cmq/pr):

   11.01352     +/-    3.027793     % 

  Flux (Part/deg/GeV/cmq/pr):

  0.7688890     +/-    3.027793     % 

  Energy interval (GeV):  3.4999999E-04  3.4000000E-04

  Flux (Part/sr/GeV/cmq/pr):

   10.77479     +/-    2.837426     % 

  Flux (Part/deg/GeV/cmq/pr):

  0.7522223     +/-    2.837426     % 

  Energy interval (GeV):  3.4000000E-04  3.2999998E-04

  Flux (Part/sr/GeV/cmq/pr):

   10.45648     +/-    3.391520     % 

  Flux (Part/deg/GeV/cmq/pr):

  0.7300001     +/-    3.391520     % 

  Energy interval (GeV):  3.2999998E-04  3.1999999E-04

  Flux (Part/sr/GeV/cmq/pr):

   10.99761     +/-    3.303246     % 

  Flux (Part/deg/GeV/cmq/pr):

  0.7677778     +/-    3.303246     % 

  Energy interval (GeV):  3.1999999E-04  3.1000000E-04

  Flux (Part/sr/GeV/cmq/pr):

   10.99761     +/-    2.572560     % 

  Flux (Part/deg/GeV/cmq/pr):

  0.7677778     +/-    2.572560     % 

  Energy interval (GeV):  3.1000000E-04  2.9999999E-04

  Flux (Part/sr/GeV/cmq/pr):

   11.77747     +/-    1.911099     % 

  Flux (Part/deg/GeV/cmq/pr):

  0.8222223     +/-    1.911099     % 

  Energy interval (GeV):  2.9999999E-04  2.9000000E-04

  Flux (Part/sr/GeV/cmq/pr):

   11.53873     +/-    3.496219     % 

  Flux (Part/deg/GeV/cmq/pr):

  0.8055556     +/-    3.496219     % 

  Energy interval (GeV):  2.9000000E-04  2.7999998E-04

  Flux (Part/sr/GeV/cmq/pr):

   11.74564     +/-    3.919013     % 

  Flux (Part/deg/GeV/cmq/pr):

  0.8200001     +/-    3.919013     % 

  Energy interval (GeV):  2.7999998E-04  2.6999999E-04

  Flux (Part/sr/GeV/cmq/pr):

   11.76155     +/-    2.337909     % 

  Flux (Part/deg/GeV/cmq/pr):

  0.8211111     +/-    2.337909     % 

  Energy interval (GeV):  2.6999999E-04  2.6000000E-04

  Flux (Part/sr/GeV/cmq/pr):

   11.95254     +/-    3.624675     % 

  Flux (Part/deg/GeV/cmq/pr):

  0.8344445     +/-    3.624675     % 

  Energy interval (GeV):  2.6000000E-04  2.4999998E-04

  Flux (Part/sr/GeV/cmq/pr):

   11.52282     +/-    5.616471     % 

  Flux (Part/deg/GeV/cmq/pr):

  0.8044445     +/-    5.616471     % 

  Energy interval (GeV):  2.4999998E-04  2.3999999E-04

  Flux (Part/sr/GeV/cmq/pr):

   13.33718     +/-    5.953445     % 

  Flux (Part/deg/GeV/cmq/pr):

  0.9311112     +/-    5.953445     % 

  Energy interval (GeV):  2.3999999E-04  2.2999999E-04

  Flux (Part/sr/GeV/cmq/pr):

   13.33718     +/-    1.755841     % 

  Flux (Part/deg/GeV/cmq/pr):

  0.9311112     +/-    1.755841     % 

  Energy interval (GeV):  2.2999999E-04  2.1999999E-04

  Flux (Part/sr/GeV/cmq/pr):

   12.81197     +/-    2.106314     % 

  Flux (Part/deg/GeV/cmq/pr):

  0.8944445     +/-    2.106314     % 

  Energy interval (GeV):  2.1999999E-04  2.1000000E-04

  Flux (Part/sr/GeV/cmq/pr):

   13.79873     +/-    4.031137     % 

  Flux (Part/deg/GeV/cmq/pr):

  0.9633334     +/-    4.031137     % 

  Energy interval (GeV):  2.1000000E-04  1.9999999E-04

  Flux (Part/sr/GeV/cmq/pr):

   12.98704     +/-    3.996489     % 

  Flux (Part/deg/GeV/cmq/pr):

  0.9066668     +/-    3.996489     % 

  Energy interval (GeV):  1.9999999E-04  1.8999999E-04

  Flux (Part/sr/GeV/cmq/pr):

   13.57592     +/-    4.923798     % 

  Flux (Part/deg/GeV/cmq/pr):

  0.9477778     +/-    4.923798     % 

  Energy interval (GeV):  1.8999999E-04  1.8000000E-04

  Flux (Part/sr/GeV/cmq/pr):

   13.06662     +/-    3.701479     % 

  Flux (Part/deg/GeV/cmq/pr):

  0.9122223     +/-    3.701479     % 

  Energy interval (GeV):  1.8000000E-04  1.7000000E-04

  Flux (Part/sr/GeV/cmq/pr):

   13.32127     +/-    1.482638     % 

  Flux (Part/deg/GeV/cmq/pr):

  0.9300001     +/-    1.482638     % 

  Energy interval (GeV):  1.7000000E-04  1.6000000E-04

  Flux (Part/sr/GeV/cmq/pr):

   11.61831     +/-    3.306168     % 

  Flux (Part/deg/GeV/cmq/pr):

  0.8111112     +/-    3.306168     % 

  Energy interval (GeV):  1.6000000E-04  1.4999999E-04

  Flux (Part/sr/GeV/cmq/pr):

   11.80930     +/-    4.800947     % 

  Flux (Part/deg/GeV/cmq/pr):

  0.8244445     +/-    4.800947     % 

  Energy interval (GeV):  1.4999999E-04  1.3999999E-04

  Flux (Part/sr/GeV/cmq/pr):

   10.82254     +/-    4.916034     % 

  Flux (Part/deg/GeV/cmq/pr):

  0.7555556     +/-    4.916034     % 

  Energy interval (GeV):  1.3999999E-04  1.3000000E-04

  Flux (Part/sr/GeV/cmq/pr):

   9.692535     +/-    2.535869     % 

  Flux (Part/deg/GeV/cmq/pr):

  0.6766667     +/-    2.535869     % 

  Energy interval (GeV):  1.3000000E-04  1.2000000E-04

  Flux (Part/sr/GeV/cmq/pr):

   7.623522     +/-    2.885235     % 

  Flux (Part/deg/GeV/cmq/pr):

  0.5322223     +/-    2.885235     % 

  Energy interval (GeV):  1.2000000E-04  1.0999999E-04

  Flux (Part/sr/GeV/cmq/pr):

   5.745493     +/-    4.865421     % 

  Flux (Part/deg/GeV/cmq/pr):

  0.4011111     +/-    4.865421     % 

  Energy interval (GeV):  1.0999999E-04  9.9999997E-05

  Flux (Part/sr/GeV/cmq/pr):

   4.090282     +/-    3.566207     % 

  Flux (Part/deg/GeV/cmq/pr):

  0.2855556     +/-    3.566207     % 

  Energy interval (GeV):  9.9999997E-05  9.0000001E-05

  Flux (Part/sr/GeV/cmq/pr):

   3.039859     +/-    6.896304     % 

  Flux (Part/deg/GeV/cmq/pr):

  0.2122222     +/-    6.896304     % 

  Energy interval (GeV):  9.0000001E-05  7.9999998E-05

  Flux (Part/sr/GeV/cmq/pr):

   2.100845     +/-    5.694430     % 

  Flux (Part/deg/GeV/cmq/pr):

  0.1466667     +/-    5.694430     % 

  Energy interval (GeV):  7.9999998E-05  6.9999995E-05

  Flux (Part/sr/GeV/cmq/pr):

   1.766620     +/-    6.589521     % 

  Flux (Part/deg/GeV/cmq/pr):

  0.1233333     +/-    6.589521     % 

  Energy interval (GeV):  6.9999995E-05  5.9999998E-05

  Flux (Part/sr/GeV/cmq/pr):

   1.273239     +/-    10.64337     % 

  Flux (Part/deg/GeV/cmq/pr):

  8.8888891E-02 +/-    10.64337     % 

  Energy interval (GeV):  5.9999998E-05  4.9999999E-05

  Flux (Part/sr/GeV/cmq/pr):

  0.7480282     +/-    17.02128     % 

  Flux (Part/deg/GeV/cmq/pr):

  5.2222226E-02 +/-    17.02128     % 

  Energy interval (GeV):  4.9999999E-05  3.9999999E-05

  Flux (Part/sr/GeV/cmq/pr):

  0.5252113     +/-    21.74652     % 

  Flux (Part/deg/GeV/cmq/pr):

  3.6666669E-02 +/-    21.74652     % 

  Energy interval (GeV):  3.9999999E-05  2.9999999E-05

  Flux (Part/sr/GeV/cmq/pr):

  0.3819719     +/-    22.24391     % 

  Flux (Part/deg/GeV/cmq/pr):

  2.6666667E-02 +/-    22.24391     % 

  Energy interval (GeV):  2.9999999E-05  1.9999999E-05

  Flux (Part/sr/GeV/cmq/pr):

  0.1750704     +/-    33.40213     % 

  Flux (Part/deg/GeV/cmq/pr):

  1.2222223E-02 +/-    33.40213     % 

  Energy interval (GeV):  1.9999999E-05  9.9999997E-06

  Flux (Part/sr/GeV/cmq/pr):

  0.1432394     +/-    47.79070     % 

  Flux (Part/deg/GeV/cmq/pr):

  1.0000001E-02 +/-    47.79070     % 

  Energy interval (GeV):  9.9999997E-06   0.000000    

  Flux (Part/sr/GeV/cmq/pr):

   0.000000     +/-    0.000000     % 

  Flux (Part/deg/GeV/cmq/pr):

   0.000000     +/-    0.000000     % 
