  **** hpge2021new_22.bnx ****

  Simulation of HPGe detector for gamma detection v2021                           

  Total primaries run:         1000000
   Total weight of the primaries run:   1000000.00    


  Detector n:            1 (           1 )  targam    
     (Area:            1.00000000      cmq,
      distr. scored:           7    ,
      from reg.           7  to            4 ,
      one way scoring,
      current scoring)

     Tot. resp. (Part/cmq/pr)  0.4160800      +/-  9.0066463E-02 %
     ( -->      (Part/pr)      0.4160800      +/-  9.0066463E-02 % )

  **** Different. Fluxes as a function of energy **** ****      (integrated over solid angle)        ****


  Energy boundaries (GeV):

  3.0000000E-03  2.9899999E-03  2.9799999E-03  2.9700000E-03  2.9600000E-03
  2.9499999E-03  2.9400000E-03  2.9300000E-03  2.9199999E-03  2.9100000E-03
  2.9000000E-03  2.8899999E-03  2.8800000E-03  2.8700000E-03  2.8599999E-03
  2.8499998E-03  2.8400000E-03  2.8299999E-03  2.8199998E-03  2.8100000E-03
  2.7999999E-03  2.7899998E-03  2.7800000E-03  2.7699999E-03  2.7599998E-03
  2.7500000E-03  2.7399999E-03  2.7299998E-03  2.7200000E-03  2.7099999E-03
  2.6999998E-03  2.6900000E-03  2.6799999E-03  2.6699998E-03  2.6600000E-03
  2.6499999E-03  2.6399998E-03  2.6300000E-03  2.6199999E-03  2.6099999E-03
  2.6000000E-03  2.5899999E-03  2.5799999E-03  2.5700000E-03  2.5599999E-03
  2.5499999E-03  2.5400000E-03  2.5299999E-03  2.5199999E-03  2.5100000E-03
  2.4999999E-03  2.4899999E-03  2.4800000E-03  2.4699999E-03  2.4599999E-03
  2.4500000E-03  2.4400000E-03  2.4299999E-03  2.4200000E-03  2.4100000E-03
  2.3999999E-03  2.3900000E-03  2.3800000E-03  2.3699999E-03  2.3600000E-03
  2.3500000E-03  2.3399999E-03  2.3300000E-03  2.3200000E-03  2.3099999E-03
  2.3000001E-03  2.2900000E-03  2.2799999E-03  2.2700001E-03  2.2600000E-03
  2.2499999E-03  2.2399998E-03  2.2300000E-03  2.2199999E-03  2.2099998E-03
  2.2000000E-03  2.1899999E-03  2.1799998E-03  2.1700000E-03  2.1599999E-03
  2.1499998E-03  2.1400000E-03  2.1299999E-03  2.1199998E-03  2.1100000E-03
  2.0999999E-03  2.0899998E-03  2.0800000E-03  2.0699999E-03  2.0599999E-03
  2.0500000E-03  2.0399999E-03  2.0299999E-03  2.0200000E-03  2.0099999E-03
  1.9999999E-03  1.9900000E-03  1.9799999E-03  1.9699999E-03  1.9600000E-03
  1.9499999E-03  1.9400000E-03  1.9299999E-03  1.9200000E-03  1.9100000E-03
  1.8999999E-03  1.8900000E-03  1.8800000E-03  1.8699999E-03  1.8600000E-03
  1.8500000E-03  1.8399999E-03  1.8300000E-03  1.8200000E-03  1.8099999E-03
  1.8000000E-03  1.7900000E-03  1.7799999E-03  1.7700000E-03  1.7599999E-03
  1.7499999E-03  1.7400000E-03  1.7299999E-03  1.7199999E-03  1.7100000E-03
  1.6999999E-03  1.6899999E-03  1.6800000E-03  1.6699999E-03  1.6600000E-03
  1.6500000E-03  1.6399999E-03  1.6300000E-03  1.6200000E-03  1.6099999E-03
  1.6000000E-03  1.5900000E-03  1.5799999E-03  1.5700000E-03  1.5600000E-03
  1.5499999E-03  1.5400000E-03  1.5300000E-03  1.5199999E-03  1.5100000E-03
  1.5000000E-03  1.4899999E-03  1.4800000E-03  1.4700000E-03  1.4599999E-03
  1.4500000E-03  1.4400000E-03  1.4299999E-03  1.4200000E-03  1.4099999E-03
  1.4000000E-03  1.3900000E-03  1.3799999E-03  1.3700000E-03  1.3600000E-03
  1.3499999E-03  1.3400000E-03  1.3300000E-03  1.3199999E-03  1.3100000E-03
  1.3000000E-03  1.2899999E-03  1.2800000E-03  1.2700000E-03  1.2599999E-03
  1.2500000E-03  1.2400000E-03  1.2299999E-03  1.2200000E-03  1.2100000E-03
  1.1999999E-03  1.1900000E-03  1.1800000E-03  1.1699999E-03  1.1600000E-03
  1.1500000E-03  1.1399999E-03  1.1300000E-03  1.1199999E-03  1.1100000E-03
  1.1000000E-03  1.0899999E-03  1.0800000E-03  1.0700000E-03  1.0599999E-03
  1.0500000E-03  1.0400000E-03  1.0299999E-03  1.0200000E-03  1.0100000E-03
  9.9999993E-04  9.8999997E-04  9.8000001E-04  9.6999999E-04  9.5999998E-04
  9.4999996E-04  9.4000000E-04  9.2999998E-04  9.1999996E-04  9.1000000E-04
  8.9999998E-04  8.8999997E-04  8.7999995E-04  8.6999999E-04  8.5999997E-04
  8.4999995E-04  8.3999999E-04  8.2999998E-04  8.1999996E-04  8.1000000E-04
  7.9999998E-04  7.8999996E-04  7.8000000E-04  7.6999998E-04  7.5999997E-04
  7.5000001E-04  7.3999999E-04  7.2999997E-04  7.2000001E-04  7.0999999E-04
  6.9999998E-04  6.8999996E-04  6.8000000E-04  6.6999998E-04  6.5999996E-04
  6.5000000E-04  6.3999998E-04  6.2999997E-04  6.2000001E-04  6.0999999E-04
  5.9999997E-04  5.9000001E-04  5.7999999E-04  5.6999997E-04  5.5999996E-04
  5.5000000E-04  5.3999998E-04  5.2999996E-04  5.2000000E-04  5.0999998E-04
  4.9999997E-04  4.9000001E-04  4.7999999E-04  4.7000000E-04  4.5999998E-04
  4.4999999E-04  4.3999997E-04  4.2999999E-04  4.2000000E-04  4.0999998E-04
  3.9999999E-04  3.9000000E-04  3.7999998E-04  3.6999999E-04  3.6000001E-04
  3.4999999E-04  3.4000000E-04  3.2999998E-04  3.1999999E-04  3.1000000E-04
  2.9999999E-04  2.9000000E-04  2.7999998E-04  2.6999999E-04  2.6000000E-04
  2.4999998E-04  2.3999999E-04  2.2999999E-04  2.1999999E-04  2.1000000E-04
  1.9999999E-04  1.8999999E-04  1.8000000E-04  1.7000000E-04  1.6000000E-04
  1.4999999E-04  1.3999999E-04  1.3000000E-04  1.2000000E-04  1.0999999E-04
  9.9999997E-05  9.0000001E-05  7.9999998E-05  6.9999995E-05  5.9999998E-05
  4.9999999E-05  3.9999999E-05  2.9999999E-05  1.9999999E-05  9.9999997E-06
  Lowest boundary   (GeV):   0.000000    

  Flux (Part/GeV/cmq/pr):

   0.000000     +/-    0.000000     %    0.000000     +/-    0.000000     % 
   0.000000     +/-    0.000000     %    0.000000     +/-    0.000000     % 
   0.000000     +/-    0.000000     %    0.000000     +/-    0.000000     % 
   0.000000     +/-    0.000000     %    0.000000     +/-    0.000000     % 
   0.000000     +/-    0.000000     %    0.000000     +/-    0.000000     % 
   0.000000     +/-    0.000000     %    0.000000     +/-    0.000000     % 
   0.000000     +/-    0.000000     %    0.000000     +/-    0.000000     % 
   0.000000     +/-    0.000000     %    0.000000     +/-    0.000000     % 
   0.000000     +/-    0.000000     %    0.000000     +/-    0.000000     % 
   0.000000     +/-    0.000000     %    0.000000     +/-    0.000000     % 
   0.000000     +/-    0.000000     %    0.000000     +/-    0.000000     % 
   0.000000     +/-    0.000000     %    0.000000     +/-    0.000000     % 
   0.000000     +/-    0.000000     %    0.000000     +/-    0.000000     % 
   0.000000     +/-    0.000000     %    0.000000     +/-    0.000000     % 
   0.000000     +/-    0.000000     %    0.000000     +/-    0.000000     % 
   0.000000     +/-    0.000000     %    0.000000     +/-    0.000000     % 
   0.000000     +/-    0.000000     %    0.000000     +/-    0.000000     % 
   0.000000     +/-    0.000000     %    0.000000     +/-    0.000000     % 
   0.000000     +/-    0.000000     %    0.000000     +/-    0.000000     % 
   0.000000     +/-    0.000000     %    0.000000     +/-    0.000000     % 
   0.000000     +/-    0.000000     %    0.000000     +/-    0.000000     % 
   0.000000     +/-    0.000000     %    0.000000     +/-    0.000000     % 
   0.000000     +/-    0.000000     %    0.000000     +/-    0.000000     % 
   0.000000     +/-    0.000000     %    0.000000     +/-    0.000000     % 
   0.000000     +/-    0.000000     %    0.000000     +/-    0.000000     % 
   0.000000     +/-    0.000000     %    0.000000     +/-    0.000000     % 
   0.000000     +/-    0.000000     %    0.000000     +/-    0.000000     % 
   0.000000     +/-    0.000000     %    0.000000     +/-    0.000000     % 
   0.000000     +/-    0.000000     %    0.000000     +/-    0.000000     % 
   0.000000     +/-    0.000000     %    0.000000     +/-    0.000000     % 
   0.000000     +/-    0.000000     %    0.000000     +/-    0.000000     % 
   0.000000     +/-    0.000000     %    0.000000     +/-    0.000000     % 
   0.000000     +/-    0.000000     %    0.000000     +/-    0.000000     % 
   0.000000     +/-    0.000000     %    0.000000     +/-    0.000000     % 
   0.000000     +/-    0.000000     %    0.000000     +/-    0.000000     % 
   0.000000     +/-    0.000000     %    0.000000     +/-    0.000000     % 
   0.000000     +/-    0.000000     %    0.000000     +/-    0.000000     % 
   0.000000     +/-    0.000000     %    0.000000     +/-    0.000000     % 
   0.000000     +/-    0.000000     %    0.000000     +/-    0.000000     % 
   0.000000     +/-    0.000000     %    0.000000     +/-    0.000000     % 
   0.000000     +/-    0.000000     %    0.000000     +/-    0.000000     % 
   0.000000     +/-    0.000000     %    0.000000     +/-    0.000000     % 
   0.000000     +/-    0.000000     %    0.000000     +/-    0.000000     % 
   0.000000     +/-    0.000000     %    0.000000     +/-    0.000000     % 
   0.000000     +/-    0.000000     %    0.000000     +/-    0.000000     % 
   0.000000     +/-    0.000000     %    0.000000     +/-    0.000000     % 
   0.000000     +/-    0.000000     %    0.000000     +/-    0.000000     % 
   0.000000     +/-    0.000000     %    0.000000     +/-    0.000000     % 
   0.000000     +/-    0.000000     %    0.000000     +/-    0.000000     % 
   0.000000     +/-    0.000000     %    0.000000     +/-    0.000000     % 
   0.000000     +/-    0.000000     %    0.000000     +/-    0.000000     % 
   0.000000     +/-    0.000000     %    0.000000     +/-    0.000000     % 
   0.000000     +/-    0.000000     %    0.000000     +/-    0.000000     % 
   0.000000     +/-    0.000000     %    0.000000     +/-    0.000000     % 
   0.000000     +/-    0.000000     %    0.000000     +/-    0.000000     % 
   0.000000     +/-    0.000000     %    0.000000     +/-    0.000000     % 
   0.000000     +/-    0.000000     %    0.000000     +/-    0.000000     % 
   0.000000     +/-    0.000000     %    0.000000     +/-    0.000000     % 
   0.000000     +/-    0.000000     %    0.000000     +/-    0.000000     % 
   0.000000     +/-    0.000000     %    0.000000     +/-    0.000000     % 
   0.000000     +/-    0.000000     %    0.000000     +/-    0.000000     % 
   0.000000     +/-    0.000000     %    0.000000     +/-    0.000000     % 
   0.000000     +/-    0.000000     %    0.000000     +/-    0.000000     % 
   0.000000     +/-    0.000000     %    0.000000     +/-    0.000000     % 
   0.000000     +/-    0.000000     %    0.000000     +/-    0.000000     % 
   0.000000     +/-    0.000000     %    0.000000     +/-    0.000000     % 
   0.000000     +/-    0.000000     %    0.000000     +/-    0.000000     % 
   0.000000     +/-    0.000000     %    0.000000     +/-    0.000000     % 
   0.000000     +/-    0.000000     %    0.000000     +/-    0.000000     % 
   0.000000     +/-    0.000000     %    0.000000     +/-    0.000000     % 
   0.000000     +/-    0.000000     %    0.000000     +/-    0.000000     % 
   0.000000     +/-    0.000000     %    0.000000     +/-    0.000000     % 
   0.000000     +/-    0.000000     %    0.000000     +/-    0.000000     % 
   0.000000     +/-    0.000000     %    0.000000     +/-    0.000000     % 
   0.000000     +/-    0.000000     %    0.000000     +/-    0.000000     % 
   0.000000     +/-    0.000000     %    0.000000     +/-    0.000000     % 
   0.000000     +/-    0.000000     %    0.000000     +/-    0.000000     % 
   0.000000     +/-    0.000000     %    0.000000     +/-    0.000000     % 
   0.000000     +/-    0.000000     %    0.000000     +/-    0.000000     % 
   0.000000     +/-    0.000000     %    24552.00     +/-   8.8818245E-02 % 
   225.4000     +/-    1.309349     %    239.4000     +/-    1.562093     % 
   239.8000     +/-    1.982024     %    251.1000     +/-    2.775904     % 
   241.4000     +/-   0.3785357     %    250.1000     +/-    1.578483     % 
   234.2000     +/-    3.772000     %    234.8000     +/-    1.130024     % 
   236.3000     +/-    1.693557     %    230.5000     +/-    2.784696     % 
   225.5000     +/-    1.453978     %    229.9000     +/-    1.213642     % 
   224.7000     +/-    2.719468     %    208.8000     +/-    1.560377     % 
   214.1000     +/-    1.053244     %    211.9000     +/-   0.7211277     % 
   213.1000     +/-    1.959420     %    205.5000     +/-    1.194446     % 
   198.3000     +/-    2.333652     %    199.5000     +/-    1.777506     % 
   196.1000     +/-    2.675870     %    186.8000     +/-    1.591657     % 
   184.5000     +/-    1.324869     %    187.2000     +/-    2.024636     % 
   183.3000     +/-    1.354579     %    184.2000     +/-    2.275278     % 
   176.6000     +/-    3.053823     %    173.5000     +/-    3.525993     % 
   179.6000     +/-    1.406934     %    174.4000     +/-    2.172856     % 
   168.2000     +/-    1.328080     %    165.6000     +/-    2.008247     % 
   164.9000     +/-    3.187933     %    168.1000     +/-    2.273827     % 
   165.0000     +/-    1.892423     %    158.1000     +/-    4.286866     % 
   170.6000     +/-    2.349057     %    162.5000     +/-    3.900538     % 
   165.6000     +/-    2.233892     %    161.2000     +/-    2.299473     % 
   162.3000     +/-   0.5300261     %    158.2000     +/-    2.599738     % 
   156.3000     +/-    3.970599     %    153.4000     +/-    2.739491     % 
   158.2000     +/-    1.484452     %    156.7000     +/-    2.076724     % 
   159.9000     +/-    2.967149     %    154.4000     +/-    1.847275     % 
   153.3000     +/-    3.174975     %    149.9000     +/-    2.474614     % 
   148.4000     +/-    2.793450     %    149.0000     +/-    1.333867     % 
   143.1000     +/-    4.097744     %    143.5000     +/-    2.178746     % 
   143.5000     +/-    4.127118     %    135.4000     +/-    2.684311     % 
   139.8000     +/-    1.768849     %    137.0000     +/-    2.848119     % 
   138.8000     +/-    3.062171     %    138.9000     +/-    3.857576     % 
   131.7000     +/-    3.634746     %    135.7000     +/-    1.686886     % 
   125.5000     +/-   0.9511815     %    131.7000     +/-    4.294587     % 
   126.6000     +/-    2.708756     %    126.8000     +/-    4.155560     % 
   120.7000     +/-    4.004753     %    124.4000     +/-    2.814654     % 
   122.4000     +/-    4.394712     %    121.0000     +/-    5.059242     % 
   113.2000     +/-    1.948476     %    111.7000     +/-    3.903867     % 
   119.5000     +/-    2.913889     %    115.8000     +/-    2.749859     % 
   112.3000     +/-    2.147312     %    106.6000     +/-    2.425457     % 
   112.7000     +/-    3.262002     %    108.0000     +/-    1.333784     % 
   106.5000     +/-    2.844157     %    102.2000     +/-    3.543508     % 
   101.9000     +/-    3.128043     %    102.3000     +/-    2.407352     % 
   103.5000     +/-    4.056246     %    101.2000     +/-    2.784388     % 
   97.70000     +/-    2.567029     %    96.90000     +/-    1.610370     % 
   93.60000     +/-    4.639754     %    96.70000     +/-   0.9891996     % 
   144.8000     +/-   0.9680823     %    92.50001     +/-    3.666124     % 
   91.80000     +/-    4.045195     %    90.40000     +/-    1.010822     % 
   83.20000     +/-    3.491788     %    83.00000     +/-    1.895439     % 
   82.60000     +/-    3.562698     %    83.20000     +/-    4.273170     % 
   77.40000     +/-    3.522893     %    69.80000     +/-    3.801290     % 
   73.00000     +/-    2.873448     %    74.60000     +/-    5.101766     % 
   68.60000     +/-    6.589663     %    65.90000     +/-    3.952661     % 
   65.90000     +/-    3.586132     %    63.80000     +/-    1.745382     % 
   65.70000     +/-    1.374086     %    69.10001     +/-    2.622948     % 
   63.80000     +/-    5.015675     %    61.50000     +/-    3.117121     % 
   67.90000     +/-    1.126442     %    59.70000     +/-    4.225955     % 
   62.40000     +/-    3.374911     %    65.20000     +/-    4.409343     % 
   66.20000     +/-    5.013422     %    63.20000     +/-    4.644197     % 
   64.70000     +/-   0.8674643     %    62.60000     +/-    3.087245     % 
   72.30000     +/-    5.504771     %    68.60000     +/-    7.209483     % 
   68.80000     +/-    3.122465     %    66.70000     +/-    2.635443     % 
   73.80000     +/-    3.225102     %    68.90000     +/-    3.030568     % 
   70.90000     +/-    6.265740     %    64.00000     +/-    3.851175     % 
   63.60000     +/-    3.510554     %    58.30000     +/-    4.344400     % 
   47.80000     +/-    3.284586     %    39.70000     +/-    3.954740     % 
   26.60000     +/-    7.574978     %    17.40000     +/-    5.482409     % 
   11.20000     +/-    6.711293     %    4.500000     +/-    14.48712     % 
   4.000000     +/-    8.838835     %    2.900000     +/-    6.451134     % 
   1.900000     +/-    29.30402     %    1.200000     +/-    28.25971     % 
  0.6000000     +/-    40.82483     %   0.4000000     +/-    46.77072     % 
  0.3000000     +/-    66.66666     %    0.000000     +/-    0.000000     % 


  **** Cumulative Fluxes as a function of energy **** ****      (integrated over solid angle)        ****


  Energy boundaries (GeV):

  3.0000000E-03  2.9899999E-03  2.9799999E-03  2.9700000E-03  2.9600000E-03
  2.9499999E-03  2.9400000E-03  2.9300000E-03  2.9199999E-03  2.9100000E-03
  2.9000000E-03  2.8899999E-03  2.8800000E-03  2.8700000E-03  2.8599999E-03
  2.8499998E-03  2.8400000E-03  2.8299999E-03  2.8199998E-03  2.8100000E-03
  2.7999999E-03  2.7899998E-03  2.7800000E-03  2.7699999E-03  2.7599998E-03
  2.7500000E-03  2.7399999E-03  2.7299998E-03  2.7200000E-03  2.7099999E-03
  2.6999998E-03  2.6900000E-03  2.6799999E-03  2.6699998E-03  2.6600000E-03
  2.6499999E-03  2.6399998E-03  2.6300000E-03  2.6199999E-03  2.6099999E-03
  2.6000000E-03  2.5899999E-03  2.5799999E-03  2.5700000E-03  2.5599999E-03
  2.5499999E-03  2.5400000E-03  2.5299999E-03  2.5199999E-03  2.5100000E-03
  2.4999999E-03  2.4899999E-03  2.4800000E-03  2.4699999E-03  2.4599999E-03
  2.4500000E-03  2.4400000E-03  2.4299999E-03  2.4200000E-03  2.4100000E-03
  2.3999999E-03  2.3900000E-03  2.3800000E-03  2.3699999E-03  2.3600000E-03
  2.3500000E-03  2.3399999E-03  2.3300000E-03  2.3200000E-03  2.3099999E-03
  2.3000001E-03  2.2900000E-03  2.2799999E-03  2.2700001E-03  2.2600000E-03
  2.2499999E-03  2.2399998E-03  2.2300000E-03  2.2199999E-03  2.2099998E-03
  2.2000000E-03  2.1899999E-03  2.1799998E-03  2.1700000E-03  2.1599999E-03
  2.1499998E-03  2.1400000E-03  2.1299999E-03  2.1199998E-03  2.1100000E-03
  2.0999999E-03  2.0899998E-03  2.0800000E-03  2.0699999E-03  2.0599999E-03
  2.0500000E-03  2.0399999E-03  2.0299999E-03  2.0200000E-03  2.0099999E-03
  1.9999999E-03  1.9900000E-03  1.9799999E-03  1.9699999E-03  1.9600000E-03
  1.9499999E-03  1.9400000E-03  1.9299999E-03  1.9200000E-03  1.9100000E-03
  1.8999999E-03  1.8900000E-03  1.8800000E-03  1.8699999E-03  1.8600000E-03
  1.8500000E-03  1.8399999E-03  1.8300000E-03  1.8200000E-03  1.8099999E-03
  1.8000000E-03  1.7900000E-03  1.7799999E-03  1.7700000E-03  1.7599999E-03
  1.7499999E-03  1.7400000E-03  1.7299999E-03  1.7199999E-03  1.7100000E-03
  1.6999999E-03  1.6899999E-03  1.6800000E-03  1.6699999E-03  1.6600000E-03
  1.6500000E-03  1.6399999E-03  1.6300000E-03  1.6200000E-03  1.6099999E-03
  1.6000000E-03  1.5900000E-03  1.5799999E-03  1.5700000E-03  1.5600000E-03
  1.5499999E-03  1.5400000E-03  1.5300000E-03  1.5199999E-03  1.5100000E-03
  1.5000000E-03  1.4899999E-03  1.4800000E-03  1.4700000E-03  1.4599999E-03
  1.4500000E-03  1.4400000E-03  1.4299999E-03  1.4200000E-03  1.4099999E-03
  1.4000000E-03  1.3900000E-03  1.3799999E-03  1.3700000E-03  1.3600000E-03
  1.3499999E-03  1.3400000E-03  1.3300000E-03  1.3199999E-03  1.3100000E-03
  1.3000000E-03  1.2899999E-03  1.2800000E-03  1.2700000E-03  1.2599999E-03
  1.2500000E-03  1.2400000E-03  1.2299999E-03  1.2200000E-03  1.2100000E-03
  1.1999999E-03  1.1900000E-03  1.1800000E-03  1.1699999E-03  1.1600000E-03
  1.1500000E-03  1.1399999E-03  1.1300000E-03  1.1199999E-03  1.1100000E-03
  1.1000000E-03  1.0899999E-03  1.0800000E-03  1.0700000E-03  1.0599999E-03
  1.0500000E-03  1.0400000E-03  1.0299999E-03  1.0200000E-03  1.0100000E-03
  9.9999993E-04  9.8999997E-04  9.8000001E-04  9.6999999E-04  9.5999998E-04
  9.4999996E-04  9.4000000E-04  9.2999998E-04  9.1999996E-04  9.1000000E-04
  8.9999998E-04  8.8999997E-04  8.7999995E-04  8.6999999E-04  8.5999997E-04
  8.4999995E-04  8.3999999E-04  8.2999998E-04  8.1999996E-04  8.1000000E-04
  7.9999998E-04  7.8999996E-04  7.8000000E-04  7.6999998E-04  7.5999997E-04
  7.5000001E-04  7.3999999E-04  7.2999997E-04  7.2000001E-04  7.0999999E-04
  6.9999998E-04  6.8999996E-04  6.8000000E-04  6.6999998E-04  6.5999996E-04
  6.5000000E-04  6.3999998E-04  6.2999997E-04  6.2000001E-04  6.0999999E-04
  5.9999997E-04  5.9000001E-04  5.7999999E-04  5.6999997E-04  5.5999996E-04
  5.5000000E-04  5.3999998E-04  5.2999996E-04  5.2000000E-04  5.0999998E-04
  4.9999997E-04  4.9000001E-04  4.7999999E-04  4.7000000E-04  4.5999998E-04
  4.4999999E-04  4.3999997E-04  4.2999999E-04  4.2000000E-04  4.0999998E-04
  3.9999999E-04  3.9000000E-04  3.7999998E-04  3.6999999E-04  3.6000001E-04
  3.4999999E-04  3.4000000E-04  3.2999998E-04  3.1999999E-04  3.1000000E-04
  2.9999999E-04  2.9000000E-04  2.7999998E-04  2.6999999E-04  2.6000000E-04
  2.4999998E-04  2.3999999E-04  2.2999999E-04  2.1999999E-04  2.1000000E-04
  1.9999999E-04  1.8999999E-04  1.8000000E-04  1.7000000E-04  1.6000000E-04
  1.4999999E-04  1.3999999E-04  1.3000000E-04  1.2000000E-04  1.0999999E-04
  9.9999997E-05  9.0000001E-05  7.9999998E-05  6.9999995E-05  5.9999998E-05
  4.9999999E-05  3.9999999E-05  2.9999999E-05  1.9999999E-05  9.9999997E-06
  Lowest boundary   (GeV):   0.000000    

  Cumul. Flux (Part/cmq/pr):

   0.000000     +/-    0.000000     %    0.000000     +/-    0.000000     % 
   0.000000     +/-    0.000000     %    0.000000     +/-    0.000000     % 
   0.000000     +/-    0.000000     %    0.000000     +/-    0.000000     % 
   0.000000     +/-    0.000000     %    0.000000     +/-    0.000000     % 
   0.000000     +/-    0.000000     %    0.000000     +/-    0.000000     % 
   0.000000     +/-    0.000000     %    0.000000     +/-    0.000000     % 
   0.000000     +/-    0.000000     %    0.000000     +/-    0.000000     % 
   0.000000     +/-    0.000000     %    0.000000     +/-    0.000000     % 
   0.000000     +/-    0.000000     %    0.000000     +/-    0.000000     % 
   0.000000     +/-    0.000000     %    0.000000     +/-    0.000000     % 
   0.000000     +/-    0.000000     %    0.000000     +/-    0.000000     % 
   0.000000     +/-    0.000000     %    0.000000     +/-    0.000000     % 
   0.000000     +/-    0.000000     %    0.000000     +/-    0.000000     % 
   0.000000     +/-    0.000000     %    0.000000     +/-    0.000000     % 
   0.000000     +/-    0.000000     %    0.000000     +/-    0.000000     % 
   0.000000     +/-    0.000000     %    0.000000     +/-    0.000000     % 
   0.000000     +/-    0.000000     %    0.000000     +/-    0.000000     % 
   0.000000     +/-    0.000000     %    0.000000     +/-    0.000000     % 
   0.000000     +/-    0.000000     %    0.000000     +/-    0.000000     % 
   0.000000     +/-    0.000000     %    0.000000     +/-    0.000000     % 
   0.000000     +/-    0.000000     %    0.000000     +/-    0.000000     % 
   0.000000     +/-    0.000000     %    0.000000     +/-    0.000000     % 
   0.000000     +/-    0.000000     %    0.000000     +/-    0.000000     % 
   0.000000     +/-    0.000000     %    0.000000     +/-    0.000000     % 
   0.000000     +/-    0.000000     %    0.000000     +/-    0.000000     % 
   0.000000     +/-    0.000000     %    0.000000     +/-    0.000000     % 
   0.000000     +/-    0.000000     %    0.000000     +/-    0.000000     % 
   0.000000     +/-    0.000000     %    0.000000     +/-    0.000000     % 
   0.000000     +/-    0.000000     %    0.000000     +/-    0.000000     % 
   0.000000     +/-    0.000000     %    0.000000     +/-    0.000000     % 
   0.000000     +/-    0.000000     %    0.000000     +/-    0.000000     % 
   0.000000     +/-    0.000000     %    0.000000     +/-    0.000000     % 
   0.000000     +/-    0.000000     %    0.000000     +/-    0.000000     % 
   0.000000     +/-    0.000000     %    0.000000     +/-    0.000000     % 
   0.000000     +/-    0.000000     %    0.000000     +/-    0.000000     % 
   0.000000     +/-    0.000000     %    0.000000     +/-    0.000000     % 
   0.000000     +/-    0.000000     %    0.000000     +/-    0.000000     % 
   0.000000     +/-    0.000000     %    0.000000     +/-    0.000000     % 
   0.000000     +/-    0.000000     %    0.000000     +/-    0.000000     % 
   0.000000     +/-    0.000000     %    0.000000     +/-    0.000000     % 
   0.000000     +/-    0.000000     %    0.000000     +/-    0.000000     % 
   0.000000     +/-    0.000000     %    0.000000     +/-    0.000000     % 
   0.000000     +/-    0.000000     %    0.000000     +/-    0.000000     % 
   0.000000     +/-    0.000000     %    0.000000     +/-    0.000000     % 
   0.000000     +/-    0.000000     %    0.000000     +/-    0.000000     % 
   0.000000     +/-    0.000000     %    0.000000     +/-    0.000000     % 
   0.000000     +/-    0.000000     %    0.000000     +/-    0.000000     % 
   0.000000     +/-    0.000000     %    0.000000     +/-    0.000000     % 
   0.000000     +/-    0.000000     %    0.000000     +/-    0.000000     % 
   0.000000     +/-    0.000000     %    0.000000     +/-    0.000000     % 
   0.000000     +/-    0.000000     %    0.000000     +/-    0.000000     % 
   0.000000     +/-    0.000000     %    0.000000     +/-    0.000000     % 
   0.000000     +/-    0.000000     %    0.000000     +/-    0.000000     % 
   0.000000     +/-    0.000000     %    0.000000     +/-    0.000000     % 
   0.000000     +/-    0.000000     %    0.000000     +/-    0.000000     % 
   0.000000     +/-    0.000000     %    0.000000     +/-    0.000000     % 
   0.000000     +/-    0.000000     %    0.000000     +/-    0.000000     % 
   0.000000     +/-    0.000000     %    0.000000     +/-    0.000000     % 
   0.000000     +/-    0.000000     %    0.000000     +/-    0.000000     % 
   0.000000     +/-    0.000000     %    0.000000     +/-    0.000000     % 
   0.000000     +/-    0.000000     %    0.000000     +/-    0.000000     % 
   0.000000     +/-    0.000000     %    0.000000     +/-    0.000000     % 
   0.000000     +/-    0.000000     %    0.000000     +/-    0.000000     % 
   0.000000     +/-    0.000000     %    0.000000     +/-    0.000000     % 
   0.000000     +/-    0.000000     %    0.000000     +/-    0.000000     % 
   0.000000     +/-    0.000000     %    0.000000     +/-    0.000000     % 
   0.000000     +/-    0.000000     %    0.000000     +/-    0.000000     % 
   0.000000     +/-    0.000000     %    0.000000     +/-    0.000000     % 
   0.000000     +/-    0.000000     %    0.000000     +/-    0.000000     % 
   0.000000     +/-    0.000000     %    0.000000     +/-    0.000000     % 
   0.000000     +/-    0.000000     %    0.000000     +/-    0.000000     % 
   0.000000     +/-    0.000000     %    0.000000     +/-    0.000000     % 
   0.000000     +/-    0.000000     %    0.000000     +/-    0.000000     % 
   0.000000     +/-    0.000000     %    0.000000     +/-    0.000000     % 
   0.000000     +/-    0.000000     %    0.000000     +/-    0.000000     % 
   0.000000     +/-    0.000000     %    0.000000     +/-    0.000000     % 
   0.000000     +/-    0.000000     %    0.000000     +/-    0.000000     % 
   0.000000     +/-    0.000000     %    0.000000     +/-    0.000000     % 
   0.000000     +/-    0.000000     %    0.000000     +/-    0.000000     % 
   0.000000     +/-    0.000000     %   0.2455200     +/-   8.8818245E-02 % 
  0.2477740     +/-   8.9531951E-02 %   0.2501680     +/-   8.4861390E-02 % 
  0.2525660     +/-   9.4767861E-02 %   0.2550770     +/-   0.1119558     % 
  0.2574910     +/-   0.1102665     %   0.2599920     +/-   0.1024561     % 
  0.2623340     +/-   0.1272264     %   0.2646820     +/-   0.1287488     % 
  0.2670450     +/-   0.1180280     %   0.2693500     +/-   0.1078541     % 
  0.2716050     +/-   0.1186655     %   0.2739040     +/-   0.1148917     % 
  0.2761510     +/-   0.1255582     %   0.2782390     +/-   0.1185210     % 
  0.2803800     +/-   0.1232233     %   0.2824990     +/-   0.1225759     % 
  0.2846300     +/-   0.1173308     %   0.2866850     +/-   0.1208536     % 
  0.2886680     +/-   0.1253836     %   0.2906630     +/-   0.1181180     % 
  0.2926240     +/-   0.1078684     %   0.2944920     +/-   0.1091605     % 
  0.2963370     +/-   0.1051777     %   0.2982090     +/-   0.1027595     % 
  0.3000420     +/-   0.1077165     %   0.3018840     +/-   0.1145469     % 
  0.3036500     +/-   0.1285127     %   0.3053850     +/-   0.1358382     % 
  0.3071810     +/-   0.1333017     %   0.3089250     +/-   0.1303336     % 
  0.3106070     +/-   0.1281447     %   0.3122630     +/-   0.1299511     % 
  0.3139120     +/-   0.1411056     %   0.3155930     +/-   0.1421144     % 
  0.3172430     +/-   0.1483249     %   0.3188240     +/-   0.1333391     % 
  0.3205300     +/-   0.1385356     %   0.3221550     +/-   0.1546206     % 
  0.3238110     +/-   0.1519455     %   0.3254230     +/-   0.1437468     % 
  0.3270460     +/-   0.1455473     %   0.3286280     +/-   0.1373230     % 
  0.3301910     +/-   0.1453648     %   0.3317250     +/-   0.1515994     % 
  0.3333070     +/-   0.1520000     %   0.3348740     +/-   0.1506713     % 
  0.3364730     +/-   0.1442734     %   0.3380170     +/-   0.1388235     % 
  0.3395500     +/-   0.1376658     %   0.3410490     +/-   0.1331958     % 
  0.3425330     +/-   0.1318810     %   0.3440230     +/-   0.1319133     % 
  0.3454540     +/-   0.1390516     %   0.3468890     +/-   0.1327529     % 
  0.3483240     +/-   0.1213966     %   0.3496780     +/-   0.1222676     % 
  0.3510760     +/-   0.1279271     %   0.3524460     +/-   0.1219005     % 
  0.3538340     +/-   0.1221291     %   0.3552230     +/-   0.1281977     % 
  0.3565400     +/-   0.1280182     %   0.3578970     +/-   0.1220043     % 
  0.3591520     +/-   0.1236714     %   0.3604690     +/-   0.1265487     % 
  0.3617350     +/-   0.1343988     %   0.3630030     +/-   0.1315522     % 
  0.3642100     +/-   0.1240602     %   0.3654540     +/-   0.1282369     % 
  0.3666780     +/-   0.1345470     %   0.3678880     +/-   0.1205280     % 
  0.3690200     +/-   0.1187423     %   0.3701370     +/-   0.1156420     % 
  0.3713320     +/-   0.1138678     %   0.3724900     +/-   0.1058804     % 
  0.3736130     +/-   0.1107281     %   0.3746790     +/-   0.1089067     % 
  0.3758060     +/-   0.1162442     %   0.3768860     +/-   0.1167628     % 
  0.3779510     +/-   0.1130175     %   0.3789730     +/-   0.1116702     % 
  0.3799920     +/-   0.1130127     %   0.3810150     +/-   0.1149022     % 
  0.3820500     +/-   0.1219352     %   0.3830620     +/-   0.1215371     % 
  0.3840390     +/-   0.1218651     %   0.3850080     +/-   0.1226841     % 
  0.3859440     +/-   0.1230634     %   0.3869110     +/-   0.1215094     % 
  0.3883590     +/-   0.1208495     %   0.3892840     +/-   0.1248563     % 
  0.3902020     +/-   0.1181641     %   0.3911060     +/-   0.1158399     % 
  0.3919380     +/-   0.1129508     %   0.3927680     +/-   0.1140457     % 
  0.3935940     +/-   0.1087886     %   0.3944260     +/-   0.1091445     % 
  0.3952000     +/-   0.1123049     %   0.3958980     +/-   0.1071749     % 
  0.3966280     +/-   0.1075177     %   0.3973740     +/-   0.1007905     % 
  0.3980600     +/-   0.1042327     %   0.3987190     +/-   0.1075578     % 
  0.3993780     +/-   0.1084834     %   0.4000160     +/-   0.1080495     % 
  0.4006730     +/-   0.1086758     %   0.4013640     +/-   0.1086536     % 
  0.4020020     +/-   0.1072955     %   0.4026170     +/-   0.1061133     % 
  0.4032960     +/-   0.1058619     %   0.4038930     +/-   0.1100888     % 
  0.4045170     +/-   0.1072848     %   0.4051690     +/-   0.1042341     % 
  0.4058310     +/-   0.1104777     %   0.4064630     +/-   0.1100403     % 
  0.4071100     +/-   0.1090007     %   0.4077360     +/-   0.1077826     % 
  0.4084590     +/-   0.1067803     %   0.4091450     +/-   0.1043626     % 
  0.4098330     +/-   0.1010593     %   0.4105000     +/-   9.7808093E-02 % 
  0.4112380     +/-   0.1019649     %   0.4119270     +/-   9.8988362E-02 % 
  0.4126360     +/-   9.0727091E-02 %   0.4132760     +/-   8.8604920E-02 % 
  0.4139120     +/-   9.1272272E-02 %   0.4144950     +/-   9.4089307E-02 % 
  0.4149730     +/-   9.4307549E-02 %   0.4153700     +/-   9.4195418E-02 % 
  0.4156360     +/-   9.2370197E-02 %   0.4158100     +/-   9.1809042E-02 % 
  0.4159220     +/-   9.0696655E-02 %   0.4159670     +/-   9.0089798E-02 % 
  0.4160070     +/-   8.9894921E-02 %   0.4160360     +/-   8.9751810E-02 % 
  0.4160550     +/-   8.9901745E-02 %   0.4160670     +/-   8.9875534E-02 % 
  0.4160730     +/-   8.9732729E-02 %   0.4160770     +/-   8.9910321E-02 % 
  0.4160800     +/-   9.0066455E-02 %   0.4160800     +/-   9.0066455E-02 % 

  **** Double diff. Fluxes as a function of energy ****


  Solid angle minimum value (sr):   0.000000    

  Solid angle upper boundaries (sr):

   6.283185    

  Angular minimum value (deg.):   0.000000    

  Angular upper boundaries (deg.):

   90.00000    


  Energy interval (GeV):  3.0000000E-03  2.9899999E-03

  Flux (Part/sr/GeV/cmq/pr):

   0.000000     +/-    0.000000     % 

  Flux (Part/deg/GeV/cmq/pr):

   0.000000     +/-    0.000000     % 

  Energy interval (GeV):  2.9899999E-03  2.9799999E-03

  Flux (Part/sr/GeV/cmq/pr):

   0.000000     +/-    0.000000     % 

  Flux (Part/deg/GeV/cmq/pr):

   0.000000     +/-    0.000000     % 

  Energy interval (GeV):  2.9799999E-03  2.9700000E-03

  Flux (Part/sr/GeV/cmq/pr):

   0.000000     +/-    0.000000     % 

  Flux (Part/deg/GeV/cmq/pr):

   0.000000     +/-    0.000000     % 

  Energy interval (GeV):  2.9700000E-03  2.9600000E-03

  Flux (Part/sr/GeV/cmq/pr):

   0.000000     +/-    0.000000     % 

  Flux (Part/deg/GeV/cmq/pr):

   0.000000     +/-    0.000000     % 

  Energy interval (GeV):  2.9600000E-03  2.9499999E-03

  Flux (Part/sr/GeV/cmq/pr):

   0.000000     +/-    0.000000     % 

  Flux (Part/deg/GeV/cmq/pr):

   0.000000     +/-    0.000000     % 

  Energy interval (GeV):  2.9499999E-03  2.9400000E-03

  Flux (Part/sr/GeV/cmq/pr):

   0.000000     +/-    0.000000     % 

  Flux (Part/deg/GeV/cmq/pr):

   0.000000     +/-    0.000000     % 

  Energy interval (GeV):  2.9400000E-03  2.9300000E-03

  Flux (Part/sr/GeV/cmq/pr):

   0.000000     +/-    0.000000     % 

  Flux (Part/deg/GeV/cmq/pr):

   0.000000     +/-    0.000000     % 

  Energy interval (GeV):  2.9300000E-03  2.9199999E-03

  Flux (Part/sr/GeV/cmq/pr):

   0.000000     +/-    0.000000     % 

  Flux (Part/deg/GeV/cmq/pr):

   0.000000     +/-    0.000000     % 

  Energy interval (GeV):  2.9199999E-03  2.9100000E-03

  Flux (Part/sr/GeV/cmq/pr):

   0.000000     +/-    0.000000     % 

  Flux (Part/deg/GeV/cmq/pr):

   0.000000     +/-    0.000000     % 

  Energy interval (GeV):  2.9100000E-03  2.9000000E-03

  Flux (Part/sr/GeV/cmq/pr):

   0.000000     +/-    0.000000     % 

  Flux (Part/deg/GeV/cmq/pr):

   0.000000     +/-    0.000000     % 

  Energy interval (GeV):  2.9000000E-03  2.8899999E-03

  Flux (Part/sr/GeV/cmq/pr):

   0.000000     +/-    0.000000     % 

  Flux (Part/deg/GeV/cmq/pr):

   0.000000     +/-    0.000000     % 

  Energy interval (GeV):  2.8899999E-03  2.8800000E-03

  Flux (Part/sr/GeV/cmq/pr):

   0.000000     +/-    0.000000     % 

  Flux (Part/deg/GeV/cmq/pr):

   0.000000     +/-    0.000000     % 

  Energy interval (GeV):  2.8800000E-03  2.8700000E-03

  Flux (Part/sr/GeV/cmq/pr):

   0.000000     +/-    0.000000     % 

  Flux (Part/deg/GeV/cmq/pr):

   0.000000     +/-    0.000000     % 

  Energy interval (GeV):  2.8700000E-03  2.8599999E-03

  Flux (Part/sr/GeV/cmq/pr):

   0.000000     +/-    0.000000     % 

  Flux (Part/deg/GeV/cmq/pr):

   0.000000     +/-    0.000000     % 

  Energy interval (GeV):  2.8599999E-03  2.8499998E-03

  Flux (Part/sr/GeV/cmq/pr):

   0.000000     +/-    0.000000     % 

  Flux (Part/deg/GeV/cmq/pr):

   0.000000     +/-    0.000000     % 

  Energy interval (GeV):  2.8499998E-03  2.8400000E-03

  Flux (Part/sr/GeV/cmq/pr):

   0.000000     +/-    0.000000     % 

  Flux (Part/deg/GeV/cmq/pr):

   0.000000     +/-    0.000000     % 

  Energy interval (GeV):  2.8400000E-03  2.8299999E-03

  Flux (Part/sr/GeV/cmq/pr):

   0.000000     +/-    0.000000     % 

  Flux (Part/deg/GeV/cmq/pr):

   0.000000     +/-    0.000000     % 

  Energy interval (GeV):  2.8299999E-03  2.8199998E-03

  Flux (Part/sr/GeV/cmq/pr):

   0.000000     +/-    0.000000     % 

  Flux (Part/deg/GeV/cmq/pr):

   0.000000     +/-    0.000000     % 

  Energy interval (GeV):  2.8199998E-03  2.8100000E-03

  Flux (Part/sr/GeV/cmq/pr):

   0.000000     +/-    0.000000     % 

  Flux (Part/deg/GeV/cmq/pr):

   0.000000     +/-    0.000000     % 

  Energy interval (GeV):  2.8100000E-03  2.7999999E-03

  Flux (Part/sr/GeV/cmq/pr):

   0.000000     +/-    0.000000     % 

  Flux (Part/deg/GeV/cmq/pr):

   0.000000     +/-    0.000000     % 

  Energy interval (GeV):  2.7999999E-03  2.7899998E-03

  Flux (Part/sr/GeV/cmq/pr):

   0.000000     +/-    0.000000     % 

  Flux (Part/deg/GeV/cmq/pr):

   0.000000     +/-    0.000000     % 

  Energy interval (GeV):  2.7899998E-03  2.7800000E-03

  Flux (Part/sr/GeV/cmq/pr):

   0.000000     +/-    0.000000     % 

  Flux (Part/deg/GeV/cmq/pr):

   0.000000     +/-    0.000000     % 

  Energy interval (GeV):  2.7800000E-03  2.7699999E-03

  Flux (Part/sr/GeV/cmq/pr):

   0.000000     +/-    0.000000     % 

  Flux (Part/deg/GeV/cmq/pr):

   0.000000     +/-    0.000000     % 

  Energy interval (GeV):  2.7699999E-03  2.7599998E-03

  Flux (Part/sr/GeV/cmq/pr):

   0.000000     +/-    0.000000     % 

  Flux (Part/deg/GeV/cmq/pr):

   0.000000     +/-    0.000000     % 

  Energy interval (GeV):  2.7599998E-03  2.7500000E-03

  Flux (Part/sr/GeV/cmq/pr):

   0.000000     +/-    0.000000     % 

  Flux (Part/deg/GeV/cmq/pr):

   0.000000     +/-    0.000000     % 

  Energy interval (GeV):  2.7500000E-03  2.7399999E-03

  Flux (Part/sr/GeV/cmq/pr):

   0.000000     +/-    0.000000     % 

  Flux (Part/deg/GeV/cmq/pr):

   0.000000     +/-    0.000000     % 

  Energy interval (GeV):  2.7399999E-03  2.7299998E-03

  Flux (Part/sr/GeV/cmq/pr):

   0.000000     +/-    0.000000     % 

  Flux (Part/deg/GeV/cmq/pr):

   0.000000     +/-    0.000000     % 

  Energy interval (GeV):  2.7299998E-03  2.7200000E-03

  Flux (Part/sr/GeV/cmq/pr):

   0.000000     +/-    0.000000     % 

  Flux (Part/deg/GeV/cmq/pr):

   0.000000     +/-    0.000000     % 

  Energy interval (GeV):  2.7200000E-03  2.7099999E-03

  Flux (Part/sr/GeV/cmq/pr):

   0.000000     +/-    0.000000     % 

  Flux (Part/deg/GeV/cmq/pr):

   0.000000     +/-    0.000000     % 

  Energy interval (GeV):  2.7099999E-03  2.6999998E-03

  Flux (Part/sr/GeV/cmq/pr):

   0.000000     +/-    0.000000     % 

  Flux (Part/deg/GeV/cmq/pr):

   0.000000     +/-    0.000000     % 

  Energy interval (GeV):  2.6999998E-03  2.6900000E-03

  Flux (Part/sr/GeV/cmq/pr):

   0.000000     +/-    0.000000     % 

  Flux (Part/deg/GeV/cmq/pr):

   0.000000     +/-    0.000000     % 

  Energy interval (GeV):  2.6900000E-03  2.6799999E-03

  Flux (Part/sr/GeV/cmq/pr):

   0.000000     +/-    0.000000     % 

  Flux (Part/deg/GeV/cmq/pr):

   0.000000     +/-    0.000000     % 

  Energy interval (GeV):  2.6799999E-03  2.6699998E-03

  Flux (Part/sr/GeV/cmq/pr):

   0.000000     +/-    0.000000     % 

  Flux (Part/deg/GeV/cmq/pr):

   0.000000     +/-    0.000000     % 

  Energy interval (GeV):  2.6699998E-03  2.6600000E-03

  Flux (Part/sr/GeV/cmq/pr):

   0.000000     +/-    0.000000     % 

  Flux (Part/deg/GeV/cmq/pr):

   0.000000     +/-    0.000000     % 

  Energy interval (GeV):  2.6600000E-03  2.6499999E-03

  Flux (Part/sr/GeV/cmq/pr):

   0.000000     +/-    0.000000     % 

  Flux (Part/deg/GeV/cmq/pr):

   0.000000     +/-    0.000000     % 

  Energy interval (GeV):  2.6499999E-03  2.6399998E-03

  Flux (Part/sr/GeV/cmq/pr):

   0.000000     +/-    0.000000     % 

  Flux (Part/deg/GeV/cmq/pr):

   0.000000     +/-    0.000000     % 

  Energy interval (GeV):  2.6399998E-03  2.6300000E-03

  Flux (Part/sr/GeV/cmq/pr):

   0.000000     +/-    0.000000     % 

  Flux (Part/deg/GeV/cmq/pr):

   0.000000     +/-    0.000000     % 

  Energy interval (GeV):  2.6300000E-03  2.6199999E-03

  Flux (Part/sr/GeV/cmq/pr):

   0.000000     +/-    0.000000     % 

  Flux (Part/deg/GeV/cmq/pr):

   0.000000     +/-    0.000000     % 

  Energy interval (GeV):  2.6199999E-03  2.6099999E-03

  Flux (Part/sr/GeV/cmq/pr):

   0.000000     +/-    0.000000     % 

  Flux (Part/deg/GeV/cmq/pr):

   0.000000     +/-    0.000000     % 

  Energy interval (GeV):  2.6099999E-03  2.6000000E-03

  Flux (Part/sr/GeV/cmq/pr):

   0.000000     +/-    0.000000     % 

  Flux (Part/deg/GeV/cmq/pr):

   0.000000     +/-    0.000000     % 

  Energy interval (GeV):  2.6000000E-03  2.5899999E-03

  Flux (Part/sr/GeV/cmq/pr):

   0.000000     +/-    0.000000     % 

  Flux (Part/deg/GeV/cmq/pr):

   0.000000     +/-    0.000000     % 

  Energy interval (GeV):  2.5899999E-03  2.5799999E-03

  Flux (Part/sr/GeV/cmq/pr):

   0.000000     +/-    0.000000     % 

  Flux (Part/deg/GeV/cmq/pr):

   0.000000     +/-    0.000000     % 

  Energy interval (GeV):  2.5799999E-03  2.5700000E-03

  Flux (Part/sr/GeV/cmq/pr):

   0.000000     +/-    0.000000     % 

  Flux (Part/deg/GeV/cmq/pr):

   0.000000     +/-    0.000000     % 

  Energy interval (GeV):  2.5700000E-03  2.5599999E-03

  Flux (Part/sr/GeV/cmq/pr):

   0.000000     +/-    0.000000     % 

  Flux (Part/deg/GeV/cmq/pr):

   0.000000     +/-    0.000000     % 

  Energy interval (GeV):  2.5599999E-03  2.5499999E-03

  Flux (Part/sr/GeV/cmq/pr):

   0.000000     +/-    0.000000     % 

  Flux (Part/deg/GeV/cmq/pr):

   0.000000     +/-    0.000000     % 

  Energy interval (GeV):  2.5499999E-03  2.5400000E-03

  Flux (Part/sr/GeV/cmq/pr):

   0.000000     +/-    0.000000     % 

  Flux (Part/deg/GeV/cmq/pr):

   0.000000     +/-    0.000000     % 

  Energy interval (GeV):  2.5400000E-03  2.5299999E-03

  Flux (Part/sr/GeV/cmq/pr):

   0.000000     +/-    0.000000     % 

  Flux (Part/deg/GeV/cmq/pr):

   0.000000     +/-    0.000000     % 

  Energy interval (GeV):  2.5299999E-03  2.5199999E-03

  Flux (Part/sr/GeV/cmq/pr):

   0.000000     +/-    0.000000     % 

  Flux (Part/deg/GeV/cmq/pr):

   0.000000     +/-    0.000000     % 

  Energy interval (GeV):  2.5199999E-03  2.5100000E-03

  Flux (Part/sr/GeV/cmq/pr):

   0.000000     +/-    0.000000     % 

  Flux (Part/deg/GeV/cmq/pr):

   0.000000     +/-    0.000000     % 

  Energy interval (GeV):  2.5100000E-03  2.4999999E-03

  Flux (Part/sr/GeV/cmq/pr):

   0.000000     +/-    0.000000     % 

  Flux (Part/deg/GeV/cmq/pr):

   0.000000     +/-    0.000000     % 

  Energy interval (GeV):  2.4999999E-03  2.4899999E-03

  Flux (Part/sr/GeV/cmq/pr):

   0.000000     +/-    0.000000     % 

  Flux (Part/deg/GeV/cmq/pr):

   0.000000     +/-    0.000000     % 

  Energy interval (GeV):  2.4899999E-03  2.4800000E-03

  Flux (Part/sr/GeV/cmq/pr):

   0.000000     +/-    0.000000     % 

  Flux (Part/deg/GeV/cmq/pr):

   0.000000     +/-    0.000000     % 

  Energy interval (GeV):  2.4800000E-03  2.4699999E-03

  Flux (Part/sr/GeV/cmq/pr):

   0.000000     +/-    0.000000     % 

  Flux (Part/deg/GeV/cmq/pr):

   0.000000     +/-    0.000000     % 

  Energy interval (GeV):  2.4699999E-03  2.4599999E-03

  Flux (Part/sr/GeV/cmq/pr):

   0.000000     +/-    0.000000     % 

  Flux (Part/deg/GeV/cmq/pr):

   0.000000     +/-    0.000000     % 

  Energy interval (GeV):  2.4599999E-03  2.4500000E-03

  Flux (Part/sr/GeV/cmq/pr):

   0.000000     +/-    0.000000     % 

  Flux (Part/deg/GeV/cmq/pr):

   0.000000     +/-    0.000000     % 

  Energy interval (GeV):  2.4500000E-03  2.4400000E-03

  Flux (Part/sr/GeV/cmq/pr):

   0.000000     +/-    0.000000     % 

  Flux (Part/deg/GeV/cmq/pr):

   0.000000     +/-    0.000000     % 

  Energy interval (GeV):  2.4400000E-03  2.4299999E-03

  Flux (Part/sr/GeV/cmq/pr):

   0.000000     +/-    0.000000     % 

  Flux (Part/deg/GeV/cmq/pr):

   0.000000     +/-    0.000000     % 

  Energy interval (GeV):  2.4299999E-03  2.4200000E-03

  Flux (Part/sr/GeV/cmq/pr):

   0.000000     +/-    0.000000     % 

  Flux (Part/deg/GeV/cmq/pr):

   0.000000     +/-    0.000000     % 

  Energy interval (GeV):  2.4200000E-03  2.4100000E-03

  Flux (Part/sr/GeV/cmq/pr):

   0.000000     +/-    0.000000     % 

  Flux (Part/deg/GeV/cmq/pr):

   0.000000     +/-    0.000000     % 

  Energy interval (GeV):  2.4100000E-03  2.3999999E-03

  Flux (Part/sr/GeV/cmq/pr):

   0.000000     +/-    0.000000     % 

  Flux (Part/deg/GeV/cmq/pr):

   0.000000     +/-    0.000000     % 

  Energy interval (GeV):  2.3999999E-03  2.3900000E-03

  Flux (Part/sr/GeV/cmq/pr):

   0.000000     +/-    0.000000     % 

  Flux (Part/deg/GeV/cmq/pr):

   0.000000     +/-    0.000000     % 

  Energy interval (GeV):  2.3900000E-03  2.3800000E-03

  Flux (Part/sr/GeV/cmq/pr):

   0.000000     +/-    0.000000     % 

  Flux (Part/deg/GeV/cmq/pr):

   0.000000     +/-    0.000000     % 

  Energy interval (GeV):  2.3800000E-03  2.3699999E-03

  Flux (Part/sr/GeV/cmq/pr):

   0.000000     +/-    0.000000     % 

  Flux (Part/deg/GeV/cmq/pr):

   0.000000     +/-    0.000000     % 

  Energy interval (GeV):  2.3699999E-03  2.3600000E-03

  Flux (Part/sr/GeV/cmq/pr):

   0.000000     +/-    0.000000     % 

  Flux (Part/deg/GeV/cmq/pr):

   0.000000     +/-    0.000000     % 

  Energy interval (GeV):  2.3600000E-03  2.3500000E-03

  Flux (Part/sr/GeV/cmq/pr):

   0.000000     +/-    0.000000     % 

  Flux (Part/deg/GeV/cmq/pr):

   0.000000     +/-    0.000000     % 

  Energy interval (GeV):  2.3500000E-03  2.3399999E-03

  Flux (Part/sr/GeV/cmq/pr):

   0.000000     +/-    0.000000     % 

  Flux (Part/deg/GeV/cmq/pr):

   0.000000     +/-    0.000000     % 

  Energy interval (GeV):  2.3399999E-03  2.3300000E-03

  Flux (Part/sr/GeV/cmq/pr):

   0.000000     +/-    0.000000     % 

  Flux (Part/deg/GeV/cmq/pr):

   0.000000     +/-    0.000000     % 

  Energy interval (GeV):  2.3300000E-03  2.3200000E-03

  Flux (Part/sr/GeV/cmq/pr):

   0.000000     +/-    0.000000     % 

  Flux (Part/deg/GeV/cmq/pr):

   0.000000     +/-    0.000000     % 

  Energy interval (GeV):  2.3200000E-03  2.3099999E-03

  Flux (Part/sr/GeV/cmq/pr):

   0.000000     +/-    0.000000     % 

  Flux (Part/deg/GeV/cmq/pr):

   0.000000     +/-    0.000000     % 

  Energy interval (GeV):  2.3099999E-03  2.3000001E-03

  Flux (Part/sr/GeV/cmq/pr):

   0.000000     +/-    0.000000     % 

  Flux (Part/deg/GeV/cmq/pr):

   0.000000     +/-    0.000000     % 

  Energy interval (GeV):  2.3000001E-03  2.2900000E-03

  Flux (Part/sr/GeV/cmq/pr):

   0.000000     +/-    0.000000     % 

  Flux (Part/deg/GeV/cmq/pr):

   0.000000     +/-    0.000000     % 

  Energy interval (GeV):  2.2900000E-03  2.2799999E-03

  Flux (Part/sr/GeV/cmq/pr):

   0.000000     +/-    0.000000     % 

  Flux (Part/deg/GeV/cmq/pr):

   0.000000     +/-    0.000000     % 

  Energy interval (GeV):  2.2799999E-03  2.2700001E-03

  Flux (Part/sr/GeV/cmq/pr):

   0.000000     +/-    0.000000     % 

  Flux (Part/deg/GeV/cmq/pr):

   0.000000     +/-    0.000000     % 

  Energy interval (GeV):  2.2700001E-03  2.2600000E-03

  Flux (Part/sr/GeV/cmq/pr):

   0.000000     +/-    0.000000     % 

  Flux (Part/deg/GeV/cmq/pr):

   0.000000     +/-    0.000000     % 

  Energy interval (GeV):  2.2600000E-03  2.2499999E-03

  Flux (Part/sr/GeV/cmq/pr):

   0.000000     +/-    0.000000     % 

  Flux (Part/deg/GeV/cmq/pr):

   0.000000     +/-    0.000000     % 

  Energy interval (GeV):  2.2499999E-03  2.2399998E-03

  Flux (Part/sr/GeV/cmq/pr):

   0.000000     +/-    0.000000     % 

  Flux (Part/deg/GeV/cmq/pr):

   0.000000     +/-    0.000000     % 

  Energy interval (GeV):  2.2399998E-03  2.2300000E-03

  Flux (Part/sr/GeV/cmq/pr):

   0.000000     +/-    0.000000     % 

  Flux (Part/deg/GeV/cmq/pr):

   0.000000     +/-    0.000000     % 

  Energy interval (GeV):  2.2300000E-03  2.2199999E-03

  Flux (Part/sr/GeV/cmq/pr):

   0.000000     +/-    0.000000     % 

  Flux (Part/deg/GeV/cmq/pr):

   0.000000     +/-    0.000000     % 

  Energy interval (GeV):  2.2199999E-03  2.2099998E-03

  Flux (Part/sr/GeV/cmq/pr):

   0.000000     +/-    0.000000     % 

  Flux (Part/deg/GeV/cmq/pr):

   0.000000     +/-    0.000000     % 

  Energy interval (GeV):  2.2099998E-03  2.2000000E-03

  Flux (Part/sr/GeV/cmq/pr):

   0.000000     +/-    0.000000     % 

  Flux (Part/deg/GeV/cmq/pr):

   0.000000     +/-    0.000000     % 

  Energy interval (GeV):  2.2000000E-03  2.1899999E-03

  Flux (Part/sr/GeV/cmq/pr):

   0.000000     +/-    0.000000     % 

  Flux (Part/deg/GeV/cmq/pr):

   0.000000     +/-    0.000000     % 

  Energy interval (GeV):  2.1899999E-03  2.1799998E-03

  Flux (Part/sr/GeV/cmq/pr):

   0.000000     +/-    0.000000     % 

  Flux (Part/deg/GeV/cmq/pr):

   0.000000     +/-    0.000000     % 

  Energy interval (GeV):  2.1799998E-03  2.1700000E-03

  Flux (Part/sr/GeV/cmq/pr):

   0.000000     +/-    0.000000     % 

  Flux (Part/deg/GeV/cmq/pr):

   0.000000     +/-    0.000000     % 

  Energy interval (GeV):  2.1700000E-03  2.1599999E-03

  Flux (Part/sr/GeV/cmq/pr):

   0.000000     +/-    0.000000     % 

  Flux (Part/deg/GeV/cmq/pr):

   0.000000     +/-    0.000000     % 

  Energy interval (GeV):  2.1599999E-03  2.1499998E-03

  Flux (Part/sr/GeV/cmq/pr):

   0.000000     +/-    0.000000     % 

  Flux (Part/deg/GeV/cmq/pr):

   0.000000     +/-    0.000000     % 

  Energy interval (GeV):  2.1499998E-03  2.1400000E-03

  Flux (Part/sr/GeV/cmq/pr):

   0.000000     +/-    0.000000     % 

  Flux (Part/deg/GeV/cmq/pr):

   0.000000     +/-    0.000000     % 

  Energy interval (GeV):  2.1400000E-03  2.1299999E-03

  Flux (Part/sr/GeV/cmq/pr):

   0.000000     +/-    0.000000     % 

  Flux (Part/deg/GeV/cmq/pr):

   0.000000     +/-    0.000000     % 

  Energy interval (GeV):  2.1299999E-03  2.1199998E-03

  Flux (Part/sr/GeV/cmq/pr):

   0.000000     +/-    0.000000     % 

  Flux (Part/deg/GeV/cmq/pr):

   0.000000     +/-    0.000000     % 

  Energy interval (GeV):  2.1199998E-03  2.1100000E-03

  Flux (Part/sr/GeV/cmq/pr):

   0.000000     +/-    0.000000     % 

  Flux (Part/deg/GeV/cmq/pr):

   0.000000     +/-    0.000000     % 

  Energy interval (GeV):  2.1100000E-03  2.0999999E-03

  Flux (Part/sr/GeV/cmq/pr):

   0.000000     +/-    0.000000     % 

  Flux (Part/deg/GeV/cmq/pr):

   0.000000     +/-    0.000000     % 

  Energy interval (GeV):  2.0999999E-03  2.0899998E-03

  Flux (Part/sr/GeV/cmq/pr):

   0.000000     +/-    0.000000     % 

  Flux (Part/deg/GeV/cmq/pr):

   0.000000     +/-    0.000000     % 

  Energy interval (GeV):  2.0899998E-03  2.0800000E-03

  Flux (Part/sr/GeV/cmq/pr):

   0.000000     +/-    0.000000     % 

  Flux (Part/deg/GeV/cmq/pr):

   0.000000     +/-    0.000000     % 

  Energy interval (GeV):  2.0800000E-03  2.0699999E-03

  Flux (Part/sr/GeV/cmq/pr):

   0.000000     +/-    0.000000     % 

  Flux (Part/deg/GeV/cmq/pr):

   0.000000     +/-    0.000000     % 

  Energy interval (GeV):  2.0699999E-03  2.0599999E-03

  Flux (Part/sr/GeV/cmq/pr):

   0.000000     +/-    0.000000     % 

  Flux (Part/deg/GeV/cmq/pr):

   0.000000     +/-    0.000000     % 

  Energy interval (GeV):  2.0599999E-03  2.0500000E-03

  Flux (Part/sr/GeV/cmq/pr):

   0.000000     +/-    0.000000     % 

  Flux (Part/deg/GeV/cmq/pr):

   0.000000     +/-    0.000000     % 

  Energy interval (GeV):  2.0500000E-03  2.0399999E-03

  Flux (Part/sr/GeV/cmq/pr):

   0.000000     +/-    0.000000     % 

  Flux (Part/deg/GeV/cmq/pr):

   0.000000     +/-    0.000000     % 

  Energy interval (GeV):  2.0399999E-03  2.0299999E-03

  Flux (Part/sr/GeV/cmq/pr):

   0.000000     +/-    0.000000     % 

  Flux (Part/deg/GeV/cmq/pr):

   0.000000     +/-    0.000000     % 

  Energy interval (GeV):  2.0299999E-03  2.0200000E-03

  Flux (Part/sr/GeV/cmq/pr):

   0.000000     +/-    0.000000     % 

  Flux (Part/deg/GeV/cmq/pr):

   0.000000     +/-    0.000000     % 

  Energy interval (GeV):  2.0200000E-03  2.0099999E-03

  Flux (Part/sr/GeV/cmq/pr):

   0.000000     +/-    0.000000     % 

  Flux (Part/deg/GeV/cmq/pr):

   0.000000     +/-    0.000000     % 

  Energy interval (GeV):  2.0099999E-03  1.9999999E-03

  Flux (Part/sr/GeV/cmq/pr):

   0.000000     +/-    0.000000     % 

  Flux (Part/deg/GeV/cmq/pr):

   0.000000     +/-    0.000000     % 

  Energy interval (GeV):  1.9999999E-03  1.9900000E-03

  Flux (Part/sr/GeV/cmq/pr):

   0.000000     +/-    0.000000     % 

  Flux (Part/deg/GeV/cmq/pr):

   0.000000     +/-    0.000000     % 

  Energy interval (GeV):  1.9900000E-03  1.9799999E-03

  Flux (Part/sr/GeV/cmq/pr):

   0.000000     +/-    0.000000     % 

  Flux (Part/deg/GeV/cmq/pr):

   0.000000     +/-    0.000000     % 

  Energy interval (GeV):  1.9799999E-03  1.9699999E-03

  Flux (Part/sr/GeV/cmq/pr):

   0.000000     +/-    0.000000     % 

  Flux (Part/deg/GeV/cmq/pr):

   0.000000     +/-    0.000000     % 

  Energy interval (GeV):  1.9699999E-03  1.9600000E-03

  Flux (Part/sr/GeV/cmq/pr):

   0.000000     +/-    0.000000     % 

  Flux (Part/deg/GeV/cmq/pr):

   0.000000     +/-    0.000000     % 

  Energy interval (GeV):  1.9600000E-03  1.9499999E-03

  Flux (Part/sr/GeV/cmq/pr):

   0.000000     +/-    0.000000     % 

  Flux (Part/deg/GeV/cmq/pr):

   0.000000     +/-    0.000000     % 

  Energy interval (GeV):  1.9499999E-03  1.9400000E-03

  Flux (Part/sr/GeV/cmq/pr):

   0.000000     +/-    0.000000     % 

  Flux (Part/deg/GeV/cmq/pr):

   0.000000     +/-    0.000000     % 

  Energy interval (GeV):  1.9400000E-03  1.9299999E-03

  Flux (Part/sr/GeV/cmq/pr):

   0.000000     +/-    0.000000     % 

  Flux (Part/deg/GeV/cmq/pr):

   0.000000     +/-    0.000000     % 

  Energy interval (GeV):  1.9299999E-03  1.9200000E-03

  Flux (Part/sr/GeV/cmq/pr):

   0.000000     +/-    0.000000     % 

  Flux (Part/deg/GeV/cmq/pr):

   0.000000     +/-    0.000000     % 

  Energy interval (GeV):  1.9200000E-03  1.9100000E-03

  Flux (Part/sr/GeV/cmq/pr):

   0.000000     +/-    0.000000     % 

  Flux (Part/deg/GeV/cmq/pr):

   0.000000     +/-    0.000000     % 

  Energy interval (GeV):  1.9100000E-03  1.8999999E-03

  Flux (Part/sr/GeV/cmq/pr):

   0.000000     +/-    0.000000     % 

  Flux (Part/deg/GeV/cmq/pr):

   0.000000     +/-    0.000000     % 

  Energy interval (GeV):  1.8999999E-03  1.8900000E-03

  Flux (Part/sr/GeV/cmq/pr):

   0.000000     +/-    0.000000     % 

  Flux (Part/deg/GeV/cmq/pr):

   0.000000     +/-    0.000000     % 

  Energy interval (GeV):  1.8900000E-03  1.8800000E-03

  Flux (Part/sr/GeV/cmq/pr):

   0.000000     +/-    0.000000     % 

  Flux (Part/deg/GeV/cmq/pr):

   0.000000     +/-    0.000000     % 

  Energy interval (GeV):  1.8800000E-03  1.8699999E-03

  Flux (Part/sr/GeV/cmq/pr):

   0.000000     +/-    0.000000     % 

  Flux (Part/deg/GeV/cmq/pr):

   0.000000     +/-    0.000000     % 

  Energy interval (GeV):  1.8699999E-03  1.8600000E-03

  Flux (Part/sr/GeV/cmq/pr):

   0.000000     +/-    0.000000     % 

  Flux (Part/deg/GeV/cmq/pr):

   0.000000     +/-    0.000000     % 

  Energy interval (GeV):  1.8600000E-03  1.8500000E-03

  Flux (Part/sr/GeV/cmq/pr):

   0.000000     +/-    0.000000     % 

  Flux (Part/deg/GeV/cmq/pr):

   0.000000     +/-    0.000000     % 

  Energy interval (GeV):  1.8500000E-03  1.8399999E-03

  Flux (Part/sr/GeV/cmq/pr):

   0.000000     +/-    0.000000     % 

  Flux (Part/deg/GeV/cmq/pr):

   0.000000     +/-    0.000000     % 

  Energy interval (GeV):  1.8399999E-03  1.8300000E-03

  Flux (Part/sr/GeV/cmq/pr):

   0.000000     +/-    0.000000     % 

  Flux (Part/deg/GeV/cmq/pr):

   0.000000     +/-    0.000000     % 

  Energy interval (GeV):  1.8300000E-03  1.8200000E-03

  Flux (Part/sr/GeV/cmq/pr):

   0.000000     +/-    0.000000     % 

  Flux (Part/deg/GeV/cmq/pr):

   0.000000     +/-    0.000000     % 

  Energy interval (GeV):  1.8200000E-03  1.8099999E-03

  Flux (Part/sr/GeV/cmq/pr):

   0.000000     +/-    0.000000     % 

  Flux (Part/deg/GeV/cmq/pr):

   0.000000     +/-    0.000000     % 

  Energy interval (GeV):  1.8099999E-03  1.8000000E-03

  Flux (Part/sr/GeV/cmq/pr):

   0.000000     +/-    0.000000     % 

  Flux (Part/deg/GeV/cmq/pr):

   0.000000     +/-    0.000000     % 

  Energy interval (GeV):  1.8000000E-03  1.7900000E-03

  Flux (Part/sr/GeV/cmq/pr):

   0.000000     +/-    0.000000     % 

  Flux (Part/deg/GeV/cmq/pr):

   0.000000     +/-    0.000000     % 

  Energy interval (GeV):  1.7900000E-03  1.7799999E-03

  Flux (Part/sr/GeV/cmq/pr):

   0.000000     +/-    0.000000     % 

  Flux (Part/deg/GeV/cmq/pr):

   0.000000     +/-    0.000000     % 

  Energy interval (GeV):  1.7799999E-03  1.7700000E-03

  Flux (Part/sr/GeV/cmq/pr):

   0.000000     +/-    0.000000     % 

  Flux (Part/deg/GeV/cmq/pr):

   0.000000     +/-    0.000000     % 

  Energy interval (GeV):  1.7700000E-03  1.7599999E-03

  Flux (Part/sr/GeV/cmq/pr):

   0.000000     +/-    0.000000     % 

  Flux (Part/deg/GeV/cmq/pr):

   0.000000     +/-    0.000000     % 

  Energy interval (GeV):  1.7599999E-03  1.7499999E-03

  Flux (Part/sr/GeV/cmq/pr):

   0.000000     +/-    0.000000     % 

  Flux (Part/deg/GeV/cmq/pr):

   0.000000     +/-    0.000000     % 

  Energy interval (GeV):  1.7499999E-03  1.7400000E-03

  Flux (Part/sr/GeV/cmq/pr):

   0.000000     +/-    0.000000     % 

  Flux (Part/deg/GeV/cmq/pr):

   0.000000     +/-    0.000000     % 

  Energy interval (GeV):  1.7400000E-03  1.7299999E-03

  Flux (Part/sr/GeV/cmq/pr):

   0.000000     +/-    0.000000     % 

  Flux (Part/deg/GeV/cmq/pr):

   0.000000     +/-    0.000000     % 

  Energy interval (GeV):  1.7299999E-03  1.7199999E-03

  Flux (Part/sr/GeV/cmq/pr):

   0.000000     +/-    0.000000     % 

  Flux (Part/deg/GeV/cmq/pr):

   0.000000     +/-    0.000000     % 

  Energy interval (GeV):  1.7199999E-03  1.7100000E-03

  Flux (Part/sr/GeV/cmq/pr):

   0.000000     +/-    0.000000     % 

  Flux (Part/deg/GeV/cmq/pr):

   0.000000     +/-    0.000000     % 

  Energy interval (GeV):  1.7100000E-03  1.6999999E-03

  Flux (Part/sr/GeV/cmq/pr):

   0.000000     +/-    0.000000     % 

  Flux (Part/deg/GeV/cmq/pr):

   0.000000     +/-    0.000000     % 

  Energy interval (GeV):  1.6999999E-03  1.6899999E-03

  Flux (Part/sr/GeV/cmq/pr):

   0.000000     +/-    0.000000     % 

  Flux (Part/deg/GeV/cmq/pr):

   0.000000     +/-    0.000000     % 

  Energy interval (GeV):  1.6899999E-03  1.6800000E-03

  Flux (Part/sr/GeV/cmq/pr):

   0.000000     +/-    0.000000     % 

  Flux (Part/deg/GeV/cmq/pr):

   0.000000     +/-    0.000000     % 

  Energy interval (GeV):  1.6800000E-03  1.6699999E-03

  Flux (Part/sr/GeV/cmq/pr):

   0.000000     +/-    0.000000     % 

  Flux (Part/deg/GeV/cmq/pr):

   0.000000     +/-    0.000000     % 

  Energy interval (GeV):  1.6699999E-03  1.6600000E-03

  Flux (Part/sr/GeV/cmq/pr):

   0.000000     +/-    0.000000     % 

  Flux (Part/deg/GeV/cmq/pr):

   0.000000     +/-    0.000000     % 

  Energy interval (GeV):  1.6600000E-03  1.6500000E-03

  Flux (Part/sr/GeV/cmq/pr):

   0.000000     +/-    0.000000     % 

  Flux (Part/deg/GeV/cmq/pr):

   0.000000     +/-    0.000000     % 

  Energy interval (GeV):  1.6500000E-03  1.6399999E-03

  Flux (Part/sr/GeV/cmq/pr):

   0.000000     +/-    0.000000     % 

  Flux (Part/deg/GeV/cmq/pr):

   0.000000     +/-    0.000000     % 

  Energy interval (GeV):  1.6399999E-03  1.6300000E-03

  Flux (Part/sr/GeV/cmq/pr):

   0.000000     +/-    0.000000     % 

  Flux (Part/deg/GeV/cmq/pr):

   0.000000     +/-    0.000000     % 

  Energy interval (GeV):  1.6300000E-03  1.6200000E-03

  Flux (Part/sr/GeV/cmq/pr):

   0.000000     +/-    0.000000     % 

  Flux (Part/deg/GeV/cmq/pr):

   0.000000     +/-    0.000000     % 

  Energy interval (GeV):  1.6200000E-03  1.6099999E-03

  Flux (Part/sr/GeV/cmq/pr):

   0.000000     +/-    0.000000     % 

  Flux (Part/deg/GeV/cmq/pr):

   0.000000     +/-    0.000000     % 

  Energy interval (GeV):  1.6099999E-03  1.6000000E-03

  Flux (Part/sr/GeV/cmq/pr):

   0.000000     +/-    0.000000     % 

  Flux (Part/deg/GeV/cmq/pr):

   0.000000     +/-    0.000000     % 

  Energy interval (GeV):  1.6000000E-03  1.5900000E-03

  Flux (Part/sr/GeV/cmq/pr):

   0.000000     +/-    0.000000     % 

  Flux (Part/deg/GeV/cmq/pr):

   0.000000     +/-    0.000000     % 

  Energy interval (GeV):  1.5900000E-03  1.5799999E-03

  Flux (Part/sr/GeV/cmq/pr):

   0.000000     +/-    0.000000     % 

  Flux (Part/deg/GeV/cmq/pr):

   0.000000     +/-    0.000000     % 

  Energy interval (GeV):  1.5799999E-03  1.5700000E-03

  Flux (Part/sr/GeV/cmq/pr):

   0.000000     +/-    0.000000     % 

  Flux (Part/deg/GeV/cmq/pr):

   0.000000     +/-    0.000000     % 

  Energy interval (GeV):  1.5700000E-03  1.5600000E-03

  Flux (Part/sr/GeV/cmq/pr):

   0.000000     +/-    0.000000     % 

  Flux (Part/deg/GeV/cmq/pr):

   0.000000     +/-    0.000000     % 

  Energy interval (GeV):  1.5600000E-03  1.5499999E-03

  Flux (Part/sr/GeV/cmq/pr):

   0.000000     +/-    0.000000     % 

  Flux (Part/deg/GeV/cmq/pr):

   0.000000     +/-    0.000000     % 

  Energy interval (GeV):  1.5499999E-03  1.5400000E-03

  Flux (Part/sr/GeV/cmq/pr):

   0.000000     +/-    0.000000     % 

  Flux (Part/deg/GeV/cmq/pr):

   0.000000     +/-    0.000000     % 

  Energy interval (GeV):  1.5400000E-03  1.5300000E-03

  Flux (Part/sr/GeV/cmq/pr):

   0.000000     +/-    0.000000     % 

  Flux (Part/deg/GeV/cmq/pr):

   0.000000     +/-    0.000000     % 

  Energy interval (GeV):  1.5300000E-03  1.5199999E-03

  Flux (Part/sr/GeV/cmq/pr):

   0.000000     +/-    0.000000     % 

  Flux (Part/deg/GeV/cmq/pr):

   0.000000     +/-    0.000000     % 

  Energy interval (GeV):  1.5199999E-03  1.5100000E-03

  Flux (Part/sr/GeV/cmq/pr):

   0.000000     +/-    0.000000     % 

  Flux (Part/deg/GeV/cmq/pr):

   0.000000     +/-    0.000000     % 

  Energy interval (GeV):  1.5100000E-03  1.5000000E-03

  Flux (Part/sr/GeV/cmq/pr):

   0.000000     +/-    0.000000     % 

  Flux (Part/deg/GeV/cmq/pr):

   0.000000     +/-    0.000000     % 

  Energy interval (GeV):  1.5000000E-03  1.4899999E-03

  Flux (Part/sr/GeV/cmq/pr):

   0.000000     +/-    0.000000     % 

  Flux (Part/deg/GeV/cmq/pr):

   0.000000     +/-    0.000000     % 

  Energy interval (GeV):  1.4899999E-03  1.4800000E-03

  Flux (Part/sr/GeV/cmq/pr):

   0.000000     +/-    0.000000     % 

  Flux (Part/deg/GeV/cmq/pr):

   0.000000     +/-    0.000000     % 

  Energy interval (GeV):  1.4800000E-03  1.4700000E-03

  Flux (Part/sr/GeV/cmq/pr):

   0.000000     +/-    0.000000     % 

  Flux (Part/deg/GeV/cmq/pr):

   0.000000     +/-    0.000000     % 

  Energy interval (GeV):  1.4700000E-03  1.4599999E-03

  Flux (Part/sr/GeV/cmq/pr):

   0.000000     +/-    0.000000     % 

  Flux (Part/deg/GeV/cmq/pr):

   0.000000     +/-    0.000000     % 

  Energy interval (GeV):  1.4599999E-03  1.4500000E-03

  Flux (Part/sr/GeV/cmq/pr):

   0.000000     +/-    0.000000     % 

  Flux (Part/deg/GeV/cmq/pr):

   0.000000     +/-    0.000000     % 

  Energy interval (GeV):  1.4500000E-03  1.4400000E-03

  Flux (Part/sr/GeV/cmq/pr):

   0.000000     +/-    0.000000     % 

  Flux (Part/deg/GeV/cmq/pr):

   0.000000     +/-    0.000000     % 

  Energy interval (GeV):  1.4400000E-03  1.4299999E-03

  Flux (Part/sr/GeV/cmq/pr):

   0.000000     +/-    0.000000     % 

  Flux (Part/deg/GeV/cmq/pr):

   0.000000     +/-    0.000000     % 

  Energy interval (GeV):  1.4299999E-03  1.4200000E-03

  Flux (Part/sr/GeV/cmq/pr):

   0.000000     +/-    0.000000     % 

  Flux (Part/deg/GeV/cmq/pr):

   0.000000     +/-    0.000000     % 

  Energy interval (GeV):  1.4200000E-03  1.4099999E-03

  Flux (Part/sr/GeV/cmq/pr):

   0.000000     +/-    0.000000     % 

  Flux (Part/deg/GeV/cmq/pr):

   0.000000     +/-    0.000000     % 

  Energy interval (GeV):  1.4099999E-03  1.4000000E-03

  Flux (Part/sr/GeV/cmq/pr):

   3907.572     +/-   8.8818245E-02 % 

  Flux (Part/deg/GeV/cmq/pr):

   272.8000     +/-   8.8818245E-02 % 

  Energy interval (GeV):  1.4000000E-03  1.3900000E-03

  Flux (Part/sr/GeV/cmq/pr):

   35.87352     +/-    1.309349     % 

  Flux (Part/deg/GeV/cmq/pr):

   2.504445     +/-    1.309349     % 

  Energy interval (GeV):  1.3900000E-03  1.3799999E-03

  Flux (Part/sr/GeV/cmq/pr):

   38.10169     +/-    1.562093     % 

  Flux (Part/deg/GeV/cmq/pr):

   2.660000     +/-    1.562093     % 

  Energy interval (GeV):  1.3799999E-03  1.3700000E-03

  Flux (Part/sr/GeV/cmq/pr):

   38.16536     +/-    1.982024     % 

  Flux (Part/deg/GeV/cmq/pr):

   2.664445     +/-    1.982024     % 

  Energy interval (GeV):  1.3700000E-03  1.3600000E-03

  Flux (Part/sr/GeV/cmq/pr):

   39.96381     +/-    2.775904     % 

  Flux (Part/deg/GeV/cmq/pr):

   2.790000     +/-    2.775904     % 

  Energy interval (GeV):  1.3600000E-03  1.3499999E-03

  Flux (Part/sr/GeV/cmq/pr):

   38.42001     +/-   0.3785357     % 

  Flux (Part/deg/GeV/cmq/pr):

   2.682222     +/-   0.3785357     % 

  Energy interval (GeV):  1.3499999E-03  1.3400000E-03

  Flux (Part/sr/GeV/cmq/pr):

   39.80465     +/-    1.578483     % 

  Flux (Part/deg/GeV/cmq/pr):

   2.778889     +/-    1.578483     % 

  Energy interval (GeV):  1.3400000E-03  1.3300000E-03

  Flux (Part/sr/GeV/cmq/pr):

   37.27409     +/-    3.772000     % 

  Flux (Part/deg/GeV/cmq/pr):

   2.602222     +/-    3.772000     % 

  Energy interval (GeV):  1.3300000E-03  1.3199999E-03

  Flux (Part/sr/GeV/cmq/pr):

   37.36958     +/-    1.130024     % 

  Flux (Part/deg/GeV/cmq/pr):

   2.608889     +/-    1.130024     % 

  Energy interval (GeV):  1.3199999E-03  1.3100000E-03

  Flux (Part/sr/GeV/cmq/pr):

   37.60831     +/-    1.693557     % 

  Flux (Part/deg/GeV/cmq/pr):

   2.625556     +/-    1.693557     % 

  Energy interval (GeV):  1.3100000E-03  1.3000000E-03

  Flux (Part/sr/GeV/cmq/pr):

   36.68521     +/-    2.784696     % 

  Flux (Part/deg/GeV/cmq/pr):

   2.561111     +/-    2.784696     % 

  Energy interval (GeV):  1.3000000E-03  1.2899999E-03

  Flux (Part/sr/GeV/cmq/pr):

   35.88944     +/-    1.453978     % 

  Flux (Part/deg/GeV/cmq/pr):

   2.505556     +/-    1.453978     % 

  Energy interval (GeV):  1.2899999E-03  1.2800000E-03

  Flux (Part/sr/GeV/cmq/pr):

   36.58972     +/-    1.213642     % 

  Flux (Part/deg/GeV/cmq/pr):

   2.554445     +/-    1.213642     % 

  Energy interval (GeV):  1.2800000E-03  1.2700000E-03

  Flux (Part/sr/GeV/cmq/pr):

   35.76212     +/-    2.719468     % 

  Flux (Part/deg/GeV/cmq/pr):

   2.496667     +/-    2.719468     % 

  Energy interval (GeV):  1.2700000E-03  1.2599999E-03

  Flux (Part/sr/GeV/cmq/pr):

   33.23155     +/-    1.560377     % 

  Flux (Part/deg/GeV/cmq/pr):

   2.320000     +/-    1.560377     % 

  Energy interval (GeV):  1.2599999E-03  1.2500000E-03

  Flux (Part/sr/GeV/cmq/pr):

   34.07507     +/-    1.053244     % 

  Flux (Part/deg/GeV/cmq/pr):

   2.378889     +/-    1.053244     % 

  Energy interval (GeV):  1.2500000E-03  1.2400000E-03

  Flux (Part/sr/GeV/cmq/pr):

   33.72493     +/-   0.7211277     % 

  Flux (Part/deg/GeV/cmq/pr):

   2.354445     +/-   0.7211277     % 

  Energy interval (GeV):  1.2400000E-03  1.2299999E-03

  Flux (Part/sr/GeV/cmq/pr):

   33.91592     +/-    1.959420     % 

  Flux (Part/deg/GeV/cmq/pr):

   2.367778     +/-    1.959420     % 

  Energy interval (GeV):  1.2299999E-03  1.2200000E-03

  Flux (Part/sr/GeV/cmq/pr):

   32.70634     +/-    1.194446     % 

  Flux (Part/deg/GeV/cmq/pr):

   2.283333     +/-    1.194446     % 

  Energy interval (GeV):  1.2200000E-03  1.2100000E-03

  Flux (Part/sr/GeV/cmq/pr):

   31.56042     +/-    2.333652     % 

  Flux (Part/deg/GeV/cmq/pr):

   2.203333     +/-    2.333652     % 

  Energy interval (GeV):  1.2100000E-03  1.1999999E-03

  Flux (Part/sr/GeV/cmq/pr):

   31.75141     +/-    1.777506     % 

  Flux (Part/deg/GeV/cmq/pr):

   2.216667     +/-    1.777506     % 

  Energy interval (GeV):  1.1999999E-03  1.1900000E-03

  Flux (Part/sr/GeV/cmq/pr):

   31.21028     +/-    2.675870     % 

  Flux (Part/deg/GeV/cmq/pr):

   2.178889     +/-    2.675870     % 

  Energy interval (GeV):  1.1900000E-03  1.1800000E-03

  Flux (Part/sr/GeV/cmq/pr):

   29.73014     +/-    1.591657     % 

  Flux (Part/deg/GeV/cmq/pr):

   2.075556     +/-    1.591657     % 

  Energy interval (GeV):  1.1800000E-03  1.1699999E-03

  Flux (Part/sr/GeV/cmq/pr):

   29.36409     +/-    1.324869     % 

  Flux (Part/deg/GeV/cmq/pr):

   2.050000     +/-    1.324869     % 

  Energy interval (GeV):  1.1699999E-03  1.1600000E-03

  Flux (Part/sr/GeV/cmq/pr):

   29.79381     +/-    2.024636     % 

  Flux (Part/deg/GeV/cmq/pr):

   2.080000     +/-    2.024636     % 

  Energy interval (GeV):  1.1600000E-03  1.1500000E-03

  Flux (Part/sr/GeV/cmq/pr):

   29.17310     +/-    1.354579     % 

  Flux (Part/deg/GeV/cmq/pr):

   2.036667     +/-    1.354579     % 

  Energy interval (GeV):  1.1500000E-03  1.1399999E-03

  Flux (Part/sr/GeV/cmq/pr):

   29.31634     +/-    2.275278     % 

  Flux (Part/deg/GeV/cmq/pr):

   2.046667     +/-    2.275278     % 

  Energy interval (GeV):  1.1399999E-03  1.1300000E-03

  Flux (Part/sr/GeV/cmq/pr):

   28.10676     +/-    3.053823     % 

  Flux (Part/deg/GeV/cmq/pr):

   1.962222     +/-    3.053823     % 

  Energy interval (GeV):  1.1300000E-03  1.1199999E-03

  Flux (Part/sr/GeV/cmq/pr):

   27.61338     +/-    3.525993     % 

  Flux (Part/deg/GeV/cmq/pr):

   1.927778     +/-    3.525993     % 

  Energy interval (GeV):  1.1199999E-03  1.1100000E-03

  Flux (Part/sr/GeV/cmq/pr):

   28.58423     +/-    1.406934     % 

  Flux (Part/deg/GeV/cmq/pr):

   1.995556     +/-    1.406934     % 

  Energy interval (GeV):  1.1100000E-03  1.1000000E-03

  Flux (Part/sr/GeV/cmq/pr):

   27.75662     +/-    2.172856     % 

  Flux (Part/deg/GeV/cmq/pr):

   1.937778     +/-    2.172856     % 

  Energy interval (GeV):  1.1000000E-03  1.0899999E-03

  Flux (Part/sr/GeV/cmq/pr):

   26.76986     +/-    1.328080     % 

  Flux (Part/deg/GeV/cmq/pr):

   1.868889     +/-    1.328080     % 

  Energy interval (GeV):  1.0899999E-03  1.0800000E-03

  Flux (Part/sr/GeV/cmq/pr):

   26.35606     +/-    2.008247     % 

  Flux (Part/deg/GeV/cmq/pr):

   1.840000     +/-    2.008247     % 

  Energy interval (GeV):  1.0800000E-03  1.0700000E-03

  Flux (Part/sr/GeV/cmq/pr):

   26.24465     +/-    3.187933     % 

  Flux (Part/deg/GeV/cmq/pr):

   1.832222     +/-    3.187933     % 

  Energy interval (GeV):  1.0700000E-03  1.0599999E-03

  Flux (Part/sr/GeV/cmq/pr):

   26.75395     +/-    2.273827     % 

  Flux (Part/deg/GeV/cmq/pr):

   1.867778     +/-    2.273827     % 

  Energy interval (GeV):  1.0599999E-03  1.0500000E-03

  Flux (Part/sr/GeV/cmq/pr):

   26.26057     +/-    1.892423     % 

  Flux (Part/deg/GeV/cmq/pr):

   1.833333     +/-    1.892423     % 

  Energy interval (GeV):  1.0500000E-03  1.0400000E-03

  Flux (Part/sr/GeV/cmq/pr):

   25.16240     +/-    4.286866     % 

  Flux (Part/deg/GeV/cmq/pr):

   1.756667     +/-    4.286866     % 

  Energy interval (GeV):  1.0400000E-03  1.0299999E-03

  Flux (Part/sr/GeV/cmq/pr):

   27.15183     +/-    2.349057     % 

  Flux (Part/deg/GeV/cmq/pr):

   1.895556     +/-    2.349057     % 

  Energy interval (GeV):  1.0299999E-03  1.0200000E-03

  Flux (Part/sr/GeV/cmq/pr):

   25.86268     +/-    3.900538     % 

  Flux (Part/deg/GeV/cmq/pr):

   1.805556     +/-    3.900538     % 

  Energy interval (GeV):  1.0200000E-03  1.0100000E-03

  Flux (Part/sr/GeV/cmq/pr):

   26.35606     +/-    2.233892     % 

  Flux (Part/deg/GeV/cmq/pr):

   1.840000     +/-    2.233892     % 

  Energy interval (GeV):  1.0100000E-03  9.9999993E-04

  Flux (Part/sr/GeV/cmq/pr):

   25.65578     +/-    2.299473     % 

  Flux (Part/deg/GeV/cmq/pr):

   1.791111     +/-    2.299473     % 

  Energy interval (GeV):  9.9999993E-04  9.8999997E-04

  Flux (Part/sr/GeV/cmq/pr):

   25.83085     +/-   0.5300261     % 

  Flux (Part/deg/GeV/cmq/pr):

   1.803333     +/-   0.5300261     % 

  Energy interval (GeV):  9.8999997E-04  9.8000001E-04

  Flux (Part/sr/GeV/cmq/pr):

   25.17831     +/-    2.599738     % 

  Flux (Part/deg/GeV/cmq/pr):

   1.757778     +/-    2.599738     % 

  Energy interval (GeV):  9.8000001E-04  9.6999999E-04

  Flux (Part/sr/GeV/cmq/pr):

   24.87592     +/-    3.970599     % 

  Flux (Part/deg/GeV/cmq/pr):

   1.736667     +/-    3.970599     % 

  Energy interval (GeV):  9.6999999E-04  9.5999998E-04

  Flux (Part/sr/GeV/cmq/pr):

   24.41437     +/-    2.739491     % 

  Flux (Part/deg/GeV/cmq/pr):

   1.704445     +/-    2.739491     % 

  Energy interval (GeV):  9.5999998E-04  9.4999996E-04

  Flux (Part/sr/GeV/cmq/pr):

   25.17831     +/-    1.484452     % 

  Flux (Part/deg/GeV/cmq/pr):

   1.757778     +/-    1.484452     % 

  Energy interval (GeV):  9.4999996E-04  9.4000000E-04

  Flux (Part/sr/GeV/cmq/pr):

   24.93958     +/-    2.076724     % 

  Flux (Part/deg/GeV/cmq/pr):

   1.741111     +/-    2.076724     % 

  Energy interval (GeV):  9.4000000E-04  9.2999998E-04

  Flux (Part/sr/GeV/cmq/pr):

   25.44888     +/-    2.967149     % 

  Flux (Part/deg/GeV/cmq/pr):

   1.776667     +/-    2.967149     % 

  Energy interval (GeV):  9.2999998E-04  9.1999996E-04

  Flux (Part/sr/GeV/cmq/pr):

   24.57352     +/-    1.847275     % 

  Flux (Part/deg/GeV/cmq/pr):

   1.715556     +/-    1.847275     % 

  Energy interval (GeV):  9.1999996E-04  9.1000000E-04

  Flux (Part/sr/GeV/cmq/pr):

   24.39845     +/-    3.174975     % 

  Flux (Part/deg/GeV/cmq/pr):

   1.703333     +/-    3.174975     % 

  Energy interval (GeV):  9.1000000E-04  8.9999998E-04

  Flux (Part/sr/GeV/cmq/pr):

   23.85733     +/-    2.474614     % 

  Flux (Part/deg/GeV/cmq/pr):

   1.665556     +/-    2.474614     % 

  Energy interval (GeV):  8.9999998E-04  8.8999997E-04

  Flux (Part/sr/GeV/cmq/pr):

   23.61859     +/-    2.793450     % 

  Flux (Part/deg/GeV/cmq/pr):

   1.648889     +/-    2.793450     % 

  Energy interval (GeV):  8.8999997E-04  8.7999995E-04

  Flux (Part/sr/GeV/cmq/pr):

   23.71409     +/-    1.333867     % 

  Flux (Part/deg/GeV/cmq/pr):

   1.655556     +/-    1.333867     % 

  Energy interval (GeV):  8.7999995E-04  8.6999999E-04

  Flux (Part/sr/GeV/cmq/pr):

   22.77507     +/-    4.097744     % 

  Flux (Part/deg/GeV/cmq/pr):

   1.590000     +/-    4.097744     % 

  Energy interval (GeV):  8.6999999E-04  8.5999997E-04

  Flux (Part/sr/GeV/cmq/pr):

   22.83873     +/-    2.178746     % 

  Flux (Part/deg/GeV/cmq/pr):

   1.594445     +/-    2.178746     % 

  Energy interval (GeV):  8.5999997E-04  8.4999995E-04

  Flux (Part/sr/GeV/cmq/pr):

   22.83873     +/-    4.127118     % 

  Flux (Part/deg/GeV/cmq/pr):

   1.594445     +/-    4.127118     % 

  Energy interval (GeV):  8.4999995E-04  8.3999999E-04

  Flux (Part/sr/GeV/cmq/pr):

   21.54958     +/-    2.684311     % 

  Flux (Part/deg/GeV/cmq/pr):

   1.504445     +/-    2.684311     % 

  Energy interval (GeV):  8.3999999E-04  8.2999998E-04

  Flux (Part/sr/GeV/cmq/pr):

   22.24986     +/-    1.768849     % 

  Flux (Part/deg/GeV/cmq/pr):

   1.553333     +/-    1.768849     % 

  Energy interval (GeV):  8.2999998E-04  8.1999996E-04

  Flux (Part/sr/GeV/cmq/pr):

   21.80423     +/-    2.848119     % 

  Flux (Part/deg/GeV/cmq/pr):

   1.522222     +/-    2.848119     % 

  Energy interval (GeV):  8.1999996E-04  8.1000000E-04

  Flux (Part/sr/GeV/cmq/pr):

   22.09071     +/-    3.062171     % 

  Flux (Part/deg/GeV/cmq/pr):

   1.542222     +/-    3.062171     % 

  Energy interval (GeV):  8.1000000E-04  7.9999998E-04

  Flux (Part/sr/GeV/cmq/pr):

   22.10662     +/-    3.857576     % 

  Flux (Part/deg/GeV/cmq/pr):

   1.543333     +/-    3.857576     % 

  Energy interval (GeV):  7.9999998E-04  7.8999996E-04

  Flux (Part/sr/GeV/cmq/pr):

   20.96071     +/-    3.634746     % 

  Flux (Part/deg/GeV/cmq/pr):

   1.463333     +/-    3.634746     % 

  Energy interval (GeV):  7.8999996E-04  7.8000000E-04

  Flux (Part/sr/GeV/cmq/pr):

   21.59733     +/-    1.686886     % 

  Flux (Part/deg/GeV/cmq/pr):

   1.507778     +/-    1.686886     % 

  Energy interval (GeV):  7.8000000E-04  7.6999998E-04

  Flux (Part/sr/GeV/cmq/pr):

   19.97395     +/-   0.9511815     % 

  Flux (Part/deg/GeV/cmq/pr):

   1.394444     +/-   0.9511815     % 

  Energy interval (GeV):  7.6999998E-04  7.5999997E-04

  Flux (Part/sr/GeV/cmq/pr):

   20.96071     +/-    4.294587     % 

  Flux (Part/deg/GeV/cmq/pr):

   1.463333     +/-    4.294587     % 

  Energy interval (GeV):  7.5999997E-04  7.5000001E-04

  Flux (Part/sr/GeV/cmq/pr):

   20.14902     +/-    2.708756     % 

  Flux (Part/deg/GeV/cmq/pr):

   1.406667     +/-    2.708756     % 

  Energy interval (GeV):  7.5000001E-04  7.3999999E-04

  Flux (Part/sr/GeV/cmq/pr):

   20.18085     +/-    4.155560     % 

  Flux (Part/deg/GeV/cmq/pr):

   1.408889     +/-    4.155560     % 

  Energy interval (GeV):  7.3999999E-04  7.2999997E-04

  Flux (Part/sr/GeV/cmq/pr):

   19.21000     +/-    4.004753     % 

  Flux (Part/deg/GeV/cmq/pr):

   1.341111     +/-    4.004753     % 

  Energy interval (GeV):  7.2999997E-04  7.2000001E-04

  Flux (Part/sr/GeV/cmq/pr):

   19.79887     +/-    2.814654     % 

  Flux (Part/deg/GeV/cmq/pr):

   1.382222     +/-    2.814654     % 

  Energy interval (GeV):  7.2000001E-04  7.0999999E-04

  Flux (Part/sr/GeV/cmq/pr):

   19.48056     +/-    4.394712     % 

  Flux (Part/deg/GeV/cmq/pr):

   1.360000     +/-    4.394712     % 

  Energy interval (GeV):  7.0999999E-04  6.9999998E-04

  Flux (Part/sr/GeV/cmq/pr):

   19.25775     +/-    5.059242     % 

  Flux (Part/deg/GeV/cmq/pr):

   1.344445     +/-    5.059242     % 

  Energy interval (GeV):  6.9999998E-04  6.8999996E-04

  Flux (Part/sr/GeV/cmq/pr):

   18.01634     +/-    1.948476     % 

  Flux (Part/deg/GeV/cmq/pr):

   1.257778     +/-    1.948476     % 

  Energy interval (GeV):  6.8999996E-04  6.8000000E-04

  Flux (Part/sr/GeV/cmq/pr):

   17.77761     +/-    3.903867     % 

  Flux (Part/deg/GeV/cmq/pr):

   1.241111     +/-    3.903867     % 

  Energy interval (GeV):  6.8000000E-04  6.6999998E-04

  Flux (Part/sr/GeV/cmq/pr):

   19.01902     +/-    2.913889     % 

  Flux (Part/deg/GeV/cmq/pr):

   1.327778     +/-    2.913889     % 

  Energy interval (GeV):  6.6999998E-04  6.5999996E-04

  Flux (Part/sr/GeV/cmq/pr):

   18.43014     +/-    2.749859     % 

  Flux (Part/deg/GeV/cmq/pr):

   1.286667     +/-    2.749859     % 

  Energy interval (GeV):  6.5999996E-04  6.5000000E-04

  Flux (Part/sr/GeV/cmq/pr):

   17.87310     +/-    2.147312     % 

  Flux (Part/deg/GeV/cmq/pr):

   1.247778     +/-    2.147312     % 

  Energy interval (GeV):  6.5000000E-04  6.3999998E-04

  Flux (Part/sr/GeV/cmq/pr):

   16.96592     +/-    2.425457     % 

  Flux (Part/deg/GeV/cmq/pr):

   1.184445     +/-    2.425457     % 

  Energy interval (GeV):  6.3999998E-04  6.2999997E-04

  Flux (Part/sr/GeV/cmq/pr):

   17.93676     +/-    3.262002     % 

  Flux (Part/deg/GeV/cmq/pr):

   1.252222     +/-    3.262002     % 

  Energy interval (GeV):  6.2999997E-04  6.2000001E-04

  Flux (Part/sr/GeV/cmq/pr):

   17.18873     +/-    1.333784     % 

  Flux (Part/deg/GeV/cmq/pr):

   1.200000     +/-    1.333784     % 

  Energy interval (GeV):  6.2000001E-04  6.0999999E-04

  Flux (Part/sr/GeV/cmq/pr):

   16.95000     +/-    2.844157     % 

  Flux (Part/deg/GeV/cmq/pr):

   1.183333     +/-    2.844157     % 

  Energy interval (GeV):  6.0999999E-04  5.9999997E-04

  Flux (Part/sr/GeV/cmq/pr):

   16.26563     +/-    3.543508     % 

  Flux (Part/deg/GeV/cmq/pr):

   1.135556     +/-    3.543508     % 

  Energy interval (GeV):  5.9999997E-04  5.9000001E-04

  Flux (Part/sr/GeV/cmq/pr):

   16.21789     +/-    3.128043     % 

  Flux (Part/deg/GeV/cmq/pr):

   1.132222     +/-    3.128043     % 

  Energy interval (GeV):  5.9000001E-04  5.7999999E-04

  Flux (Part/sr/GeV/cmq/pr):

   16.28155     +/-    2.407352     % 

  Flux (Part/deg/GeV/cmq/pr):

   1.136667     +/-    2.407352     % 

  Energy interval (GeV):  5.7999999E-04  5.6999997E-04

  Flux (Part/sr/GeV/cmq/pr):

   16.47254     +/-    4.056246     % 

  Flux (Part/deg/GeV/cmq/pr):

   1.150000     +/-    4.056246     % 

  Energy interval (GeV):  5.6999997E-04  5.5999996E-04

  Flux (Part/sr/GeV/cmq/pr):

   16.10648     +/-    2.784388     % 

  Flux (Part/deg/GeV/cmq/pr):

   1.124444     +/-    2.784388     % 

  Energy interval (GeV):  5.5999996E-04  5.5000000E-04

  Flux (Part/sr/GeV/cmq/pr):

   15.54944     +/-    2.567029     % 

  Flux (Part/deg/GeV/cmq/pr):

   1.085556     +/-    2.567029     % 

  Energy interval (GeV):  5.5000000E-04  5.3999998E-04

  Flux (Part/sr/GeV/cmq/pr):

   15.42211     +/-    1.610370     % 

  Flux (Part/deg/GeV/cmq/pr):

   1.076667     +/-    1.610370     % 

  Energy interval (GeV):  5.3999998E-04  5.2999996E-04

  Flux (Part/sr/GeV/cmq/pr):

   14.89690     +/-    4.639754     % 

  Flux (Part/deg/GeV/cmq/pr):

   1.040000     +/-    4.639754     % 

  Energy interval (GeV):  5.2999996E-04  5.2000000E-04

  Flux (Part/sr/GeV/cmq/pr):

   15.39028     +/-   0.9891996     % 

  Flux (Part/deg/GeV/cmq/pr):

   1.074445     +/-   0.9891996     % 

  Energy interval (GeV):  5.2000000E-04  5.0999998E-04

  Flux (Part/sr/GeV/cmq/pr):

   23.04564     +/-   0.9680823     % 

  Flux (Part/deg/GeV/cmq/pr):

   1.608889     +/-   0.9680823     % 

  Energy interval (GeV):  5.0999998E-04  4.9999997E-04

  Flux (Part/sr/GeV/cmq/pr):

   14.72183     +/-    3.666124     % 

  Flux (Part/deg/GeV/cmq/pr):

   1.027778     +/-    3.666124     % 

  Energy interval (GeV):  4.9999997E-04  4.9000001E-04

  Flux (Part/sr/GeV/cmq/pr):

   14.61042     +/-    4.045195     % 

  Flux (Part/deg/GeV/cmq/pr):

   1.020000     +/-    4.045195     % 

  Energy interval (GeV):  4.9000001E-04  4.7999999E-04

  Flux (Part/sr/GeV/cmq/pr):

   14.38761     +/-    1.010822     % 

  Flux (Part/deg/GeV/cmq/pr):

   1.004444     +/-    1.010822     % 

  Energy interval (GeV):  4.7999999E-04  4.7000000E-04

  Flux (Part/sr/GeV/cmq/pr):

   13.24169     +/-    3.491788     % 

  Flux (Part/deg/GeV/cmq/pr):

  0.9244445     +/-    3.491788     % 

  Energy interval (GeV):  4.7000000E-04  4.5999998E-04

  Flux (Part/sr/GeV/cmq/pr):

   13.20986     +/-    1.895439     % 

  Flux (Part/deg/GeV/cmq/pr):

  0.9222223     +/-    1.895439     % 

  Energy interval (GeV):  4.5999998E-04  4.4999999E-04

  Flux (Part/sr/GeV/cmq/pr):

   13.14620     +/-    3.562698     % 

  Flux (Part/deg/GeV/cmq/pr):

  0.9177778     +/-    3.562698     % 

  Energy interval (GeV):  4.4999999E-04  4.3999997E-04

  Flux (Part/sr/GeV/cmq/pr):

   13.24169     +/-    4.273170     % 

  Flux (Part/deg/GeV/cmq/pr):

  0.9244445     +/-    4.273170     % 

  Energy interval (GeV):  4.3999997E-04  4.2999999E-04

  Flux (Part/sr/GeV/cmq/pr):

   12.31859     +/-    3.522893     % 

  Flux (Part/deg/GeV/cmq/pr):

  0.8600001     +/-    3.522893     % 

  Energy interval (GeV):  4.2999999E-04  4.2000000E-04

  Flux (Part/sr/GeV/cmq/pr):

   11.10901     +/-    3.801290     % 

  Flux (Part/deg/GeV/cmq/pr):

  0.7755556     +/-    3.801290     % 

  Energy interval (GeV):  4.2000000E-04  4.0999998E-04

  Flux (Part/sr/GeV/cmq/pr):

   11.61831     +/-    2.873448     % 

  Flux (Part/deg/GeV/cmq/pr):

  0.8111112     +/-    2.873448     % 

  Energy interval (GeV):  4.0999998E-04  3.9999999E-04

  Flux (Part/sr/GeV/cmq/pr):

   11.87296     +/-    5.101766     % 

  Flux (Part/deg/GeV/cmq/pr):

  0.8288890     +/-    5.101766     % 

  Energy interval (GeV):  3.9999999E-04  3.9000000E-04

  Flux (Part/sr/GeV/cmq/pr):

   10.91803     +/-    6.589663     % 

  Flux (Part/deg/GeV/cmq/pr):

  0.7622222     +/-    6.589663     % 

  Energy interval (GeV):  3.9000000E-04  3.7999998E-04

  Flux (Part/sr/GeV/cmq/pr):

   10.48831     +/-    3.952661     % 

  Flux (Part/deg/GeV/cmq/pr):

  0.7322223     +/-    3.952661     % 

  Energy interval (GeV):  3.7999998E-04  3.6999999E-04

  Flux (Part/sr/GeV/cmq/pr):

   10.48831     +/-    3.586132     % 

  Flux (Part/deg/GeV/cmq/pr):

  0.7322223     +/-    3.586132     % 

  Energy interval (GeV):  3.6999999E-04  3.6000001E-04

  Flux (Part/sr/GeV/cmq/pr):

   10.15409     +/-    1.745382     % 

  Flux (Part/deg/GeV/cmq/pr):

  0.7088889     +/-    1.745382     % 

  Energy interval (GeV):  3.6000001E-04  3.4999999E-04

  Flux (Part/sr/GeV/cmq/pr):

   10.45648     +/-    1.374086     % 

  Flux (Part/deg/GeV/cmq/pr):

  0.7300000     +/-    1.374086     % 

  Energy interval (GeV):  3.4999999E-04  3.4000000E-04

  Flux (Part/sr/GeV/cmq/pr):

   10.99761     +/-    2.622948     % 

  Flux (Part/deg/GeV/cmq/pr):

  0.7677778     +/-    2.622948     % 

  Energy interval (GeV):  3.4000000E-04  3.2999998E-04

  Flux (Part/sr/GeV/cmq/pr):

   10.15409     +/-    5.015675     % 

  Flux (Part/deg/GeV/cmq/pr):

  0.7088889     +/-    5.015675     % 

  Energy interval (GeV):  3.2999998E-04  3.1999999E-04

  Flux (Part/sr/GeV/cmq/pr):

   9.788029     +/-    3.117121     % 

  Flux (Part/deg/GeV/cmq/pr):

  0.6833333     +/-    3.117121     % 

  Energy interval (GeV):  3.1999999E-04  3.1000000E-04

  Flux (Part/sr/GeV/cmq/pr):

   10.80662     +/-    1.126442     % 

  Flux (Part/deg/GeV/cmq/pr):

  0.7544445     +/-    1.126442     % 

  Energy interval (GeV):  3.1000000E-04  2.9999999E-04

  Flux (Part/sr/GeV/cmq/pr):

   9.501550     +/-    4.225955     % 

  Flux (Part/deg/GeV/cmq/pr):

  0.6633334     +/-    4.225955     % 

  Energy interval (GeV):  2.9999999E-04  2.9000000E-04

  Flux (Part/sr/GeV/cmq/pr):

   9.931269     +/-    3.374911     % 

  Flux (Part/deg/GeV/cmq/pr):

  0.6933334     +/-    3.374911     % 

  Energy interval (GeV):  2.9000000E-04  2.7999998E-04

  Flux (Part/sr/GeV/cmq/pr):

   10.37690     +/-    4.409343     % 

  Flux (Part/deg/GeV/cmq/pr):

  0.7244444     +/-    4.409343     % 

  Energy interval (GeV):  2.7999998E-04  2.6999999E-04

  Flux (Part/sr/GeV/cmq/pr):

   10.53606     +/-    5.013422     % 

  Flux (Part/deg/GeV/cmq/pr):

  0.7355556     +/-    5.013422     % 

  Energy interval (GeV):  2.6999999E-04  2.6000000E-04

  Flux (Part/sr/GeV/cmq/pr):

   10.05859     +/-    4.644197     % 

  Flux (Part/deg/GeV/cmq/pr):

  0.7022222     +/-    4.644197     % 

  Energy interval (GeV):  2.6000000E-04  2.4999998E-04

  Flux (Part/sr/GeV/cmq/pr):

   10.29732     +/-   0.8674643     % 

  Flux (Part/deg/GeV/cmq/pr):

  0.7188889     +/-   0.8674643     % 

  Energy interval (GeV):  2.4999998E-04  2.3999999E-04

  Flux (Part/sr/GeV/cmq/pr):

   9.963099     +/-    3.087245     % 

  Flux (Part/deg/GeV/cmq/pr):

  0.6955556     +/-    3.087245     % 

  Energy interval (GeV):  2.3999999E-04  2.2999999E-04

  Flux (Part/sr/GeV/cmq/pr):

   11.50690     +/-    5.504771     % 

  Flux (Part/deg/GeV/cmq/pr):

  0.8033334     +/-    5.504771     % 

  Energy interval (GeV):  2.2999999E-04  2.1999999E-04

  Flux (Part/sr/GeV/cmq/pr):

   10.91803     +/-    7.209483     % 

  Flux (Part/deg/GeV/cmq/pr):

  0.7622223     +/-    7.209483     % 

  Energy interval (GeV):  2.1999999E-04  2.1000000E-04

  Flux (Part/sr/GeV/cmq/pr):

   10.94986     +/-    3.122465     % 

  Flux (Part/deg/GeV/cmq/pr):

  0.7644445     +/-    3.122465     % 

  Energy interval (GeV):  2.1000000E-04  1.9999999E-04

  Flux (Part/sr/GeV/cmq/pr):

   10.61563     +/-    2.635443     % 

  Flux (Part/deg/GeV/cmq/pr):

  0.7411112     +/-    2.635443     % 

  Energy interval (GeV):  1.9999999E-04  1.8999999E-04

  Flux (Part/sr/GeV/cmq/pr):

   11.74564     +/-    3.225102     % 

  Flux (Part/deg/GeV/cmq/pr):

  0.8200001     +/-    3.225102     % 

  Energy interval (GeV):  1.8999999E-04  1.8000000E-04

  Flux (Part/sr/GeV/cmq/pr):

   10.96578     +/-    3.030568     % 

  Flux (Part/deg/GeV/cmq/pr):

  0.7655556     +/-    3.030568     % 

  Energy interval (GeV):  1.8000000E-04  1.7000000E-04

  Flux (Part/sr/GeV/cmq/pr):

   11.28409     +/-    6.265740     % 

  Flux (Part/deg/GeV/cmq/pr):

  0.7877778     +/-    6.265740     % 

  Energy interval (GeV):  1.7000000E-04  1.6000000E-04

  Flux (Part/sr/GeV/cmq/pr):

   10.18592     +/-    3.851175     % 

  Flux (Part/deg/GeV/cmq/pr):

  0.7111111     +/-    3.851175     % 

  Energy interval (GeV):  1.6000000E-04  1.4999999E-04

  Flux (Part/sr/GeV/cmq/pr):

   10.12225     +/-    3.510554     % 

  Flux (Part/deg/GeV/cmq/pr):

  0.7066667     +/-    3.510554     % 

  Energy interval (GeV):  1.4999999E-04  1.3999999E-04

  Flux (Part/sr/GeV/cmq/pr):

   9.278733     +/-    4.344400     % 

  Flux (Part/deg/GeV/cmq/pr):

  0.6477778     +/-    4.344400     % 

  Energy interval (GeV):  1.3999999E-04  1.3000000E-04

  Flux (Part/sr/GeV/cmq/pr):

   7.607606     +/-    3.284586     % 

  Flux (Part/deg/GeV/cmq/pr):

  0.5311111     +/-    3.284586     % 

  Energy interval (GeV):  1.3000000E-04  1.2000000E-04

  Flux (Part/sr/GeV/cmq/pr):

   6.318451     +/-    3.954740     % 

  Flux (Part/deg/GeV/cmq/pr):

  0.4411111     +/-    3.954740     % 

  Energy interval (GeV):  1.2000000E-04  1.0999999E-04

  Flux (Part/sr/GeV/cmq/pr):

   4.233521     +/-    7.574978     % 

  Flux (Part/deg/GeV/cmq/pr):

  0.2955556     +/-    7.574978     % 

  Energy interval (GeV):  1.0999999E-04  9.9999997E-05

  Flux (Part/sr/GeV/cmq/pr):

   2.769296     +/-    5.482409     % 

  Flux (Part/deg/GeV/cmq/pr):

  0.1933333     +/-    5.482409     % 

  Energy interval (GeV):  9.9999997E-05  9.0000001E-05

  Flux (Part/sr/GeV/cmq/pr):

   1.782535     +/-    6.711293     % 

  Flux (Part/deg/GeV/cmq/pr):

  0.1244445     +/-    6.711293     % 

  Energy interval (GeV):  9.0000001E-05  7.9999998E-05

  Flux (Part/sr/GeV/cmq/pr):

  0.7161973     +/-    14.48712     % 

  Flux (Part/deg/GeV/cmq/pr):

  5.0000004E-02 +/-    14.48712     % 

  Energy interval (GeV):  7.9999998E-05  6.9999995E-05

  Flux (Part/sr/GeV/cmq/pr):

  0.6366197     +/-    8.838835     % 

  Flux (Part/deg/GeV/cmq/pr):

  4.4444446E-02 +/-    8.838835     % 

  Energy interval (GeV):  6.9999995E-05  5.9999998E-05

  Flux (Part/sr/GeV/cmq/pr):

  0.4615493     +/-    6.451134     % 

  Flux (Part/deg/GeV/cmq/pr):

  3.2222223E-02 +/-    6.451134     % 

  Energy interval (GeV):  5.9999998E-05  4.9999999E-05

  Flux (Part/sr/GeV/cmq/pr):

  0.3023944     +/-    29.30402     % 

  Flux (Part/deg/GeV/cmq/pr):

  2.1111112E-02 +/-    29.30402     % 

  Energy interval (GeV):  4.9999999E-05  3.9999999E-05

  Flux (Part/sr/GeV/cmq/pr):

  0.1909859     +/-    28.25971     % 

  Flux (Part/deg/GeV/cmq/pr):

  1.3333334E-02 +/-    28.25971     % 

  Energy interval (GeV):  3.9999999E-05  2.9999999E-05

  Flux (Part/sr/GeV/cmq/pr):

  9.5492959E-02 +/-    40.82483     % 

  Flux (Part/deg/GeV/cmq/pr):

  6.6666668E-03 +/-    40.82483     % 

  Energy interval (GeV):  2.9999999E-05  1.9999999E-05

  Flux (Part/sr/GeV/cmq/pr):

  6.3661978E-02 +/-    46.77072     % 

  Flux (Part/deg/GeV/cmq/pr):

  4.4444446E-03 +/-    46.77072     % 

  Energy interval (GeV):  1.9999999E-05  9.9999997E-06

  Flux (Part/sr/GeV/cmq/pr):

  4.7746480E-02 +/-    66.66666     % 

  Flux (Part/deg/GeV/cmq/pr):

  3.3333334E-03 +/-    66.66666     % 

  Energy interval (GeV):  9.9999997E-06   0.000000    

  Flux (Part/sr/GeV/cmq/pr):

   0.000000     +/-    0.000000     % 

  Flux (Part/deg/GeV/cmq/pr):

   0.000000     +/-    0.000000     % 
