  **** hpge2021new_22.bnx ****

  Simulation of HPGe detector for gamma detection v2021                           

  Total primaries run:         1000000
   Total weight of the primaries run:   1000000.00    


  Detector n:            1 (           1 )  targam    
     (Area:            1.00000000      cmq,
      distr. scored:           7    ,
      from reg.           7  to            4 ,
      one way scoring,
      current scoring)

     Tot. resp. (Part/cmq/pr)  0.1783230      +/-  0.2021136     %
     ( -->      (Part/pr)      0.1783230      +/-  0.2021136     % )

  **** Different. Fluxes as a function of energy **** ****      (integrated over solid angle)        ****


  Energy boundaries (GeV):

  3.0000000E-03  2.9899999E-03  2.9799999E-03  2.9700000E-03  2.9600000E-03
  2.9499999E-03  2.9400000E-03  2.9300000E-03  2.9199999E-03  2.9100000E-03
  2.9000000E-03  2.8899999E-03  2.8800000E-03  2.8700000E-03  2.8599999E-03
  2.8499998E-03  2.8400000E-03  2.8299999E-03  2.8199998E-03  2.8100000E-03
  2.7999999E-03  2.7899998E-03  2.7800000E-03  2.7699999E-03  2.7599998E-03
  2.7500000E-03  2.7399999E-03  2.7299998E-03  2.7200000E-03  2.7099999E-03
  2.6999998E-03  2.6900000E-03  2.6799999E-03  2.6699998E-03  2.6600000E-03
  2.6499999E-03  2.6399998E-03  2.6300000E-03  2.6199999E-03  2.6099999E-03
  2.6000000E-03  2.5899999E-03  2.5799999E-03  2.5700000E-03  2.5599999E-03
  2.5499999E-03  2.5400000E-03  2.5299999E-03  2.5199999E-03  2.5100000E-03
  2.4999999E-03  2.4899999E-03  2.4800000E-03  2.4699999E-03  2.4599999E-03
  2.4500000E-03  2.4400000E-03  2.4299999E-03  2.4200000E-03  2.4100000E-03
  2.3999999E-03  2.3900000E-03  2.3800000E-03  2.3699999E-03  2.3600000E-03
  2.3500000E-03  2.3399999E-03  2.3300000E-03  2.3200000E-03  2.3099999E-03
  2.3000001E-03  2.2900000E-03  2.2799999E-03  2.2700001E-03  2.2600000E-03
  2.2499999E-03  2.2399998E-03  2.2300000E-03  2.2199999E-03  2.2099998E-03
  2.2000000E-03  2.1899999E-03  2.1799998E-03  2.1700000E-03  2.1599999E-03
  2.1499998E-03  2.1400000E-03  2.1299999E-03  2.1199998E-03  2.1100000E-03
  2.0999999E-03  2.0899998E-03  2.0800000E-03  2.0699999E-03  2.0599999E-03
  2.0500000E-03  2.0399999E-03  2.0299999E-03  2.0200000E-03  2.0099999E-03
  1.9999999E-03  1.9900000E-03  1.9799999E-03  1.9699999E-03  1.9600000E-03
  1.9499999E-03  1.9400000E-03  1.9299999E-03  1.9200000E-03  1.9100000E-03
  1.8999999E-03  1.8900000E-03  1.8800000E-03  1.8699999E-03  1.8600000E-03
  1.8500000E-03  1.8399999E-03  1.8300000E-03  1.8200000E-03  1.8099999E-03
  1.8000000E-03  1.7900000E-03  1.7799999E-03  1.7700000E-03  1.7599999E-03
  1.7499999E-03  1.7400000E-03  1.7299999E-03  1.7199999E-03  1.7100000E-03
  1.6999999E-03  1.6899999E-03  1.6800000E-03  1.6699999E-03  1.6600000E-03
  1.6500000E-03  1.6399999E-03  1.6300000E-03  1.6200000E-03  1.6099999E-03
  1.6000000E-03  1.5900000E-03  1.5799999E-03  1.5700000E-03  1.5600000E-03
  1.5499999E-03  1.5400000E-03  1.5300000E-03  1.5199999E-03  1.5100000E-03
  1.5000000E-03  1.4899999E-03  1.4800000E-03  1.4700000E-03  1.4599999E-03
  1.4500000E-03  1.4400000E-03  1.4299999E-03  1.4200000E-03  1.4099999E-03
  1.4000000E-03  1.3900000E-03  1.3799999E-03  1.3700000E-03  1.3600000E-03
  1.3499999E-03  1.3400000E-03  1.3300000E-03  1.3199999E-03  1.3100000E-03
  1.3000000E-03  1.2899999E-03  1.2800000E-03  1.2700000E-03  1.2599999E-03
  1.2500000E-03  1.2400000E-03  1.2299999E-03  1.2200000E-03  1.2100000E-03
  1.1999999E-03  1.1900000E-03  1.1800000E-03  1.1699999E-03  1.1600000E-03
  1.1500000E-03  1.1399999E-03  1.1300000E-03  1.1199999E-03  1.1100000E-03
  1.1000000E-03  1.0899999E-03  1.0800000E-03  1.0700000E-03  1.0599999E-03
  1.0500000E-03  1.0400000E-03  1.0299999E-03  1.0200000E-03  1.0100000E-03
  9.9999993E-04  9.8999997E-04  9.8000001E-04  9.6999999E-04  9.5999998E-04
  9.4999996E-04  9.4000000E-04  9.2999998E-04  9.1999996E-04  9.1000000E-04
  8.9999998E-04  8.8999997E-04  8.7999995E-04  8.6999999E-04  8.5999997E-04
  8.4999995E-04  8.3999999E-04  8.2999998E-04  8.1999996E-04  8.1000000E-04
  7.9999998E-04  7.8999996E-04  7.8000000E-04  7.6999998E-04  7.5999997E-04
  7.5000001E-04  7.3999999E-04  7.2999997E-04  7.2000001E-04  7.0999999E-04
  6.9999998E-04  6.8999996E-04  6.8000000E-04  6.6999998E-04  6.5999996E-04
  6.5000000E-04  6.3999998E-04  6.2999997E-04  6.2000001E-04  6.0999999E-04
  5.9999997E-04  5.9000001E-04  5.7999999E-04  5.6999997E-04  5.5999996E-04
  5.5000000E-04  5.3999998E-04  5.2999996E-04  5.2000000E-04  5.0999998E-04
  4.9999997E-04  4.9000001E-04  4.7999999E-04  4.7000000E-04  4.5999998E-04
  4.4999999E-04  4.3999997E-04  4.2999999E-04  4.2000000E-04  4.0999998E-04
  3.9999999E-04  3.9000000E-04  3.7999998E-04  3.6999999E-04  3.6000001E-04
  3.4999999E-04  3.4000000E-04  3.2999998E-04  3.1999999E-04  3.1000000E-04
  2.9999999E-04  2.9000000E-04  2.7999998E-04  2.6999999E-04  2.6000000E-04
  2.4999998E-04  2.3999999E-04  2.2999999E-04  2.1999999E-04  2.1000000E-04
  1.9999999E-04  1.8999999E-04  1.8000000E-04  1.7000000E-04  1.6000000E-04
  1.4999999E-04  1.3999999E-04  1.3000000E-04  1.2000000E-04  1.0999999E-04
  9.9999997E-05  9.0000001E-05  7.9999998E-05  6.9999995E-05  5.9999998E-05
  4.9999999E-05  3.9999999E-05  2.9999999E-05  1.9999999E-05  9.9999997E-06
  Lowest boundary   (GeV):   0.000000    

  Flux (Part/GeV/cmq/pr):

   60.50000     +/-    3.876377     %    64.60000     +/-    3.849793     % 
   64.60000     +/-    5.982327     %    60.90000     +/-    4.205665     % 
   59.10000     +/-    1.721403     %    59.40000     +/-    4.697242     % 
   61.50000     +/-    3.401057     %    60.50000     +/-    5.438242     % 
   59.50000     +/-    1.217762     %    61.50000     +/-    3.041999     % 
   57.40000     +/-    4.117177     %    65.70000     +/-    4.538220     % 
   62.30000     +/-    4.266464     %    61.50000     +/-    2.452536     % 
   56.10000     +/-    3.014533     %    58.70000     +/-    6.753348     % 
   58.80000     +/-    4.991721     %    60.60000     +/-    4.960112     % 
   57.60000     +/-    4.828449     %    57.70000     +/-    3.472697     % 
   59.60000     +/-    3.982912     %    60.30000     +/-    2.831404     % 
   55.90000     +/-    4.573102     %    58.80000     +/-    4.520420     % 
   56.50000     +/-    5.280153     %    54.70000     +/-    2.689933     % 
   59.50000     +/-    3.896479     %    59.30000     +/-    5.181212     % 
   58.00000     +/-    4.658363     %    51.70000     +/-    4.177681     % 
   60.90000     +/-    7.145216     %    54.40000     +/-    2.202050     % 
   58.90000     +/-    5.510638     %    56.40000     +/-    2.738199     % 
   54.50000     +/-    2.427295     %    54.30000     +/-    1.289134     % 
   55.90000     +/-    4.581841     %    56.90000     +/-    4.735392     % 
   59.10000     +/-    7.080364     %    56.50000     +/-    7.488211     % 
   53.90000     +/-    4.413868     %    54.30000     +/-    4.851543     % 
   53.80000     +/-    3.938591     %    55.60000     +/-    2.317283     % 
   59.10000     +/-    6.456441     %    57.80000     +/-    3.706623     % 
   56.70000     +/-    3.211135     %    53.10000     +/-    4.711863     % 
   55.10000     +/-    3.800434     %    50.10000     +/-    3.209169     % 
   54.60000     +/-    4.726552     %    53.60000     +/-    3.850703     % 
   51.50000     +/-    4.198398     %    54.80000     +/-    2.264538     % 
   55.30000     +/-    4.246661     %    55.30000     +/-    5.253467     % 
   55.80000     +/-    5.678488     %    52.00000     +/-    4.681023     % 
   54.20000     +/-    2.837372     %    54.80000     +/-    5.402507     % 
   58.20000     +/-    4.924711     %    49.60000     +/-    5.820644     % 
   54.60000     +/-    3.216881     %    54.00000     +/-    5.767559     % 
   51.90000     +/-    4.553488     %    52.40000     +/-    3.392441     % 
   51.90000     +/-    5.173688     %    51.10000     +/-    4.434547     % 
   52.20000     +/-    8.342688     %    53.50000     +/-    3.127701     % 
   53.00000     +/-    5.541198     %    49.40000     +/-    4.783928     % 
   48.80000     +/-    7.813801     %    54.80000     +/-    4.438097     % 
   54.40000     +/-    5.062661     %    50.00000     +/-    4.505552     % 
   47.40000     +/-    5.225513     %    52.70000     +/-    2.792019     % 
   53.10000     +/-    4.225764     %    46.50000     +/-    2.355795     % 
   51.00000     +/-    3.381998     %    57.20000     +/-    2.907043     % 
   50.20000     +/-    5.133107     %    52.20000     +/-    4.964237     % 
   51.00000     +/-    6.495791     %    50.00000     +/-    4.000000     % 
   51.20000     +/-    4.927529     %    52.90000     +/-    4.672668     % 
   55.10000     +/-    3.600150     %    52.00000     +/-    6.457359     % 
   50.10000     +/-    2.967280     %    50.50000     +/-    1.501560     % 
   48.50000     +/-    3.815825     %    49.10000     +/-    2.833081     % 
   47.80000     +/-    4.743006     %    48.40000     +/-    3.337912     % 
   53.50000     +/-    6.393507     %    50.50000     +/-    3.610809     % 
   49.80000     +/-    7.230309     %    53.80000     +/-    3.971349     % 
   51.00000     +/-    3.694401     %    51.80000     +/-    3.352076     % 
   50.90000     +/-    3.249084     %    51.80000     +/-    2.276029     % 
   49.00000     +/-    4.998960     %    47.90000     +/-    4.141303     % 
   50.00000     +/-    3.860052     %    49.30000     +/-    3.433329     % 
   48.80000     +/-    3.976149     %    51.50000     +/-    3.306677     % 
   47.60000     +/-    2.665668     %    50.80000     +/-    2.845834     % 
   54.20000     +/-    3.067950     %    48.00000     +/-    4.941059     % 
   45.90000     +/-    6.289848     %    50.60000     +/-    4.543306     % 
   48.00000     +/-    4.599875     %    50.00000     +/-    4.764452     % 
   50.00000     +/-    3.000000     %    53.20000     +/-    4.483782     % 
   51.20000     +/-    4.362950     %    50.20000     +/-    4.720317     % 
   49.00000     +/-    2.939768     %    51.40000     +/-    5.960106     % 
   48.50000     +/-    3.745547     %    53.60000     +/-    2.881239     % 
   48.70000     +/-    3.609527     %    52.40000     +/-    2.947222     % 
   53.90000     +/-    4.697212     %    49.60000     +/-    5.270934     % 
   49.80000     +/-    4.134791     %    49.90000     +/-    6.717164     % 
   49.10000     +/-    8.331656     %    54.60000     +/-    3.216880     % 
   50.30000     +/-    7.019046     %    48.90000     +/-    6.155385     % 
   49.60000     +/-    4.645854     %    47.90000     +/-    3.980308     % 
   51.50000     +/-    6.491074     %    49.00000     +/-    3.414939     % 
   48.50000     +/-    5.102832     %    52.90000     +/-    1.753047     % 
   53.30000     +/-    5.900256     %    50.40000     +/-    7.648545     % 
   53.10000     +/-    3.477624     %    52.40000     +/-    3.663426     % 
   51.80000     +/-    5.558370     %    48.70000     +/-    3.505826     % 
   53.60000     +/-    1.265360     %    52.50000     +/-    2.904372     % 
   51.10000     +/-    3.131116     %    47.00000     +/-    3.226755     % 
   50.90000     +/-    1.848222     %    49.60000     +/-    6.957836     % 
   53.30000     +/-    5.641011     %    50.70000     +/-    2.304403     % 
   56.90000     +/-    3.763201     %    49.70000     +/-    2.802493     % 
   48.00000     +/-    4.307515     %    51.70000     +/-    6.455830     % 
   53.00000     +/-    3.653757     %    53.70000     +/-    6.038519     % 
   51.10000     +/-    3.236367     %    51.00000     +/-    3.809678     % 
   47.90000     +/-    6.966419     %    52.00000     +/-    5.966188     % 
   51.30000     +/-    3.575816     %    53.20000     +/-    4.124644     % 
   50.80000     +/-    5.005189     %    52.00000     +/-    2.488881     % 
   43.70000     +/-    2.065843     %    49.80000     +/-    3.184489     % 
   54.80000     +/-    4.512504     %    49.60000     +/-    3.843886     % 
   49.70000     +/-    7.132222     %    49.60000     +/-    4.293455     % 
   51.80000     +/-    3.975147     %    51.20000     +/-    7.113504     % 
   51.40000     +/-    2.972901     %    54.20000     +/-    7.202665     % 
   48.90000     +/-    5.157268     %    54.90000     +/-    3.984452     % 
   51.60000     +/-    6.730137     %    49.90000     +/-    3.374240     % 
   50.60000     +/-    5.679885     %    51.30000     +/-    4.288498     % 
   53.30000     +/-    2.365764     %    54.30000     +/-    1.737381     % 
   48.30000     +/-    3.115925     %    51.10000     +/-    4.787526     % 
   50.40000     +/-    3.743643     %    47.40000     +/-    3.189075     % 
   48.20000     +/-    2.677073     %    56.00000     +/-    3.819508     % 
   51.50000     +/-    4.331011     %    49.90000     +/-    4.725381     % 
   51.30000     +/-    5.281176     %    56.50000     +/-    5.561861     % 
   53.30000     +/-    3.324586     %    50.80000     +/-    4.917321     % 
   47.20000     +/-    1.592510     %    53.10000     +/-    3.852594     % 
   52.20000     +/-    2.508775     %    49.70000     +/-    6.524515     % 
   52.80000     +/-    1.709798     %    52.90000     +/-    3.958486     % 
   52.60000     +/-    4.103998     %    52.70000     +/-    4.120313     % 
   49.00000     +/-    5.949950     %    53.20000     +/-    4.942929     % 
   52.20000     +/-    3.692402     %    50.00000     +/-    4.711687     % 
   54.30000     +/-    5.213770     %    48.40000     +/-    4.613039     % 
   53.10000     +/-    4.460534     %    49.40000     +/-    2.704533     % 
   52.30000     +/-    4.017572     %    52.50000     +/-    3.026714     % 
   54.90000     +/-    4.924774     %    53.10000     +/-    4.767980     % 
   51.00000     +/-    3.896982     %    51.10000     +/-    3.573773     % 
   49.10000     +/-    6.239296     %    50.50000     +/-    2.920373     % 
   50.50000     +/-    4.009595     %    54.20000     +/-    2.135762     % 
   53.10000     +/-    2.751721     %    49.70000     +/-    4.561684     % 
   58.00000     +/-    3.415794     %    55.00000     +/-    3.239733     % 
   51.20000     +/-    5.992943     %    50.90000     +/-    3.641209     % 
   52.10000     +/-    2.788069     %    50.50000     +/-    2.146484     % 
   54.70000     +/-    6.243886     %    49.40000     +/-    2.249607     % 
   55.50000     +/-    3.500785     %    50.80000     +/-    4.397305     % 
   53.40000     +/-    3.508426     %    48.10000     +/-    3.636768     % 
   52.60000     +/-    4.522956     %    51.70000     +/-    4.623997     % 
   47.80000     +/-    3.366836     %    51.90000     +/-    2.896589     % 
   49.00000     +/-    3.178044     %    49.10000     +/-    2.940841     % 
   48.90000     +/-    4.600091     %    51.50000     +/-    4.883408     % 
   1294.400     +/-    1.066396     %    83.70000     +/-    3.296929     % 
   75.80000     +/-    2.143545     %    79.00000     +/-    3.839430     % 
   75.10000     +/-    6.784416     %    74.40000     +/-    3.571326     % 
   73.20000     +/-    4.414070     %    79.30000     +/-    3.131074     % 
   70.90000     +/-    3.273005     %    71.40000     +/-    3.552844     % 
   74.30000     +/-    3.174999     %    82.20000     +/-    3.930777     % 
   76.20000     +/-    2.398381     %    79.70000     +/-    1.690363     % 
   77.60001     +/-    5.271705     %    75.00000     +/-    1.873795     % 
   77.20000     +/-    3.103407     %    77.20000     +/-    4.994191     % 
   86.40000     +/-    1.088825     %    82.10000     +/-    3.207599     % 
   82.60000     +/-    2.476668     %    83.00000     +/-    1.979721     % 
   90.80000     +/-    4.022463     %    87.80000     +/-    2.282172     % 
   87.70000     +/-    3.258206     %    91.90000     +/-    4.127047     % 
   90.40000     +/-    4.224593     %    100.9000     +/-    2.624024     % 
   97.00000     +/-    4.042367     %    108.5000     +/-    3.128893     % 
   97.30000     +/-    2.572455     %    103.9000     +/-    3.461527     % 
   104.8000     +/-    2.490988     %    105.3000     +/-    2.997853     % 
   101.3000     +/-    2.044651     %    94.40000     +/-    1.860610     % 
   87.00000     +/-    5.101687     %    78.20000     +/-    3.944551     % 
   70.70000     +/-    2.394103     %    58.70000     +/-    3.338315     % 
   49.40000     +/-    5.194587     %    35.90000     +/-    5.048627     % 
   25.60000     +/-    2.085367     %    20.10000     +/-    2.879562     % 
   14.50000     +/-    6.071315     %    10.80000     +/-    10.61791     % 
   6.700000     +/-    13.05437     %    6.000000     +/-    18.25742     % 
   3.100000     +/-    20.01560     %   0.9000000     +/-    32.39418     % 
   2.000000     +/-    13.69306     %    0.000000     +/-    0.000000     % 


  **** Cumulative Fluxes as a function of energy **** ****      (integrated over solid angle)        ****


  Energy boundaries (GeV):

  3.0000000E-03  2.9899999E-03  2.9799999E-03  2.9700000E-03  2.9600000E-03
  2.9499999E-03  2.9400000E-03  2.9300000E-03  2.9199999E-03  2.9100000E-03
  2.9000000E-03  2.8899999E-03  2.8800000E-03  2.8700000E-03  2.8599999E-03
  2.8499998E-03  2.8400000E-03  2.8299999E-03  2.8199998E-03  2.8100000E-03
  2.7999999E-03  2.7899998E-03  2.7800000E-03  2.7699999E-03  2.7599998E-03
  2.7500000E-03  2.7399999E-03  2.7299998E-03  2.7200000E-03  2.7099999E-03
  2.6999998E-03  2.6900000E-03  2.6799999E-03  2.6699998E-03  2.6600000E-03
  2.6499999E-03  2.6399998E-03  2.6300000E-03  2.6199999E-03  2.6099999E-03
  2.6000000E-03  2.5899999E-03  2.5799999E-03  2.5700000E-03  2.5599999E-03
  2.5499999E-03  2.5400000E-03  2.5299999E-03  2.5199999E-03  2.5100000E-03
  2.4999999E-03  2.4899999E-03  2.4800000E-03  2.4699999E-03  2.4599999E-03
  2.4500000E-03  2.4400000E-03  2.4299999E-03  2.4200000E-03  2.4100000E-03
  2.3999999E-03  2.3900000E-03  2.3800000E-03  2.3699999E-03  2.3600000E-03
  2.3500000E-03  2.3399999E-03  2.3300000E-03  2.3200000E-03  2.3099999E-03
  2.3000001E-03  2.2900000E-03  2.2799999E-03  2.2700001E-03  2.2600000E-03
  2.2499999E-03  2.2399998E-03  2.2300000E-03  2.2199999E-03  2.2099998E-03
  2.2000000E-03  2.1899999E-03  2.1799998E-03  2.1700000E-03  2.1599999E-03
  2.1499998E-03  2.1400000E-03  2.1299999E-03  2.1199998E-03  2.1100000E-03
  2.0999999E-03  2.0899998E-03  2.0800000E-03  2.0699999E-03  2.0599999E-03
  2.0500000E-03  2.0399999E-03  2.0299999E-03  2.0200000E-03  2.0099999E-03
  1.9999999E-03  1.9900000E-03  1.9799999E-03  1.9699999E-03  1.9600000E-03
  1.9499999E-03  1.9400000E-03  1.9299999E-03  1.9200000E-03  1.9100000E-03
  1.8999999E-03  1.8900000E-03  1.8800000E-03  1.8699999E-03  1.8600000E-03
  1.8500000E-03  1.8399999E-03  1.8300000E-03  1.8200000E-03  1.8099999E-03
  1.8000000E-03  1.7900000E-03  1.7799999E-03  1.7700000E-03  1.7599999E-03
  1.7499999E-03  1.7400000E-03  1.7299999E-03  1.7199999E-03  1.7100000E-03
  1.6999999E-03  1.6899999E-03  1.6800000E-03  1.6699999E-03  1.6600000E-03
  1.6500000E-03  1.6399999E-03  1.6300000E-03  1.6200000E-03  1.6099999E-03
  1.6000000E-03  1.5900000E-03  1.5799999E-03  1.5700000E-03  1.5600000E-03
  1.5499999E-03  1.5400000E-03  1.5300000E-03  1.5199999E-03  1.5100000E-03
  1.5000000E-03  1.4899999E-03  1.4800000E-03  1.4700000E-03  1.4599999E-03
  1.4500000E-03  1.4400000E-03  1.4299999E-03  1.4200000E-03  1.4099999E-03
  1.4000000E-03  1.3900000E-03  1.3799999E-03  1.3700000E-03  1.3600000E-03
  1.3499999E-03  1.3400000E-03  1.3300000E-03  1.3199999E-03  1.3100000E-03
  1.3000000E-03  1.2899999E-03  1.2800000E-03  1.2700000E-03  1.2599999E-03
  1.2500000E-03  1.2400000E-03  1.2299999E-03  1.2200000E-03  1.2100000E-03
  1.1999999E-03  1.1900000E-03  1.1800000E-03  1.1699999E-03  1.1600000E-03
  1.1500000E-03  1.1399999E-03  1.1300000E-03  1.1199999E-03  1.1100000E-03
  1.1000000E-03  1.0899999E-03  1.0800000E-03  1.0700000E-03  1.0599999E-03
  1.0500000E-03  1.0400000E-03  1.0299999E-03  1.0200000E-03  1.0100000E-03
  9.9999993E-04  9.8999997E-04  9.8000001E-04  9.6999999E-04  9.5999998E-04
  9.4999996E-04  9.4000000E-04  9.2999998E-04  9.1999996E-04  9.1000000E-04
  8.9999998E-04  8.8999997E-04  8.7999995E-04  8.6999999E-04  8.5999997E-04
  8.4999995E-04  8.3999999E-04  8.2999998E-04  8.1999996E-04  8.1000000E-04
  7.9999998E-04  7.8999996E-04  7.8000000E-04  7.6999998E-04  7.5999997E-04
  7.5000001E-04  7.3999999E-04  7.2999997E-04  7.2000001E-04  7.0999999E-04
  6.9999998E-04  6.8999996E-04  6.8000000E-04  6.6999998E-04  6.5999996E-04
  6.5000000E-04  6.3999998E-04  6.2999997E-04  6.2000001E-04  6.0999999E-04
  5.9999997E-04  5.9000001E-04  5.7999999E-04  5.6999997E-04  5.5999996E-04
  5.5000000E-04  5.3999998E-04  5.2999996E-04  5.2000000E-04  5.0999998E-04
  4.9999997E-04  4.9000001E-04  4.7999999E-04  4.7000000E-04  4.5999998E-04
  4.4999999E-04  4.3999997E-04  4.2999999E-04  4.2000000E-04  4.0999998E-04
  3.9999999E-04  3.9000000E-04  3.7999998E-04  3.6999999E-04  3.6000001E-04
  3.4999999E-04  3.4000000E-04  3.2999998E-04  3.1999999E-04  3.1000000E-04
  2.9999999E-04  2.9000000E-04  2.7999998E-04  2.6999999E-04  2.6000000E-04
  2.4999998E-04  2.3999999E-04  2.2999999E-04  2.1999999E-04  2.1000000E-04
  1.9999999E-04  1.8999999E-04  1.8000000E-04  1.7000000E-04  1.6000000E-04
  1.4999999E-04  1.3999999E-04  1.3000000E-04  1.2000000E-04  1.0999999E-04
  9.9999997E-05  9.0000001E-05  7.9999998E-05  6.9999995E-05  5.9999998E-05
  4.9999999E-05  3.9999999E-05  2.9999999E-05  1.9999999E-05  9.9999997E-06
  Lowest boundary   (GeV):   0.000000    

  Cumul. Flux (Part/cmq/pr):

  6.0500001E-04 +/-    3.876377     %   1.2510000E-03 +/-    3.099520     % 
  1.8970000E-03 +/-   0.5928962     %   2.5060000E-03 +/-    1.443464     % 
  3.0970001E-03 +/-   0.9613875     %   3.6909999E-03 +/-    1.451686     % 
  4.3060002E-03 +/-    1.200226     %   4.9109999E-03 +/-    1.107557     % 
  5.5060000E-03 +/-   0.9244807     %   6.1209998E-03 +/-    1.076708     % 
  6.6950000E-03 +/-    1.058546     %   7.3520001E-03 +/-    1.302079     % 
  7.9750000E-03 +/-    1.474488     %   8.5899998E-03 +/-    1.448296     % 
  9.1509996E-03 +/-    1.458499     %   9.7380001E-03 +/-    1.058584     % 
  1.0326000E-02 +/-    1.053365     %   1.0932000E-02 +/-    1.115990     % 
  1.1508000E-02 +/-    1.178444     %   1.2085000E-02 +/-    1.076191     % 
  1.2681000E-02 +/-    1.059637     %   1.3284000E-02 +/-    1.069406     % 
  1.3843000E-02 +/-    1.137191     %   1.4431000E-02 +/-    1.079339     % 
  1.4996000E-02 +/-    1.002842     %   1.5543000E-02 +/-   0.9284815     % 
  1.6138000E-02 +/-   0.8626127     %   1.6731000E-02 +/-   0.8547948     % 
  1.7310999E-02 +/-   0.8224104     %   1.7828001E-02 +/-   0.8924373     % 
  1.8437000E-02 +/-   0.9869591     %   1.8981000E-02 +/-   0.9652657     % 
  1.9570000E-02 +/-    1.046399     %   2.0134000E-02 +/-    1.024320     % 
  2.0679001E-02 +/-   0.9688075     %   2.1221999E-02 +/-   0.9463446     % 
  2.1780999E-02 +/-   0.9184725     %   2.2350000E-02 +/-   0.8349944     % 
  2.2941001E-02 +/-   0.8293691     %   2.3506001E-02 +/-   0.8684628     % 
  2.4045000E-02 +/-   0.9371537     %   2.4588000E-02 +/-   0.9812955     % 
  2.5125999E-02 +/-    1.007236     %   2.5682000E-02 +/-   0.9880264     % 
  2.6272999E-02 +/-   0.8908962     %   2.6851000E-02 +/-   0.8606054     % 
  2.7418001E-02 +/-   0.8394713     %   2.7949000E-02 +/-   0.8081406     % 
  2.8500000E-02 +/-   0.8427082     %   2.9000999E-02 +/-   0.8721929     % 
  2.9547000E-02 +/-   0.8034496     %   3.0083001E-02 +/-   0.8226752     % 
  3.0598000E-02 +/-   0.8549857     %   3.1145999E-02 +/-   0.8091692     % 
  3.1698998E-02 +/-   0.7410698     %   3.2251999E-02 +/-   0.7424682     % 
  3.2809999E-02 +/-   0.7793654     %   3.3330001E-02 +/-   0.7522172     % 
  3.3872001E-02 +/-   0.7468421     %   3.4419999E-02 +/-   0.7036707     % 
  3.5002001E-02 +/-   0.7089772     %   3.5498001E-02 +/-   0.6562542     % 
  3.6044002E-02 +/-   0.6064813     %   3.6584001E-02 +/-   0.6490889     % 
  3.7103001E-02 +/-   0.6150522     %   3.7627000E-02 +/-   0.6305534     % 
  3.8146000E-02 +/-   0.6190783     %   3.8656998E-02 +/-   0.6024871     % 
  3.9179001E-02 +/-   0.5702946     %   3.9714001E-02 +/-   0.5844456     % 
  4.0243998E-02 +/-   0.5518842     %   4.0738001E-02 +/-   0.5665094     % 
  4.1226000E-02 +/-   0.5883200     %   4.1774001E-02 +/-   0.5872144     % 
  4.2318001E-02 +/-   0.5821074     %   4.2817999E-02 +/-   0.5433990     % 
  4.3292001E-02 +/-   0.5007815     %   4.3818999E-02 +/-   0.5046831     % 
  4.4349998E-02 +/-   0.5164286     %   4.4815000E-02 +/-   0.5200039     % 
  4.5325000E-02 +/-   0.5344503     %   4.5897000E-02 +/-   0.5124401     % 
  4.6399001E-02 +/-   0.5264804     %   4.6921000E-02 +/-   0.4712215     % 
  4.7431000E-02 +/-   0.5113875     %   4.7931001E-02 +/-   0.5257952     % 
  4.8443001E-02 +/-   0.5076476     %   4.8971999E-02 +/-   0.5165915     % 
  4.9523000E-02 +/-   0.5298462     %   5.0043002E-02 +/-   0.5328672     % 
  5.0544001E-02 +/-   0.5248498     %   5.1049002E-02 +/-   0.5171039     % 
  5.1534001E-02 +/-   0.5328640     %   5.2025001E-02 +/-   0.5070350     % 
  5.2503001E-02 +/-   0.5222068     %   5.2987002E-02 +/-   0.5032518     % 
  5.3521998E-02 +/-   0.4683720     %   5.4026999E-02 +/-   0.4524427     % 
  5.4524999E-02 +/-   0.4062678     %   5.5063002E-02 +/-   0.3911645     % 
  5.5573002E-02 +/-   0.4124064     %   5.6090999E-02 +/-   0.3974963     % 
  5.6600001E-02 +/-   0.4001972     %   5.7117999E-02 +/-   0.4095117     % 
  5.7608001E-02 +/-   0.4259838     %   5.8086999E-02 +/-   0.4065989     % 
  5.8587000E-02 +/-   0.4074419     %   5.9080001E-02 +/-   0.3846850     % 
  5.9567999E-02 +/-   0.4044943     %   6.0083002E-02 +/-   0.4184528     % 
  6.0559001E-02 +/-   0.4027437     %   6.1067000E-02 +/-   0.3947861     % 
  6.1609000E-02 +/-   0.3737753     %   6.2089000E-02 +/-   0.3877681     % 
  6.2547997E-02 +/-   0.3817151     %   6.3054003E-02 +/-   0.4046438     % 
  6.3533999E-02 +/-   0.4283761     %   6.4034000E-02 +/-   0.4224557     % 
  6.4534001E-02 +/-   0.4358153     %   6.5066002E-02 +/-   0.4074629     % 
  6.5577999E-02 +/-   0.3835257     %   6.6079997E-02 +/-   0.4091488     % 
  6.6569999E-02 +/-   0.4124020     %   6.7084000E-02 +/-   0.3917893     % 
  6.7569003E-02 +/-   0.3890334     %   6.8104997E-02 +/-   0.3926009     % 
  6.8591997E-02 +/-   0.3760030     %   6.9116004E-02 +/-   0.3673201     % 
  6.9655001E-02 +/-   0.3309548     %   7.0151001E-02 +/-   0.3060787     % 
  7.0648998E-02 +/-   0.2815230     %   7.1148001E-02 +/-   0.2714294     % 
  7.1639001E-02 +/-   0.2934968     %   7.2185002E-02 +/-   0.2881269     % 
  7.2687998E-02 +/-   0.2627327     %   7.3177002E-02 +/-   0.2718593     % 
  7.3673002E-02 +/-   0.2943963     %   7.4152000E-02 +/-   0.2858197     % 
  7.4666999E-02 +/-   0.2998806     %   7.5157002E-02 +/-   0.2968315     % 
  7.5641997E-02 +/-   0.3242757     %   7.6171003E-02 +/-   0.3133073     % 
  7.6704003E-02 +/-   0.2947977     %   7.7207997E-02 +/-   0.2716269     % 
  7.7739000E-02 +/-   0.2763600     %   7.8263000E-02 +/-   0.2970622     % 
  7.8781001E-02 +/-   0.2884535     %   7.9268001E-02 +/-   0.3070737     % 
  7.9804003E-02 +/-   0.3069088     %   8.0329001E-02 +/-   0.2955864     % 
  8.0839999E-02 +/-   0.2996850     %   8.1309997E-02 +/-   0.2881329     % 
  8.1818998E-02 +/-   0.2947998     %   8.2314998E-02 +/-   0.2542556     % 
  8.2847998E-02 +/-   0.2661125     %   8.3355002E-02 +/-   0.2746802     % 
  8.3924003E-02 +/-   0.2771959     %   8.4421001E-02 +/-   0.2792061     % 
  8.4900998E-02 +/-   0.2890302     %   8.5418001E-02 +/-   0.2837417     % 
  8.5947998E-02 +/-   0.2872594     %   8.6484998E-02 +/-   0.3185152     % 
  8.6995997E-02 +/-   0.3218149     %   8.7506004E-02 +/-   0.3390724     % 
  8.7985002E-02 +/-   0.3382047     %   8.8505000E-02 +/-   0.3466909     % 
  8.9018002E-02 +/-   0.3354793     %   8.9550003E-02 +/-   0.3561232     % 
  9.0057999E-02 +/-   0.3519429     %   9.0577997E-02 +/-   0.3499486     % 
  9.1015004E-02 +/-   0.3542755     %   9.1513000E-02 +/-   0.3383512     % 
  9.2060998E-02 +/-   0.3520244     %   9.2556998E-02 +/-   0.3464691     % 
  9.3054004E-02 +/-   0.3138414     %   9.3549997E-02 +/-   0.3138639     % 
  9.4067998E-02 +/-   0.3196156     %   9.4580002E-02 +/-   0.3485584     % 
  9.5094003E-02 +/-   0.3584923     %   9.5636003E-02 +/-   0.3717194     % 
  9.6124999E-02 +/-   0.3734887     %   9.6674003E-02 +/-   0.3574589     % 
  9.7190000E-02 +/-   0.3300749     %   9.7689003E-02 +/-   0.3213100     % 
  9.8195001E-02 +/-   0.3307076     %   9.8708004E-02 +/-   0.3476335     % 
  9.9241003E-02 +/-   0.3489301     %   9.9784002E-02 +/-   0.3414331     % 
  0.1002670     +/-   0.3322518     %   0.1007780     +/-   0.3177257     % 
  0.1012820     +/-   0.3103641     %   0.1017560     +/-   0.2975554     % 
  0.1022380     +/-   0.2984222     %   0.1027980     +/-   0.2774671     % 
  0.1033130     +/-   0.2737581     %   0.1038120     +/-   0.2870372     % 
  0.1043250     +/-   0.2849430     %   0.1048900     +/-   0.2646509     % 
  0.1054230     +/-   0.2741920     %   0.1059310     +/-   0.2800206     % 
  0.1064030     +/-   0.2742231     %   0.1069340     +/-   0.2730369     % 
  0.1074560     +/-   0.2660579     %   0.1079530     +/-   0.2882827     % 
  0.1084810     +/-   0.2916197     %   0.1090100     +/-   0.2922942     % 
  0.1095360     +/-   0.2810780     %   0.1100630     +/-   0.2893359     % 
  0.1105530     +/-   0.2668427     %   0.1110850     +/-   0.2827582     % 
  0.1116070     +/-   0.2692093     %   0.1121070     +/-   0.2847530     % 
  0.1126500     +/-   0.2647834     %   0.1131340     +/-   0.2819908     % 
  0.1136650     +/-   0.2702975     %   0.1141590     +/-   0.2759776     % 
  0.1146820     +/-   0.2910515     %   0.1152070     +/-   0.2982402     % 
  0.1157560     +/-   0.3043633     %   0.1162870     +/-   0.3179825     % 
  0.1167970     +/-   0.3010643     %   0.1173080     +/-   0.3029060     % 
  0.1177990     +/-   0.2912816     %   0.1183040     +/-   0.2919748     % 
  0.1188090     +/-   0.2836230     %   0.1193510     +/-   0.2850046     % 
  0.1198820     +/-   0.2869647     %   0.1203790     +/-   0.2774353     % 
  0.1209590     +/-   0.2880208     %   0.1215090     +/-   0.2806890     % 
  0.1220210     +/-   0.2755088     %   0.1225300     +/-   0.2838403     % 
  0.1230510     +/-   0.2870277     %   0.1235560     +/-   0.2873488     % 
  0.1241030     +/-   0.2896410     %   0.1245970     +/-   0.2860794     % 
  0.1251520     +/-   0.2776857     %   0.1256600     +/-   0.2924302     % 
  0.1261940     +/-   0.2877283     %   0.1266750     +/-   0.2810663     % 
  0.1272010     +/-   0.2809438     %   0.1277180     +/-   0.2951712     % 
  0.1281960     +/-   0.2991170     %   0.1287150     +/-   0.3014948     % 
  0.1292050     +/-   0.2967094     %   0.1296960     +/-   0.2942669     % 
  0.1301850     +/-   0.3015075     %   0.1307000     +/-   0.2932382     % 
  0.1436440     +/-   0.2432931     %   0.1444810     +/-   0.2377613     % 
  0.1452390     +/-   0.2419646     %   0.1460290     +/-   0.2547687     % 
  0.1467800     +/-   0.2765427     %   0.1475240     +/-   0.2608564     % 
  0.1482560     +/-   0.2555365     %   0.1490490     +/-   0.2466861     % 
  0.1497580     +/-   0.2412802     %   0.1504720     +/-   0.2429512     % 
  0.1512150     +/-   0.2367499     %   0.1520370     +/-   0.2235780     % 
  0.1527990     +/-   0.2183403     %   0.1535960     +/-   0.2111062     % 
  0.1543720     +/-   0.2303619     %   0.1551220     +/-   0.2375958     % 
  0.1558940     +/-   0.2424020     %   0.1566660     +/-   0.2265369     % 
  0.1575300     +/-   0.2212142     %   0.1583510     +/-   0.2181549     % 
  0.1591770     +/-   0.2222213     %   0.1600070     +/-   0.2270049     % 
  0.1609150     +/-   0.2398391     %   0.1617930     +/-   0.2467666     % 
  0.1626700     +/-   0.2424315     %   0.1635890     +/-   0.2477817     % 
  0.1644930     +/-   0.2483903     %   0.1655020     +/-   0.2431077     % 
  0.1664720     +/-   0.2480334     %   0.1675570     +/-   0.2269231     % 
  0.1685300     +/-   0.2356138     %   0.1695690     +/-   0.2132782     % 
  0.1706170     +/-   0.2076440     %   0.1716700     +/-   0.2155140     % 
  0.1726830     +/-   0.2202632     %   0.1736270     +/-   0.2124469     % 
  0.1744970     +/-   0.2243073     %   0.1752790     +/-   0.2155879     % 
  0.1759860     +/-   0.2134568     %   0.1765730     +/-   0.2080658     % 
  0.1770670     +/-   0.2124094     %   0.1774260     +/-   0.2050940     % 
  0.1776820     +/-   0.2040086     %   0.1778830     +/-   0.2037160     % 
  0.1780280     +/-   0.2071227     %   0.1781360     +/-   0.2092660     % 
  0.1782030     +/-   0.2069630     %   0.1782630     +/-   0.2037534     % 
  0.1782940     +/-   0.2025852     %   0.1783030     +/-   0.2031607     % 
  0.1783230     +/-   0.2021136     %   0.1783230     +/-   0.2021136     % 

  **** Double diff. Fluxes as a function of energy ****


  Solid angle minimum value (sr):   0.000000    

  Solid angle upper boundaries (sr):

   6.283185    

  Angular minimum value (deg.):   0.000000    

  Angular upper boundaries (deg.):

   90.00000    


  Energy interval (GeV):  3.0000000E-03  2.9899999E-03

  Flux (Part/sr/GeV/cmq/pr):

   9.628874     +/-    3.876377     % 

  Flux (Part/deg/GeV/cmq/pr):

  0.6722223     +/-    3.876377     % 

  Energy interval (GeV):  2.9899999E-03  2.9799999E-03

  Flux (Part/sr/GeV/cmq/pr):

   10.28141     +/-    3.849793     % 

  Flux (Part/deg/GeV/cmq/pr):

  0.7177778     +/-    3.849793     % 

  Energy interval (GeV):  2.9799999E-03  2.9700000E-03

  Flux (Part/sr/GeV/cmq/pr):

   10.28141     +/-    5.982327     % 

  Flux (Part/deg/GeV/cmq/pr):

  0.7177778     +/-    5.982327     % 

  Energy interval (GeV):  2.9700000E-03  2.9600000E-03

  Flux (Part/sr/GeV/cmq/pr):

   9.692536     +/-    4.205665     % 

  Flux (Part/deg/GeV/cmq/pr):

  0.6766667     +/-    4.205665     % 

  Energy interval (GeV):  2.9600000E-03  2.9499999E-03

  Flux (Part/sr/GeV/cmq/pr):

   9.406057     +/-    1.721403     % 

  Flux (Part/deg/GeV/cmq/pr):

  0.6566667     +/-    1.721403     % 

  Energy interval (GeV):  2.9499999E-03  2.9400000E-03

  Flux (Part/sr/GeV/cmq/pr):

   9.453804     +/-    4.697242     % 

  Flux (Part/deg/GeV/cmq/pr):

  0.6600000     +/-    4.697242     % 

  Energy interval (GeV):  2.9400000E-03  2.9300000E-03

  Flux (Part/sr/GeV/cmq/pr):

   9.788029     +/-    3.401057     % 

  Flux (Part/deg/GeV/cmq/pr):

  0.6833333     +/-    3.401057     % 

  Energy interval (GeV):  2.9300000E-03  2.9199999E-03

  Flux (Part/sr/GeV/cmq/pr):

   9.628874     +/-    5.438242     % 

  Flux (Part/deg/GeV/cmq/pr):

  0.6722223     +/-    5.438242     % 

  Energy interval (GeV):  2.9199999E-03  2.9100000E-03

  Flux (Part/sr/GeV/cmq/pr):

   9.469719     +/-    1.217762     % 

  Flux (Part/deg/GeV/cmq/pr):

  0.6611111     +/-    1.217762     % 

  Energy interval (GeV):  2.9100000E-03  2.9000000E-03

  Flux (Part/sr/GeV/cmq/pr):

   9.788029     +/-    3.041999     % 

  Flux (Part/deg/GeV/cmq/pr):

  0.6833333     +/-    3.041999     % 

  Energy interval (GeV):  2.9000000E-03  2.8899999E-03

  Flux (Part/sr/GeV/cmq/pr):

   9.135493     +/-    4.117177     % 

  Flux (Part/deg/GeV/cmq/pr):

  0.6377778     +/-    4.117177     % 

  Energy interval (GeV):  2.8899999E-03  2.8800000E-03

  Flux (Part/sr/GeV/cmq/pr):

   10.45648     +/-    4.538220     % 

  Flux (Part/deg/GeV/cmq/pr):

  0.7300000     +/-    4.538220     % 

  Energy interval (GeV):  2.8800000E-03  2.8700000E-03

  Flux (Part/sr/GeV/cmq/pr):

   9.915353     +/-    4.266464     % 

  Flux (Part/deg/GeV/cmq/pr):

  0.6922222     +/-    4.266464     % 

  Energy interval (GeV):  2.8700000E-03  2.8599999E-03

  Flux (Part/sr/GeV/cmq/pr):

   9.788029     +/-    2.452536     % 

  Flux (Part/deg/GeV/cmq/pr):

  0.6833333     +/-    2.452536     % 

  Energy interval (GeV):  2.8599999E-03  2.8499998E-03

  Flux (Part/sr/GeV/cmq/pr):

   8.928593     +/-    3.014533     % 

  Flux (Part/deg/GeV/cmq/pr):

  0.6233334     +/-    3.014533     % 

  Energy interval (GeV):  2.8499998E-03  2.8400000E-03

  Flux (Part/sr/GeV/cmq/pr):

   9.342396     +/-    6.753348     % 

  Flux (Part/deg/GeV/cmq/pr):

  0.6522223     +/-    6.753348     % 

  Energy interval (GeV):  2.8400000E-03  2.8299999E-03

  Flux (Part/sr/GeV/cmq/pr):

   9.358311     +/-    4.991721     % 

  Flux (Part/deg/GeV/cmq/pr):

  0.6533334     +/-    4.991721     % 

  Energy interval (GeV):  2.8299999E-03  2.8199998E-03

  Flux (Part/sr/GeV/cmq/pr):

   9.644790     +/-    4.960112     % 

  Flux (Part/deg/GeV/cmq/pr):

  0.6733333     +/-    4.960112     % 

  Energy interval (GeV):  2.8199998E-03  2.8100000E-03

  Flux (Part/sr/GeV/cmq/pr):

   9.167324     +/-    4.828449     % 

  Flux (Part/deg/GeV/cmq/pr):

  0.6400000     +/-    4.828449     % 

  Energy interval (GeV):  2.8100000E-03  2.7999999E-03

  Flux (Part/sr/GeV/cmq/pr):

   9.183240     +/-    3.472697     % 

  Flux (Part/deg/GeV/cmq/pr):

  0.6411111     +/-    3.472697     % 

  Energy interval (GeV):  2.7999999E-03  2.7899998E-03

  Flux (Part/sr/GeV/cmq/pr):

   9.485635     +/-    3.982912     % 

  Flux (Part/deg/GeV/cmq/pr):

  0.6622223     +/-    3.982912     % 

  Energy interval (GeV):  2.7899998E-03  2.7800000E-03

  Flux (Part/sr/GeV/cmq/pr):

   9.597043     +/-    2.831404     % 

  Flux (Part/deg/GeV/cmq/pr):

  0.6700000     +/-    2.831404     % 

  Energy interval (GeV):  2.7800000E-03  2.7699999E-03

  Flux (Part/sr/GeV/cmq/pr):

   8.896761     +/-    4.573102     % 

  Flux (Part/deg/GeV/cmq/pr):

  0.6211112     +/-    4.573102     % 

  Energy interval (GeV):  2.7699999E-03  2.7599998E-03

  Flux (Part/sr/GeV/cmq/pr):

   9.358311     +/-    4.520420     % 

  Flux (Part/deg/GeV/cmq/pr):

  0.6533334     +/-    4.520420     % 

  Energy interval (GeV):  2.7599998E-03  2.7500000E-03

  Flux (Part/sr/GeV/cmq/pr):

   8.992254     +/-    5.280153     % 

  Flux (Part/deg/GeV/cmq/pr):

  0.6277778     +/-    5.280153     % 

  Energy interval (GeV):  2.7500000E-03  2.7399999E-03

  Flux (Part/sr/GeV/cmq/pr):

   8.705775     +/-    2.689933     % 

  Flux (Part/deg/GeV/cmq/pr):

  0.6077778     +/-    2.689933     % 

  Energy interval (GeV):  2.7399999E-03  2.7299998E-03

  Flux (Part/sr/GeV/cmq/pr):

   9.469719     +/-    3.896479     % 

  Flux (Part/deg/GeV/cmq/pr):

  0.6611112     +/-    3.896479     % 

  Energy interval (GeV):  2.7299998E-03  2.7200000E-03

  Flux (Part/sr/GeV/cmq/pr):

   9.437888     +/-    5.181212     % 

  Flux (Part/deg/GeV/cmq/pr):

  0.6588889     +/-    5.181212     % 

  Energy interval (GeV):  2.7200000E-03  2.7099999E-03

  Flux (Part/sr/GeV/cmq/pr):

   9.230987     +/-    4.658363     % 

  Flux (Part/deg/GeV/cmq/pr):

  0.6444445     +/-    4.658363     % 

  Energy interval (GeV):  2.7099999E-03  2.6999998E-03

  Flux (Part/sr/GeV/cmq/pr):

   8.228311     +/-    4.177681     % 

  Flux (Part/deg/GeV/cmq/pr):

  0.5744445     +/-    4.177681     % 

  Energy interval (GeV):  2.6999998E-03  2.6900000E-03

  Flux (Part/sr/GeV/cmq/pr):

   9.692536     +/-    7.145216     % 

  Flux (Part/deg/GeV/cmq/pr):

  0.6766667     +/-    7.145216     % 

  Energy interval (GeV):  2.6900000E-03  2.6799999E-03

  Flux (Part/sr/GeV/cmq/pr):

   8.658029     +/-    2.202050     % 

  Flux (Part/deg/GeV/cmq/pr):

  0.6044445     +/-    2.202050     % 

  Energy interval (GeV):  2.6799999E-03  2.6699998E-03

  Flux (Part/sr/GeV/cmq/pr):

   9.374226     +/-    5.510638     % 

  Flux (Part/deg/GeV/cmq/pr):

  0.6544445     +/-    5.510638     % 

  Energy interval (GeV):  2.6699998E-03  2.6600000E-03

  Flux (Part/sr/GeV/cmq/pr):

   8.976338     +/-    2.738199     % 

  Flux (Part/deg/GeV/cmq/pr):

  0.6266667     +/-    2.738199     % 

  Energy interval (GeV):  2.6600000E-03  2.6499999E-03

  Flux (Part/sr/GeV/cmq/pr):

   8.673944     +/-    2.427295     % 

  Flux (Part/deg/GeV/cmq/pr):

  0.6055556     +/-    2.427295     % 

  Energy interval (GeV):  2.6499999E-03  2.6399998E-03

  Flux (Part/sr/GeV/cmq/pr):

   8.642114     +/-    1.289134     % 

  Flux (Part/deg/GeV/cmq/pr):

  0.6033334     +/-    1.289134     % 

  Energy interval (GeV):  2.6399998E-03  2.6300000E-03

  Flux (Part/sr/GeV/cmq/pr):

   8.896761     +/-    4.581841     % 

  Flux (Part/deg/GeV/cmq/pr):

  0.6211112     +/-    4.581841     % 

  Energy interval (GeV):  2.6300000E-03  2.6199999E-03

  Flux (Part/sr/GeV/cmq/pr):

   9.055916     +/-    4.735392     % 

  Flux (Part/deg/GeV/cmq/pr):

  0.6322222     +/-    4.735392     % 

  Energy interval (GeV):  2.6199999E-03  2.6099999E-03

  Flux (Part/sr/GeV/cmq/pr):

   9.406057     +/-    7.080364     % 

  Flux (Part/deg/GeV/cmq/pr):

  0.6566667     +/-    7.080364     % 

  Energy interval (GeV):  2.6099999E-03  2.6000000E-03

  Flux (Part/sr/GeV/cmq/pr):

   8.992254     +/-    7.488211     % 

  Flux (Part/deg/GeV/cmq/pr):

  0.6277778     +/-    7.488211     % 

  Energy interval (GeV):  2.6000000E-03  2.5899999E-03

  Flux (Part/sr/GeV/cmq/pr):

   8.578451     +/-    4.413868     % 

  Flux (Part/deg/GeV/cmq/pr):

  0.5988889     +/-    4.413868     % 

  Energy interval (GeV):  2.5899999E-03  2.5799999E-03

  Flux (Part/sr/GeV/cmq/pr):

   8.642114     +/-    4.851543     % 

  Flux (Part/deg/GeV/cmq/pr):

  0.6033334     +/-    4.851543     % 

  Energy interval (GeV):  2.5799999E-03  2.5700000E-03

  Flux (Part/sr/GeV/cmq/pr):

   8.562536     +/-    3.938591     % 

  Flux (Part/deg/GeV/cmq/pr):

  0.5977778     +/-    3.938591     % 

  Energy interval (GeV):  2.5700000E-03  2.5599999E-03

  Flux (Part/sr/GeV/cmq/pr):

   8.849015     +/-    2.317283     % 

  Flux (Part/deg/GeV/cmq/pr):

  0.6177778     +/-    2.317283     % 

  Energy interval (GeV):  2.5599999E-03  2.5499999E-03

  Flux (Part/sr/GeV/cmq/pr):

   9.406057     +/-    6.456441     % 

  Flux (Part/deg/GeV/cmq/pr):

  0.6566667     +/-    6.456441     % 

  Energy interval (GeV):  2.5499999E-03  2.5400000E-03

  Flux (Part/sr/GeV/cmq/pr):

   9.199156     +/-    3.706623     % 

  Flux (Part/deg/GeV/cmq/pr):

  0.6422222     +/-    3.706623     % 

  Energy interval (GeV):  2.5400000E-03  2.5299999E-03

  Flux (Part/sr/GeV/cmq/pr):

   9.024085     +/-    3.211135     % 

  Flux (Part/deg/GeV/cmq/pr):

  0.6300001     +/-    3.211135     % 

  Energy interval (GeV):  2.5299999E-03  2.5199999E-03

  Flux (Part/sr/GeV/cmq/pr):

   8.451127     +/-    4.711863     % 

  Flux (Part/deg/GeV/cmq/pr):

  0.5900000     +/-    4.711863     % 

  Energy interval (GeV):  2.5199999E-03  2.5100000E-03

  Flux (Part/sr/GeV/cmq/pr):

   8.769438     +/-    3.800434     % 

  Flux (Part/deg/GeV/cmq/pr):

  0.6122223     +/-    3.800434     % 

  Energy interval (GeV):  2.5100000E-03  2.4999999E-03

  Flux (Part/sr/GeV/cmq/pr):

   7.973663     +/-    3.209169     % 

  Flux (Part/deg/GeV/cmq/pr):

  0.5566667     +/-    3.209169     % 

  Energy interval (GeV):  2.4999999E-03  2.4899999E-03

  Flux (Part/sr/GeV/cmq/pr):

   8.689859     +/-    4.726552     % 

  Flux (Part/deg/GeV/cmq/pr):

  0.6066667     +/-    4.726552     % 

  Energy interval (GeV):  2.4899999E-03  2.4800000E-03

  Flux (Part/sr/GeV/cmq/pr):

   8.530704     +/-    3.850703     % 

  Flux (Part/deg/GeV/cmq/pr):

  0.5955556     +/-    3.850703     % 

  Energy interval (GeV):  2.4800000E-03  2.4699999E-03

  Flux (Part/sr/GeV/cmq/pr):

   8.196480     +/-    4.198398     % 

  Flux (Part/deg/GeV/cmq/pr):

  0.5722222     +/-    4.198398     % 

  Energy interval (GeV):  2.4699999E-03  2.4599999E-03

  Flux (Part/sr/GeV/cmq/pr):

   8.721691     +/-    2.264538     % 

  Flux (Part/deg/GeV/cmq/pr):

  0.6088889     +/-    2.264538     % 

  Energy interval (GeV):  2.4599999E-03  2.4500000E-03

  Flux (Part/sr/GeV/cmq/pr):

   8.801269     +/-    4.246661     % 

  Flux (Part/deg/GeV/cmq/pr):

  0.6144445     +/-    4.246661     % 

  Energy interval (GeV):  2.4500000E-03  2.4400000E-03

  Flux (Part/sr/GeV/cmq/pr):

   8.801269     +/-    5.253467     % 

  Flux (Part/deg/GeV/cmq/pr):

  0.6144445     +/-    5.253467     % 

  Energy interval (GeV):  2.4400000E-03  2.4299999E-03

  Flux (Part/sr/GeV/cmq/pr):

   8.880846     +/-    5.678488     % 

  Flux (Part/deg/GeV/cmq/pr):

  0.6200001     +/-    5.678488     % 

  Energy interval (GeV):  2.4299999E-03  2.4200000E-03

  Flux (Part/sr/GeV/cmq/pr):

   8.276057     +/-    4.681023     % 

  Flux (Part/deg/GeV/cmq/pr):

  0.5777778     +/-    4.681023     % 

  Energy interval (GeV):  2.4200000E-03  2.4100000E-03

  Flux (Part/sr/GeV/cmq/pr):

   8.626198     +/-    2.837372     % 

  Flux (Part/deg/GeV/cmq/pr):

  0.6022223     +/-    2.837372     % 

  Energy interval (GeV):  2.4100000E-03  2.3999999E-03

  Flux (Part/sr/GeV/cmq/pr):

   8.721691     +/-    5.402507     % 

  Flux (Part/deg/GeV/cmq/pr):

  0.6088889     +/-    5.402507     % 

  Energy interval (GeV):  2.3999999E-03  2.3900000E-03

  Flux (Part/sr/GeV/cmq/pr):

   9.262817     +/-    4.924711     % 

  Flux (Part/deg/GeV/cmq/pr):

  0.6466667     +/-    4.924711     % 

  Energy interval (GeV):  2.3900000E-03  2.3800000E-03

  Flux (Part/sr/GeV/cmq/pr):

   7.894085     +/-    5.820644     % 

  Flux (Part/deg/GeV/cmq/pr):

  0.5511112     +/-    5.820644     % 

  Energy interval (GeV):  2.3800000E-03  2.3699999E-03

  Flux (Part/sr/GeV/cmq/pr):

   8.689859     +/-    3.216881     % 

  Flux (Part/deg/GeV/cmq/pr):

  0.6066667     +/-    3.216881     % 

  Energy interval (GeV):  2.3699999E-03  2.3600000E-03

  Flux (Part/sr/GeV/cmq/pr):

   8.594367     +/-    5.767559     % 

  Flux (Part/deg/GeV/cmq/pr):

  0.6000000     +/-    5.767559     % 

  Energy interval (GeV):  2.3600000E-03  2.3500000E-03

  Flux (Part/sr/GeV/cmq/pr):

   8.260141     +/-    4.553488     % 

  Flux (Part/deg/GeV/cmq/pr):

  0.5766667     +/-    4.553488     % 

  Energy interval (GeV):  2.3500000E-03  2.3399999E-03

  Flux (Part/sr/GeV/cmq/pr):

   8.339719     +/-    3.392441     % 

  Flux (Part/deg/GeV/cmq/pr):

  0.5822223     +/-    3.392441     % 

  Energy interval (GeV):  2.3399999E-03  2.3300000E-03

  Flux (Part/sr/GeV/cmq/pr):

   8.260141     +/-    5.173688     % 

  Flux (Part/deg/GeV/cmq/pr):

  0.5766667     +/-    5.173688     % 

  Energy interval (GeV):  2.3300000E-03  2.3200000E-03

  Flux (Part/sr/GeV/cmq/pr):

   8.132817     +/-    4.434547     % 

  Flux (Part/deg/GeV/cmq/pr):

  0.5677778     +/-    4.434547     % 

  Energy interval (GeV):  2.3200000E-03  2.3099999E-03

  Flux (Part/sr/GeV/cmq/pr):

   8.307888     +/-    8.342688     % 

  Flux (Part/deg/GeV/cmq/pr):

  0.5800000     +/-    8.342688     % 

  Energy interval (GeV):  2.3099999E-03  2.3000001E-03

  Flux (Part/sr/GeV/cmq/pr):

   8.514790     +/-    3.127701     % 

  Flux (Part/deg/GeV/cmq/pr):

  0.5944445     +/-    3.127701     % 

  Energy interval (GeV):  2.3000001E-03  2.2900000E-03

  Flux (Part/sr/GeV/cmq/pr):

   8.435212     +/-    5.541198     % 

  Flux (Part/deg/GeV/cmq/pr):

  0.5888889     +/-    5.541198     % 

  Energy interval (GeV):  2.2900000E-03  2.2799999E-03

  Flux (Part/sr/GeV/cmq/pr):

   7.862254     +/-    4.783928     % 

  Flux (Part/deg/GeV/cmq/pr):

  0.5488889     +/-    4.783928     % 

  Energy interval (GeV):  2.2799999E-03  2.2700001E-03

  Flux (Part/sr/GeV/cmq/pr):

   7.766761     +/-    7.813801     % 

  Flux (Part/deg/GeV/cmq/pr):

  0.5422223     +/-    7.813801     % 

  Energy interval (GeV):  2.2700001E-03  2.2600000E-03

  Flux (Part/sr/GeV/cmq/pr):

   8.721691     +/-    4.438097     % 

  Flux (Part/deg/GeV/cmq/pr):

  0.6088889     +/-    4.438097     % 

  Energy interval (GeV):  2.2600000E-03  2.2499999E-03

  Flux (Part/sr/GeV/cmq/pr):

   8.658029     +/-    5.062661     % 

  Flux (Part/deg/GeV/cmq/pr):

  0.6044445     +/-    5.062661     % 

  Energy interval (GeV):  2.2499999E-03  2.2399998E-03

  Flux (Part/sr/GeV/cmq/pr):

   7.957747     +/-    4.505552     % 

  Flux (Part/deg/GeV/cmq/pr):

  0.5555556     +/-    4.505552     % 

  Energy interval (GeV):  2.2399998E-03  2.2300000E-03

  Flux (Part/sr/GeV/cmq/pr):

   7.543944     +/-    5.225513     % 

  Flux (Part/deg/GeV/cmq/pr):

  0.5266667     +/-    5.225513     % 

  Energy interval (GeV):  2.2300000E-03  2.2199999E-03

  Flux (Part/sr/GeV/cmq/pr):

   8.387465     +/-    2.792019     % 

  Flux (Part/deg/GeV/cmq/pr):

  0.5855556     +/-    2.792019     % 

  Energy interval (GeV):  2.2199999E-03  2.2099998E-03

  Flux (Part/sr/GeV/cmq/pr):

   8.451127     +/-    4.225764     % 

  Flux (Part/deg/GeV/cmq/pr):

  0.5900000     +/-    4.225764     % 

  Energy interval (GeV):  2.2099998E-03  2.2000000E-03

  Flux (Part/sr/GeV/cmq/pr):

   7.400705     +/-    2.355795     % 

  Flux (Part/deg/GeV/cmq/pr):

  0.5166667     +/-    2.355795     % 

  Energy interval (GeV):  2.2000000E-03  2.1899999E-03

  Flux (Part/sr/GeV/cmq/pr):

   8.116902     +/-    3.381998     % 

  Flux (Part/deg/GeV/cmq/pr):

  0.5666667     +/-    3.381998     % 

  Energy interval (GeV):  2.1899999E-03  2.1799998E-03

  Flux (Part/sr/GeV/cmq/pr):

   9.103662     +/-    2.907043     % 

  Flux (Part/deg/GeV/cmq/pr):

  0.6355556     +/-    2.907043     % 

  Energy interval (GeV):  2.1799998E-03  2.1700000E-03

  Flux (Part/sr/GeV/cmq/pr):

   7.989578     +/-    5.133107     % 

  Flux (Part/deg/GeV/cmq/pr):

  0.5577778     +/-    5.133107     % 

  Energy interval (GeV):  2.1700000E-03  2.1599999E-03

  Flux (Part/sr/GeV/cmq/pr):

   8.307888     +/-    4.964237     % 

  Flux (Part/deg/GeV/cmq/pr):

  0.5800000     +/-    4.964237     % 

  Energy interval (GeV):  2.1599999E-03  2.1499998E-03

  Flux (Part/sr/GeV/cmq/pr):

   8.116902     +/-    6.495791     % 

  Flux (Part/deg/GeV/cmq/pr):

  0.5666667     +/-    6.495791     % 

  Energy interval (GeV):  2.1499998E-03  2.1400000E-03

  Flux (Part/sr/GeV/cmq/pr):

   7.957747     +/-    4.000000     % 

  Flux (Part/deg/GeV/cmq/pr):

  0.5555556     +/-    4.000000     % 

  Energy interval (GeV):  2.1400000E-03  2.1299999E-03

  Flux (Part/sr/GeV/cmq/pr):

   8.148733     +/-    4.927529     % 

  Flux (Part/deg/GeV/cmq/pr):

  0.5688889     +/-    4.927529     % 

  Energy interval (GeV):  2.1299999E-03  2.1199998E-03

  Flux (Part/sr/GeV/cmq/pr):

   8.419296     +/-    4.672668     % 

  Flux (Part/deg/GeV/cmq/pr):

  0.5877778     +/-    4.672668     % 

  Energy interval (GeV):  2.1199998E-03  2.1100000E-03

  Flux (Part/sr/GeV/cmq/pr):

   8.769438     +/-    3.600150     % 

  Flux (Part/deg/GeV/cmq/pr):

  0.6122223     +/-    3.600150     % 

  Energy interval (GeV):  2.1100000E-03  2.0999999E-03

  Flux (Part/sr/GeV/cmq/pr):

   8.276057     +/-    6.457359     % 

  Flux (Part/deg/GeV/cmq/pr):

  0.5777778     +/-    6.457359     % 

  Energy interval (GeV):  2.0999999E-03  2.0899998E-03

  Flux (Part/sr/GeV/cmq/pr):

   7.973663     +/-    2.967280     % 

  Flux (Part/deg/GeV/cmq/pr):

  0.5566667     +/-    2.967280     % 

  Energy interval (GeV):  2.0899998E-03  2.0800000E-03

  Flux (Part/sr/GeV/cmq/pr):

   8.037325     +/-    1.501560     % 

  Flux (Part/deg/GeV/cmq/pr):

  0.5611112     +/-    1.501560     % 

  Energy interval (GeV):  2.0800000E-03  2.0699999E-03

  Flux (Part/sr/GeV/cmq/pr):

   7.719015     +/-    3.815825     % 

  Flux (Part/deg/GeV/cmq/pr):

  0.5388889     +/-    3.815825     % 

  Energy interval (GeV):  2.0699999E-03  2.0599999E-03

  Flux (Part/sr/GeV/cmq/pr):

   7.814508     +/-    2.833081     % 

  Flux (Part/deg/GeV/cmq/pr):

  0.5455556     +/-    2.833081     % 

  Energy interval (GeV):  2.0599999E-03  2.0500000E-03

  Flux (Part/sr/GeV/cmq/pr):

   7.607606     +/-    4.743006     % 

  Flux (Part/deg/GeV/cmq/pr):

  0.5311111     +/-    4.743006     % 

  Energy interval (GeV):  2.0500000E-03  2.0399999E-03

  Flux (Part/sr/GeV/cmq/pr):

   7.703099     +/-    3.337912     % 

  Flux (Part/deg/GeV/cmq/pr):

  0.5377778     +/-    3.337912     % 

  Energy interval (GeV):  2.0399999E-03  2.0299999E-03

  Flux (Part/sr/GeV/cmq/pr):

   8.514790     +/-    6.393507     % 

  Flux (Part/deg/GeV/cmq/pr):

  0.5944445     +/-    6.393507     % 

  Energy interval (GeV):  2.0299999E-03  2.0200000E-03

  Flux (Part/sr/GeV/cmq/pr):

   8.037325     +/-    3.610809     % 

  Flux (Part/deg/GeV/cmq/pr):

  0.5611112     +/-    3.610809     % 

  Energy interval (GeV):  2.0200000E-03  2.0099999E-03

  Flux (Part/sr/GeV/cmq/pr):

   7.925916     +/-    7.230309     % 

  Flux (Part/deg/GeV/cmq/pr):

  0.5533333     +/-    7.230309     % 

  Energy interval (GeV):  2.0099999E-03  1.9999999E-03

  Flux (Part/sr/GeV/cmq/pr):

   8.562536     +/-    3.971349     % 

  Flux (Part/deg/GeV/cmq/pr):

  0.5977778     +/-    3.971349     % 

  Energy interval (GeV):  1.9999999E-03  1.9900000E-03

  Flux (Part/sr/GeV/cmq/pr):

   8.116902     +/-    3.694401     % 

  Flux (Part/deg/GeV/cmq/pr):

  0.5666667     +/-    3.694401     % 

  Energy interval (GeV):  1.9900000E-03  1.9799999E-03

  Flux (Part/sr/GeV/cmq/pr):

   8.244226     +/-    3.352076     % 

  Flux (Part/deg/GeV/cmq/pr):

  0.5755556     +/-    3.352076     % 

  Energy interval (GeV):  1.9799999E-03  1.9699999E-03

  Flux (Part/sr/GeV/cmq/pr):

   8.100986     +/-    3.249084     % 

  Flux (Part/deg/GeV/cmq/pr):

  0.5655556     +/-    3.249084     % 

  Energy interval (GeV):  1.9699999E-03  1.9600000E-03

  Flux (Part/sr/GeV/cmq/pr):

   8.244226     +/-    2.276029     % 

  Flux (Part/deg/GeV/cmq/pr):

  0.5755556     +/-    2.276029     % 

  Energy interval (GeV):  1.9600000E-03  1.9499999E-03

  Flux (Part/sr/GeV/cmq/pr):

   7.798592     +/-    4.998960     % 

  Flux (Part/deg/GeV/cmq/pr):

  0.5444445     +/-    4.998960     % 

  Energy interval (GeV):  1.9499999E-03  1.9400000E-03

  Flux (Part/sr/GeV/cmq/pr):

   7.623522     +/-    4.141303     % 

  Flux (Part/deg/GeV/cmq/pr):

  0.5322223     +/-    4.141303     % 

  Energy interval (GeV):  1.9400000E-03  1.9299999E-03

  Flux (Part/sr/GeV/cmq/pr):

   7.957747     +/-    3.860052     % 

  Flux (Part/deg/GeV/cmq/pr):

  0.5555556     +/-    3.860052     % 

  Energy interval (GeV):  1.9299999E-03  1.9200000E-03

  Flux (Part/sr/GeV/cmq/pr):

   7.846339     +/-    3.433329     % 

  Flux (Part/deg/GeV/cmq/pr):

  0.5477778     +/-    3.433329     % 

  Energy interval (GeV):  1.9200000E-03  1.9100000E-03

  Flux (Part/sr/GeV/cmq/pr):

   7.766761     +/-    3.976149     % 

  Flux (Part/deg/GeV/cmq/pr):

  0.5422223     +/-    3.976149     % 

  Energy interval (GeV):  1.9100000E-03  1.8999999E-03

  Flux (Part/sr/GeV/cmq/pr):

   8.196480     +/-    3.306677     % 

  Flux (Part/deg/GeV/cmq/pr):

  0.5722223     +/-    3.306677     % 

  Energy interval (GeV):  1.8999999E-03  1.8900000E-03

  Flux (Part/sr/GeV/cmq/pr):

   7.575775     +/-    2.665668     % 

  Flux (Part/deg/GeV/cmq/pr):

  0.5288889     +/-    2.665668     % 

  Energy interval (GeV):  1.8900000E-03  1.8800000E-03

  Flux (Part/sr/GeV/cmq/pr):

   8.085072     +/-    2.845834     % 

  Flux (Part/deg/GeV/cmq/pr):

  0.5644445     +/-    2.845834     % 

  Energy interval (GeV):  1.8800000E-03  1.8699999E-03

  Flux (Part/sr/GeV/cmq/pr):

   8.626198     +/-    3.067950     % 

  Flux (Part/deg/GeV/cmq/pr):

  0.6022223     +/-    3.067950     % 

  Energy interval (GeV):  1.8699999E-03  1.8600000E-03

  Flux (Part/sr/GeV/cmq/pr):

   7.639437     +/-    4.941059     % 

  Flux (Part/deg/GeV/cmq/pr):

  0.5333334     +/-    4.941059     % 

  Energy interval (GeV):  1.8600000E-03  1.8500000E-03

  Flux (Part/sr/GeV/cmq/pr):

   7.305212     +/-    6.289848     % 

  Flux (Part/deg/GeV/cmq/pr):

  0.5100001     +/-    6.289848     % 

  Energy interval (GeV):  1.8500000E-03  1.8399999E-03

  Flux (Part/sr/GeV/cmq/pr):

   8.053240     +/-    4.543306     % 

  Flux (Part/deg/GeV/cmq/pr):

  0.5622222     +/-    4.543306     % 

  Energy interval (GeV):  1.8399999E-03  1.8300000E-03

  Flux (Part/sr/GeV/cmq/pr):

   7.639437     +/-    4.599875     % 

  Flux (Part/deg/GeV/cmq/pr):

  0.5333334     +/-    4.599875     % 

  Energy interval (GeV):  1.8300000E-03  1.8200000E-03

  Flux (Part/sr/GeV/cmq/pr):

   7.957747     +/-    4.764452     % 

  Flux (Part/deg/GeV/cmq/pr):

  0.5555556     +/-    4.764452     % 

  Energy interval (GeV):  1.8200000E-03  1.8099999E-03

  Flux (Part/sr/GeV/cmq/pr):

   7.957747     +/-    3.000000     % 

  Flux (Part/deg/GeV/cmq/pr):

  0.5555556     +/-    3.000000     % 

  Energy interval (GeV):  1.8099999E-03  1.8000000E-03

  Flux (Part/sr/GeV/cmq/pr):

   8.467043     +/-    4.483782     % 

  Flux (Part/deg/GeV/cmq/pr):

  0.5911111     +/-    4.483782     % 

  Energy interval (GeV):  1.8000000E-03  1.7900000E-03

  Flux (Part/sr/GeV/cmq/pr):

   8.148733     +/-    4.362950     % 

  Flux (Part/deg/GeV/cmq/pr):

  0.5688889     +/-    4.362950     % 

  Energy interval (GeV):  1.7900000E-03  1.7799999E-03

  Flux (Part/sr/GeV/cmq/pr):

   7.989578     +/-    4.720317     % 

  Flux (Part/deg/GeV/cmq/pr):

  0.5577778     +/-    4.720317     % 

  Energy interval (GeV):  1.7799999E-03  1.7700000E-03

  Flux (Part/sr/GeV/cmq/pr):

   7.798592     +/-    2.939768     % 

  Flux (Part/deg/GeV/cmq/pr):

  0.5444445     +/-    2.939768     % 

  Energy interval (GeV):  1.7700000E-03  1.7599999E-03

  Flux (Part/sr/GeV/cmq/pr):

   8.180564     +/-    5.960106     % 

  Flux (Part/deg/GeV/cmq/pr):

  0.5711111     +/-    5.960106     % 

  Energy interval (GeV):  1.7599999E-03  1.7499999E-03

  Flux (Part/sr/GeV/cmq/pr):

   7.719015     +/-    3.745547     % 

  Flux (Part/deg/GeV/cmq/pr):

  0.5388889     +/-    3.745547     % 

  Energy interval (GeV):  1.7499999E-03  1.7400000E-03

  Flux (Part/sr/GeV/cmq/pr):

   8.530704     +/-    2.881239     % 

  Flux (Part/deg/GeV/cmq/pr):

  0.5955556     +/-    2.881239     % 

  Energy interval (GeV):  1.7400000E-03  1.7299999E-03

  Flux (Part/sr/GeV/cmq/pr):

   7.750846     +/-    3.609527     % 

  Flux (Part/deg/GeV/cmq/pr):

  0.5411112     +/-    3.609527     % 

  Energy interval (GeV):  1.7299999E-03  1.7199999E-03

  Flux (Part/sr/GeV/cmq/pr):

   8.339719     +/-    2.947222     % 

  Flux (Part/deg/GeV/cmq/pr):

  0.5822223     +/-    2.947222     % 

  Energy interval (GeV):  1.7199999E-03  1.7100000E-03

  Flux (Part/sr/GeV/cmq/pr):

   8.578451     +/-    4.697212     % 

  Flux (Part/deg/GeV/cmq/pr):

  0.5988889     +/-    4.697212     % 

  Energy interval (GeV):  1.7100000E-03  1.6999999E-03

  Flux (Part/sr/GeV/cmq/pr):

   7.894085     +/-    5.270934     % 

  Flux (Part/deg/GeV/cmq/pr):

  0.5511112     +/-    5.270934     % 

  Energy interval (GeV):  1.6999999E-03  1.6899999E-03

  Flux (Part/sr/GeV/cmq/pr):

   7.925916     +/-    4.134791     % 

  Flux (Part/deg/GeV/cmq/pr):

  0.5533334     +/-    4.134791     % 

  Energy interval (GeV):  1.6899999E-03  1.6800000E-03

  Flux (Part/sr/GeV/cmq/pr):

   7.941832     +/-    6.717164     % 

  Flux (Part/deg/GeV/cmq/pr):

  0.5544445     +/-    6.717164     % 

  Energy interval (GeV):  1.6800000E-03  1.6699999E-03

  Flux (Part/sr/GeV/cmq/pr):

   7.814507     +/-    8.331656     % 

  Flux (Part/deg/GeV/cmq/pr):

  0.5455556     +/-    8.331656     % 

  Energy interval (GeV):  1.6699999E-03  1.6600000E-03

  Flux (Part/sr/GeV/cmq/pr):

   8.689859     +/-    3.216880     % 

  Flux (Part/deg/GeV/cmq/pr):

  0.6066667     +/-    3.216880     % 

  Energy interval (GeV):  1.6600000E-03  1.6500000E-03

  Flux (Part/sr/GeV/cmq/pr):

   8.005493     +/-    7.019046     % 

  Flux (Part/deg/GeV/cmq/pr):

  0.5588889     +/-    7.019046     % 

  Energy interval (GeV):  1.6500000E-03  1.6399999E-03

  Flux (Part/sr/GeV/cmq/pr):

   7.782677     +/-    6.155385     % 

  Flux (Part/deg/GeV/cmq/pr):

  0.5433334     +/-    6.155385     % 

  Energy interval (GeV):  1.6399999E-03  1.6300000E-03

  Flux (Part/sr/GeV/cmq/pr):

   7.894085     +/-    4.645854     % 

  Flux (Part/deg/GeV/cmq/pr):

  0.5511112     +/-    4.645854     % 

  Energy interval (GeV):  1.6300000E-03  1.6200000E-03

  Flux (Part/sr/GeV/cmq/pr):

   7.623522     +/-    3.980308     % 

  Flux (Part/deg/GeV/cmq/pr):

  0.5322223     +/-    3.980308     % 

  Energy interval (GeV):  1.6200000E-03  1.6099999E-03

  Flux (Part/sr/GeV/cmq/pr):

   8.196480     +/-    6.491074     % 

  Flux (Part/deg/GeV/cmq/pr):

  0.5722222     +/-    6.491074     % 

  Energy interval (GeV):  1.6099999E-03  1.6000000E-03

  Flux (Part/sr/GeV/cmq/pr):

   7.798592     +/-    3.414939     % 

  Flux (Part/deg/GeV/cmq/pr):

  0.5444445     +/-    3.414939     % 

  Energy interval (GeV):  1.6000000E-03  1.5900000E-03

  Flux (Part/sr/GeV/cmq/pr):

   7.719015     +/-    5.102832     % 

  Flux (Part/deg/GeV/cmq/pr):

  0.5388889     +/-    5.102832     % 

  Energy interval (GeV):  1.5900000E-03  1.5799999E-03

  Flux (Part/sr/GeV/cmq/pr):

   8.419296     +/-    1.753047     % 

  Flux (Part/deg/GeV/cmq/pr):

  0.5877778     +/-    1.753047     % 

  Energy interval (GeV):  1.5799999E-03  1.5700000E-03

  Flux (Part/sr/GeV/cmq/pr):

   8.482959     +/-    5.900256     % 

  Flux (Part/deg/GeV/cmq/pr):

  0.5922223     +/-    5.900256     % 

  Energy interval (GeV):  1.5700000E-03  1.5600000E-03

  Flux (Part/sr/GeV/cmq/pr):

   8.021409     +/-    7.648545     % 

  Flux (Part/deg/GeV/cmq/pr):

  0.5600001     +/-    7.648545     % 

  Energy interval (GeV):  1.5600000E-03  1.5499999E-03

  Flux (Part/sr/GeV/cmq/pr):

   8.451128     +/-    3.477624     % 

  Flux (Part/deg/GeV/cmq/pr):

  0.5900000     +/-    3.477624     % 

  Energy interval (GeV):  1.5499999E-03  1.5400000E-03

  Flux (Part/sr/GeV/cmq/pr):

   8.339719     +/-    3.663426     % 

  Flux (Part/deg/GeV/cmq/pr):

  0.5822223     +/-    3.663426     % 

  Energy interval (GeV):  1.5400000E-03  1.5300000E-03

  Flux (Part/sr/GeV/cmq/pr):

   8.244226     +/-    5.558370     % 

  Flux (Part/deg/GeV/cmq/pr):

  0.5755556     +/-    5.558370     % 

  Energy interval (GeV):  1.5300000E-03  1.5199999E-03

  Flux (Part/sr/GeV/cmq/pr):

   7.750846     +/-    3.505826     % 

  Flux (Part/deg/GeV/cmq/pr):

  0.5411111     +/-    3.505826     % 

  Energy interval (GeV):  1.5199999E-03  1.5100000E-03

  Flux (Part/sr/GeV/cmq/pr):

   8.530705     +/-    1.265360     % 

  Flux (Part/deg/GeV/cmq/pr):

  0.5955556     +/-    1.265360     % 

  Energy interval (GeV):  1.5100000E-03  1.5000000E-03

  Flux (Part/sr/GeV/cmq/pr):

   8.355635     +/-    2.904372     % 

  Flux (Part/deg/GeV/cmq/pr):

  0.5833334     +/-    2.904372     % 

  Energy interval (GeV):  1.5000000E-03  1.4899999E-03

  Flux (Part/sr/GeV/cmq/pr):

   8.132817     +/-    3.131116     % 

  Flux (Part/deg/GeV/cmq/pr):

  0.5677778     +/-    3.131116     % 

  Energy interval (GeV):  1.4899999E-03  1.4800000E-03

  Flux (Part/sr/GeV/cmq/pr):

   7.480282     +/-    3.226755     % 

  Flux (Part/deg/GeV/cmq/pr):

  0.5222223     +/-    3.226755     % 

  Energy interval (GeV):  1.4800000E-03  1.4700000E-03

  Flux (Part/sr/GeV/cmq/pr):

   8.100986     +/-    1.848222     % 

  Flux (Part/deg/GeV/cmq/pr):

  0.5655556     +/-    1.848222     % 

  Energy interval (GeV):  1.4700000E-03  1.4599999E-03

  Flux (Part/sr/GeV/cmq/pr):

   7.894085     +/-    6.957836     % 

  Flux (Part/deg/GeV/cmq/pr):

  0.5511112     +/-    6.957836     % 

  Energy interval (GeV):  1.4599999E-03  1.4500000E-03

  Flux (Part/sr/GeV/cmq/pr):

   8.482959     +/-    5.641011     % 

  Flux (Part/deg/GeV/cmq/pr):

  0.5922223     +/-    5.641011     % 

  Energy interval (GeV):  1.4500000E-03  1.4400000E-03

  Flux (Part/sr/GeV/cmq/pr):

   8.069156     +/-    2.304403     % 

  Flux (Part/deg/GeV/cmq/pr):

  0.5633334     +/-    2.304403     % 

  Energy interval (GeV):  1.4400000E-03  1.4299999E-03

  Flux (Part/sr/GeV/cmq/pr):

   9.055916     +/-    3.763201     % 

  Flux (Part/deg/GeV/cmq/pr):

  0.6322222     +/-    3.763201     % 

  Energy interval (GeV):  1.4299999E-03  1.4200000E-03

  Flux (Part/sr/GeV/cmq/pr):

   7.910001     +/-    2.802493     % 

  Flux (Part/deg/GeV/cmq/pr):

  0.5522223     +/-    2.802493     % 

  Energy interval (GeV):  1.4200000E-03  1.4099999E-03

  Flux (Part/sr/GeV/cmq/pr):

   7.639437     +/-    4.307515     % 

  Flux (Part/deg/GeV/cmq/pr):

  0.5333334     +/-    4.307515     % 

  Energy interval (GeV):  1.4099999E-03  1.4000000E-03

  Flux (Part/sr/GeV/cmq/pr):

   8.228311     +/-    6.455830     % 

  Flux (Part/deg/GeV/cmq/pr):

  0.5744445     +/-    6.455830     % 

  Energy interval (GeV):  1.4000000E-03  1.3900000E-03

  Flux (Part/sr/GeV/cmq/pr):

   8.435212     +/-    3.653757     % 

  Flux (Part/deg/GeV/cmq/pr):

  0.5888889     +/-    3.653757     % 

  Energy interval (GeV):  1.3900000E-03  1.3799999E-03

  Flux (Part/sr/GeV/cmq/pr):

   8.546620     +/-    6.038519     % 

  Flux (Part/deg/GeV/cmq/pr):

  0.5966667     +/-    6.038519     % 

  Energy interval (GeV):  1.3799999E-03  1.3700000E-03

  Flux (Part/sr/GeV/cmq/pr):

   8.132817     +/-    3.236367     % 

  Flux (Part/deg/GeV/cmq/pr):

  0.5677778     +/-    3.236367     % 

  Energy interval (GeV):  1.3700000E-03  1.3600000E-03

  Flux (Part/sr/GeV/cmq/pr):

   8.116902     +/-    3.809678     % 

  Flux (Part/deg/GeV/cmq/pr):

  0.5666667     +/-    3.809678     % 

  Energy interval (GeV):  1.3600000E-03  1.3499999E-03

  Flux (Part/sr/GeV/cmq/pr):

   7.623522     +/-    6.966419     % 

  Flux (Part/deg/GeV/cmq/pr):

  0.5322223     +/-    6.966419     % 

  Energy interval (GeV):  1.3499999E-03  1.3400000E-03

  Flux (Part/sr/GeV/cmq/pr):

   8.276057     +/-    5.966188     % 

  Flux (Part/deg/GeV/cmq/pr):

  0.5777778     +/-    5.966188     % 

  Energy interval (GeV):  1.3400000E-03  1.3300000E-03

  Flux (Part/sr/GeV/cmq/pr):

   8.164649     +/-    3.575816     % 

  Flux (Part/deg/GeV/cmq/pr):

  0.5700001     +/-    3.575816     % 

  Energy interval (GeV):  1.3300000E-03  1.3199999E-03

  Flux (Part/sr/GeV/cmq/pr):

   8.467043     +/-    4.124644     % 

  Flux (Part/deg/GeV/cmq/pr):

  0.5911111     +/-    4.124644     % 

  Energy interval (GeV):  1.3199999E-03  1.3100000E-03

  Flux (Part/sr/GeV/cmq/pr):

   8.085072     +/-    5.005189     % 

  Flux (Part/deg/GeV/cmq/pr):

  0.5644445     +/-    5.005189     % 

  Energy interval (GeV):  1.3100000E-03  1.3000000E-03

  Flux (Part/sr/GeV/cmq/pr):

   8.276057     +/-    2.488881     % 

  Flux (Part/deg/GeV/cmq/pr):

  0.5777778     +/-    2.488881     % 

  Energy interval (GeV):  1.3000000E-03  1.2899999E-03

  Flux (Part/sr/GeV/cmq/pr):

   6.955071     +/-    2.065843     % 

  Flux (Part/deg/GeV/cmq/pr):

  0.4855556     +/-    2.065843     % 

  Energy interval (GeV):  1.2899999E-03  1.2800000E-03

  Flux (Part/sr/GeV/cmq/pr):

   7.925916     +/-    3.184489     % 

  Flux (Part/deg/GeV/cmq/pr):

  0.5533333     +/-    3.184489     % 

  Energy interval (GeV):  1.2800000E-03  1.2700000E-03

  Flux (Part/sr/GeV/cmq/pr):

   8.721691     +/-    4.512504     % 

  Flux (Part/deg/GeV/cmq/pr):

  0.6088889     +/-    4.512504     % 

  Energy interval (GeV):  1.2700000E-03  1.2599999E-03

  Flux (Part/sr/GeV/cmq/pr):

   7.894085     +/-    3.843886     % 

  Flux (Part/deg/GeV/cmq/pr):

  0.5511112     +/-    3.843886     % 

  Energy interval (GeV):  1.2599999E-03  1.2500000E-03

  Flux (Part/sr/GeV/cmq/pr):

   7.910001     +/-    7.132222     % 

  Flux (Part/deg/GeV/cmq/pr):

  0.5522223     +/-    7.132222     % 

  Energy interval (GeV):  1.2500000E-03  1.2400000E-03

  Flux (Part/sr/GeV/cmq/pr):

   7.894085     +/-    4.293455     % 

  Flux (Part/deg/GeV/cmq/pr):

  0.5511112     +/-    4.293455     % 

  Energy interval (GeV):  1.2400000E-03  1.2299999E-03

  Flux (Part/sr/GeV/cmq/pr):

   8.244226     +/-    3.975147     % 

  Flux (Part/deg/GeV/cmq/pr):

  0.5755556     +/-    3.975147     % 

  Energy interval (GeV):  1.2299999E-03  1.2200000E-03

  Flux (Part/sr/GeV/cmq/pr):

   8.148733     +/-    7.113504     % 

  Flux (Part/deg/GeV/cmq/pr):

  0.5688889     +/-    7.113504     % 

  Energy interval (GeV):  1.2200000E-03  1.2100000E-03

  Flux (Part/sr/GeV/cmq/pr):

   8.180564     +/-    2.972901     % 

  Flux (Part/deg/GeV/cmq/pr):

  0.5711111     +/-    2.972901     % 

  Energy interval (GeV):  1.2100000E-03  1.1999999E-03

  Flux (Part/sr/GeV/cmq/pr):

   8.626198     +/-    7.202665     % 

  Flux (Part/deg/GeV/cmq/pr):

  0.6022223     +/-    7.202665     % 

  Energy interval (GeV):  1.1999999E-03  1.1900000E-03

  Flux (Part/sr/GeV/cmq/pr):

   7.782677     +/-    5.157268     % 

  Flux (Part/deg/GeV/cmq/pr):

  0.5433334     +/-    5.157268     % 

  Energy interval (GeV):  1.1900000E-03  1.1800000E-03

  Flux (Part/sr/GeV/cmq/pr):

   8.737606     +/-    3.984452     % 

  Flux (Part/deg/GeV/cmq/pr):

  0.6100000     +/-    3.984452     % 

  Energy interval (GeV):  1.1800000E-03  1.1699999E-03

  Flux (Part/sr/GeV/cmq/pr):

   8.212395     +/-    6.730137     % 

  Flux (Part/deg/GeV/cmq/pr):

  0.5733334     +/-    6.730137     % 

  Energy interval (GeV):  1.1699999E-03  1.1600000E-03

  Flux (Part/sr/GeV/cmq/pr):

   7.941832     +/-    3.374240     % 

  Flux (Part/deg/GeV/cmq/pr):

  0.5544445     +/-    3.374240     % 

  Energy interval (GeV):  1.1600000E-03  1.1500000E-03

  Flux (Part/sr/GeV/cmq/pr):

   8.053240     +/-    5.679885     % 

  Flux (Part/deg/GeV/cmq/pr):

  0.5622222     +/-    5.679885     % 

  Energy interval (GeV):  1.1500000E-03  1.1399999E-03

  Flux (Part/sr/GeV/cmq/pr):

   8.164649     +/-    4.288498     % 

  Flux (Part/deg/GeV/cmq/pr):

  0.5700001     +/-    4.288498     % 

  Energy interval (GeV):  1.1399999E-03  1.1300000E-03

  Flux (Part/sr/GeV/cmq/pr):

   8.482959     +/-    2.365764     % 

  Flux (Part/deg/GeV/cmq/pr):

  0.5922223     +/-    2.365764     % 

  Energy interval (GeV):  1.1300000E-03  1.1199999E-03

  Flux (Part/sr/GeV/cmq/pr):

   8.642114     +/-    1.737381     % 

  Flux (Part/deg/GeV/cmq/pr):

  0.6033334     +/-    1.737381     % 

  Energy interval (GeV):  1.1199999E-03  1.1100000E-03

  Flux (Part/sr/GeV/cmq/pr):

   7.687184     +/-    3.115925     % 

  Flux (Part/deg/GeV/cmq/pr):

  0.5366667     +/-    3.115925     % 

  Energy interval (GeV):  1.1100000E-03  1.1000000E-03

  Flux (Part/sr/GeV/cmq/pr):

   8.132817     +/-    4.787526     % 

  Flux (Part/deg/GeV/cmq/pr):

  0.5677778     +/-    4.787526     % 

  Energy interval (GeV):  1.1000000E-03  1.0899999E-03

  Flux (Part/sr/GeV/cmq/pr):

   8.021409     +/-    3.743643     % 

  Flux (Part/deg/GeV/cmq/pr):

  0.5600000     +/-    3.743643     % 

  Energy interval (GeV):  1.0899999E-03  1.0800000E-03

  Flux (Part/sr/GeV/cmq/pr):

   7.543944     +/-    3.189075     % 

  Flux (Part/deg/GeV/cmq/pr):

  0.5266667     +/-    3.189075     % 

  Energy interval (GeV):  1.0800000E-03  1.0700000E-03

  Flux (Part/sr/GeV/cmq/pr):

   7.671268     +/-    2.677073     % 

  Flux (Part/deg/GeV/cmq/pr):

  0.5355556     +/-    2.677073     % 

  Energy interval (GeV):  1.0700000E-03  1.0599999E-03

  Flux (Part/sr/GeV/cmq/pr):

   8.912677     +/-    3.819508     % 

  Flux (Part/deg/GeV/cmq/pr):

  0.6222222     +/-    3.819508     % 

  Energy interval (GeV):  1.0599999E-03  1.0500000E-03

  Flux (Part/sr/GeV/cmq/pr):

   8.196480     +/-    4.331011     % 

  Flux (Part/deg/GeV/cmq/pr):

  0.5722222     +/-    4.331011     % 

  Energy interval (GeV):  1.0500000E-03  1.0400000E-03

  Flux (Part/sr/GeV/cmq/pr):

   7.941832     +/-    4.725381     % 

  Flux (Part/deg/GeV/cmq/pr):

  0.5544445     +/-    4.725381     % 

  Energy interval (GeV):  1.0400000E-03  1.0299999E-03

  Flux (Part/sr/GeV/cmq/pr):

   8.164649     +/-    5.281176     % 

  Flux (Part/deg/GeV/cmq/pr):

  0.5700001     +/-    5.281176     % 

  Energy interval (GeV):  1.0299999E-03  1.0200000E-03

  Flux (Part/sr/GeV/cmq/pr):

   8.992254     +/-    5.561861     % 

  Flux (Part/deg/GeV/cmq/pr):

  0.6277778     +/-    5.561861     % 

  Energy interval (GeV):  1.0200000E-03  1.0100000E-03

  Flux (Part/sr/GeV/cmq/pr):

   8.482959     +/-    3.324586     % 

  Flux (Part/deg/GeV/cmq/pr):

  0.5922223     +/-    3.324586     % 

  Energy interval (GeV):  1.0100000E-03  9.9999993E-04

  Flux (Part/sr/GeV/cmq/pr):

   8.085072     +/-    4.917321     % 

  Flux (Part/deg/GeV/cmq/pr):

  0.5644445     +/-    4.917321     % 

  Energy interval (GeV):  9.9999993E-04  9.8999997E-04

  Flux (Part/sr/GeV/cmq/pr):

   7.512113     +/-    1.592510     % 

  Flux (Part/deg/GeV/cmq/pr):

  0.5244445     +/-    1.592510     % 

  Energy interval (GeV):  9.8999997E-04  9.8000001E-04

  Flux (Part/sr/GeV/cmq/pr):

   8.451127     +/-    3.852594     % 

  Flux (Part/deg/GeV/cmq/pr):

  0.5900000     +/-    3.852594     % 

  Energy interval (GeV):  9.8000001E-04  9.6999999E-04

  Flux (Part/sr/GeV/cmq/pr):

   8.307888     +/-    2.508775     % 

  Flux (Part/deg/GeV/cmq/pr):

  0.5800000     +/-    2.508775     % 

  Energy interval (GeV):  9.6999999E-04  9.5999998E-04

  Flux (Part/sr/GeV/cmq/pr):

   7.910001     +/-    6.524515     % 

  Flux (Part/deg/GeV/cmq/pr):

  0.5522223     +/-    6.524515     % 

  Energy interval (GeV):  9.5999998E-04  9.4999996E-04

  Flux (Part/sr/GeV/cmq/pr):

   8.403381     +/-    1.709798     % 

  Flux (Part/deg/GeV/cmq/pr):

  0.5866667     +/-    1.709798     % 

  Energy interval (GeV):  9.4999996E-04  9.4000000E-04

  Flux (Part/sr/GeV/cmq/pr):

   8.419296     +/-    3.958486     % 

  Flux (Part/deg/GeV/cmq/pr):

  0.5877778     +/-    3.958486     % 

  Energy interval (GeV):  9.4000000E-04  9.2999998E-04

  Flux (Part/sr/GeV/cmq/pr):

   8.371550     +/-    4.103998     % 

  Flux (Part/deg/GeV/cmq/pr):

  0.5844445     +/-    4.103998     % 

  Energy interval (GeV):  9.2999998E-04  9.1999996E-04

  Flux (Part/sr/GeV/cmq/pr):

   8.387465     +/-    4.120313     % 

  Flux (Part/deg/GeV/cmq/pr):

  0.5855556     +/-    4.120313     % 

  Energy interval (GeV):  9.1999996E-04  9.1000000E-04

  Flux (Part/sr/GeV/cmq/pr):

   7.798592     +/-    5.949950     % 

  Flux (Part/deg/GeV/cmq/pr):

  0.5444445     +/-    5.949950     % 

  Energy interval (GeV):  9.1000000E-04  8.9999998E-04

  Flux (Part/sr/GeV/cmq/pr):

   8.467043     +/-    4.942929     % 

  Flux (Part/deg/GeV/cmq/pr):

  0.5911111     +/-    4.942929     % 

  Energy interval (GeV):  8.9999998E-04  8.8999997E-04

  Flux (Part/sr/GeV/cmq/pr):

   8.307888     +/-    3.692402     % 

  Flux (Part/deg/GeV/cmq/pr):

  0.5800000     +/-    3.692402     % 

  Energy interval (GeV):  8.8999997E-04  8.7999995E-04

  Flux (Part/sr/GeV/cmq/pr):

   7.957747     +/-    4.711687     % 

  Flux (Part/deg/GeV/cmq/pr):

  0.5555556     +/-    4.711687     % 

  Energy interval (GeV):  8.7999995E-04  8.6999999E-04

  Flux (Part/sr/GeV/cmq/pr):

   8.642114     +/-    5.213770     % 

  Flux (Part/deg/GeV/cmq/pr):

  0.6033334     +/-    5.213770     % 

  Energy interval (GeV):  8.6999999E-04  8.5999997E-04

  Flux (Part/sr/GeV/cmq/pr):

   7.703099     +/-    4.613039     % 

  Flux (Part/deg/GeV/cmq/pr):

  0.5377778     +/-    4.613039     % 

  Energy interval (GeV):  8.5999997E-04  8.4999995E-04

  Flux (Part/sr/GeV/cmq/pr):

   8.451127     +/-    4.460534     % 

  Flux (Part/deg/GeV/cmq/pr):

  0.5900000     +/-    4.460534     % 

  Energy interval (GeV):  8.4999995E-04  8.3999999E-04

  Flux (Part/sr/GeV/cmq/pr):

   7.862254     +/-    2.704533     % 

  Flux (Part/deg/GeV/cmq/pr):

  0.5488889     +/-    2.704533     % 

  Energy interval (GeV):  8.3999999E-04  8.2999998E-04

  Flux (Part/sr/GeV/cmq/pr):

   8.323803     +/-    4.017572     % 

  Flux (Part/deg/GeV/cmq/pr):

  0.5811111     +/-    4.017572     % 

  Energy interval (GeV):  8.2999998E-04  8.1999996E-04

  Flux (Part/sr/GeV/cmq/pr):

   8.355635     +/-    3.026714     % 

  Flux (Part/deg/GeV/cmq/pr):

  0.5833334     +/-    3.026714     % 

  Energy interval (GeV):  8.1999996E-04  8.1000000E-04

  Flux (Part/sr/GeV/cmq/pr):

   8.737606     +/-    4.924774     % 

  Flux (Part/deg/GeV/cmq/pr):

  0.6100000     +/-    4.924774     % 

  Energy interval (GeV):  8.1000000E-04  7.9999998E-04

  Flux (Part/sr/GeV/cmq/pr):

   8.451128     +/-    4.767980     % 

  Flux (Part/deg/GeV/cmq/pr):

  0.5900000     +/-    4.767980     % 

  Energy interval (GeV):  7.9999998E-04  7.8999996E-04

  Flux (Part/sr/GeV/cmq/pr):

   8.116902     +/-    3.896982     % 

  Flux (Part/deg/GeV/cmq/pr):

  0.5666667     +/-    3.896982     % 

  Energy interval (GeV):  7.8999996E-04  7.8000000E-04

  Flux (Part/sr/GeV/cmq/pr):

   8.132817     +/-    3.573773     % 

  Flux (Part/deg/GeV/cmq/pr):

  0.5677778     +/-    3.573773     % 

  Energy interval (GeV):  7.8000000E-04  7.6999998E-04

  Flux (Part/sr/GeV/cmq/pr):

   7.814507     +/-    6.239296     % 

  Flux (Part/deg/GeV/cmq/pr):

  0.5455556     +/-    6.239296     % 

  Energy interval (GeV):  7.6999998E-04  7.5999997E-04

  Flux (Part/sr/GeV/cmq/pr):

   8.037325     +/-    2.920373     % 

  Flux (Part/deg/GeV/cmq/pr):

  0.5611112     +/-    2.920373     % 

  Energy interval (GeV):  7.5999997E-04  7.5000001E-04

  Flux (Part/sr/GeV/cmq/pr):

   8.037325     +/-    4.009595     % 

  Flux (Part/deg/GeV/cmq/pr):

  0.5611112     +/-    4.009595     % 

  Energy interval (GeV):  7.5000001E-04  7.3999999E-04

  Flux (Part/sr/GeV/cmq/pr):

   8.626198     +/-    2.135762     % 

  Flux (Part/deg/GeV/cmq/pr):

  0.6022223     +/-    2.135762     % 

  Energy interval (GeV):  7.3999999E-04  7.2999997E-04

  Flux (Part/sr/GeV/cmq/pr):

   8.451128     +/-    2.751721     % 

  Flux (Part/deg/GeV/cmq/pr):

  0.5900000     +/-    2.751721     % 

  Energy interval (GeV):  7.2999997E-04  7.2000001E-04

  Flux (Part/sr/GeV/cmq/pr):

   7.910001     +/-    4.561684     % 

  Flux (Part/deg/GeV/cmq/pr):

  0.5522223     +/-    4.561684     % 

  Energy interval (GeV):  7.2000001E-04  7.0999999E-04

  Flux (Part/sr/GeV/cmq/pr):

   9.230987     +/-    3.415794     % 

  Flux (Part/deg/GeV/cmq/pr):

  0.6444445     +/-    3.415794     % 

  Energy interval (GeV):  7.0999999E-04  6.9999998E-04

  Flux (Part/sr/GeV/cmq/pr):

   8.753522     +/-    3.239733     % 

  Flux (Part/deg/GeV/cmq/pr):

  0.6111112     +/-    3.239733     % 

  Energy interval (GeV):  6.9999998E-04  6.8999996E-04

  Flux (Part/sr/GeV/cmq/pr):

   8.148733     +/-    5.992943     % 

  Flux (Part/deg/GeV/cmq/pr):

  0.5688889     +/-    5.992943     % 

  Energy interval (GeV):  6.8999996E-04  6.8000000E-04

  Flux (Part/sr/GeV/cmq/pr):

   8.100986     +/-    3.641209     % 

  Flux (Part/deg/GeV/cmq/pr):

  0.5655556     +/-    3.641209     % 

  Energy interval (GeV):  6.8000000E-04  6.6999998E-04

  Flux (Part/sr/GeV/cmq/pr):

   8.291972     +/-    2.788069     % 

  Flux (Part/deg/GeV/cmq/pr):

  0.5788889     +/-    2.788069     % 

  Energy interval (GeV):  6.6999998E-04  6.5999996E-04

  Flux (Part/sr/GeV/cmq/pr):

   8.037325     +/-    2.146484     % 

  Flux (Part/deg/GeV/cmq/pr):

  0.5611112     +/-    2.146484     % 

  Energy interval (GeV):  6.5999996E-04  6.5000000E-04

  Flux (Part/sr/GeV/cmq/pr):

   8.705775     +/-    6.243886     % 

  Flux (Part/deg/GeV/cmq/pr):

  0.6077778     +/-    6.243886     % 

  Energy interval (GeV):  6.5000000E-04  6.3999998E-04

  Flux (Part/sr/GeV/cmq/pr):

   7.862254     +/-    2.249607     % 

  Flux (Part/deg/GeV/cmq/pr):

  0.5488889     +/-    2.249607     % 

  Energy interval (GeV):  6.3999998E-04  6.2999997E-04

  Flux (Part/sr/GeV/cmq/pr):

   8.833099     +/-    3.500785     % 

  Flux (Part/deg/GeV/cmq/pr):

  0.6166667     +/-    3.500785     % 

  Energy interval (GeV):  6.2999997E-04  6.2000001E-04

  Flux (Part/sr/GeV/cmq/pr):

   8.085072     +/-    4.397305     % 

  Flux (Part/deg/GeV/cmq/pr):

  0.5644445     +/-    4.397305     % 

  Energy interval (GeV):  6.2000001E-04  6.0999999E-04

  Flux (Part/sr/GeV/cmq/pr):

   8.498874     +/-    3.508426     % 

  Flux (Part/deg/GeV/cmq/pr):

  0.5933334     +/-    3.508426     % 

  Energy interval (GeV):  6.0999999E-04  5.9999997E-04

  Flux (Part/sr/GeV/cmq/pr):

   7.655353     +/-    3.636768     % 

  Flux (Part/deg/GeV/cmq/pr):

  0.5344445     +/-    3.636768     % 

  Energy interval (GeV):  5.9999997E-04  5.9000001E-04

  Flux (Part/sr/GeV/cmq/pr):

   8.371550     +/-    4.522956     % 

  Flux (Part/deg/GeV/cmq/pr):

  0.5844445     +/-    4.522956     % 

  Energy interval (GeV):  5.9000001E-04  5.7999999E-04

  Flux (Part/sr/GeV/cmq/pr):

   8.228311     +/-    4.623997     % 

  Flux (Part/deg/GeV/cmq/pr):

  0.5744445     +/-    4.623997     % 

  Energy interval (GeV):  5.7999999E-04  5.6999997E-04

  Flux (Part/sr/GeV/cmq/pr):

   7.607606     +/-    3.366836     % 

  Flux (Part/deg/GeV/cmq/pr):

  0.5311111     +/-    3.366836     % 

  Energy interval (GeV):  5.6999997E-04  5.5999996E-04

  Flux (Part/sr/GeV/cmq/pr):

   8.260141     +/-    2.896589     % 

  Flux (Part/deg/GeV/cmq/pr):

  0.5766667     +/-    2.896589     % 

  Energy interval (GeV):  5.5999996E-04  5.5000000E-04

  Flux (Part/sr/GeV/cmq/pr):

   7.798593     +/-    3.178044     % 

  Flux (Part/deg/GeV/cmq/pr):

  0.5444445     +/-    3.178044     % 

  Energy interval (GeV):  5.5000000E-04  5.3999998E-04

  Flux (Part/sr/GeV/cmq/pr):

   7.814507     +/-    2.940841     % 

  Flux (Part/deg/GeV/cmq/pr):

  0.5455556     +/-    2.940841     % 

  Energy interval (GeV):  5.3999998E-04  5.2999996E-04

  Flux (Part/sr/GeV/cmq/pr):

   7.782677     +/-    4.600091     % 

  Flux (Part/deg/GeV/cmq/pr):

  0.5433334     +/-    4.600091     % 

  Energy interval (GeV):  5.2999996E-04  5.2000000E-04

  Flux (Part/sr/GeV/cmq/pr):

   8.196480     +/-    4.883408     % 

  Flux (Part/deg/GeV/cmq/pr):

  0.5722222     +/-    4.883408     % 

  Energy interval (GeV):  5.2000000E-04  5.0999998E-04

  Flux (Part/sr/GeV/cmq/pr):

   206.0102     +/-    1.066396     % 

  Flux (Part/deg/GeV/cmq/pr):

   14.38222     +/-    1.066396     % 

  Energy interval (GeV):  5.0999998E-04  4.9999997E-04

  Flux (Part/sr/GeV/cmq/pr):

   13.32127     +/-    3.296929     % 

  Flux (Part/deg/GeV/cmq/pr):

  0.9300001     +/-    3.296929     % 

  Energy interval (GeV):  4.9999997E-04  4.9000001E-04

  Flux (Part/sr/GeV/cmq/pr):

   12.06394     +/-    2.143545     % 

  Flux (Part/deg/GeV/cmq/pr):

  0.8422223     +/-    2.143545     % 

  Energy interval (GeV):  4.9000001E-04  4.7999999E-04

  Flux (Part/sr/GeV/cmq/pr):

   12.57324     +/-    3.839430     % 

  Flux (Part/deg/GeV/cmq/pr):

  0.8777778     +/-    3.839430     % 

  Energy interval (GeV):  4.7999999E-04  4.7000000E-04

  Flux (Part/sr/GeV/cmq/pr):

   11.95254     +/-    6.784416     % 

  Flux (Part/deg/GeV/cmq/pr):

  0.8344445     +/-    6.784416     % 

  Energy interval (GeV):  4.7000000E-04  4.5999998E-04

  Flux (Part/sr/GeV/cmq/pr):

   11.84113     +/-    3.571326     % 

  Flux (Part/deg/GeV/cmq/pr):

  0.8266667     +/-    3.571326     % 

  Energy interval (GeV):  4.5999998E-04  4.4999999E-04

  Flux (Part/sr/GeV/cmq/pr):

   11.65014     +/-    4.414070     % 

  Flux (Part/deg/GeV/cmq/pr):

  0.8133334     +/-    4.414070     % 

  Energy interval (GeV):  4.4999999E-04  4.3999997E-04

  Flux (Part/sr/GeV/cmq/pr):

   12.62099     +/-    3.131074     % 

  Flux (Part/deg/GeV/cmq/pr):

  0.8811111     +/-    3.131074     % 

  Energy interval (GeV):  4.3999997E-04  4.2999999E-04

  Flux (Part/sr/GeV/cmq/pr):

   11.28409     +/-    3.273005     % 

  Flux (Part/deg/GeV/cmq/pr):

  0.7877778     +/-    3.273005     % 

  Energy interval (GeV):  4.2999999E-04  4.2000000E-04

  Flux (Part/sr/GeV/cmq/pr):

   11.36366     +/-    3.552844     % 

  Flux (Part/deg/GeV/cmq/pr):

  0.7933334     +/-    3.552844     % 

  Energy interval (GeV):  4.2000000E-04  4.0999998E-04

  Flux (Part/sr/GeV/cmq/pr):

   11.82521     +/-    3.174999     % 

  Flux (Part/deg/GeV/cmq/pr):

  0.8255556     +/-    3.174999     % 

  Energy interval (GeV):  4.0999998E-04  3.9999999E-04

  Flux (Part/sr/GeV/cmq/pr):

   13.08254     +/-    3.930777     % 

  Flux (Part/deg/GeV/cmq/pr):

  0.9133334     +/-    3.930777     % 

  Energy interval (GeV):  3.9999999E-04  3.9000000E-04

  Flux (Part/sr/GeV/cmq/pr):

   12.12761     +/-    2.398381     % 

  Flux (Part/deg/GeV/cmq/pr):

  0.8466667     +/-    2.398381     % 

  Energy interval (GeV):  3.9000000E-04  3.7999998E-04

  Flux (Part/sr/GeV/cmq/pr):

   12.68465     +/-    1.690363     % 

  Flux (Part/deg/GeV/cmq/pr):

  0.8855556     +/-    1.690363     % 

  Energy interval (GeV):  3.7999998E-04  3.6999999E-04

  Flux (Part/sr/GeV/cmq/pr):

   12.35042     +/-    5.271705     % 

  Flux (Part/deg/GeV/cmq/pr):

  0.8622223     +/-    5.271705     % 

  Energy interval (GeV):  3.6999999E-04  3.6000001E-04

  Flux (Part/sr/GeV/cmq/pr):

   11.93662     +/-    1.873795     % 

  Flux (Part/deg/GeV/cmq/pr):

  0.8333334     +/-    1.873795     % 

  Energy interval (GeV):  3.6000001E-04  3.4999999E-04

  Flux (Part/sr/GeV/cmq/pr):

   12.28676     +/-    3.103407     % 

  Flux (Part/deg/GeV/cmq/pr):

  0.8577778     +/-    3.103407     % 

  Energy interval (GeV):  3.4999999E-04  3.4000000E-04

  Flux (Part/sr/GeV/cmq/pr):

   12.28676     +/-    4.994191     % 

  Flux (Part/deg/GeV/cmq/pr):

  0.8577778     +/-    4.994191     % 

  Energy interval (GeV):  3.4000000E-04  3.2999998E-04

  Flux (Part/sr/GeV/cmq/pr):

   13.75099     +/-    1.088825     % 

  Flux (Part/deg/GeV/cmq/pr):

  0.9600000     +/-    1.088825     % 

  Energy interval (GeV):  3.2999998E-04  3.1999999E-04

  Flux (Part/sr/GeV/cmq/pr):

   13.06662     +/-    3.207599     % 

  Flux (Part/deg/GeV/cmq/pr):

  0.9122223     +/-    3.207599     % 

  Energy interval (GeV):  3.1999999E-04  3.1000000E-04

  Flux (Part/sr/GeV/cmq/pr):

   13.14620     +/-    2.476668     % 

  Flux (Part/deg/GeV/cmq/pr):

  0.9177778     +/-    2.476668     % 

  Energy interval (GeV):  3.1000000E-04  2.9999999E-04

  Flux (Part/sr/GeV/cmq/pr):

   13.20986     +/-    1.979721     % 

  Flux (Part/deg/GeV/cmq/pr):

  0.9222223     +/-    1.979721     % 

  Energy interval (GeV):  2.9999999E-04  2.9000000E-04

  Flux (Part/sr/GeV/cmq/pr):

   14.45127     +/-    4.022463     % 

  Flux (Part/deg/GeV/cmq/pr):

   1.008889     +/-    4.022463     % 

  Energy interval (GeV):  2.9000000E-04  2.7999998E-04

  Flux (Part/sr/GeV/cmq/pr):

   13.97380     +/-    2.282172     % 

  Flux (Part/deg/GeV/cmq/pr):

  0.9755556     +/-    2.282172     % 

  Energy interval (GeV):  2.7999998E-04  2.6999999E-04

  Flux (Part/sr/GeV/cmq/pr):

   13.95789     +/-    3.258206     % 

  Flux (Part/deg/GeV/cmq/pr):

  0.9744445     +/-    3.258206     % 

  Energy interval (GeV):  2.6999999E-04  2.6000000E-04

  Flux (Part/sr/GeV/cmq/pr):

   14.62634     +/-    4.127047     % 

  Flux (Part/deg/GeV/cmq/pr):

   1.021111     +/-    4.127047     % 

  Energy interval (GeV):  2.6000000E-04  2.4999998E-04

  Flux (Part/sr/GeV/cmq/pr):

   14.38761     +/-    4.224593     % 

  Flux (Part/deg/GeV/cmq/pr):

   1.004444     +/-    4.224593     % 

  Energy interval (GeV):  2.4999998E-04  2.3999999E-04

  Flux (Part/sr/GeV/cmq/pr):

   16.05873     +/-    2.624024     % 

  Flux (Part/deg/GeV/cmq/pr):

   1.121111     +/-    2.624024     % 

  Energy interval (GeV):  2.3999999E-04  2.2999999E-04

  Flux (Part/sr/GeV/cmq/pr):

   15.43803     +/-    4.042367     % 

  Flux (Part/deg/GeV/cmq/pr):

   1.077778     +/-    4.042367     % 

  Energy interval (GeV):  2.2999999E-04  2.1999999E-04

  Flux (Part/sr/GeV/cmq/pr):

   17.26831     +/-    3.128893     % 

  Flux (Part/deg/GeV/cmq/pr):

   1.205556     +/-    3.128893     % 

  Energy interval (GeV):  2.1999999E-04  2.1000000E-04

  Flux (Part/sr/GeV/cmq/pr):

   15.48578     +/-    2.572455     % 

  Flux (Part/deg/GeV/cmq/pr):

   1.081111     +/-    2.572455     % 

  Energy interval (GeV):  2.1000000E-04  1.9999999E-04

  Flux (Part/sr/GeV/cmq/pr):

   16.53620     +/-    3.461527     % 

  Flux (Part/deg/GeV/cmq/pr):

   1.154444     +/-    3.461527     % 

  Energy interval (GeV):  1.9999999E-04  1.8999999E-04

  Flux (Part/sr/GeV/cmq/pr):

   16.67944     +/-    2.490988     % 

  Flux (Part/deg/GeV/cmq/pr):

   1.164445     +/-    2.490988     % 

  Energy interval (GeV):  1.8999999E-04  1.8000000E-04

  Flux (Part/sr/GeV/cmq/pr):

   16.75902     +/-    2.997853     % 

  Flux (Part/deg/GeV/cmq/pr):

   1.170000     +/-    2.997853     % 

  Energy interval (GeV):  1.8000000E-04  1.7000000E-04

  Flux (Part/sr/GeV/cmq/pr):

   16.12239     +/-    2.044651     % 

  Flux (Part/deg/GeV/cmq/pr):

   1.125556     +/-    2.044651     % 

  Energy interval (GeV):  1.7000000E-04  1.6000000E-04

  Flux (Part/sr/GeV/cmq/pr):

   15.02423     +/-    1.860610     % 

  Flux (Part/deg/GeV/cmq/pr):

   1.048889     +/-    1.860610     % 

  Energy interval (GeV):  1.6000000E-04  1.4999999E-04

  Flux (Part/sr/GeV/cmq/pr):

   13.84648     +/-    5.101687     % 

  Flux (Part/deg/GeV/cmq/pr):

  0.9666667     +/-    5.101687     % 

  Energy interval (GeV):  1.4999999E-04  1.3999999E-04

  Flux (Part/sr/GeV/cmq/pr):

   12.44592     +/-    3.944551     % 

  Flux (Part/deg/GeV/cmq/pr):

  0.8688889     +/-    3.944551     % 

  Energy interval (GeV):  1.3999999E-04  1.3000000E-04

  Flux (Part/sr/GeV/cmq/pr):

   11.25225     +/-    2.394103     % 

  Flux (Part/deg/GeV/cmq/pr):

  0.7855556     +/-    2.394103     % 

  Energy interval (GeV):  1.3000000E-04  1.2000000E-04

  Flux (Part/sr/GeV/cmq/pr):

   9.342395     +/-    3.338315     % 

  Flux (Part/deg/GeV/cmq/pr):

  0.6522223     +/-    3.338315     % 

  Energy interval (GeV):  1.2000000E-04  1.0999999E-04

  Flux (Part/sr/GeV/cmq/pr):

   7.862254     +/-    5.194587     % 

  Flux (Part/deg/GeV/cmq/pr):

  0.5488889     +/-    5.194587     % 

  Energy interval (GeV):  1.0999999E-04  9.9999997E-05

  Flux (Part/sr/GeV/cmq/pr):

   5.713662     +/-    5.048627     % 

  Flux (Part/deg/GeV/cmq/pr):

  0.3988889     +/-    5.048627     % 

  Energy interval (GeV):  9.9999997E-05  9.0000001E-05

  Flux (Part/sr/GeV/cmq/pr):

   4.074367     +/-    2.085367     % 

  Flux (Part/deg/GeV/cmq/pr):

  0.2844445     +/-    2.085367     % 

  Energy interval (GeV):  9.0000001E-05  7.9999998E-05

  Flux (Part/sr/GeV/cmq/pr):

   3.199014     +/-    2.879562     % 

  Flux (Part/deg/GeV/cmq/pr):

  0.2233333     +/-    2.879562     % 

  Energy interval (GeV):  7.9999998E-05  6.9999995E-05

  Flux (Part/sr/GeV/cmq/pr):

   2.307747     +/-    6.071315     % 

  Flux (Part/deg/GeV/cmq/pr):

  0.1611111     +/-    6.071315     % 

  Energy interval (GeV):  6.9999995E-05  5.9999998E-05

  Flux (Part/sr/GeV/cmq/pr):

   1.718873     +/-    10.61791     % 

  Flux (Part/deg/GeV/cmq/pr):

  0.1200000     +/-    10.61791     % 

  Energy interval (GeV):  5.9999998E-05  4.9999999E-05

  Flux (Part/sr/GeV/cmq/pr):

   1.066338     +/-    13.05437     % 

  Flux (Part/deg/GeV/cmq/pr):

  7.4444450E-02 +/-    13.05437     % 

  Energy interval (GeV):  4.9999999E-05  3.9999999E-05

  Flux (Part/sr/GeV/cmq/pr):

  0.9549296     +/-    18.25742     % 

  Flux (Part/deg/GeV/cmq/pr):

  6.6666670E-02 +/-    18.25742     % 

  Energy interval (GeV):  3.9999999E-05  2.9999999E-05

  Flux (Part/sr/GeV/cmq/pr):

  0.4933803     +/-    20.01560     % 

  Flux (Part/deg/GeV/cmq/pr):

  3.4444448E-02 +/-    20.01560     % 

  Energy interval (GeV):  2.9999999E-05  1.9999999E-05

  Flux (Part/sr/GeV/cmq/pr):

  0.1432394     +/-    32.39418     % 

  Flux (Part/deg/GeV/cmq/pr):

  9.9999998E-03 +/-    32.39418     % 

  Energy interval (GeV):  1.9999999E-05  9.9999997E-06

  Flux (Part/sr/GeV/cmq/pr):

  0.3183099     +/-    13.69306     % 

  Flux (Part/deg/GeV/cmq/pr):

  2.2222223E-02 +/-    13.69306     % 

  Energy interval (GeV):  9.9999997E-06   0.000000    

  Flux (Part/sr/GeV/cmq/pr):

   0.000000     +/-    0.000000     % 

  Flux (Part/deg/GeV/cmq/pr):

   0.000000     +/-    0.000000     % 
