  **** hpge2021new_22.bnx ****

  Simulation of HPGe detector for gamma detection v2021                           

  Total primaries run:         1000000
   Total weight of the primaries run:   1000000.00    


  Detector n:            1 (           1 )  targam    
     (Area:            1.00000000      cmq,
      distr. scored:           7    ,
      from reg.           7  to            4 ,
      one way scoring,
      current scoring)

     Tot. resp. (Part/cmq/pr)  0.1654890      +/-  0.1845557     %
     ( -->      (Part/pr)      0.1654890      +/-  0.1845557     % )

  **** Different. Fluxes as a function of energy **** ****      (integrated over solid angle)        ****


  Energy boundaries (GeV):

  3.0000000E-03  2.9899999E-03  2.9799999E-03  2.9700000E-03  2.9600000E-03
  2.9499999E-03  2.9400000E-03  2.9300000E-03  2.9199999E-03  2.9100000E-03
  2.9000000E-03  2.8899999E-03  2.8800000E-03  2.8700000E-03  2.8599999E-03
  2.8499998E-03  2.8400000E-03  2.8299999E-03  2.8199998E-03  2.8100000E-03
  2.7999999E-03  2.7899998E-03  2.7800000E-03  2.7699999E-03  2.7599998E-03
  2.7500000E-03  2.7399999E-03  2.7299998E-03  2.7200000E-03  2.7099999E-03
  2.6999998E-03  2.6900000E-03  2.6799999E-03  2.6699998E-03  2.6600000E-03
  2.6499999E-03  2.6399998E-03  2.6300000E-03  2.6199999E-03  2.6099999E-03
  2.6000000E-03  2.5899999E-03  2.5799999E-03  2.5700000E-03  2.5599999E-03
  2.5499999E-03  2.5400000E-03  2.5299999E-03  2.5199999E-03  2.5100000E-03
  2.4999999E-03  2.4899999E-03  2.4800000E-03  2.4699999E-03  2.4599999E-03
  2.4500000E-03  2.4400000E-03  2.4299999E-03  2.4200000E-03  2.4100000E-03
  2.3999999E-03  2.3900000E-03  2.3800000E-03  2.3699999E-03  2.3600000E-03
  2.3500000E-03  2.3399999E-03  2.3300000E-03  2.3200000E-03  2.3099999E-03
  2.3000001E-03  2.2900000E-03  2.2799999E-03  2.2700001E-03  2.2600000E-03
  2.2499999E-03  2.2399998E-03  2.2300000E-03  2.2199999E-03  2.2099998E-03
  2.2000000E-03  2.1899999E-03  2.1799998E-03  2.1700000E-03  2.1599999E-03
  2.1499998E-03  2.1400000E-03  2.1299999E-03  2.1199998E-03  2.1100000E-03
  2.0999999E-03  2.0899998E-03  2.0800000E-03  2.0699999E-03  2.0599999E-03
  2.0500000E-03  2.0399999E-03  2.0299999E-03  2.0200000E-03  2.0099999E-03
  1.9999999E-03  1.9900000E-03  1.9799999E-03  1.9699999E-03  1.9600000E-03
  1.9499999E-03  1.9400000E-03  1.9299999E-03  1.9200000E-03  1.9100000E-03
  1.8999999E-03  1.8900000E-03  1.8800000E-03  1.8699999E-03  1.8600000E-03
  1.8500000E-03  1.8399999E-03  1.8300000E-03  1.8200000E-03  1.8099999E-03
  1.8000000E-03  1.7900000E-03  1.7799999E-03  1.7700000E-03  1.7599999E-03
  1.7499999E-03  1.7400000E-03  1.7299999E-03  1.7199999E-03  1.7100000E-03
  1.6999999E-03  1.6899999E-03  1.6800000E-03  1.6699999E-03  1.6600000E-03
  1.6500000E-03  1.6399999E-03  1.6300000E-03  1.6200000E-03  1.6099999E-03
  1.6000000E-03  1.5900000E-03  1.5799999E-03  1.5700000E-03  1.5600000E-03
  1.5499999E-03  1.5400000E-03  1.5300000E-03  1.5199999E-03  1.5100000E-03
  1.5000000E-03  1.4899999E-03  1.4800000E-03  1.4700000E-03  1.4599999E-03
  1.4500000E-03  1.4400000E-03  1.4299999E-03  1.4200000E-03  1.4099999E-03
  1.4000000E-03  1.3900000E-03  1.3799999E-03  1.3700000E-03  1.3600000E-03
  1.3499999E-03  1.3400000E-03  1.3300000E-03  1.3199999E-03  1.3100000E-03
  1.3000000E-03  1.2899999E-03  1.2800000E-03  1.2700000E-03  1.2599999E-03
  1.2500000E-03  1.2400000E-03  1.2299999E-03  1.2200000E-03  1.2100000E-03
  1.1999999E-03  1.1900000E-03  1.1800000E-03  1.1699999E-03  1.1600000E-03
  1.1500000E-03  1.1399999E-03  1.1300000E-03  1.1199999E-03  1.1100000E-03
  1.1000000E-03  1.0899999E-03  1.0800000E-03  1.0700000E-03  1.0599999E-03
  1.0500000E-03  1.0400000E-03  1.0299999E-03  1.0200000E-03  1.0100000E-03
  9.9999993E-04  9.8999997E-04  9.8000001E-04  9.6999999E-04  9.5999998E-04
  9.4999996E-04  9.4000000E-04  9.2999998E-04  9.1999996E-04  9.1000000E-04
  8.9999998E-04  8.8999997E-04  8.7999995E-04  8.6999999E-04  8.5999997E-04
  8.4999995E-04  8.3999999E-04  8.2999998E-04  8.1999996E-04  8.1000000E-04
  7.9999998E-04  7.8999996E-04  7.8000000E-04  7.6999998E-04  7.5999997E-04
  7.5000001E-04  7.3999999E-04  7.2999997E-04  7.2000001E-04  7.0999999E-04
  6.9999998E-04  6.8999996E-04  6.8000000E-04  6.6999998E-04  6.5999996E-04
  6.5000000E-04  6.3999998E-04  6.2999997E-04  6.2000001E-04  6.0999999E-04
  5.9999997E-04  5.9000001E-04  5.7999999E-04  5.6999997E-04  5.5999996E-04
  5.5000000E-04  5.3999998E-04  5.2999996E-04  5.2000000E-04  5.0999998E-04
  4.9999997E-04  4.9000001E-04  4.7999999E-04  4.7000000E-04  4.5999998E-04
  4.4999999E-04  4.3999997E-04  4.2999999E-04  4.2000000E-04  4.0999998E-04
  3.9999999E-04  3.9000000E-04  3.7999998E-04  3.6999999E-04  3.6000001E-04
  3.4999999E-04  3.4000000E-04  3.2999998E-04  3.1999999E-04  3.1000000E-04
  2.9999999E-04  2.9000000E-04  2.7999998E-04  2.6999999E-04  2.6000000E-04
  2.4999998E-04  2.3999999E-04  2.2999999E-04  2.1999999E-04  2.1000000E-04
  1.9999999E-04  1.8999999E-04  1.8000000E-04  1.7000000E-04  1.6000000E-04
  1.4999999E-04  1.3999999E-04  1.3000000E-04  1.2000000E-04  1.0999999E-04
  9.9999997E-05  9.0000001E-05  7.9999998E-05  6.9999995E-05  5.9999998E-05
  4.9999999E-05  3.9999999E-05  2.9999999E-05  1.9999999E-05  9.9999997E-06
  Lowest boundary   (GeV):   0.000000    

  Flux (Part/GeV/cmq/pr):

   47.80000     +/-    4.673286     %    46.00000     +/-    4.008498     % 
   48.40000     +/-    5.351997     %    45.40000     +/-    3.024125     % 
   45.90000     +/-    2.049551     %    49.40000     +/-    2.507998     % 
   46.80000     +/-   0.9313884     %    45.90000     +/-    5.183171     % 
   43.20000     +/-    4.052579     %    44.00000     +/-    3.557381     % 
   46.00000     +/-    1.537188     %    49.40000     +/-    3.859449     % 
   44.40000     +/-    3.112675     %    46.70000     +/-    5.096630     % 
   49.70000     +/-    6.469994     %    46.00000     +/-    6.309968     % 
   45.60000     +/-    2.412280     %    49.70000     +/-    4.703690     % 
   49.90000     +/-    5.181436     %    47.80000     +/-    6.041645     % 
   45.80000     +/-    4.415666     %    48.20000     +/-    6.590199     % 
   45.80000     +/-    7.336375     %    46.50000     +/-    6.654516     % 
   47.70000     +/-    3.958325     %    41.70000     +/-    3.914827     % 
   43.80000     +/-    4.878051     %    44.50000     +/-    3.924551     % 
   44.90000     +/-    3.292147     %    44.50000     +/-    4.004163     % 
   46.10000     +/-    6.401889     %    46.40000     +/-    4.261578     % 
   44.00000     +/-    4.712829     %    45.00000     +/-    3.277307     % 
   46.90000     +/-    2.417012     %    44.20000     +/-    6.243279     % 
   43.20000     +/-    4.277713     %    45.60000     +/-    5.442840     % 
   46.00000     +/-    3.903975     %    44.30000     +/-    4.078851     % 
   42.10000     +/-    8.110865     %    43.00000     +/-    3.565049     % 
   41.70000     +/-    5.844632     %    41.60000     +/-    6.598547     % 
   46.00000     +/-    2.549138     %    43.20000     +/-    3.097011     % 
   44.40000     +/-    2.744608     %    44.60000     +/-    4.774785     % 
   43.20000     +/-    5.248049     %    43.30000     +/-    2.889145     % 
   44.10000     +/-    4.693933     %    46.00000     +/-    4.909387     % 
   51.10000     +/-    5.955038     %    44.40000     +/-    7.934196     % 
   41.40000     +/-    3.570470     %    42.30000     +/-    2.468158     % 
   45.20000     +/-    6.004100     %    47.20000     +/-    3.258168     % 
   44.70000     +/-    8.352643     %    46.20000     +/-    4.786438     % 
   42.00000     +/-    8.804696     %    44.90000     +/-    7.629485     % 
   45.80000     +/-    4.766131     %    43.80000     +/-    6.132592     % 
   45.80000     +/-    5.475955     %    41.10000     +/-    1.820759     % 
   44.00000     +/-    6.108946     %    40.00000     +/-    4.660337     % 
   44.20000     +/-    3.993068     %    44.90000     +/-    6.712992     % 
   46.10000     +/-    3.169553     %    43.10000     +/-    9.597270     % 
   41.10000     +/-    5.322298     %    42.10000     +/-    6.498510     % 
   43.50000     +/-    8.791413     %    45.60000     +/-    6.490635     % 
   39.80000     +/-    2.468202     %    43.50000     +/-    5.689365     % 
   40.10000     +/-    4.721720     %    44.20000     +/-    3.211554     % 
   44.40000     +/-    4.729729     %    37.70000     +/-    7.050416     % 
   42.00000     +/-    1.725165     %    40.20000     +/-    4.921979     % 
   40.80000     +/-    1.200731     %    42.80000     +/-    3.316606     % 
   44.30000     +/-    1.805869     %    46.20000     +/-    6.012098     % 
   40.60000     +/-    4.290949     %    43.50000     +/-    3.897891     % 
   43.10000     +/-    5.075324     %    42.70000     +/-    6.430694     % 
   44.00000     +/-    3.768892     %    43.30000     +/-    6.982087     % 
   46.60000     +/-    4.119390     %    41.10000     +/-    3.911906     % 
   38.80000     +/-    7.029991     %    42.70000     +/-    7.118822     % 
   45.70000     +/-    3.877471     %    41.60000     +/-    1.989538     % 
   43.20000     +/-    5.897101     %    42.90000     +/-    5.890107     % 
   43.10000     +/-    2.827392     %    43.60000     +/-    3.633711     % 
   40.40000     +/-    6.817050     %    45.90000     +/-    3.795480     % 
   45.00000     +/-    9.414987     %    41.30000     +/-    1.246445     % 
   44.00000     +/-    3.717143     %    40.00000     +/-    4.419418     % 
   42.70000     +/-    5.044650     %    44.20000     +/-    7.891032     % 
   42.40000     +/-    5.344466     %    44.30000     +/-    4.350865     % 
   39.30000     +/-    3.026814     %    39.50000     +/-    7.047803     % 
   43.40000     +/-    4.377881     %    44.80000     +/-    1.035002     % 
   45.20000     +/-    7.148449     %    39.60000     +/-    5.954458     % 
   43.70000     +/-    3.082882     %    42.00000     +/-    6.702709     % 
   46.40000     +/-    3.906157     %    44.60000     +/-    5.322457     % 
   44.80000     +/-    2.015119     %    37.90000     +/-    6.346180     % 
   44.40000     +/-    3.329221     %    47.70000     +/-    7.770965     % 
   45.10000     +/-    5.860122     %    43.10000     +/-    4.315794     % 
   43.20000     +/-    5.286199     %    46.60000     +/-    4.493647     % 
   42.70000     +/-    6.504891     %    43.40000     +/-    8.585849     % 
   44.00000     +/-    4.206080     %    47.20000     +/-    3.206090     % 
   44.00000     +/-    6.119506     %    45.60000     +/-    4.834519     % 
   43.20000     +/-    3.203322     %    42.10000     +/-    5.058322     % 
   44.00000     +/-    5.715808     %    44.90000     +/-    6.042165     % 
   43.60000     +/-    5.528427     %    45.70000     +/-    6.758620     % 
   45.10000     +/-    1.731762     %    44.50000     +/-    4.871794     % 
   45.90000     +/-    5.450979     %    44.10000     +/-    3.767177     % 
   46.80000     +/-    3.801378     %    42.10000     +/-    4.370159     % 
   46.70000     +/-    7.544952     %    42.50000     +/-    2.495671     % 
   42.50000     +/-    3.389380     %    47.10000     +/-    2.107159     % 
   47.50000     +/-    1.912200     %    41.30000     +/-    4.775565     % 
   45.50000     +/-    2.928112     %    44.80000     +/-    3.432714     % 
   47.40000     +/-    2.146306     %    44.90000     +/-    7.373249     % 
   46.50000     +/-    1.127751     %    47.60000     +/-    6.970865     % 
   46.30000     +/-    3.827224     %    49.10000     +/-    4.116371     % 
   45.20000     +/-    2.723126     %    44.00000     +/-    5.485236     % 
   49.40000     +/-    1.032191     %    48.70000     +/-    5.629056     % 
   44.40000     +/-    1.647380     %    45.20000     +/-    5.124440     % 
   43.90000     +/-    3.680068     %    42.40000     +/-    5.548722     % 
   50.50000     +/-    4.258576     %    49.60000     +/-    4.197714     % 
   45.50000     +/-    3.203820     %    47.60000     +/-    3.069672     % 
   45.20000     +/-    5.015834     %    44.50000     +/-    4.740456     % 
   43.00000     +/-    6.869329     %    45.30000     +/-    3.896106     % 
   42.40000     +/-    3.322879     %    46.10000     +/-    3.871273     % 
   47.20000     +/-    4.138141     %    45.90000     +/-    4.349121     % 
   45.50000     +/-    3.333132     %    44.90000     +/-    5.801343     % 
   45.20000     +/-    4.569000     %    43.00000     +/-    3.184434     % 
   45.40000     +/-    3.868760     %    48.60000     +/-    2.935256     % 
   46.20000     +/-    3.311051     %    46.70000     +/-    4.141131     % 
   44.90000     +/-    3.911841     %    48.90000     +/-    5.796743     % 
   47.20000     +/-    5.438770     %    45.00000     +/-    3.849002     % 
   49.20000     +/-    2.097538     %    50.20000     +/-    4.614038     % 
   46.80000     +/-    2.450287     %    44.20000     +/-    4.589471     % 
   49.00000     +/-    5.030105     %    47.40000     +/-    1.578758     % 
   45.00000     +/-    1.648044     %    48.70000     +/-    5.657075     % 
   46.60000     +/-    8.579667     %    47.70000     +/-    4.798962     % 
   48.80000     +/-    4.067507     %    50.90000     +/-    4.160671     % 
   49.10000     +/-    4.898580     %    49.40000     +/-    3.977102     % 
   50.00000     +/-    3.987480     %    47.60000     +/-    5.776356     % 
   47.70000     +/-    3.985986     %    50.70000     +/-    4.642447     % 
   51.80000     +/-    3.210095     %    46.80000     +/-    5.779115     % 
   49.70000     +/-    4.725158     %    49.00000     +/-    2.831518     % 
   48.00000     +/-    5.462545     %    46.40000     +/-    3.465073     % 
   48.00000     +/-    5.081796     %    49.50000     +/-    4.261621     % 
   50.00000     +/-    5.319774     %    46.80000     +/-    2.757156     % 
   47.60000     +/-    3.719733     %    50.10000     +/-    3.209169     % 
   50.00000     +/-    3.000000     %    47.40000     +/-    4.722158     % 
   50.00000     +/-    5.291503     %    52.30000     +/-    4.324353     % 
   50.50000     +/-    2.445364     %    50.30000     +/-    3.275797     % 
   49.50000     +/-    2.189847     %    50.70000     +/-    4.417001     % 
   52.30000     +/-    7.494879     %    50.30000     +/-    4.647582     % 
   48.90000     +/-    4.918615     %    48.30000     +/-    3.348026     % 
   50.40000     +/-    5.391935     %    48.20000     +/-    4.850071     % 
   47.90000     +/-    3.883314     %    48.90000     +/-    4.554408     % 
   50.60000     +/-    4.126603     %    48.40000     +/-    5.557428     % 
   49.20000     +/-    4.294827     %    46.70000     +/-    4.866517     % 
   51.10000     +/-    2.196668     %    46.90000     +/-    5.106154     % 
   1529.300     +/-   0.9894995     %    78.00000     +/-    4.577839     % 
   86.60001     +/-    3.694248     %    80.30000     +/-    1.756755     % 
   80.50000     +/-    1.904312     %    82.50000     +/-    3.549467     % 
   74.20000     +/-    1.828121     %    79.70000     +/-    3.955805     % 
   71.20000     +/-    2.633192     %    77.30000     +/-    4.169924     % 
   80.10000     +/-    3.544337     %    85.20000     +/-    2.380924     % 
   82.90000     +/-    2.467706     %    82.30000     +/-    3.275051     % 
   85.20000     +/-    1.861356     %    87.90000     +/-    2.706571     % 
   84.90000     +/-    3.173662     %    84.20000     +/-    2.750888     % 
   87.20000     +/-    2.699222     %    86.40000     +/-    3.003690     % 
   90.70000     +/-    2.692762     %    92.50000     +/-    4.034185     % 
   91.00000     +/-    2.629338     %    99.30000     +/-    3.334687     % 
   96.50000     +/-    3.570996     %    100.4000     +/-    3.186472     % 
   104.0000     +/-    2.187368     %    108.0000     +/-    3.018149     % 
   101.3000     +/-    3.645841     %    110.0000     +/-    3.756537     % 
   113.6000     +/-    2.359583     %    117.4000     +/-    2.803795     % 
   115.7000     +/-    2.907328     %    117.7000     +/-    1.921526     % 
   118.9000     +/-    2.262233     %    102.3000     +/-    2.216185     % 
   94.40000     +/-    4.274859     %    88.10001     +/-    4.742924     % 
   72.40000     +/-    3.753502     %    66.20000     +/-    3.571478     % 
   47.90000     +/-    3.651953     %    38.90000     +/-    3.575945     % 
   29.50000     +/-    4.254204     %    23.20000     +/-    6.194012     % 
   16.70000     +/-    2.776533     %    11.20000     +/-    9.637068     % 
   6.400000     +/-    11.95083     %    5.700000     +/-    5.263159     % 
   2.500000     +/-    16.73320     %    1.200000     +/-    21.24591     % 
   1.000000     +/-    44.72136     %    0.000000     +/-    0.000000     % 


  **** Cumulative Fluxes as a function of energy **** ****      (integrated over solid angle)        ****


  Energy boundaries (GeV):

  3.0000000E-03  2.9899999E-03  2.9799999E-03  2.9700000E-03  2.9600000E-03
  2.9499999E-03  2.9400000E-03  2.9300000E-03  2.9199999E-03  2.9100000E-03
  2.9000000E-03  2.8899999E-03  2.8800000E-03  2.8700000E-03  2.8599999E-03
  2.8499998E-03  2.8400000E-03  2.8299999E-03  2.8199998E-03  2.8100000E-03
  2.7999999E-03  2.7899998E-03  2.7800000E-03  2.7699999E-03  2.7599998E-03
  2.7500000E-03  2.7399999E-03  2.7299998E-03  2.7200000E-03  2.7099999E-03
  2.6999998E-03  2.6900000E-03  2.6799999E-03  2.6699998E-03  2.6600000E-03
  2.6499999E-03  2.6399998E-03  2.6300000E-03  2.6199999E-03  2.6099999E-03
  2.6000000E-03  2.5899999E-03  2.5799999E-03  2.5700000E-03  2.5599999E-03
  2.5499999E-03  2.5400000E-03  2.5299999E-03  2.5199999E-03  2.5100000E-03
  2.4999999E-03  2.4899999E-03  2.4800000E-03  2.4699999E-03  2.4599999E-03
  2.4500000E-03  2.4400000E-03  2.4299999E-03  2.4200000E-03  2.4100000E-03
  2.3999999E-03  2.3900000E-03  2.3800000E-03  2.3699999E-03  2.3600000E-03
  2.3500000E-03  2.3399999E-03  2.3300000E-03  2.3200000E-03  2.3099999E-03
  2.3000001E-03  2.2900000E-03  2.2799999E-03  2.2700001E-03  2.2600000E-03
  2.2499999E-03  2.2399998E-03  2.2300000E-03  2.2199999E-03  2.2099998E-03
  2.2000000E-03  2.1899999E-03  2.1799998E-03  2.1700000E-03  2.1599999E-03
  2.1499998E-03  2.1400000E-03  2.1299999E-03  2.1199998E-03  2.1100000E-03
  2.0999999E-03  2.0899998E-03  2.0800000E-03  2.0699999E-03  2.0599999E-03
  2.0500000E-03  2.0399999E-03  2.0299999E-03  2.0200000E-03  2.0099999E-03
  1.9999999E-03  1.9900000E-03  1.9799999E-03  1.9699999E-03  1.9600000E-03
  1.9499999E-03  1.9400000E-03  1.9299999E-03  1.9200000E-03  1.9100000E-03
  1.8999999E-03  1.8900000E-03  1.8800000E-03  1.8699999E-03  1.8600000E-03
  1.8500000E-03  1.8399999E-03  1.8300000E-03  1.8200000E-03  1.8099999E-03
  1.8000000E-03  1.7900000E-03  1.7799999E-03  1.7700000E-03  1.7599999E-03
  1.7499999E-03  1.7400000E-03  1.7299999E-03  1.7199999E-03  1.7100000E-03
  1.6999999E-03  1.6899999E-03  1.6800000E-03  1.6699999E-03  1.6600000E-03
  1.6500000E-03  1.6399999E-03  1.6300000E-03  1.6200000E-03  1.6099999E-03
  1.6000000E-03  1.5900000E-03  1.5799999E-03  1.5700000E-03  1.5600000E-03
  1.5499999E-03  1.5400000E-03  1.5300000E-03  1.5199999E-03  1.5100000E-03
  1.5000000E-03  1.4899999E-03  1.4800000E-03  1.4700000E-03  1.4599999E-03
  1.4500000E-03  1.4400000E-03  1.4299999E-03  1.4200000E-03  1.4099999E-03
  1.4000000E-03  1.3900000E-03  1.3799999E-03  1.3700000E-03  1.3600000E-03
  1.3499999E-03  1.3400000E-03  1.3300000E-03  1.3199999E-03  1.3100000E-03
  1.3000000E-03  1.2899999E-03  1.2800000E-03  1.2700000E-03  1.2599999E-03
  1.2500000E-03  1.2400000E-03  1.2299999E-03  1.2200000E-03  1.2100000E-03
  1.1999999E-03  1.1900000E-03  1.1800000E-03  1.1699999E-03  1.1600000E-03
  1.1500000E-03  1.1399999E-03  1.1300000E-03  1.1199999E-03  1.1100000E-03
  1.1000000E-03  1.0899999E-03  1.0800000E-03  1.0700000E-03  1.0599999E-03
  1.0500000E-03  1.0400000E-03  1.0299999E-03  1.0200000E-03  1.0100000E-03
  9.9999993E-04  9.8999997E-04  9.8000001E-04  9.6999999E-04  9.5999998E-04
  9.4999996E-04  9.4000000E-04  9.2999998E-04  9.1999996E-04  9.1000000E-04
  8.9999998E-04  8.8999997E-04  8.7999995E-04  8.6999999E-04  8.5999997E-04
  8.4999995E-04  8.3999999E-04  8.2999998E-04  8.1999996E-04  8.1000000E-04
  7.9999998E-04  7.8999996E-04  7.8000000E-04  7.6999998E-04  7.5999997E-04
  7.5000001E-04  7.3999999E-04  7.2999997E-04  7.2000001E-04  7.0999999E-04
  6.9999998E-04  6.8999996E-04  6.8000000E-04  6.6999998E-04  6.5999996E-04
  6.5000000E-04  6.3999998E-04  6.2999997E-04  6.2000001E-04  6.0999999E-04
  5.9999997E-04  5.9000001E-04  5.7999999E-04  5.6999997E-04  5.5999996E-04
  5.5000000E-04  5.3999998E-04  5.2999996E-04  5.2000000E-04  5.0999998E-04
  4.9999997E-04  4.9000001E-04  4.7999999E-04  4.7000000E-04  4.5999998E-04
  4.4999999E-04  4.3999997E-04  4.2999999E-04  4.2000000E-04  4.0999998E-04
  3.9999999E-04  3.9000000E-04  3.7999998E-04  3.6999999E-04  3.6000001E-04
  3.4999999E-04  3.4000000E-04  3.2999998E-04  3.1999999E-04  3.1000000E-04
  2.9999999E-04  2.9000000E-04  2.7999998E-04  2.6999999E-04  2.6000000E-04
  2.4999998E-04  2.3999999E-04  2.2999999E-04  2.1999999E-04  2.1000000E-04
  1.9999999E-04  1.8999999E-04  1.8000000E-04  1.7000000E-04  1.6000000E-04
  1.4999999E-04  1.3999999E-04  1.3000000E-04  1.2000000E-04  1.0999999E-04
  9.9999997E-05  9.0000001E-05  7.9999998E-05  6.9999995E-05  5.9999998E-05
  4.9999999E-05  3.9999999E-05  2.9999999E-05  1.9999999E-05  9.9999997E-06
  Lowest boundary   (GeV):   0.000000    

  Cumul. Flux (Part/cmq/pr):

  4.7800000E-04 +/-    4.673286     %   9.3799998E-04 +/-    3.279876     % 
  1.4220000E-03 +/-    1.643976     %   1.8760000E-03 +/-   0.6710914     % 
  2.3350001E-03 +/-   0.8906479     %   2.8290001E-03 +/-   0.6455277     % 
  3.2970000E-03 +/-   0.6655475     %   3.7560000E-03 +/-   0.8610734     % 
  4.1880002E-03 +/-   0.8505974     %   4.6279998E-03 +/-   0.8912971     % 
  5.0880001E-03 +/-   0.7370936     %   5.5820001E-03 +/-   0.4668151     % 
  6.0260003E-03 +/-   0.4689302     %   6.4929998E-03 +/-   0.6626992     % 
  6.9900001E-03 +/-   0.4798429     %   7.4499999E-03 +/-   0.7563374     % 
  7.9060001E-03 +/-   0.7905135     %   8.4030004E-03 +/-   0.9348910     % 
  8.9020003E-03 +/-   0.6066572     %   9.3799997E-03 +/-   0.5054137     % 
  9.8379999E-03 +/-   0.3774638     %   1.0320000E-02 +/-   0.5726489     % 
  1.0778000E-02 +/-   0.5916599     %   1.1243000E-02 +/-   0.7407778     % 
  1.1720000E-02 +/-   0.6676314     %   1.2137000E-02 +/-   0.7046381     % 
  1.2575001E-02 +/-   0.8136048     %   1.3020000E-02 +/-   0.7510602     % 
  1.3469000E-02 +/-   0.6260803     %   1.3914000E-02 +/-   0.5081219     % 
  1.4375000E-02 +/-   0.4476023     %   1.4839000E-02 +/-   0.5442967     % 
  1.5279000E-02 +/-   0.6509164     %   1.5729001E-02 +/-   0.6188871     % 
  1.6198000E-02 +/-   0.6190249     %   1.6640000E-02 +/-   0.5911154     % 
  1.7072000E-02 +/-   0.6744831     %   1.7527999E-02 +/-   0.6352099     % 
  1.7988000E-02 +/-   0.6294868     %   1.8431000E-02 +/-   0.5615213     % 
  1.8852001E-02 +/-   0.6308538     %   1.9282000E-02 +/-   0.6603787     % 
  1.9699000E-02 +/-   0.6307517     %   2.0114999E-02 +/-   0.5768770     % 
  2.0575000E-02 +/-   0.5418708     %   2.1007000E-02 +/-   0.4784417     % 
  2.1451000E-02 +/-   0.4632209     %   2.1896999E-02 +/-   0.3681618     % 
  2.2329001E-02 +/-   0.3831262     %   2.2762001E-02 +/-   0.3513669     % 
  2.3203000E-02 +/-   0.3090302     %   2.3662999E-02 +/-   0.3425804     % 
  2.4174001E-02 +/-   0.3665922     %   2.4618000E-02 +/-   0.2838802     % 
  2.5032001E-02 +/-   0.2762400     %   2.5455000E-02 +/-   0.2660816     % 
  2.5907001E-02 +/-   0.3337025     %   2.6379000E-02 +/-   0.3299058     % 
  2.6826000E-02 +/-   0.3843538     %   2.7288001E-02 +/-   0.4289947     % 
  2.7708000E-02 +/-   0.5063186     %   2.8156999E-02 +/-   0.4730518     % 
  2.8615000E-02 +/-   0.5054905     %   2.9053001E-02 +/-   0.5106623     % 
  2.9511001E-02 +/-   0.4908862     %   2.9922001E-02 +/-   0.4647874     % 
  3.0362001E-02 +/-   0.3861234     %   3.0762000E-02 +/-   0.3514585     % 
  3.1204000E-02 +/-   0.3538782     %   3.1653002E-02 +/-   0.3829615     % 
  3.2113999E-02 +/-   0.3870963     %   3.2545000E-02 +/-   0.2887736     % 
  3.2956000E-02 +/-   0.3450830     %   3.3376999E-02 +/-   0.3305066     % 
  3.3812001E-02 +/-   0.4076834     %   3.4267999E-02 +/-   0.4607944     % 
  3.4666002E-02 +/-   0.4639614     %   3.5101000E-02 +/-   0.4506657     % 
  3.5502002E-02 +/-   0.4312837     %   3.5944000E-02 +/-   0.4276531     % 
  3.6387999E-02 +/-   0.4184878     %   3.6765002E-02 +/-   0.4513238     % 
  3.7184998E-02 +/-   0.4483080     %   3.7587002E-02 +/-   0.4759348     % 
  3.7994999E-02 +/-   0.4770069     %   3.8423002E-02 +/-   0.4529322     % 
  3.8866002E-02 +/-   0.4362902     %   3.9328001E-02 +/-   0.3905907     % 
  3.9733998E-02 +/-   0.3766580     %   4.0169001E-02 +/-   0.3429346     % 
  4.0600002E-02 +/-   0.3604610     %   4.1027002E-02 +/-   0.3273001     % 
  4.1467000E-02 +/-   0.3421861     %   4.1900001E-02 +/-   0.3348951     % 
  4.2366002E-02 +/-   0.3003906     %   4.2777002E-02 +/-   0.3272494     % 
  4.3165002E-02 +/-   0.3068414     %   4.3591999E-02 +/-   0.3184158     % 
  4.4048999E-02 +/-   0.3358321     %   4.4465002E-02 +/-   0.3347287     % 
  4.4897001E-02 +/-   0.3419245     %   4.5326002E-02 +/-   0.3585291     % 
  4.5756999E-02 +/-   0.3605773     %   4.6193000E-02 +/-   0.3730738     % 
  4.6597000E-02 +/-   0.3290479     %   4.7056001E-02 +/-   0.3558621     % 
  4.7506001E-02 +/-   0.2746073     %   4.7919001E-02 +/-   0.2771356     % 
  4.8358999E-02 +/-   0.2822734     %   4.8758999E-02 +/-   0.3153226     % 
  4.9185999E-02 +/-   0.3177494     %   4.9628001E-02 +/-   0.3063781     % 
  5.0052002E-02 +/-   0.3468654     %   5.0494999E-02 +/-   0.3747081     % 
  5.0888002E-02 +/-   0.3841833     %   5.1283002E-02 +/-   0.3924542     % 
  5.1717002E-02 +/-   0.3974783     %   5.2165002E-02 +/-   0.3963244     % 
  5.2616999E-02 +/-   0.4366933     %   5.3013001E-02 +/-   0.4419671     % 
  5.3450000E-02 +/-   0.4423816     %   5.3870000E-02 +/-   0.4056497     % 
  5.4334000E-02 +/-   0.4072117     %   5.4779999E-02 +/-   0.3919480     % 
  5.5227999E-02 +/-   0.4041155     %   5.5606999E-02 +/-   0.4007967     % 
  5.6051001E-02 +/-   0.4119315     %   5.6528002E-02 +/-   0.3572794     % 
  5.6979001E-02 +/-   0.3496261     %   5.7410002E-02 +/-   0.3215602     % 
  5.7842001E-02 +/-   0.2907678     %   5.8308002E-02 +/-   0.2679869     % 
  5.8735002E-02 +/-   0.2854522     %   5.9169002E-02 +/-   0.3296446     % 
  5.9609000E-02 +/-   0.3487772     %   6.0081001E-02 +/-   0.3360150     % 
  6.0520999E-02 +/-   0.3597581     %   6.0977001E-02 +/-   0.3666481     % 
  6.1409000E-02 +/-   0.3822589     %   6.1829999E-02 +/-   0.4035736     % 
  6.2270001E-02 +/-   0.4166632     %   6.2719002E-02 +/-   0.4258785     % 
  6.3155003E-02 +/-   0.3859664     %   6.3611999E-02 +/-   0.4079760     % 
  6.4062998E-02 +/-   0.4157749     %   6.4507999E-02 +/-   0.4285989     % 
  6.4966999E-02 +/-   0.4192749     %   6.5407999E-02 +/-   0.4167567     % 
  6.5876000E-02 +/-   0.4212316     %   6.6297002E-02 +/-   0.4405133     % 
  6.6763997E-02 +/-   0.4749119     %   6.7189001E-02 +/-   0.4703622     % 
  6.7614004E-02 +/-   0.4817289     %   6.8085000E-02 +/-   0.4713471     % 
  6.8559997E-02 +/-   0.4626240     %   6.8972997E-02 +/-   0.4680130     % 
  6.9427997E-02 +/-   0.4560994     %   6.9876000E-02 +/-   0.4717521     % 
  7.0349999E-02 +/-   0.4667459     %   7.0799001E-02 +/-   0.4483910     % 
  7.1263999E-02 +/-   0.4469545     %   7.1740001E-02 +/-   0.4353638     % 
  7.2203003E-02 +/-   0.4476392     %   7.2694004E-02 +/-   0.4447848     % 
  7.3146001E-02 +/-   0.4539630     %   7.3586002E-02 +/-   0.4448339     % 
  7.4079998E-02 +/-   0.4448350     %   7.4566998E-02 +/-   0.4224474     % 
  7.5011000E-02 +/-   0.4259443     %   7.5462997E-02 +/-   0.4298410     % 
  7.5902000E-02 +/-   0.4404955     %   7.6325998E-02 +/-   0.4681102     % 
  7.6830998E-02 +/-   0.4886280     %   7.7326998E-02 +/-   0.4782454     % 
  7.7781998E-02 +/-   0.4686814     %   7.8258000E-02 +/-   0.4579830     % 
  7.8709997E-02 +/-   0.4701916     %   7.9154998E-02 +/-   0.4930118     % 
  7.9585001E-02 +/-   0.4784802     %   8.0038004E-02 +/-   0.4782209     % 
  8.0462001E-02 +/-   0.4797223     %   8.0922998E-02 +/-   0.4584572     % 
  8.1395000E-02 +/-   0.4690284     %   8.1854001E-02 +/-   0.4890391     % 
  8.2309000E-02 +/-   0.4942087     %   8.2758002E-02 +/-   0.4843728     % 
  8.3209999E-02 +/-   0.4697825     %   8.3640002E-02 +/-   0.4731239     % 
  8.4094003E-02 +/-   0.4833785     %   8.4580004E-02 +/-   0.4919294     % 
  8.5042000E-02 +/-   0.4930912     %   8.5509002E-02 +/-   0.4825857     % 
  8.5958004E-02 +/-   0.4898439     %   8.6447001E-02 +/-   0.5135744     % 
  8.6919002E-02 +/-   0.5159897     %   8.7369002E-02 +/-   0.4993347     % 
  8.7861001E-02 +/-   0.4915303     %   8.8362999E-02 +/-   0.4877351     % 
  8.8831000E-02 +/-   0.4901156     %   8.9272998E-02 +/-   0.4872295     % 
  8.9763001E-02 +/-   0.4623138     %   9.0236999E-02 +/-   0.4625315     % 
  9.0686999E-02 +/-   0.4650689     %   9.1173999E-02 +/-   0.4481602     % 
  9.1640003E-02 +/-   0.4728991     %   9.2117004E-02 +/-   0.4768188     % 
  9.2605002E-02 +/-   0.4762854     %   9.3114004E-02 +/-   0.4901637     % 
  9.3605004E-02 +/-   0.4845949     %   9.4099000E-02 +/-   0.4838759     % 
  9.4599001E-02 +/-   0.4628857     %   9.5075004E-02 +/-   0.4709527     % 
  9.5551997E-02 +/-   0.4530506     %   9.6059002E-02 +/-   0.4325069     % 
  9.6577004E-02 +/-   0.4256749     %   9.7044997E-02 +/-   0.4217235     % 
  9.7542003E-02 +/-   0.4304910     %   9.8031998E-02 +/-   0.4327950     % 
  9.8512001E-02 +/-   0.4200793     %   9.8976001E-02 +/-   0.4117498     % 
  9.9455997E-02 +/-   0.3966046     %   9.9950999E-02 +/-   0.3890878     % 
  0.1004510     +/-   0.3726734     %   0.1009190     +/-   0.3737831     % 
  0.1013950     +/-   0.3786674     %   0.1018960     +/-   0.3717730     % 
  0.1023960     +/-   0.3790179     %   0.1028700     +/-   0.3877086     % 
  0.1033700     +/-   0.3996598     %   0.1038930     +/-   0.3993613     % 
  0.1043980     +/-   0.3998605     %   0.1049010     +/-   0.3839878     % 
  0.1053960     +/-   0.3744088     %   0.1059030     +/-   0.3610317     % 
  0.1064260     +/-   0.3577763     %   0.1069290     +/-   0.3761591     % 
  0.1074180     +/-   0.3734856     %   0.1079010     +/-   0.3660452     % 
  0.1084050     +/-   0.3620079     %   0.1088870     +/-   0.3650490     % 
  0.1093660     +/-   0.3750424     %   0.1098550     +/-   0.3637378     % 
  0.1103610     +/-   0.3583788     %   0.1108450     +/-   0.3347581     % 
  0.1113370     +/-   0.3287875     %   0.1118040     +/-   0.3138785     % 
  0.1123150     +/-   0.3218321     %   0.1127840     +/-   0.3371646     % 
  0.1280770     +/-   0.3030609     %   0.1288570     +/-   0.3127088     % 
  0.1297230     +/-   0.2881164     %   0.1305260     +/-   0.2938773     % 
  0.1313310     +/-   0.2975481     %   0.1321560     +/-   0.3012728     % 
  0.1328980     +/-   0.2984148     %   0.1336950     +/-   0.2990879     % 
  0.1344070     +/-   0.3004326     %   0.1351800     +/-   0.2801438     % 
  0.1359810     +/-   0.2759340     %   0.1368330     +/-   0.2616276     % 
  0.1376620     +/-   0.2544627     %   0.1384850     +/-   0.2605645     % 
  0.1393370     +/-   0.2592659     %   0.1402160     +/-   0.2515694     % 
  0.1410650     +/-   0.2552876     %   0.1419070     +/-   0.2644867     % 
  0.1427790     +/-   0.2682120     %   0.1436430     +/-   0.2693999     % 
  0.1445500     +/-   0.2695521     %   0.1454750     +/-   0.2744237     % 
  0.1463850     +/-   0.2798792     %   0.1473780     +/-   0.2858839     % 
  0.1483430     +/-   0.2799917     %   0.1493470     +/-   0.2610179     % 
  0.1503870     +/-   0.2519664     %   0.1514670     +/-   0.2689385     % 
  0.1524800     +/-   0.2750651     %   0.1535800     +/-   0.2720450     % 
  0.1547160     +/-   0.2860296     %   0.1558900     +/-   0.2867611     % 
  0.1570470     +/-   0.2727325     %   0.1582240     +/-   0.2612495     % 
  0.1594130     +/-   0.2681091     %   0.1604360     +/-   0.2574514     % 
  0.1613800     +/-   0.2326825     %   0.1622610     +/-   0.2089658     % 
  0.1629850     +/-   0.2057440     %   0.1636470     +/-   0.2041166     % 
  0.1641260     +/-   0.1945943     %   0.1645150     +/-   0.1963591     % 
  0.1648100     +/-   0.1892466     %   0.1650420     +/-   0.1943996     % 
  0.1652090     +/-   0.1953478     %   0.1653210     +/-   0.1898540     % 
  0.1653850     +/-   0.1879989     %   0.1654420     +/-   0.1875659     % 
  0.1654670     +/-   0.1853508     %   0.1654790     +/-   0.1861356     % 
  0.1654890     +/-   0.1845557     %   0.1654890     +/-   0.1845557     % 

  **** Double diff. Fluxes as a function of energy ****


  Solid angle minimum value (sr):   0.000000    

  Solid angle upper boundaries (sr):

   6.283185    

  Angular minimum value (deg.):   0.000000    

  Angular upper boundaries (deg.):

   90.00000    


  Energy interval (GeV):  3.0000000E-03  2.9899999E-03

  Flux (Part/sr/GeV/cmq/pr):

   7.607606     +/-    4.673286     % 

  Flux (Part/deg/GeV/cmq/pr):

  0.5311111     +/-    4.673286     % 

  Energy interval (GeV):  2.9899999E-03  2.9799999E-03

  Flux (Part/sr/GeV/cmq/pr):

   7.321127     +/-    4.008498     % 

  Flux (Part/deg/GeV/cmq/pr):

  0.5111111     +/-    4.008498     % 

  Energy interval (GeV):  2.9799999E-03  2.9700000E-03

  Flux (Part/sr/GeV/cmq/pr):

   7.703099     +/-    5.351997     % 

  Flux (Part/deg/GeV/cmq/pr):

  0.5377778     +/-    5.351997     % 

  Energy interval (GeV):  2.9700000E-03  2.9600000E-03

  Flux (Part/sr/GeV/cmq/pr):

   7.225635     +/-    3.024125     % 

  Flux (Part/deg/GeV/cmq/pr):

  0.5044445     +/-    3.024125     % 

  Energy interval (GeV):  2.9600000E-03  2.9499999E-03

  Flux (Part/sr/GeV/cmq/pr):

   7.305212     +/-    2.049551     % 

  Flux (Part/deg/GeV/cmq/pr):

  0.5100001     +/-    2.049551     % 

  Energy interval (GeV):  2.9499999E-03  2.9400000E-03

  Flux (Part/sr/GeV/cmq/pr):

   7.862254     +/-    2.507998     % 

  Flux (Part/deg/GeV/cmq/pr):

  0.5488889     +/-    2.507998     % 

  Energy interval (GeV):  2.9400000E-03  2.9300000E-03

  Flux (Part/sr/GeV/cmq/pr):

   7.448452     +/-   0.9313884     % 

  Flux (Part/deg/GeV/cmq/pr):

  0.5200000     +/-   0.9313884     % 

  Energy interval (GeV):  2.9300000E-03  2.9199999E-03

  Flux (Part/sr/GeV/cmq/pr):

   7.305212     +/-    5.183171     % 

  Flux (Part/deg/GeV/cmq/pr):

  0.5100001     +/-    5.183171     % 

  Energy interval (GeV):  2.9199999E-03  2.9100000E-03

  Flux (Part/sr/GeV/cmq/pr):

   6.875494     +/-    4.052579     % 

  Flux (Part/deg/GeV/cmq/pr):

  0.4800000     +/-    4.052579     % 

  Energy interval (GeV):  2.9100000E-03  2.9000000E-03

  Flux (Part/sr/GeV/cmq/pr):

   7.002818     +/-    3.557381     % 

  Flux (Part/deg/GeV/cmq/pr):

  0.4888889     +/-    3.557381     % 

  Energy interval (GeV):  2.9000000E-03  2.8899999E-03

  Flux (Part/sr/GeV/cmq/pr):

   7.321127     +/-    1.537188     % 

  Flux (Part/deg/GeV/cmq/pr):

  0.5111111     +/-    1.537188     % 

  Energy interval (GeV):  2.8899999E-03  2.8800000E-03

  Flux (Part/sr/GeV/cmq/pr):

   7.862254     +/-    3.859449     % 

  Flux (Part/deg/GeV/cmq/pr):

  0.5488889     +/-    3.859449     % 

  Energy interval (GeV):  2.8800000E-03  2.8700000E-03

  Flux (Part/sr/GeV/cmq/pr):

   7.066479     +/-    3.112675     % 

  Flux (Part/deg/GeV/cmq/pr):

  0.4933334     +/-    3.112675     % 

  Energy interval (GeV):  2.8700000E-03  2.8599999E-03

  Flux (Part/sr/GeV/cmq/pr):

   7.432536     +/-    5.096630     % 

  Flux (Part/deg/GeV/cmq/pr):

  0.5188889     +/-    5.096630     % 

  Energy interval (GeV):  2.8599999E-03  2.8499998E-03

  Flux (Part/sr/GeV/cmq/pr):

   7.910001     +/-    6.469994     % 

  Flux (Part/deg/GeV/cmq/pr):

  0.5522223     +/-    6.469994     % 

  Energy interval (GeV):  2.8499998E-03  2.8400000E-03

  Flux (Part/sr/GeV/cmq/pr):

   7.321127     +/-    6.309968     % 

  Flux (Part/deg/GeV/cmq/pr):

  0.5111111     +/-    6.309968     % 

  Energy interval (GeV):  2.8400000E-03  2.8299999E-03

  Flux (Part/sr/GeV/cmq/pr):

   7.257465     +/-    2.412280     % 

  Flux (Part/deg/GeV/cmq/pr):

  0.5066667     +/-    2.412280     % 

  Energy interval (GeV):  2.8299999E-03  2.8199998E-03

  Flux (Part/sr/GeV/cmq/pr):

   7.910001     +/-    4.703690     % 

  Flux (Part/deg/GeV/cmq/pr):

  0.5522223     +/-    4.703690     % 

  Energy interval (GeV):  2.8199998E-03  2.8100000E-03

  Flux (Part/sr/GeV/cmq/pr):

   7.941832     +/-    5.181436     % 

  Flux (Part/deg/GeV/cmq/pr):

  0.5544445     +/-    5.181436     % 

  Energy interval (GeV):  2.8100000E-03  2.7999999E-03

  Flux (Part/sr/GeV/cmq/pr):

   7.607606     +/-    6.041645     % 

  Flux (Part/deg/GeV/cmq/pr):

  0.5311111     +/-    6.041645     % 

  Energy interval (GeV):  2.7999999E-03  2.7899998E-03

  Flux (Part/sr/GeV/cmq/pr):

   7.289297     +/-    4.415666     % 

  Flux (Part/deg/GeV/cmq/pr):

  0.5088889     +/-    4.415666     % 

  Energy interval (GeV):  2.7899998E-03  2.7800000E-03

  Flux (Part/sr/GeV/cmq/pr):

   7.671268     +/-    6.590199     % 

  Flux (Part/deg/GeV/cmq/pr):

  0.5355556     +/-    6.590199     % 

  Energy interval (GeV):  2.7800000E-03  2.7699999E-03

  Flux (Part/sr/GeV/cmq/pr):

   7.289296     +/-    7.336375     % 

  Flux (Part/deg/GeV/cmq/pr):

  0.5088889     +/-    7.336375     % 

  Energy interval (GeV):  2.7699999E-03  2.7599998E-03

  Flux (Part/sr/GeV/cmq/pr):

   7.400705     +/-    6.654516     % 

  Flux (Part/deg/GeV/cmq/pr):

  0.5166667     +/-    6.654516     % 

  Energy interval (GeV):  2.7599998E-03  2.7500000E-03

  Flux (Part/sr/GeV/cmq/pr):

   7.591691     +/-    3.958325     % 

  Flux (Part/deg/GeV/cmq/pr):

  0.5300000     +/-    3.958325     % 

  Energy interval (GeV):  2.7500000E-03  2.7399999E-03

  Flux (Part/sr/GeV/cmq/pr):

   6.636761     +/-    3.914827     % 

  Flux (Part/deg/GeV/cmq/pr):

  0.4633334     +/-    3.914827     % 

  Energy interval (GeV):  2.7399999E-03  2.7299998E-03

  Flux (Part/sr/GeV/cmq/pr):

   6.970986     +/-    4.878051     % 

  Flux (Part/deg/GeV/cmq/pr):

  0.4866667     +/-    4.878051     % 

  Energy interval (GeV):  2.7299998E-03  2.7200000E-03

  Flux (Part/sr/GeV/cmq/pr):

   7.082395     +/-    3.924551     % 

  Flux (Part/deg/GeV/cmq/pr):

  0.4944445     +/-    3.924551     % 

  Energy interval (GeV):  2.7200000E-03  2.7099999E-03

  Flux (Part/sr/GeV/cmq/pr):

   7.146057     +/-    3.292147     % 

  Flux (Part/deg/GeV/cmq/pr):

  0.4988889     +/-    3.292147     % 

  Energy interval (GeV):  2.7099999E-03  2.6999998E-03

  Flux (Part/sr/GeV/cmq/pr):

   7.082395     +/-    4.004163     % 

  Flux (Part/deg/GeV/cmq/pr):

  0.4944445     +/-    4.004163     % 

  Energy interval (GeV):  2.6999998E-03  2.6900000E-03

  Flux (Part/sr/GeV/cmq/pr):

   7.337043     +/-    6.401889     % 

  Flux (Part/deg/GeV/cmq/pr):

  0.5122222     +/-    6.401889     % 

  Energy interval (GeV):  2.6900000E-03  2.6799999E-03

  Flux (Part/sr/GeV/cmq/pr):

   7.384789     +/-    4.261578     % 

  Flux (Part/deg/GeV/cmq/pr):

  0.5155556     +/-    4.261578     % 

  Energy interval (GeV):  2.6799999E-03  2.6699998E-03

  Flux (Part/sr/GeV/cmq/pr):

   7.002818     +/-    4.712829     % 

  Flux (Part/deg/GeV/cmq/pr):

  0.4888889     +/-    4.712829     % 

  Energy interval (GeV):  2.6699998E-03  2.6600000E-03

  Flux (Part/sr/GeV/cmq/pr):

   7.161973     +/-    3.277307     % 

  Flux (Part/deg/GeV/cmq/pr):

  0.5000001     +/-    3.277307     % 

  Energy interval (GeV):  2.6600000E-03  2.6499999E-03

  Flux (Part/sr/GeV/cmq/pr):

   7.464367     +/-    2.417012     % 

  Flux (Part/deg/GeV/cmq/pr):

  0.5211111     +/-    2.417012     % 

  Energy interval (GeV):  2.6499999E-03  2.6399998E-03

  Flux (Part/sr/GeV/cmq/pr):

   7.034648     +/-    6.243279     % 

  Flux (Part/deg/GeV/cmq/pr):

  0.4911111     +/-    6.243279     % 

  Energy interval (GeV):  2.6399998E-03  2.6300000E-03

  Flux (Part/sr/GeV/cmq/pr):

   6.875494     +/-    4.277713     % 

  Flux (Part/deg/GeV/cmq/pr):

  0.4800000     +/-    4.277713     % 

  Energy interval (GeV):  2.6300000E-03  2.6199999E-03

  Flux (Part/sr/GeV/cmq/pr):

   7.257465     +/-    5.442840     % 

  Flux (Part/deg/GeV/cmq/pr):

  0.5066667     +/-    5.442840     % 

  Energy interval (GeV):  2.6199999E-03  2.6099999E-03

  Flux (Part/sr/GeV/cmq/pr):

   7.321127     +/-    3.903975     % 

  Flux (Part/deg/GeV/cmq/pr):

  0.5111111     +/-    3.903975     % 

  Energy interval (GeV):  2.6099999E-03  2.6000000E-03

  Flux (Part/sr/GeV/cmq/pr):

   7.050564     +/-    4.078851     % 

  Flux (Part/deg/GeV/cmq/pr):

  0.4922222     +/-    4.078851     % 

  Energy interval (GeV):  2.6000000E-03  2.5899999E-03

  Flux (Part/sr/GeV/cmq/pr):

   6.700423     +/-    8.110865     % 

  Flux (Part/deg/GeV/cmq/pr):

  0.4677778     +/-    8.110865     % 

  Energy interval (GeV):  2.5899999E-03  2.5799999E-03

  Flux (Part/sr/GeV/cmq/pr):

   6.843663     +/-    3.565049     % 

  Flux (Part/deg/GeV/cmq/pr):

  0.4777778     +/-    3.565049     % 

  Energy interval (GeV):  2.5799999E-03  2.5700000E-03

  Flux (Part/sr/GeV/cmq/pr):

   6.636761     +/-    5.844632     % 

  Flux (Part/deg/GeV/cmq/pr):

  0.4633334     +/-    5.844632     % 

  Energy interval (GeV):  2.5700000E-03  2.5599999E-03

  Flux (Part/sr/GeV/cmq/pr):

   6.620846     +/-    6.598547     % 

  Flux (Part/deg/GeV/cmq/pr):

  0.4622222     +/-    6.598547     % 

  Energy interval (GeV):  2.5599999E-03  2.5499999E-03

  Flux (Part/sr/GeV/cmq/pr):

   7.321127     +/-    2.549138     % 

  Flux (Part/deg/GeV/cmq/pr):

  0.5111111     +/-    2.549138     % 

  Energy interval (GeV):  2.5499999E-03  2.5400000E-03

  Flux (Part/sr/GeV/cmq/pr):

   6.875494     +/-    3.097011     % 

  Flux (Part/deg/GeV/cmq/pr):

  0.4800000     +/-    3.097011     % 

  Energy interval (GeV):  2.5400000E-03  2.5299999E-03

  Flux (Part/sr/GeV/cmq/pr):

   7.066480     +/-    2.744608     % 

  Flux (Part/deg/GeV/cmq/pr):

  0.4933334     +/-    2.744608     % 

  Energy interval (GeV):  2.5299999E-03  2.5199999E-03

  Flux (Part/sr/GeV/cmq/pr):

   7.098310     +/-    4.774785     % 

  Flux (Part/deg/GeV/cmq/pr):

  0.4955556     +/-    4.774785     % 

  Energy interval (GeV):  2.5199999E-03  2.5100000E-03

  Flux (Part/sr/GeV/cmq/pr):

   6.875494     +/-    5.248049     % 

  Flux (Part/deg/GeV/cmq/pr):

  0.4800000     +/-    5.248049     % 

  Energy interval (GeV):  2.5100000E-03  2.4999999E-03

  Flux (Part/sr/GeV/cmq/pr):

   6.891409     +/-    2.889145     % 

  Flux (Part/deg/GeV/cmq/pr):

  0.4811111     +/-    2.889145     % 

  Energy interval (GeV):  2.4999999E-03  2.4899999E-03

  Flux (Part/sr/GeV/cmq/pr):

   7.018733     +/-    4.693933     % 

  Flux (Part/deg/GeV/cmq/pr):

  0.4900000     +/-    4.693933     % 

  Energy interval (GeV):  2.4899999E-03  2.4800000E-03

  Flux (Part/sr/GeV/cmq/pr):

   7.321127     +/-    4.909387     % 

  Flux (Part/deg/GeV/cmq/pr):

  0.5111111     +/-    4.909387     % 

  Energy interval (GeV):  2.4800000E-03  2.4699999E-03

  Flux (Part/sr/GeV/cmq/pr):

   8.132817     +/-    5.955038     % 

  Flux (Part/deg/GeV/cmq/pr):

  0.5677778     +/-    5.955038     % 

  Energy interval (GeV):  2.4699999E-03  2.4599999E-03

  Flux (Part/sr/GeV/cmq/pr):

   7.066480     +/-    7.934196     % 

  Flux (Part/deg/GeV/cmq/pr):

  0.4933334     +/-    7.934196     % 

  Energy interval (GeV):  2.4599999E-03  2.4500000E-03

  Flux (Part/sr/GeV/cmq/pr):

   6.589015     +/-    3.570470     % 

  Flux (Part/deg/GeV/cmq/pr):

  0.4600000     +/-    3.570470     % 

  Energy interval (GeV):  2.4500000E-03  2.4400000E-03

  Flux (Part/sr/GeV/cmq/pr):

   6.732254     +/-    2.468158     % 

  Flux (Part/deg/GeV/cmq/pr):

  0.4700000     +/-    2.468158     % 

  Energy interval (GeV):  2.4400000E-03  2.4299999E-03

  Flux (Part/sr/GeV/cmq/pr):

   7.193803     +/-    6.004100     % 

  Flux (Part/deg/GeV/cmq/pr):

  0.5022222     +/-    6.004100     % 

  Energy interval (GeV):  2.4299999E-03  2.4200000E-03

  Flux (Part/sr/GeV/cmq/pr):

   7.512114     +/-    3.258168     % 

  Flux (Part/deg/GeV/cmq/pr):

  0.5244445     +/-    3.258168     % 

  Energy interval (GeV):  2.4200000E-03  2.4100000E-03

  Flux (Part/sr/GeV/cmq/pr):

   7.114226     +/-    8.352643     % 

  Flux (Part/deg/GeV/cmq/pr):

  0.4966667     +/-    8.352643     % 

  Energy interval (GeV):  2.4100000E-03  2.3999999E-03

  Flux (Part/sr/GeV/cmq/pr):

   7.352959     +/-    4.786438     % 

  Flux (Part/deg/GeV/cmq/pr):

  0.5133334     +/-    4.786438     % 

  Energy interval (GeV):  2.3999999E-03  2.3900000E-03

  Flux (Part/sr/GeV/cmq/pr):

   6.684508     +/-    8.804696     % 

  Flux (Part/deg/GeV/cmq/pr):

  0.4666667     +/-    8.804696     % 

  Energy interval (GeV):  2.3900000E-03  2.3800000E-03

  Flux (Part/sr/GeV/cmq/pr):

   7.146057     +/-    7.629485     % 

  Flux (Part/deg/GeV/cmq/pr):

  0.4988889     +/-    7.629485     % 

  Energy interval (GeV):  2.3800000E-03  2.3699999E-03

  Flux (Part/sr/GeV/cmq/pr):

   7.289296     +/-    4.766131     % 

  Flux (Part/deg/GeV/cmq/pr):

  0.5088889     +/-    4.766131     % 

  Energy interval (GeV):  2.3699999E-03  2.3600000E-03

  Flux (Part/sr/GeV/cmq/pr):

   6.970986     +/-    6.132592     % 

  Flux (Part/deg/GeV/cmq/pr):

  0.4866667     +/-    6.132592     % 

  Energy interval (GeV):  2.3600000E-03  2.3500000E-03

  Flux (Part/sr/GeV/cmq/pr):

   7.289297     +/-    5.475955     % 

  Flux (Part/deg/GeV/cmq/pr):

  0.5088889     +/-    5.475955     % 

  Energy interval (GeV):  2.3500000E-03  2.3399999E-03

  Flux (Part/sr/GeV/cmq/pr):

   6.541268     +/-    1.820759     % 

  Flux (Part/deg/GeV/cmq/pr):

  0.4566667     +/-    1.820759     % 

  Energy interval (GeV):  2.3399999E-03  2.3300000E-03

  Flux (Part/sr/GeV/cmq/pr):

   7.002818     +/-    6.108946     % 

  Flux (Part/deg/GeV/cmq/pr):

  0.4888889     +/-    6.108946     % 

  Energy interval (GeV):  2.3300000E-03  2.3200000E-03

  Flux (Part/sr/GeV/cmq/pr):

   6.366198     +/-    4.660337     % 

  Flux (Part/deg/GeV/cmq/pr):

  0.4444445     +/-    4.660337     % 

  Energy interval (GeV):  2.3200000E-03  2.3099999E-03

  Flux (Part/sr/GeV/cmq/pr):

   7.034648     +/-    3.993068     % 

  Flux (Part/deg/GeV/cmq/pr):

  0.4911111     +/-    3.993068     % 

  Energy interval (GeV):  2.3099999E-03  2.3000001E-03

  Flux (Part/sr/GeV/cmq/pr):

   7.146057     +/-    6.712992     % 

  Flux (Part/deg/GeV/cmq/pr):

  0.4988889     +/-    6.712992     % 

  Energy interval (GeV):  2.3000001E-03  2.2900000E-03

  Flux (Part/sr/GeV/cmq/pr):

   7.337043     +/-    3.169553     % 

  Flux (Part/deg/GeV/cmq/pr):

  0.5122222     +/-    3.169553     % 

  Energy interval (GeV):  2.2900000E-03  2.2799999E-03

  Flux (Part/sr/GeV/cmq/pr):

   6.859578     +/-    9.597270     % 

  Flux (Part/deg/GeV/cmq/pr):

  0.4788889     +/-    9.597270     % 

  Energy interval (GeV):  2.2799999E-03  2.2700001E-03

  Flux (Part/sr/GeV/cmq/pr):

   6.541268     +/-    5.322298     % 

  Flux (Part/deg/GeV/cmq/pr):

  0.4566667     +/-    5.322298     % 

  Energy interval (GeV):  2.2700001E-03  2.2600000E-03

  Flux (Part/sr/GeV/cmq/pr):

   6.700423     +/-    6.498510     % 

  Flux (Part/deg/GeV/cmq/pr):

  0.4677778     +/-    6.498510     % 

  Energy interval (GeV):  2.2600000E-03  2.2499999E-03

  Flux (Part/sr/GeV/cmq/pr):

   6.923240     +/-    8.791413     % 

  Flux (Part/deg/GeV/cmq/pr):

  0.4833333     +/-    8.791413     % 

  Energy interval (GeV):  2.2499999E-03  2.2399998E-03

  Flux (Part/sr/GeV/cmq/pr):

   7.257465     +/-    6.490635     % 

  Flux (Part/deg/GeV/cmq/pr):

  0.5066667     +/-    6.490635     % 

  Energy interval (GeV):  2.2399998E-03  2.2300000E-03

  Flux (Part/sr/GeV/cmq/pr):

   6.334367     +/-    2.468202     % 

  Flux (Part/deg/GeV/cmq/pr):

  0.4422222     +/-    2.468202     % 

  Energy interval (GeV):  2.2300000E-03  2.2199999E-03

  Flux (Part/sr/GeV/cmq/pr):

   6.923240     +/-    5.689365     % 

  Flux (Part/deg/GeV/cmq/pr):

  0.4833334     +/-    5.689365     % 

  Energy interval (GeV):  2.2199999E-03  2.2099998E-03

  Flux (Part/sr/GeV/cmq/pr):

   6.382113     +/-    4.721720     % 

  Flux (Part/deg/GeV/cmq/pr):

  0.4455556     +/-    4.721720     % 

  Energy interval (GeV):  2.2099998E-03  2.2000000E-03

  Flux (Part/sr/GeV/cmq/pr):

   7.034648     +/-    3.211554     % 

  Flux (Part/deg/GeV/cmq/pr):

  0.4911111     +/-    3.211554     % 

  Energy interval (GeV):  2.2000000E-03  2.1899999E-03

  Flux (Part/sr/GeV/cmq/pr):

   7.066480     +/-    4.729729     % 

  Flux (Part/deg/GeV/cmq/pr):

  0.4933334     +/-    4.729729     % 

  Energy interval (GeV):  2.1899999E-03  2.1799998E-03

  Flux (Part/sr/GeV/cmq/pr):

   6.000141     +/-    7.050416     % 

  Flux (Part/deg/GeV/cmq/pr):

  0.4188889     +/-    7.050416     % 

  Energy interval (GeV):  2.1799998E-03  2.1700000E-03

  Flux (Part/sr/GeV/cmq/pr):

   6.684508     +/-    1.725165     % 

  Flux (Part/deg/GeV/cmq/pr):

  0.4666667     +/-    1.725165     % 

  Energy interval (GeV):  2.1700000E-03  2.1599999E-03

  Flux (Part/sr/GeV/cmq/pr):

   6.398029     +/-    4.921979     % 

  Flux (Part/deg/GeV/cmq/pr):

  0.4466667     +/-    4.921979     % 

  Energy interval (GeV):  2.1599999E-03  2.1499998E-03

  Flux (Part/sr/GeV/cmq/pr):

   6.493522     +/-    1.200731     % 

  Flux (Part/deg/GeV/cmq/pr):

  0.4533333     +/-    1.200731     % 

  Energy interval (GeV):  2.1499998E-03  2.1400000E-03

  Flux (Part/sr/GeV/cmq/pr):

   6.811831     +/-    3.316606     % 

  Flux (Part/deg/GeV/cmq/pr):

  0.4755556     +/-    3.316606     % 

  Energy interval (GeV):  2.1400000E-03  2.1299999E-03

  Flux (Part/sr/GeV/cmq/pr):

   7.050564     +/-    1.805869     % 

  Flux (Part/deg/GeV/cmq/pr):

  0.4922222     +/-    1.805869     % 

  Energy interval (GeV):  2.1299999E-03  2.1199998E-03

  Flux (Part/sr/GeV/cmq/pr):

   7.352958     +/-    6.012098     % 

  Flux (Part/deg/GeV/cmq/pr):

  0.5133334     +/-    6.012098     % 

  Energy interval (GeV):  2.1199998E-03  2.1100000E-03

  Flux (Part/sr/GeV/cmq/pr):

   6.461691     +/-    4.290949     % 

  Flux (Part/deg/GeV/cmq/pr):

  0.4511111     +/-    4.290949     % 

  Energy interval (GeV):  2.1100000E-03  2.0999999E-03

  Flux (Part/sr/GeV/cmq/pr):

   6.923240     +/-    3.897891     % 

  Flux (Part/deg/GeV/cmq/pr):

  0.4833334     +/-    3.897891     % 

  Energy interval (GeV):  2.0999999E-03  2.0899998E-03

  Flux (Part/sr/GeV/cmq/pr):

   6.859578     +/-    5.075324     % 

  Flux (Part/deg/GeV/cmq/pr):

  0.4788889     +/-    5.075324     % 

  Energy interval (GeV):  2.0899998E-03  2.0800000E-03

  Flux (Part/sr/GeV/cmq/pr):

   6.795916     +/-    6.430694     % 

  Flux (Part/deg/GeV/cmq/pr):

  0.4744445     +/-    6.430694     % 

  Energy interval (GeV):  2.0800000E-03  2.0699999E-03

  Flux (Part/sr/GeV/cmq/pr):

   7.002818     +/-    3.768892     % 

  Flux (Part/deg/GeV/cmq/pr):

  0.4888889     +/-    3.768892     % 

  Energy interval (GeV):  2.0699999E-03  2.0599999E-03

  Flux (Part/sr/GeV/cmq/pr):

   6.891409     +/-    6.982087     % 

  Flux (Part/deg/GeV/cmq/pr):

  0.4811111     +/-    6.982087     % 

  Energy interval (GeV):  2.0599999E-03  2.0500000E-03

  Flux (Part/sr/GeV/cmq/pr):

   7.416620     +/-    4.119390     % 

  Flux (Part/deg/GeV/cmq/pr):

  0.5177778     +/-    4.119390     % 

  Energy interval (GeV):  2.0500000E-03  2.0399999E-03

  Flux (Part/sr/GeV/cmq/pr):

   6.541268     +/-    3.911906     % 

  Flux (Part/deg/GeV/cmq/pr):

  0.4566667     +/-    3.911906     % 

  Energy interval (GeV):  2.0399999E-03  2.0299999E-03

  Flux (Part/sr/GeV/cmq/pr):

   6.175212     +/-    7.029991     % 

  Flux (Part/deg/GeV/cmq/pr):

  0.4311111     +/-    7.029991     % 

  Energy interval (GeV):  2.0299999E-03  2.0200000E-03

  Flux (Part/sr/GeV/cmq/pr):

   6.795916     +/-    7.118822     % 

  Flux (Part/deg/GeV/cmq/pr):

  0.4744445     +/-    7.118822     % 

  Energy interval (GeV):  2.0200000E-03  2.0099999E-03

  Flux (Part/sr/GeV/cmq/pr):

   7.273381     +/-    3.877471     % 

  Flux (Part/deg/GeV/cmq/pr):

  0.5077778     +/-    3.877471     % 

  Energy interval (GeV):  2.0099999E-03  1.9999999E-03

  Flux (Part/sr/GeV/cmq/pr):

   6.620846     +/-    1.989538     % 

  Flux (Part/deg/GeV/cmq/pr):

  0.4622222     +/-    1.989538     % 

  Energy interval (GeV):  1.9999999E-03  1.9900000E-03

  Flux (Part/sr/GeV/cmq/pr):

   6.875494     +/-    5.897101     % 

  Flux (Part/deg/GeV/cmq/pr):

  0.4800000     +/-    5.897101     % 

  Energy interval (GeV):  1.9900000E-03  1.9799999E-03

  Flux (Part/sr/GeV/cmq/pr):

   6.827747     +/-    5.890107     % 

  Flux (Part/deg/GeV/cmq/pr):

  0.4766667     +/-    5.890107     % 

  Energy interval (GeV):  1.9799999E-03  1.9699999E-03

  Flux (Part/sr/GeV/cmq/pr):

   6.859578     +/-    2.827392     % 

  Flux (Part/deg/GeV/cmq/pr):

  0.4788889     +/-    2.827392     % 

  Energy interval (GeV):  1.9699999E-03  1.9600000E-03

  Flux (Part/sr/GeV/cmq/pr):

   6.939156     +/-    3.633711     % 

  Flux (Part/deg/GeV/cmq/pr):

  0.4844445     +/-    3.633711     % 

  Energy interval (GeV):  1.9600000E-03  1.9499999E-03

  Flux (Part/sr/GeV/cmq/pr):

   6.429860     +/-    6.817050     % 

  Flux (Part/deg/GeV/cmq/pr):

  0.4488889     +/-    6.817050     % 

  Energy interval (GeV):  1.9499999E-03  1.9400000E-03

  Flux (Part/sr/GeV/cmq/pr):

   7.305212     +/-    3.795480     % 

  Flux (Part/deg/GeV/cmq/pr):

  0.5100001     +/-    3.795480     % 

  Energy interval (GeV):  1.9400000E-03  1.9299999E-03

  Flux (Part/sr/GeV/cmq/pr):

   7.161973     +/-    9.414987     % 

  Flux (Part/deg/GeV/cmq/pr):

  0.5000000     +/-    9.414987     % 

  Energy interval (GeV):  1.9299999E-03  1.9200000E-03

  Flux (Part/sr/GeV/cmq/pr):

   6.573099     +/-    1.246445     % 

  Flux (Part/deg/GeV/cmq/pr):

  0.4588889     +/-    1.246445     % 

  Energy interval (GeV):  1.9200000E-03  1.9100000E-03

  Flux (Part/sr/GeV/cmq/pr):

   7.002818     +/-    3.717143     % 

  Flux (Part/deg/GeV/cmq/pr):

  0.4888889     +/-    3.717143     % 

  Energy interval (GeV):  1.9100000E-03  1.8999999E-03

  Flux (Part/sr/GeV/cmq/pr):

   6.366198     +/-    4.419418     % 

  Flux (Part/deg/GeV/cmq/pr):

  0.4444445     +/-    4.419418     % 

  Energy interval (GeV):  1.8999999E-03  1.8900000E-03

  Flux (Part/sr/GeV/cmq/pr):

   6.795916     +/-    5.044650     % 

  Flux (Part/deg/GeV/cmq/pr):

  0.4744445     +/-    5.044650     % 

  Energy interval (GeV):  1.8900000E-03  1.8800000E-03

  Flux (Part/sr/GeV/cmq/pr):

   7.034648     +/-    7.891032     % 

  Flux (Part/deg/GeV/cmq/pr):

  0.4911111     +/-    7.891032     % 

  Energy interval (GeV):  1.8800000E-03  1.8699999E-03

  Flux (Part/sr/GeV/cmq/pr):

   6.748169     +/-    5.344466     % 

  Flux (Part/deg/GeV/cmq/pr):

  0.4711111     +/-    5.344466     % 

  Energy interval (GeV):  1.8699999E-03  1.8600000E-03

  Flux (Part/sr/GeV/cmq/pr):

   7.050564     +/-    4.350865     % 

  Flux (Part/deg/GeV/cmq/pr):

  0.4922222     +/-    4.350865     % 

  Energy interval (GeV):  1.8600000E-03  1.8500000E-03

  Flux (Part/sr/GeV/cmq/pr):

   6.254789     +/-    3.026814     % 

  Flux (Part/deg/GeV/cmq/pr):

  0.4366667     +/-    3.026814     % 

  Energy interval (GeV):  1.8500000E-03  1.8399999E-03

  Flux (Part/sr/GeV/cmq/pr):

   6.286620     +/-    7.047803     % 

  Flux (Part/deg/GeV/cmq/pr):

  0.4388889     +/-    7.047803     % 

  Energy interval (GeV):  1.8399999E-03  1.8300000E-03

  Flux (Part/sr/GeV/cmq/pr):

   6.907325     +/-    4.377881     % 

  Flux (Part/deg/GeV/cmq/pr):

  0.4822223     +/-    4.377881     % 

  Energy interval (GeV):  1.8300000E-03  1.8200000E-03

  Flux (Part/sr/GeV/cmq/pr):

   7.130142     +/-    1.035002     % 

  Flux (Part/deg/GeV/cmq/pr):

  0.4977778     +/-    1.035002     % 

  Energy interval (GeV):  1.8200000E-03  1.8099999E-03

  Flux (Part/sr/GeV/cmq/pr):

   7.193803     +/-    7.148449     % 

  Flux (Part/deg/GeV/cmq/pr):

  0.5022222     +/-    7.148449     % 

  Energy interval (GeV):  1.8099999E-03  1.8000000E-03

  Flux (Part/sr/GeV/cmq/pr):

   6.302536     +/-    5.954458     % 

  Flux (Part/deg/GeV/cmq/pr):

  0.4400000     +/-    5.954458     % 

  Energy interval (GeV):  1.8000000E-03  1.7900000E-03

  Flux (Part/sr/GeV/cmq/pr):

   6.955071     +/-    3.082882     % 

  Flux (Part/deg/GeV/cmq/pr):

  0.4855556     +/-    3.082882     % 

  Energy interval (GeV):  1.7900000E-03  1.7799999E-03

  Flux (Part/sr/GeV/cmq/pr):

   6.684508     +/-    6.702709     % 

  Flux (Part/deg/GeV/cmq/pr):

  0.4666667     +/-    6.702709     % 

  Energy interval (GeV):  1.7799999E-03  1.7700000E-03

  Flux (Part/sr/GeV/cmq/pr):

   7.384789     +/-    3.906157     % 

  Flux (Part/deg/GeV/cmq/pr):

  0.5155556     +/-    3.906157     % 

  Energy interval (GeV):  1.7700000E-03  1.7599999E-03

  Flux (Part/sr/GeV/cmq/pr):

   7.098310     +/-    5.322457     % 

  Flux (Part/deg/GeV/cmq/pr):

  0.4955556     +/-    5.322457     % 

  Energy interval (GeV):  1.7599999E-03  1.7499999E-03

  Flux (Part/sr/GeV/cmq/pr):

   7.130142     +/-    2.015119     % 

  Flux (Part/deg/GeV/cmq/pr):

  0.4977778     +/-    2.015119     % 

  Energy interval (GeV):  1.7499999E-03  1.7400000E-03

  Flux (Part/sr/GeV/cmq/pr):

   6.031972     +/-    6.346180     % 

  Flux (Part/deg/GeV/cmq/pr):

  0.4211111     +/-    6.346180     % 

  Energy interval (GeV):  1.7400000E-03  1.7299999E-03

  Flux (Part/sr/GeV/cmq/pr):

   7.066480     +/-    3.329221     % 

  Flux (Part/deg/GeV/cmq/pr):

  0.4933334     +/-    3.329221     % 

  Energy interval (GeV):  1.7299999E-03  1.7199999E-03

  Flux (Part/sr/GeV/cmq/pr):

   7.591691     +/-    7.770965     % 

  Flux (Part/deg/GeV/cmq/pr):

  0.5300000     +/-    7.770965     % 

  Energy interval (GeV):  1.7199999E-03  1.7100000E-03

  Flux (Part/sr/GeV/cmq/pr):

   7.177888     +/-    5.860122     % 

  Flux (Part/deg/GeV/cmq/pr):

  0.5011111     +/-    5.860122     % 

  Energy interval (GeV):  1.7100000E-03  1.6999999E-03

  Flux (Part/sr/GeV/cmq/pr):

   6.859578     +/-    4.315794     % 

  Flux (Part/deg/GeV/cmq/pr):

  0.4788889     +/-    4.315794     % 

  Energy interval (GeV):  1.6999999E-03  1.6899999E-03

  Flux (Part/sr/GeV/cmq/pr):

   6.875494     +/-    5.286199     % 

  Flux (Part/deg/GeV/cmq/pr):

  0.4800000     +/-    5.286199     % 

  Energy interval (GeV):  1.6899999E-03  1.6800000E-03

  Flux (Part/sr/GeV/cmq/pr):

   7.416620     +/-    4.493647     % 

  Flux (Part/deg/GeV/cmq/pr):

  0.5177778     +/-    4.493647     % 

  Energy interval (GeV):  1.6800000E-03  1.6699999E-03

  Flux (Part/sr/GeV/cmq/pr):

   6.795916     +/-    6.504891     % 

  Flux (Part/deg/GeV/cmq/pr):

  0.4744445     +/-    6.504891     % 

  Energy interval (GeV):  1.6699999E-03  1.6600000E-03

  Flux (Part/sr/GeV/cmq/pr):

   6.907324     +/-    8.585849     % 

  Flux (Part/deg/GeV/cmq/pr):

  0.4822223     +/-    8.585849     % 

  Energy interval (GeV):  1.6600000E-03  1.6500000E-03

  Flux (Part/sr/GeV/cmq/pr):

   7.002818     +/-    4.206080     % 

  Flux (Part/deg/GeV/cmq/pr):

  0.4888889     +/-    4.206080     % 

  Energy interval (GeV):  1.6500000E-03  1.6399999E-03

  Flux (Part/sr/GeV/cmq/pr):

   7.512114     +/-    3.206090     % 

  Flux (Part/deg/GeV/cmq/pr):

  0.5244445     +/-    3.206090     % 

  Energy interval (GeV):  1.6399999E-03  1.6300000E-03

  Flux (Part/sr/GeV/cmq/pr):

   7.002818     +/-    6.119506     % 

  Flux (Part/deg/GeV/cmq/pr):

  0.4888889     +/-    6.119506     % 

  Energy interval (GeV):  1.6300000E-03  1.6200000E-03

  Flux (Part/sr/GeV/cmq/pr):

   7.257465     +/-    4.834519     % 

  Flux (Part/deg/GeV/cmq/pr):

  0.5066667     +/-    4.834519     % 

  Energy interval (GeV):  1.6200000E-03  1.6099999E-03

  Flux (Part/sr/GeV/cmq/pr):

   6.875494     +/-    3.203322     % 

  Flux (Part/deg/GeV/cmq/pr):

  0.4800000     +/-    3.203322     % 

  Energy interval (GeV):  1.6099999E-03  1.6000000E-03

  Flux (Part/sr/GeV/cmq/pr):

   6.700423     +/-    5.058322     % 

  Flux (Part/deg/GeV/cmq/pr):

  0.4677778     +/-    5.058322     % 

  Energy interval (GeV):  1.6000000E-03  1.5900000E-03

  Flux (Part/sr/GeV/cmq/pr):

   7.002818     +/-    5.715808     % 

  Flux (Part/deg/GeV/cmq/pr):

  0.4888889     +/-    5.715808     % 

  Energy interval (GeV):  1.5900000E-03  1.5799999E-03

  Flux (Part/sr/GeV/cmq/pr):

   7.146057     +/-    6.042165     % 

  Flux (Part/deg/GeV/cmq/pr):

  0.4988889     +/-    6.042165     % 

  Energy interval (GeV):  1.5799999E-03  1.5700000E-03

  Flux (Part/sr/GeV/cmq/pr):

   6.939156     +/-    5.528427     % 

  Flux (Part/deg/GeV/cmq/pr):

  0.4844445     +/-    5.528427     % 

  Energy interval (GeV):  1.5700000E-03  1.5600000E-03

  Flux (Part/sr/GeV/cmq/pr):

   7.273381     +/-    6.758620     % 

  Flux (Part/deg/GeV/cmq/pr):

  0.5077778     +/-    6.758620     % 

  Energy interval (GeV):  1.5600000E-03  1.5499999E-03

  Flux (Part/sr/GeV/cmq/pr):

   7.177888     +/-    1.731762     % 

  Flux (Part/deg/GeV/cmq/pr):

  0.5011111     +/-    1.731762     % 

  Energy interval (GeV):  1.5499999E-03  1.5400000E-03

  Flux (Part/sr/GeV/cmq/pr):

   7.082395     +/-    4.871794     % 

  Flux (Part/deg/GeV/cmq/pr):

  0.4944445     +/-    4.871794     % 

  Energy interval (GeV):  1.5400000E-03  1.5300000E-03

  Flux (Part/sr/GeV/cmq/pr):

   7.305212     +/-    5.450979     % 

  Flux (Part/deg/GeV/cmq/pr):

  0.5100001     +/-    5.450979     % 

  Energy interval (GeV):  1.5300000E-03  1.5199999E-03

  Flux (Part/sr/GeV/cmq/pr):

   7.018733     +/-    3.767177     % 

  Flux (Part/deg/GeV/cmq/pr):

  0.4900000     +/-    3.767177     % 

  Energy interval (GeV):  1.5199999E-03  1.5100000E-03

  Flux (Part/sr/GeV/cmq/pr):

   7.448452     +/-    3.801378     % 

  Flux (Part/deg/GeV/cmq/pr):

  0.5200000     +/-    3.801378     % 

  Energy interval (GeV):  1.5100000E-03  1.5000000E-03

  Flux (Part/sr/GeV/cmq/pr):

   6.700423     +/-    4.370159     % 

  Flux (Part/deg/GeV/cmq/pr):

  0.4677778     +/-    4.370159     % 

  Energy interval (GeV):  1.5000000E-03  1.4899999E-03

  Flux (Part/sr/GeV/cmq/pr):

   7.432536     +/-    7.544952     % 

  Flux (Part/deg/GeV/cmq/pr):

  0.5188889     +/-    7.544952     % 

  Energy interval (GeV):  1.4899999E-03  1.4800000E-03

  Flux (Part/sr/GeV/cmq/pr):

   6.764085     +/-    2.495671     % 

  Flux (Part/deg/GeV/cmq/pr):

  0.4722222     +/-    2.495671     % 

  Energy interval (GeV):  1.4800000E-03  1.4700000E-03

  Flux (Part/sr/GeV/cmq/pr):

   6.764085     +/-    3.389380     % 

  Flux (Part/deg/GeV/cmq/pr):

  0.4722222     +/-    3.389380     % 

  Energy interval (GeV):  1.4700000E-03  1.4599999E-03

  Flux (Part/sr/GeV/cmq/pr):

   7.496198     +/-    2.107159     % 

  Flux (Part/deg/GeV/cmq/pr):

  0.5233334     +/-    2.107159     % 

  Energy interval (GeV):  1.4599999E-03  1.4500000E-03

  Flux (Part/sr/GeV/cmq/pr):

   7.559860     +/-    1.912200     % 

  Flux (Part/deg/GeV/cmq/pr):

  0.5277778     +/-    1.912200     % 

  Energy interval (GeV):  1.4500000E-03  1.4400000E-03

  Flux (Part/sr/GeV/cmq/pr):

   6.573099     +/-    4.775565     % 

  Flux (Part/deg/GeV/cmq/pr):

  0.4588889     +/-    4.775565     % 

  Energy interval (GeV):  1.4400000E-03  1.4299999E-03

  Flux (Part/sr/GeV/cmq/pr):

   7.241550     +/-    2.928112     % 

  Flux (Part/deg/GeV/cmq/pr):

  0.5055556     +/-    2.928112     % 

  Energy interval (GeV):  1.4299999E-03  1.4200000E-03

  Flux (Part/sr/GeV/cmq/pr):

   7.130141     +/-    3.432714     % 

  Flux (Part/deg/GeV/cmq/pr):

  0.4977778     +/-    3.432714     % 

  Energy interval (GeV):  1.4200000E-03  1.4099999E-03

  Flux (Part/sr/GeV/cmq/pr):

   7.543944     +/-    2.146306     % 

  Flux (Part/deg/GeV/cmq/pr):

  0.5266667     +/-    2.146306     % 

  Energy interval (GeV):  1.4099999E-03  1.4000000E-03

  Flux (Part/sr/GeV/cmq/pr):

   7.146057     +/-    7.373249     % 

  Flux (Part/deg/GeV/cmq/pr):

  0.4988889     +/-    7.373249     % 

  Energy interval (GeV):  1.4000000E-03  1.3900000E-03

  Flux (Part/sr/GeV/cmq/pr):

   7.400705     +/-    1.127751     % 

  Flux (Part/deg/GeV/cmq/pr):

  0.5166667     +/-    1.127751     % 

  Energy interval (GeV):  1.3900000E-03  1.3799999E-03

  Flux (Part/sr/GeV/cmq/pr):

   7.575775     +/-    6.970865     % 

  Flux (Part/deg/GeV/cmq/pr):

  0.5288889     +/-    6.970865     % 

  Energy interval (GeV):  1.3799999E-03  1.3700000E-03

  Flux (Part/sr/GeV/cmq/pr):

   7.368874     +/-    3.827224     % 

  Flux (Part/deg/GeV/cmq/pr):

  0.5144445     +/-    3.827224     % 

  Energy interval (GeV):  1.3700000E-03  1.3600000E-03

  Flux (Part/sr/GeV/cmq/pr):

   7.814508     +/-    4.116371     % 

  Flux (Part/deg/GeV/cmq/pr):

  0.5455556     +/-    4.116371     % 

  Energy interval (GeV):  1.3600000E-03  1.3499999E-03

  Flux (Part/sr/GeV/cmq/pr):

   7.193803     +/-    2.723126     % 

  Flux (Part/deg/GeV/cmq/pr):

  0.5022222     +/-    2.723126     % 

  Energy interval (GeV):  1.3499999E-03  1.3400000E-03

  Flux (Part/sr/GeV/cmq/pr):

   7.002818     +/-    5.485236     % 

  Flux (Part/deg/GeV/cmq/pr):

  0.4888889     +/-    5.485236     % 

  Energy interval (GeV):  1.3400000E-03  1.3300000E-03

  Flux (Part/sr/GeV/cmq/pr):

   7.862254     +/-    1.032191     % 

  Flux (Part/deg/GeV/cmq/pr):

  0.5488889     +/-    1.032191     % 

  Energy interval (GeV):  1.3300000E-03  1.3199999E-03

  Flux (Part/sr/GeV/cmq/pr):

   7.750846     +/-    5.629056     % 

  Flux (Part/deg/GeV/cmq/pr):

  0.5411111     +/-    5.629056     % 

  Energy interval (GeV):  1.3199999E-03  1.3100000E-03

  Flux (Part/sr/GeV/cmq/pr):

   7.066480     +/-    1.647380     % 

  Flux (Part/deg/GeV/cmq/pr):

  0.4933334     +/-    1.647380     % 

  Energy interval (GeV):  1.3100000E-03  1.3000000E-03

  Flux (Part/sr/GeV/cmq/pr):

   7.193803     +/-    5.124440     % 

  Flux (Part/deg/GeV/cmq/pr):

  0.5022222     +/-    5.124440     % 

  Energy interval (GeV):  1.3000000E-03  1.2899999E-03

  Flux (Part/sr/GeV/cmq/pr):

   6.986902     +/-    3.680068     % 

  Flux (Part/deg/GeV/cmq/pr):

  0.4877778     +/-    3.680068     % 

  Energy interval (GeV):  1.2899999E-03  1.2800000E-03

  Flux (Part/sr/GeV/cmq/pr):

   6.748169     +/-    5.548722     % 

  Flux (Part/deg/GeV/cmq/pr):

  0.4711111     +/-    5.548722     % 

  Energy interval (GeV):  1.2800000E-03  1.2700000E-03

  Flux (Part/sr/GeV/cmq/pr):

   8.037325     +/-    4.258576     % 

  Flux (Part/deg/GeV/cmq/pr):

  0.5611112     +/-    4.258576     % 

  Energy interval (GeV):  1.2700000E-03  1.2599999E-03

  Flux (Part/sr/GeV/cmq/pr):

   7.894085     +/-    4.197714     % 

  Flux (Part/deg/GeV/cmq/pr):

  0.5511112     +/-    4.197714     % 

  Energy interval (GeV):  1.2599999E-03  1.2500000E-03

  Flux (Part/sr/GeV/cmq/pr):

   7.241550     +/-    3.203820     % 

  Flux (Part/deg/GeV/cmq/pr):

  0.5055556     +/-    3.203820     % 

  Energy interval (GeV):  1.2500000E-03  1.2400000E-03

  Flux (Part/sr/GeV/cmq/pr):

   7.575775     +/-    3.069672     % 

  Flux (Part/deg/GeV/cmq/pr):

  0.5288889     +/-    3.069672     % 

  Energy interval (GeV):  1.2400000E-03  1.2299999E-03

  Flux (Part/sr/GeV/cmq/pr):

   7.193803     +/-    5.015834     % 

  Flux (Part/deg/GeV/cmq/pr):

  0.5022222     +/-    5.015834     % 

  Energy interval (GeV):  1.2299999E-03  1.2200000E-03

  Flux (Part/sr/GeV/cmq/pr):

   7.082395     +/-    4.740456     % 

  Flux (Part/deg/GeV/cmq/pr):

  0.4944445     +/-    4.740456     % 

  Energy interval (GeV):  1.2200000E-03  1.2100000E-03

  Flux (Part/sr/GeV/cmq/pr):

   6.843662     +/-    6.869329     % 

  Flux (Part/deg/GeV/cmq/pr):

  0.4777778     +/-    6.869329     % 

  Energy interval (GeV):  1.2100000E-03  1.1999999E-03

  Flux (Part/sr/GeV/cmq/pr):

   7.209719     +/-    3.896106     % 

  Flux (Part/deg/GeV/cmq/pr):

  0.5033333     +/-    3.896106     % 

  Energy interval (GeV):  1.1999999E-03  1.1900000E-03

  Flux (Part/sr/GeV/cmq/pr):

   6.748169     +/-    3.322879     % 

  Flux (Part/deg/GeV/cmq/pr):

  0.4711111     +/-    3.322879     % 

  Energy interval (GeV):  1.1900000E-03  1.1800000E-03

  Flux (Part/sr/GeV/cmq/pr):

   7.337043     +/-    3.871273     % 

  Flux (Part/deg/GeV/cmq/pr):

  0.5122222     +/-    3.871273     % 

  Energy interval (GeV):  1.1800000E-03  1.1699999E-03

  Flux (Part/sr/GeV/cmq/pr):

   7.512114     +/-    4.138141     % 

  Flux (Part/deg/GeV/cmq/pr):

  0.5244445     +/-    4.138141     % 

  Energy interval (GeV):  1.1699999E-03  1.1600000E-03

  Flux (Part/sr/GeV/cmq/pr):

   7.305212     +/-    4.349121     % 

  Flux (Part/deg/GeV/cmq/pr):

  0.5100001     +/-    4.349121     % 

  Energy interval (GeV):  1.1600000E-03  1.1500000E-03

  Flux (Part/sr/GeV/cmq/pr):

   7.241550     +/-    3.333132     % 

  Flux (Part/deg/GeV/cmq/pr):

  0.5055556     +/-    3.333132     % 

  Energy interval (GeV):  1.1500000E-03  1.1399999E-03

  Flux (Part/sr/GeV/cmq/pr):

   7.146057     +/-    5.801343     % 

  Flux (Part/deg/GeV/cmq/pr):

  0.4988889     +/-    5.801343     % 

  Energy interval (GeV):  1.1399999E-03  1.1300000E-03

  Flux (Part/sr/GeV/cmq/pr):

   7.193803     +/-    4.569000     % 

  Flux (Part/deg/GeV/cmq/pr):

  0.5022222     +/-    4.569000     % 

  Energy interval (GeV):  1.1300000E-03  1.1199999E-03

  Flux (Part/sr/GeV/cmq/pr):

   6.843663     +/-    3.184434     % 

  Flux (Part/deg/GeV/cmq/pr):

  0.4777778     +/-    3.184434     % 

  Energy interval (GeV):  1.1199999E-03  1.1100000E-03

  Flux (Part/sr/GeV/cmq/pr):

   7.225635     +/-    3.868760     % 

  Flux (Part/deg/GeV/cmq/pr):

  0.5044445     +/-    3.868760     % 

  Energy interval (GeV):  1.1100000E-03  1.1000000E-03

  Flux (Part/sr/GeV/cmq/pr):

   7.734930     +/-    2.935256     % 

  Flux (Part/deg/GeV/cmq/pr):

  0.5400000     +/-    2.935256     % 

  Energy interval (GeV):  1.1000000E-03  1.0899999E-03

  Flux (Part/sr/GeV/cmq/pr):

   7.352958     +/-    3.311051     % 

  Flux (Part/deg/GeV/cmq/pr):

  0.5133334     +/-    3.311051     % 

  Energy interval (GeV):  1.0899999E-03  1.0800000E-03

  Flux (Part/sr/GeV/cmq/pr):

   7.432536     +/-    4.141131     % 

  Flux (Part/deg/GeV/cmq/pr):

  0.5188889     +/-    4.141131     % 

  Energy interval (GeV):  1.0800000E-03  1.0700000E-03

  Flux (Part/sr/GeV/cmq/pr):

   7.146057     +/-    3.911841     % 

  Flux (Part/deg/GeV/cmq/pr):

  0.4988889     +/-    3.911841     % 

  Energy interval (GeV):  1.0700000E-03  1.0599999E-03

  Flux (Part/sr/GeV/cmq/pr):

   7.782677     +/-    5.796743     % 

  Flux (Part/deg/GeV/cmq/pr):

  0.5433334     +/-    5.796743     % 

  Energy interval (GeV):  1.0599999E-03  1.0500000E-03

  Flux (Part/sr/GeV/cmq/pr):

   7.512113     +/-    5.438770     % 

  Flux (Part/deg/GeV/cmq/pr):

  0.5244445     +/-    5.438770     % 

  Energy interval (GeV):  1.0500000E-03  1.0400000E-03

  Flux (Part/sr/GeV/cmq/pr):

   7.161973     +/-    3.849002     % 

  Flux (Part/deg/GeV/cmq/pr):

  0.5000001     +/-    3.849002     % 

  Energy interval (GeV):  1.0400000E-03  1.0299999E-03

  Flux (Part/sr/GeV/cmq/pr):

   7.830423     +/-    2.097538     % 

  Flux (Part/deg/GeV/cmq/pr):

  0.5466667     +/-    2.097538     % 

  Energy interval (GeV):  1.0299999E-03  1.0200000E-03

  Flux (Part/sr/GeV/cmq/pr):

   7.989578     +/-    4.614038     % 

  Flux (Part/deg/GeV/cmq/pr):

  0.5577778     +/-    4.614038     % 

  Energy interval (GeV):  1.0200000E-03  1.0100000E-03

  Flux (Part/sr/GeV/cmq/pr):

   7.448452     +/-    2.450287     % 

  Flux (Part/deg/GeV/cmq/pr):

  0.5200000     +/-    2.450287     % 

  Energy interval (GeV):  1.0100000E-03  9.9999993E-04

  Flux (Part/sr/GeV/cmq/pr):

   7.034648     +/-    4.589471     % 

  Flux (Part/deg/GeV/cmq/pr):

  0.4911111     +/-    4.589471     % 

  Energy interval (GeV):  9.9999993E-04  9.8999997E-04

  Flux (Part/sr/GeV/cmq/pr):

   7.798592     +/-    5.030105     % 

  Flux (Part/deg/GeV/cmq/pr):

  0.5444445     +/-    5.030105     % 

  Energy interval (GeV):  9.8999997E-04  9.8000001E-04

  Flux (Part/sr/GeV/cmq/pr):

   7.543944     +/-    1.578758     % 

  Flux (Part/deg/GeV/cmq/pr):

  0.5266667     +/-    1.578758     % 

  Energy interval (GeV):  9.8000001E-04  9.6999999E-04

  Flux (Part/sr/GeV/cmq/pr):

   7.161973     +/-    1.648044     % 

  Flux (Part/deg/GeV/cmq/pr):

  0.5000001     +/-    1.648044     % 

  Energy interval (GeV):  9.6999999E-04  9.5999998E-04

  Flux (Part/sr/GeV/cmq/pr):

   7.750846     +/-    5.657075     % 

  Flux (Part/deg/GeV/cmq/pr):

  0.5411111     +/-    5.657075     % 

  Energy interval (GeV):  9.5999998E-04  9.4999996E-04

  Flux (Part/sr/GeV/cmq/pr):

   7.416620     +/-    8.579667     % 

  Flux (Part/deg/GeV/cmq/pr):

  0.5177778     +/-    8.579667     % 

  Energy interval (GeV):  9.4999996E-04  9.4000000E-04

  Flux (Part/sr/GeV/cmq/pr):

   7.591691     +/-    4.798962     % 

  Flux (Part/deg/GeV/cmq/pr):

  0.5300000     +/-    4.798962     % 

  Energy interval (GeV):  9.4000000E-04  9.2999998E-04

  Flux (Part/sr/GeV/cmq/pr):

   7.766761     +/-    4.067507     % 

  Flux (Part/deg/GeV/cmq/pr):

  0.5422223     +/-    4.067507     % 

  Energy interval (GeV):  9.2999998E-04  9.1999996E-04

  Flux (Part/sr/GeV/cmq/pr):

   8.100986     +/-    4.160671     % 

  Flux (Part/deg/GeV/cmq/pr):

  0.5655556     +/-    4.160671     % 

  Energy interval (GeV):  9.1999996E-04  9.1000000E-04

  Flux (Part/sr/GeV/cmq/pr):

   7.814508     +/-    4.898580     % 

  Flux (Part/deg/GeV/cmq/pr):

  0.5455556     +/-    4.898580     % 

  Energy interval (GeV):  9.1000000E-04  8.9999998E-04

  Flux (Part/sr/GeV/cmq/pr):

   7.862254     +/-    3.977102     % 

  Flux (Part/deg/GeV/cmq/pr):

  0.5488889     +/-    3.977102     % 

  Energy interval (GeV):  8.9999998E-04  8.8999997E-04

  Flux (Part/sr/GeV/cmq/pr):

   7.957747     +/-    3.987480     % 

  Flux (Part/deg/GeV/cmq/pr):

  0.5555556     +/-    3.987480     % 

  Energy interval (GeV):  8.8999997E-04  8.7999995E-04

  Flux (Part/sr/GeV/cmq/pr):

   7.575776     +/-    5.776356     % 

  Flux (Part/deg/GeV/cmq/pr):

  0.5288889     +/-    5.776356     % 

  Energy interval (GeV):  8.7999995E-04  8.6999999E-04

  Flux (Part/sr/GeV/cmq/pr):

   7.591691     +/-    3.985986     % 

  Flux (Part/deg/GeV/cmq/pr):

  0.5300000     +/-    3.985986     % 

  Energy interval (GeV):  8.6999999E-04  8.5999997E-04

  Flux (Part/sr/GeV/cmq/pr):

   8.069156     +/-    4.642447     % 

  Flux (Part/deg/GeV/cmq/pr):

  0.5633334     +/-    4.642447     % 

  Energy interval (GeV):  8.5999997E-04  8.4999995E-04

  Flux (Part/sr/GeV/cmq/pr):

   8.244226     +/-    3.210095     % 

  Flux (Part/deg/GeV/cmq/pr):

  0.5755556     +/-    3.210095     % 

  Energy interval (GeV):  8.4999995E-04  8.3999999E-04

  Flux (Part/sr/GeV/cmq/pr):

   7.448451     +/-    5.779115     % 

  Flux (Part/deg/GeV/cmq/pr):

  0.5200000     +/-    5.779115     % 

  Energy interval (GeV):  8.3999999E-04  8.2999998E-04

  Flux (Part/sr/GeV/cmq/pr):

   7.910001     +/-    4.725158     % 

  Flux (Part/deg/GeV/cmq/pr):

  0.5522223     +/-    4.725158     % 

  Energy interval (GeV):  8.2999998E-04  8.1999996E-04

  Flux (Part/sr/GeV/cmq/pr):

   7.798592     +/-    2.831518     % 

  Flux (Part/deg/GeV/cmq/pr):

  0.5444445     +/-    2.831518     % 

  Energy interval (GeV):  8.1999996E-04  8.1000000E-04

  Flux (Part/sr/GeV/cmq/pr):

   7.639437     +/-    5.462545     % 

  Flux (Part/deg/GeV/cmq/pr):

  0.5333334     +/-    5.462545     % 

  Energy interval (GeV):  8.1000000E-04  7.9999998E-04

  Flux (Part/sr/GeV/cmq/pr):

   7.384789     +/-    3.465073     % 

  Flux (Part/deg/GeV/cmq/pr):

  0.5155556     +/-    3.465073     % 

  Energy interval (GeV):  7.9999998E-04  7.8999996E-04

  Flux (Part/sr/GeV/cmq/pr):

   7.639437     +/-    5.081796     % 

  Flux (Part/deg/GeV/cmq/pr):

  0.5333334     +/-    5.081796     % 

  Energy interval (GeV):  7.8999996E-04  7.8000000E-04

  Flux (Part/sr/GeV/cmq/pr):

   7.878170     +/-    4.261621     % 

  Flux (Part/deg/GeV/cmq/pr):

  0.5500000     +/-    4.261621     % 

  Energy interval (GeV):  7.8000000E-04  7.6999998E-04

  Flux (Part/sr/GeV/cmq/pr):

   7.957747     +/-    5.319774     % 

  Flux (Part/deg/GeV/cmq/pr):

  0.5555556     +/-    5.319774     % 

  Energy interval (GeV):  7.6999998E-04  7.5999997E-04

  Flux (Part/sr/GeV/cmq/pr):

   7.448452     +/-    2.757156     % 

  Flux (Part/deg/GeV/cmq/pr):

  0.5200000     +/-    2.757156     % 

  Energy interval (GeV):  7.5999997E-04  7.5000001E-04

  Flux (Part/sr/GeV/cmq/pr):

   7.575775     +/-    3.719733     % 

  Flux (Part/deg/GeV/cmq/pr):

  0.5288889     +/-    3.719733     % 

  Energy interval (GeV):  7.5000001E-04  7.3999999E-04

  Flux (Part/sr/GeV/cmq/pr):

   7.973663     +/-    3.209169     % 

  Flux (Part/deg/GeV/cmq/pr):

  0.5566667     +/-    3.209169     % 

  Energy interval (GeV):  7.3999999E-04  7.2999997E-04

  Flux (Part/sr/GeV/cmq/pr):

   7.957747     +/-    3.000000     % 

  Flux (Part/deg/GeV/cmq/pr):

  0.5555556     +/-    3.000000     % 

  Energy interval (GeV):  7.2999997E-04  7.2000001E-04

  Flux (Part/sr/GeV/cmq/pr):

   7.543944     +/-    4.722158     % 

  Flux (Part/deg/GeV/cmq/pr):

  0.5266667     +/-    4.722158     % 

  Energy interval (GeV):  7.2000001E-04  7.0999999E-04

  Flux (Part/sr/GeV/cmq/pr):

   7.957747     +/-    5.291503     % 

  Flux (Part/deg/GeV/cmq/pr):

  0.5555556     +/-    5.291503     % 

  Energy interval (GeV):  7.0999999E-04  6.9999998E-04

  Flux (Part/sr/GeV/cmq/pr):

   8.323804     +/-    4.324353     % 

  Flux (Part/deg/GeV/cmq/pr):

  0.5811111     +/-    4.324353     % 

  Energy interval (GeV):  6.9999998E-04  6.8999996E-04

  Flux (Part/sr/GeV/cmq/pr):

   8.037325     +/-    2.445364     % 

  Flux (Part/deg/GeV/cmq/pr):

  0.5611112     +/-    2.445364     % 

  Energy interval (GeV):  6.8999996E-04  6.8000000E-04

  Flux (Part/sr/GeV/cmq/pr):

   8.005493     +/-    3.275797     % 

  Flux (Part/deg/GeV/cmq/pr):

  0.5588889     +/-    3.275797     % 

  Energy interval (GeV):  6.8000000E-04  6.6999998E-04

  Flux (Part/sr/GeV/cmq/pr):

   7.878170     +/-    2.189847     % 

  Flux (Part/deg/GeV/cmq/pr):

  0.5500000     +/-    2.189847     % 

  Energy interval (GeV):  6.6999998E-04  6.5999996E-04

  Flux (Part/sr/GeV/cmq/pr):

   8.069156     +/-    4.417001     % 

  Flux (Part/deg/GeV/cmq/pr):

  0.5633334     +/-    4.417001     % 

  Energy interval (GeV):  6.5999996E-04  6.5000000E-04

  Flux (Part/sr/GeV/cmq/pr):

   8.323804     +/-    7.494879     % 

  Flux (Part/deg/GeV/cmq/pr):

  0.5811111     +/-    7.494879     % 

  Energy interval (GeV):  6.5000000E-04  6.3999998E-04

  Flux (Part/sr/GeV/cmq/pr):

   8.005494     +/-    4.647582     % 

  Flux (Part/deg/GeV/cmq/pr):

  0.5588889     +/-    4.647582     % 

  Energy interval (GeV):  6.3999998E-04  6.2999997E-04

  Flux (Part/sr/GeV/cmq/pr):

   7.782677     +/-    4.918615     % 

  Flux (Part/deg/GeV/cmq/pr):

  0.5433334     +/-    4.918615     % 

  Energy interval (GeV):  6.2999997E-04  6.2000001E-04

  Flux (Part/sr/GeV/cmq/pr):

   7.687184     +/-    3.348026     % 

  Flux (Part/deg/GeV/cmq/pr):

  0.5366667     +/-    3.348026     % 

  Energy interval (GeV):  6.2000001E-04  6.0999999E-04

  Flux (Part/sr/GeV/cmq/pr):

   8.021409     +/-    5.391935     % 

  Flux (Part/deg/GeV/cmq/pr):

  0.5600001     +/-    5.391935     % 

  Energy interval (GeV):  6.0999999E-04  5.9999997E-04

  Flux (Part/sr/GeV/cmq/pr):

   7.671268     +/-    4.850071     % 

  Flux (Part/deg/GeV/cmq/pr):

  0.5355556     +/-    4.850071     % 

  Energy interval (GeV):  5.9999997E-04  5.9000001E-04

  Flux (Part/sr/GeV/cmq/pr):

   7.623522     +/-    3.883314     % 

  Flux (Part/deg/GeV/cmq/pr):

  0.5322223     +/-    3.883314     % 

  Energy interval (GeV):  5.9000001E-04  5.7999999E-04

  Flux (Part/sr/GeV/cmq/pr):

   7.782677     +/-    4.554408     % 

  Flux (Part/deg/GeV/cmq/pr):

  0.5433334     +/-    4.554408     % 

  Energy interval (GeV):  5.7999999E-04  5.6999997E-04

  Flux (Part/sr/GeV/cmq/pr):

   8.053240     +/-    4.126603     % 

  Flux (Part/deg/GeV/cmq/pr):

  0.5622222     +/-    4.126603     % 

  Energy interval (GeV):  5.6999997E-04  5.5999996E-04

  Flux (Part/sr/GeV/cmq/pr):

   7.703099     +/-    5.557428     % 

  Flux (Part/deg/GeV/cmq/pr):

  0.5377778     +/-    5.557428     % 

  Energy interval (GeV):  5.5999996E-04  5.5000000E-04

  Flux (Part/sr/GeV/cmq/pr):

   7.830423     +/-    4.294827     % 

  Flux (Part/deg/GeV/cmq/pr):

  0.5466667     +/-    4.294827     % 

  Energy interval (GeV):  5.5000000E-04  5.3999998E-04

  Flux (Part/sr/GeV/cmq/pr):

   7.432536     +/-    4.866517     % 

  Flux (Part/deg/GeV/cmq/pr):

  0.5188890     +/-    4.866517     % 

  Energy interval (GeV):  5.3999998E-04  5.2999996E-04

  Flux (Part/sr/GeV/cmq/pr):

   8.132818     +/-    2.196668     % 

  Flux (Part/deg/GeV/cmq/pr):

  0.5677778     +/-    2.196668     % 

  Energy interval (GeV):  5.2999996E-04  5.2000000E-04

  Flux (Part/sr/GeV/cmq/pr):

   7.464367     +/-    5.106154     % 

  Flux (Part/deg/GeV/cmq/pr):

  0.5211111     +/-    5.106154     % 

  Energy interval (GeV):  5.2000000E-04  5.0999998E-04

  Flux (Part/sr/GeV/cmq/pr):

   243.3957     +/-   0.9894995     % 

  Flux (Part/deg/GeV/cmq/pr):

   16.99222     +/-   0.9894995     % 

  Energy interval (GeV):  5.0999998E-04  4.9999997E-04

  Flux (Part/sr/GeV/cmq/pr):

   12.41409     +/-    4.577839     % 

  Flux (Part/deg/GeV/cmq/pr):

  0.8666667     +/-    4.577839     % 

  Energy interval (GeV):  4.9999997E-04  4.9000001E-04

  Flux (Part/sr/GeV/cmq/pr):

   13.78282     +/-    3.694248     % 

  Flux (Part/deg/GeV/cmq/pr):

  0.9622223     +/-    3.694248     % 

  Energy interval (GeV):  4.9000001E-04  4.7999999E-04

  Flux (Part/sr/GeV/cmq/pr):

   12.78014     +/-    1.756755     % 

  Flux (Part/deg/GeV/cmq/pr):

  0.8922223     +/-    1.756755     % 

  Energy interval (GeV):  4.7999999E-04  4.7000000E-04

  Flux (Part/sr/GeV/cmq/pr):

   12.81197     +/-    1.904312     % 

  Flux (Part/deg/GeV/cmq/pr):

  0.8944445     +/-    1.904312     % 

  Energy interval (GeV):  4.7000000E-04  4.5999998E-04

  Flux (Part/sr/GeV/cmq/pr):

   13.13028     +/-    3.549467     % 

  Flux (Part/deg/GeV/cmq/pr):

  0.9166667     +/-    3.549467     % 

  Energy interval (GeV):  4.5999998E-04  4.4999999E-04

  Flux (Part/sr/GeV/cmq/pr):

   11.80930     +/-    1.828121     % 

  Flux (Part/deg/GeV/cmq/pr):

  0.8244445     +/-    1.828121     % 

  Energy interval (GeV):  4.4999999E-04  4.3999997E-04

  Flux (Part/sr/GeV/cmq/pr):

   12.68465     +/-    3.955805     % 

  Flux (Part/deg/GeV/cmq/pr):

  0.8855556     +/-    3.955805     % 

  Energy interval (GeV):  4.3999997E-04  4.2999999E-04

  Flux (Part/sr/GeV/cmq/pr):

   11.33183     +/-    2.633192     % 

  Flux (Part/deg/GeV/cmq/pr):

  0.7911112     +/-    2.633192     % 

  Energy interval (GeV):  4.2999999E-04  4.2000000E-04

  Flux (Part/sr/GeV/cmq/pr):

   12.30268     +/-    4.169924     % 

  Flux (Part/deg/GeV/cmq/pr):

  0.8588889     +/-    4.169924     % 

  Energy interval (GeV):  4.2000000E-04  4.0999998E-04

  Flux (Part/sr/GeV/cmq/pr):

   12.74831     +/-    3.544337     % 

  Flux (Part/deg/GeV/cmq/pr):

  0.8900000     +/-    3.544337     % 

  Energy interval (GeV):  4.0999998E-04  3.9999999E-04

  Flux (Part/sr/GeV/cmq/pr):

   13.56000     +/-    2.380924     % 

  Flux (Part/deg/GeV/cmq/pr):

  0.9466667     +/-    2.380924     % 

  Energy interval (GeV):  3.9999999E-04  3.9000000E-04

  Flux (Part/sr/GeV/cmq/pr):

   13.19394     +/-    2.467706     % 

  Flux (Part/deg/GeV/cmq/pr):

  0.9211112     +/-    2.467706     % 

  Energy interval (GeV):  3.9000000E-04  3.7999998E-04

  Flux (Part/sr/GeV/cmq/pr):

   13.09845     +/-    3.275051     % 

  Flux (Part/deg/GeV/cmq/pr):

  0.9144445     +/-    3.275051     % 

  Energy interval (GeV):  3.7999998E-04  3.6999999E-04

  Flux (Part/sr/GeV/cmq/pr):

   13.56000     +/-    1.861356     % 

  Flux (Part/deg/GeV/cmq/pr):

  0.9466667     +/-    1.861356     % 

  Energy interval (GeV):  3.6999999E-04  3.6000001E-04

  Flux (Part/sr/GeV/cmq/pr):

   13.98972     +/-    2.706571     % 

  Flux (Part/deg/GeV/cmq/pr):

  0.9766667     +/-    2.706571     % 

  Energy interval (GeV):  3.6000001E-04  3.4999999E-04

  Flux (Part/sr/GeV/cmq/pr):

   13.51225     +/-    3.173662     % 

  Flux (Part/deg/GeV/cmq/pr):

  0.9433334     +/-    3.173662     % 

  Energy interval (GeV):  3.4999999E-04  3.4000000E-04

  Flux (Part/sr/GeV/cmq/pr):

   13.40085     +/-    2.750888     % 

  Flux (Part/deg/GeV/cmq/pr):

  0.9355556     +/-    2.750888     % 

  Energy interval (GeV):  3.4000000E-04  3.2999998E-04

  Flux (Part/sr/GeV/cmq/pr):

   13.87831     +/-    2.699222     % 

  Flux (Part/deg/GeV/cmq/pr):

  0.9688889     +/-    2.699222     % 

  Energy interval (GeV):  3.2999998E-04  3.1999999E-04

  Flux (Part/sr/GeV/cmq/pr):

   13.75099     +/-    3.003690     % 

  Flux (Part/deg/GeV/cmq/pr):

  0.9600000     +/-    3.003690     % 

  Energy interval (GeV):  3.1999999E-04  3.1000000E-04

  Flux (Part/sr/GeV/cmq/pr):

   14.43535     +/-    2.692762     % 

  Flux (Part/deg/GeV/cmq/pr):

   1.007778     +/-    2.692762     % 

  Energy interval (GeV):  3.1000000E-04  2.9999999E-04

  Flux (Part/sr/GeV/cmq/pr):

   14.72183     +/-    4.034185     % 

  Flux (Part/deg/GeV/cmq/pr):

   1.027778     +/-    4.034185     % 

  Energy interval (GeV):  2.9999999E-04  2.9000000E-04

  Flux (Part/sr/GeV/cmq/pr):

   14.48310     +/-    2.629338     % 

  Flux (Part/deg/GeV/cmq/pr):

   1.011111     +/-    2.629338     % 

  Energy interval (GeV):  2.9000000E-04  2.7999998E-04

  Flux (Part/sr/GeV/cmq/pr):

   15.80409     +/-    3.334687     % 

  Flux (Part/deg/GeV/cmq/pr):

   1.103333     +/-    3.334687     % 

  Energy interval (GeV):  2.7999998E-04  2.6999999E-04

  Flux (Part/sr/GeV/cmq/pr):

   15.35845     +/-    3.570996     % 

  Flux (Part/deg/GeV/cmq/pr):

   1.072222     +/-    3.570996     % 

  Energy interval (GeV):  2.6999999E-04  2.6000000E-04

  Flux (Part/sr/GeV/cmq/pr):

   15.97916     +/-    3.186472     % 

  Flux (Part/deg/GeV/cmq/pr):

   1.115556     +/-    3.186472     % 

  Energy interval (GeV):  2.6000000E-04  2.4999998E-04

  Flux (Part/sr/GeV/cmq/pr):

   16.55211     +/-    2.187368     % 

  Flux (Part/deg/GeV/cmq/pr):

   1.155556     +/-    2.187368     % 

  Energy interval (GeV):  2.4999998E-04  2.3999999E-04

  Flux (Part/sr/GeV/cmq/pr):

   17.18873     +/-    3.018149     % 

  Flux (Part/deg/GeV/cmq/pr):

   1.200000     +/-    3.018149     % 

  Energy interval (GeV):  2.3999999E-04  2.2999999E-04

  Flux (Part/sr/GeV/cmq/pr):

   16.12240     +/-    3.645841     % 

  Flux (Part/deg/GeV/cmq/pr):

   1.125556     +/-    3.645841     % 

  Energy interval (GeV):  2.2999999E-04  2.1999999E-04

  Flux (Part/sr/GeV/cmq/pr):

   17.50704     +/-    3.756537     % 

  Flux (Part/deg/GeV/cmq/pr):

   1.222222     +/-    3.756537     % 

  Energy interval (GeV):  2.1999999E-04  2.1000000E-04

  Flux (Part/sr/GeV/cmq/pr):

   18.08000     +/-    2.359583     % 

  Flux (Part/deg/GeV/cmq/pr):

   1.262222     +/-    2.359583     % 

  Energy interval (GeV):  2.1000000E-04  1.9999999E-04

  Flux (Part/sr/GeV/cmq/pr):

   18.68479     +/-    2.803795     % 

  Flux (Part/deg/GeV/cmq/pr):

   1.304445     +/-    2.803795     % 

  Energy interval (GeV):  1.9999999E-04  1.8999999E-04

  Flux (Part/sr/GeV/cmq/pr):

   18.41423     +/-    2.907328     % 

  Flux (Part/deg/GeV/cmq/pr):

   1.285556     +/-    2.907328     % 

  Energy interval (GeV):  1.8999999E-04  1.8000000E-04

  Flux (Part/sr/GeV/cmq/pr):

   18.73254     +/-    1.921526     % 

  Flux (Part/deg/GeV/cmq/pr):

   1.307778     +/-    1.921526     % 

  Energy interval (GeV):  1.8000000E-04  1.7000000E-04

  Flux (Part/sr/GeV/cmq/pr):

   18.92352     +/-    2.262233     % 

  Flux (Part/deg/GeV/cmq/pr):

   1.321111     +/-    2.262233     % 

  Energy interval (GeV):  1.7000000E-04  1.6000000E-04

  Flux (Part/sr/GeV/cmq/pr):

   16.28155     +/-    2.216185     % 

  Flux (Part/deg/GeV/cmq/pr):

   1.136667     +/-    2.216185     % 

  Energy interval (GeV):  1.6000000E-04  1.4999999E-04

  Flux (Part/sr/GeV/cmq/pr):

   15.02423     +/-    4.274859     % 

  Flux (Part/deg/GeV/cmq/pr):

   1.048889     +/-    4.274859     % 

  Energy interval (GeV):  1.4999999E-04  1.3999999E-04

  Flux (Part/sr/GeV/cmq/pr):

   14.02155     +/-    4.742924     % 

  Flux (Part/deg/GeV/cmq/pr):

  0.9788889     +/-    4.742924     % 

  Energy interval (GeV):  1.3999999E-04  1.3000000E-04

  Flux (Part/sr/GeV/cmq/pr):

   11.52282     +/-    3.753502     % 

  Flux (Part/deg/GeV/cmq/pr):

  0.8044445     +/-    3.753502     % 

  Energy interval (GeV):  1.3000000E-04  1.2000000E-04

  Flux (Part/sr/GeV/cmq/pr):

   10.53606     +/-    3.571478     % 

  Flux (Part/deg/GeV/cmq/pr):

  0.7355556     +/-    3.571478     % 

  Energy interval (GeV):  1.2000000E-04  1.0999999E-04

  Flux (Part/sr/GeV/cmq/pr):

   7.623522     +/-    3.651953     % 

  Flux (Part/deg/GeV/cmq/pr):

  0.5322223     +/-    3.651953     % 

  Energy interval (GeV):  1.0999999E-04  9.9999997E-05

  Flux (Part/sr/GeV/cmq/pr):

   6.191127     +/-    3.575945     % 

  Flux (Part/deg/GeV/cmq/pr):

  0.4322222     +/-    3.575945     % 

  Energy interval (GeV):  9.9999997E-05  9.0000001E-05

  Flux (Part/sr/GeV/cmq/pr):

   4.695071     +/-    4.254204     % 

  Flux (Part/deg/GeV/cmq/pr):

  0.3277778     +/-    4.254204     % 

  Energy interval (GeV):  9.0000001E-05  7.9999998E-05

  Flux (Part/sr/GeV/cmq/pr):

   3.692395     +/-    6.194012     % 

  Flux (Part/deg/GeV/cmq/pr):

  0.2577778     +/-    6.194012     % 

  Energy interval (GeV):  7.9999998E-05  6.9999995E-05

  Flux (Part/sr/GeV/cmq/pr):

   2.657888     +/-    2.776533     % 

  Flux (Part/deg/GeV/cmq/pr):

  0.1855556     +/-    2.776533     % 

  Energy interval (GeV):  6.9999995E-05  5.9999998E-05

  Flux (Part/sr/GeV/cmq/pr):

   1.782535     +/-    9.637068     % 

  Flux (Part/deg/GeV/cmq/pr):

  0.1244445     +/-    9.637068     % 

  Energy interval (GeV):  5.9999998E-05  4.9999999E-05

  Flux (Part/sr/GeV/cmq/pr):

   1.018592     +/-    11.95083     % 

  Flux (Part/deg/GeV/cmq/pr):

  7.1111113E-02 +/-    11.95083     % 

  Energy interval (GeV):  4.9999999E-05  3.9999999E-05

  Flux (Part/sr/GeV/cmq/pr):

  0.9071832     +/-    5.263159     % 

  Flux (Part/deg/GeV/cmq/pr):

  6.3333340E-02 +/-    5.263159     % 

  Energy interval (GeV):  3.9999999E-05  2.9999999E-05

  Flux (Part/sr/GeV/cmq/pr):

  0.3978873     +/-    16.73320     % 

  Flux (Part/deg/GeV/cmq/pr):

  2.7777780E-02 +/-    16.73320     % 

  Energy interval (GeV):  2.9999999E-05  1.9999999E-05

  Flux (Part/sr/GeV/cmq/pr):

  0.1909859     +/-    21.24591     % 

  Flux (Part/deg/GeV/cmq/pr):

  1.3333334E-02 +/-    21.24591     % 

  Energy interval (GeV):  1.9999999E-05  9.9999997E-06

  Flux (Part/sr/GeV/cmq/pr):

  0.1591549     +/-    44.72136     % 

  Flux (Part/deg/GeV/cmq/pr):

  1.1111111E-02 +/-    44.72136     % 

  Energy interval (GeV):  9.9999997E-06   0.000000    

  Flux (Part/sr/GeV/cmq/pr):

   0.000000     +/-    0.000000     % 

  Flux (Part/deg/GeV/cmq/pr):

   0.000000     +/-    0.000000     % 
