  **** hpge2021new_22.bnx ****

  Simulation of HPGe detector for gamma detection v2021                           

  Total primaries run:         1000000
   Total weight of the primaries run:   1000000.00    


  Detector n:            1 (           1 )  targam    
     (Area:            1.00000000      cmq,
      distr. scored:           7    ,
      from reg.           7  to            4 ,
      one way scoring,
      current scoring)

     Tot. resp. (Part/cmq/pr)  0.5560110      +/-  4.9510017E-02 %
     ( -->      (Part/pr)      0.5560110      +/-  4.9510017E-02 % )

  **** Different. Fluxes as a function of energy **** ****      (integrated over solid angle)        ****


  Energy boundaries (GeV):

  3.0000000E-03  2.9899999E-03  2.9799999E-03  2.9700000E-03  2.9600000E-03
  2.9499999E-03  2.9400000E-03  2.9300000E-03  2.9199999E-03  2.9100000E-03
  2.9000000E-03  2.8899999E-03  2.8800000E-03  2.8700000E-03  2.8599999E-03
  2.8499998E-03  2.8400000E-03  2.8299999E-03  2.8199998E-03  2.8100000E-03
  2.7999999E-03  2.7899998E-03  2.7800000E-03  2.7699999E-03  2.7599998E-03
  2.7500000E-03  2.7399999E-03  2.7299998E-03  2.7200000E-03  2.7099999E-03
  2.6999998E-03  2.6900000E-03  2.6799999E-03  2.6699998E-03  2.6600000E-03
  2.6499999E-03  2.6399998E-03  2.6300000E-03  2.6199999E-03  2.6099999E-03
  2.6000000E-03  2.5899999E-03  2.5799999E-03  2.5700000E-03  2.5599999E-03
  2.5499999E-03  2.5400000E-03  2.5299999E-03  2.5199999E-03  2.5100000E-03
  2.4999999E-03  2.4899999E-03  2.4800000E-03  2.4699999E-03  2.4599999E-03
  2.4500000E-03  2.4400000E-03  2.4299999E-03  2.4200000E-03  2.4100000E-03
  2.3999999E-03  2.3900000E-03  2.3800000E-03  2.3699999E-03  2.3600000E-03
  2.3500000E-03  2.3399999E-03  2.3300000E-03  2.3200000E-03  2.3099999E-03
  2.3000001E-03  2.2900000E-03  2.2799999E-03  2.2700001E-03  2.2600000E-03
  2.2499999E-03  2.2399998E-03  2.2300000E-03  2.2199999E-03  2.2099998E-03
  2.2000000E-03  2.1899999E-03  2.1799998E-03  2.1700000E-03  2.1599999E-03
  2.1499998E-03  2.1400000E-03  2.1299999E-03  2.1199998E-03  2.1100000E-03
  2.0999999E-03  2.0899998E-03  2.0800000E-03  2.0699999E-03  2.0599999E-03
  2.0500000E-03  2.0399999E-03  2.0299999E-03  2.0200000E-03  2.0099999E-03
  1.9999999E-03  1.9900000E-03  1.9799999E-03  1.9699999E-03  1.9600000E-03
  1.9499999E-03  1.9400000E-03  1.9299999E-03  1.9200000E-03  1.9100000E-03
  1.8999999E-03  1.8900000E-03  1.8800000E-03  1.8699999E-03  1.8600000E-03
  1.8500000E-03  1.8399999E-03  1.8300000E-03  1.8200000E-03  1.8099999E-03
  1.8000000E-03  1.7900000E-03  1.7799999E-03  1.7700000E-03  1.7599999E-03
  1.7499999E-03  1.7400000E-03  1.7299999E-03  1.7199999E-03  1.7100000E-03
  1.6999999E-03  1.6899999E-03  1.6800000E-03  1.6699999E-03  1.6600000E-03
  1.6500000E-03  1.6399999E-03  1.6300000E-03  1.6200000E-03  1.6099999E-03
  1.6000000E-03  1.5900000E-03  1.5799999E-03  1.5700000E-03  1.5600000E-03
  1.5499999E-03  1.5400000E-03  1.5300000E-03  1.5199999E-03  1.5100000E-03
  1.5000000E-03  1.4899999E-03  1.4800000E-03  1.4700000E-03  1.4599999E-03
  1.4500000E-03  1.4400000E-03  1.4299999E-03  1.4200000E-03  1.4099999E-03
  1.4000000E-03  1.3900000E-03  1.3799999E-03  1.3700000E-03  1.3600000E-03
  1.3499999E-03  1.3400000E-03  1.3300000E-03  1.3199999E-03  1.3100000E-03
  1.3000000E-03  1.2899999E-03  1.2800000E-03  1.2700000E-03  1.2599999E-03
  1.2500000E-03  1.2400000E-03  1.2299999E-03  1.2200000E-03  1.2100000E-03
  1.1999999E-03  1.1900000E-03  1.1800000E-03  1.1699999E-03  1.1600000E-03
  1.1500000E-03  1.1399999E-03  1.1300000E-03  1.1199999E-03  1.1100000E-03
  1.1000000E-03  1.0899999E-03  1.0800000E-03  1.0700000E-03  1.0599999E-03
  1.0500000E-03  1.0400000E-03  1.0299999E-03  1.0200000E-03  1.0100000E-03
  9.9999993E-04  9.8999997E-04  9.8000001E-04  9.6999999E-04  9.5999998E-04
  9.4999996E-04  9.4000000E-04  9.2999998E-04  9.1999996E-04  9.1000000E-04
  8.9999998E-04  8.8999997E-04  8.7999995E-04  8.6999999E-04  8.5999997E-04
  8.4999995E-04  8.3999999E-04  8.2999998E-04  8.1999996E-04  8.1000000E-04
  7.9999998E-04  7.8999996E-04  7.8000000E-04  7.6999998E-04  7.5999997E-04
  7.5000001E-04  7.3999999E-04  7.2999997E-04  7.2000001E-04  7.0999999E-04
  6.9999998E-04  6.8999996E-04  6.8000000E-04  6.6999998E-04  6.5999996E-04
  6.5000000E-04  6.3999998E-04  6.2999997E-04  6.2000001E-04  6.0999999E-04
  5.9999997E-04  5.9000001E-04  5.7999999E-04  5.6999997E-04  5.5999996E-04
  5.5000000E-04  5.3999998E-04  5.2999996E-04  5.2000000E-04  5.0999998E-04
  4.9999997E-04  4.9000001E-04  4.7999999E-04  4.7000000E-04  4.5999998E-04
  4.4999999E-04  4.3999997E-04  4.2999999E-04  4.2000000E-04  4.0999998E-04
  3.9999999E-04  3.9000000E-04  3.7999998E-04  3.6999999E-04  3.6000001E-04
  3.4999999E-04  3.4000000E-04  3.2999998E-04  3.1999999E-04  3.1000000E-04
  2.9999999E-04  2.9000000E-04  2.7999998E-04  2.6999999E-04  2.6000000E-04
  2.4999998E-04  2.3999999E-04  2.2999999E-04  2.1999999E-04  2.1000000E-04
  1.9999999E-04  1.8999999E-04  1.8000000E-04  1.7000000E-04  1.6000000E-04
  1.4999999E-04  1.3999999E-04  1.3000000E-04  1.2000000E-04  1.0999999E-04
  9.9999997E-05  9.0000001E-05  7.9999998E-05  6.9999995E-05  5.9999998E-05
  4.9999999E-05  3.9999999E-05  2.9999999E-05  1.9999999E-05  9.9999997E-06
  Lowest boundary   (GeV):   0.000000    

  Flux (Part/GeV/cmq/pr):

   35774.30     +/-   0.1328687     %    75.90000     +/-    1.403641     % 
   80.70000     +/-    3.120119     %    72.80000     +/-    6.274481     % 
   77.40000     +/-    3.114204     %    80.70000     +/-    3.187069     % 
   79.50000     +/-    2.018467     %    79.20000     +/-    3.204186     % 
   82.10000     +/-    3.304424     %    76.80000     +/-    3.386667     % 
   78.10001     +/-    4.496955     %    76.40000     +/-    3.459312     % 
   74.90000     +/-    3.854525     %    80.70000     +/-    1.935626     % 
   77.20000     +/-    5.607478     %    83.30000     +/-    1.639437     % 
   80.90000     +/-    4.170786     %    80.40000     +/-    2.978590     % 
   75.10000     +/-    3.556779     %    77.00000     +/-    2.556495     % 
   77.30000     +/-    3.747153     %    77.70000     +/-    1.247794     % 
   82.90000     +/-    4.704463     %    80.10000     +/-    3.104826     % 
   78.30000     +/-    3.424542     %    77.60001     +/-    4.857751     % 
   76.40000     +/-    3.562998     %    72.80000     +/-    2.869859     % 
   73.20000     +/-    3.962926     %    77.80000     +/-    3.581716     % 
   78.10001     +/-    3.618150     %    79.20000     +/-    2.367214     % 
   76.00000     +/-    2.606790     %    83.70000     +/-    1.275638     % 
   77.40000     +/-    1.406430     %    76.00000     +/-    5.425139     % 
   75.50000     +/-    6.037033     %    70.80000     +/-    3.271535     % 
   80.40000     +/-    1.950795     %    77.90000     +/-    4.010398     % 
   76.70000     +/-    2.890455     %    76.50000     +/-    2.694839     % 
   67.30000     +/-    3.598479     %    75.30000     +/-    1.337944     % 
   69.90000     +/-    4.757736     %    70.20000     +/-    3.725554     % 
   72.00000     +/-    3.694288     %    71.90000     +/-    1.448725     % 
   74.70000     +/-    4.611192     %    68.30000     +/-    3.477114     % 
   69.20000     +/-    3.854618     %    70.50000     +/-    3.408685     % 
   68.90000     +/-    4.881037     %    70.30000     +/-    2.903034     % 
   70.00000     +/-    2.432769     %    71.00000     +/-    4.318228     % 
   69.10000     +/-    4.349968     %    68.30000     +/-    2.227691     % 
   65.60001     +/-    7.403108     %    67.60000     +/-    3.495948     % 
   74.20000     +/-    1.099023     %    71.50000     +/-    2.121083     % 
   68.60001     +/-    2.399720     %    63.10000     +/-    1.592691     % 
   73.30000     +/-    4.558535     %    74.10000     +/-    2.190645     % 
   69.60000     +/-    4.794418     %    69.00000     +/-    3.421947     % 
   62.30000     +/-    3.558556     %    62.90000     +/-    3.864944     % 
   63.80000     +/-    3.875945     %    64.00000     +/-    4.199901     % 
   66.80000     +/-    1.780746     %    65.40000     +/-    2.126978     % 
   64.60000     +/-    4.548820     %    65.30000     +/-    1.772718     % 
   67.20000     +/-    4.153358     %    64.50000     +/-    4.721688     % 
   66.30000     +/-    4.615730     %    67.70000     +/-    2.739622     % 
   63.90000     +/-    3.546251     %    64.70000     +/-    5.949035     % 
   62.20000     +/-    2.180815     %    61.50000     +/-    5.929945     % 
   62.30000     +/-    2.442234     %    63.70000     +/-    2.562768     % 
   68.80000     +/-    3.579538     %    61.30000     +/-    3.734265     % 
   63.80000     +/-    4.600521     %    63.60000     +/-    1.458117     % 
   60.70000     +/-    3.762169     %    63.50000     +/-    5.866010     % 
   63.80000     +/-    2.676078     %    65.10000     +/-    2.928676     % 
   63.50000     +/-    2.977587     %    63.80000     +/-    4.997273     % 
   64.50000     +/-    3.660689     %    63.40000     +/-    3.027817     % 
   61.00000     +/-    2.417685     %    61.30000     +/-    2.455126     % 
   64.30000     +/-    3.286244     %    59.70000     +/-    7.404366     % 
   64.20000     +/-    3.216804     %    60.40000     +/-    2.529917     % 
   64.70000     +/-    4.187394     %    59.40000     +/-    4.598148     % 
   63.00000     +/-    3.094221     %    55.60000     +/-    7.330102     % 
   63.20000     +/-    3.489992     %    58.80000     +/-    5.085006     % 
   62.40000     +/-    2.674411     %    55.80000     +/-    3.635386     % 
   61.00000     +/-    5.755242     %    61.90000     +/-    5.047012     % 
   60.00000     +/-    2.400809     %    62.00000     +/-    6.210202     % 
   63.00000     +/-    6.059876     %    63.80000     +/-    2.853785     % 
   62.60000     +/-    3.439146     %    58.10000     +/-    3.655209     % 
   63.90000     +/-    3.162972     %    58.80000     +/-    1.670653     % 
   61.70000     +/-    3.462863     %    60.90000     +/-    3.845662     % 
   60.80000     +/-    2.305566     %    64.00000     +/-    4.680985     % 
   62.20000     +/-    5.056008     %    62.90000     +/-    6.256118     % 
   58.00000     +/-    3.543933     %    59.40000     +/-    3.484890     % 
   59.80000     +/-    5.933510     %    57.90000     +/-    2.552978     % 
   58.40000     +/-    3.287046     %    63.30000     +/-    3.484478     % 
   61.70000     +/-    4.784633     %    60.30000     +/-    2.616870     % 
   59.50000     +/-    5.334645     %    62.40000     +/-    5.472234     % 
   63.60000     +/-    4.566521     %    61.10000     +/-    4.462716     % 
   62.70000     +/-    3.685557     %    59.40000     +/-    4.278877     % 
   59.00000     +/-    4.919636     %    63.00000     +/-    2.703079     % 
   59.00000     +/-    2.666462     %    59.30000     +/-    5.309966     % 
   58.80000     +/-    3.386446     %    60.10000     +/-    3.383478     % 
   58.80000     +/-    5.521320     %    58.60000     +/-    2.873286     % 
   57.90000     +/-    4.381226     %    56.90000     +/-    7.910564     % 
   64.50000     +/-    3.129711     %    62.90000     +/-    3.203410     % 
   57.90000     +/-    2.355471     %    58.70000     +/-    4.867881     % 
   58.00000     +/-    5.513199     %    59.00000     +/-    2.040948     % 
   59.50000     +/-    2.774383     %    60.10000     +/-    2.501380     % 
   59.80000     +/-    4.429072     %    60.00000     +/-    4.958159     % 
   56.60000     +/-    2.393324     %    59.50000     +/-    4.610376     % 
   58.60000     +/-    3.021489     %    56.70000     +/-    2.726564     % 
   59.50000     +/-    4.820044     %    59.40000     +/-    4.417387     % 
   55.00000     +/-    5.982068     %    61.70000     +/-    2.343085     % 
   57.40000     +/-    3.574613     %    58.60000     +/-    4.345676     % 
   57.00000     +/-    1.901708     %    59.30000     +/-    4.862688     % 
   65.00000     +/-    3.689102     %    55.90000     +/-    5.414219     % 
   60.50000     +/-    3.937564     %    65.40000     +/-    2.221078     % 
   59.90000     +/-    3.226403     %    54.70000     +/-    1.650408     % 
   58.40000     +/-    5.903190     %    59.50000     +/-    1.503239     % 
   59.80000     +/-    4.389433     %    56.10000     +/-    4.608799     % 
   58.60000     +/-    4.911890     %    60.40000     +/-    3.315395     % 
   58.80000     +/-    5.176609     %    58.30000     +/-    3.328234     % 
   58.90000     +/-    4.706593     %    60.10000     +/-    3.038600     % 
   56.70000     +/-    1.065524     %    60.60000     +/-    6.550968     % 
   58.50000     +/-    6.767806     %    55.30000     +/-    4.379342     % 
   54.50000     +/-    3.760349     %    59.50000     +/-    4.003740     % 
   56.60000     +/-    4.156638     %    57.20000     +/-    5.567023     % 
   56.60000     +/-    1.638448     %    63.20000     +/-    3.150682     % 
   59.10000     +/-    6.355886     %    58.10000     +/-    5.202093     % 
   56.90000     +/-    3.339190     %    60.80000     +/-    3.254336     % 
   59.10000     +/-    4.366663     %    57.60000     +/-    7.336996     % 
   56.20000     +/-    2.001284     %    53.30000     +/-    2.900492     % 
   54.30000     +/-    5.529463     %    55.60000     +/-    4.095430     % 
   50.40000     +/-    5.650408     %    58.90000     +/-    6.058767     % 
   53.90000     +/-    6.396034     %    56.40000     +/-    4.994527     % 
   56.20000     +/-    4.309211     %    54.30000     +/-    4.664428     % 
   55.40000     +/-    2.236373     %    52.70000     +/-    3.140976     % 
   58.20000     +/-    2.571585     %    57.00000     +/-    2.353755     % 
   56.90000     +/-    2.264340     %    55.50000     +/-    1.305529     % 
   57.20000     +/-    3.277680     %    56.90000     +/-    4.254383     % 
   58.80000     +/-    5.113366     %    52.20000     +/-    3.790490     % 
   56.20000     +/-    3.215179     %    52.80000     +/-    1.908090     % 
   55.90000     +/-    5.820142     %    51.80000     +/-    5.482421     % 
   53.70000     +/-    2.402883     %    53.00000     +/-    4.090468     % 
   56.30000     +/-    3.330076     %    57.10000     +/-    3.593394     % 
   56.30000     +/-    3.032569     %    54.30000     +/-    3.276325     % 
   55.20000     +/-    5.301815     %    54.80000     +/-    1.543023     % 
   48.00000     +/-    4.370037     %    53.80000     +/-    2.828090     % 
   52.80000     +/-    5.575070     %    56.40000     +/-    2.590715     % 
   53.80000     +/-    4.089219     %    50.40000     +/-    4.699492     % 
   50.20000     +/-    2.411100     %    50.10000     +/-    7.094959     % 
   51.00000     +/-    4.089540     %    48.30000     +/-    2.234683     % 
   1030.300     +/-   0.6959547     %    73.00000     +/-    2.302429     % 
   72.70000     +/-    3.888113     %    70.00000     +/-    1.410601     % 
   72.40000     +/-    3.734393     %    69.40000     +/-    2.794052     % 
   69.20000     +/-    4.652417     %    68.80000     +/-    4.506987     % 
   73.00000     +/-    2.765291     %    68.50000     +/-    2.651957     % 
   68.70000     +/-    5.906418     %    67.00000     +/-    2.359909     % 
   75.20000     +/-    3.213575     %    68.50000     +/-    4.403826     % 
   69.00000     +/-    2.075047     %    72.90000     +/-    2.438461     % 
   70.60001     +/-    1.059959     %    75.10000     +/-    4.013492     % 
   67.90000     +/-    3.595451     %    74.20000     +/-    2.340128     % 
   72.20000     +/-    1.704782     %    76.30000     +/-    3.929663     % 
   78.10000     +/-    4.551311     %    78.80000     +/-    6.340734     % 
   80.20000     +/-    2.764314     %    85.60001     +/-    1.516444     % 
   80.50000     +/-    3.447065     %    84.00000     +/-    3.271103     % 
   82.30000     +/-    2.419479     %    92.80000     +/-    3.107299     % 
   89.10001     +/-    3.111317     %    94.50000     +/-    4.554569     % 
   91.30000     +/-    2.228585     %    89.90000     +/-    2.918719     % 
   91.20000     +/-    2.586650     %    88.40000     +/-    2.744233     % 
   76.90000     +/-    2.546573     %    73.90000     +/-    1.441628     % 
   63.60000     +/-    3.545590     %    51.80000     +/-    4.695130     % 
   42.10000     +/-    7.040261     %    29.60000     +/-    8.350816     % 
   23.60000     +/-    7.881811     %    14.40000     +/-    9.534396     % 
   13.70000     +/-    4.256169     %    7.600000     +/-    12.02347     % 
   7.200000     +/-    15.46601     %    3.700000     +/-    20.31527     % 
   2.000000     +/-    27.38613     %    1.200000     +/-    31.18048     % 
   1.000000     +/-    15.81139     %    0.000000     +/-    0.000000     % 


  **** Cumulative Fluxes as a function of energy **** ****      (integrated over solid angle)        ****


  Energy boundaries (GeV):

  3.0000000E-03  2.9899999E-03  2.9799999E-03  2.9700000E-03  2.9600000E-03
  2.9499999E-03  2.9400000E-03  2.9300000E-03  2.9199999E-03  2.9100000E-03
  2.9000000E-03  2.8899999E-03  2.8800000E-03  2.8700000E-03  2.8599999E-03
  2.8499998E-03  2.8400000E-03  2.8299999E-03  2.8199998E-03  2.8100000E-03
  2.7999999E-03  2.7899998E-03  2.7800000E-03  2.7699999E-03  2.7599998E-03
  2.7500000E-03  2.7399999E-03  2.7299998E-03  2.7200000E-03  2.7099999E-03
  2.6999998E-03  2.6900000E-03  2.6799999E-03  2.6699998E-03  2.6600000E-03
  2.6499999E-03  2.6399998E-03  2.6300000E-03  2.6199999E-03  2.6099999E-03
  2.6000000E-03  2.5899999E-03  2.5799999E-03  2.5700000E-03  2.5599999E-03
  2.5499999E-03  2.5400000E-03  2.5299999E-03  2.5199999E-03  2.5100000E-03
  2.4999999E-03  2.4899999E-03  2.4800000E-03  2.4699999E-03  2.4599999E-03
  2.4500000E-03  2.4400000E-03  2.4299999E-03  2.4200000E-03  2.4100000E-03
  2.3999999E-03  2.3900000E-03  2.3800000E-03  2.3699999E-03  2.3600000E-03
  2.3500000E-03  2.3399999E-03  2.3300000E-03  2.3200000E-03  2.3099999E-03
  2.3000001E-03  2.2900000E-03  2.2799999E-03  2.2700001E-03  2.2600000E-03
  2.2499999E-03  2.2399998E-03  2.2300000E-03  2.2199999E-03  2.2099998E-03
  2.2000000E-03  2.1899999E-03  2.1799998E-03  2.1700000E-03  2.1599999E-03
  2.1499998E-03  2.1400000E-03  2.1299999E-03  2.1199998E-03  2.1100000E-03
  2.0999999E-03  2.0899998E-03  2.0800000E-03  2.0699999E-03  2.0599999E-03
  2.0500000E-03  2.0399999E-03  2.0299999E-03  2.0200000E-03  2.0099999E-03
  1.9999999E-03  1.9900000E-03  1.9799999E-03  1.9699999E-03  1.9600000E-03
  1.9499999E-03  1.9400000E-03  1.9299999E-03  1.9200000E-03  1.9100000E-03
  1.8999999E-03  1.8900000E-03  1.8800000E-03  1.8699999E-03  1.8600000E-03
  1.8500000E-03  1.8399999E-03  1.8300000E-03  1.8200000E-03  1.8099999E-03
  1.8000000E-03  1.7900000E-03  1.7799999E-03  1.7700000E-03  1.7599999E-03
  1.7499999E-03  1.7400000E-03  1.7299999E-03  1.7199999E-03  1.7100000E-03
  1.6999999E-03  1.6899999E-03  1.6800000E-03  1.6699999E-03  1.6600000E-03
  1.6500000E-03  1.6399999E-03  1.6300000E-03  1.6200000E-03  1.6099999E-03
  1.6000000E-03  1.5900000E-03  1.5799999E-03  1.5700000E-03  1.5600000E-03
  1.5499999E-03  1.5400000E-03  1.5300000E-03  1.5199999E-03  1.5100000E-03
  1.5000000E-03  1.4899999E-03  1.4800000E-03  1.4700000E-03  1.4599999E-03
  1.4500000E-03  1.4400000E-03  1.4299999E-03  1.4200000E-03  1.4099999E-03
  1.4000000E-03  1.3900000E-03  1.3799999E-03  1.3700000E-03  1.3600000E-03
  1.3499999E-03  1.3400000E-03  1.3300000E-03  1.3199999E-03  1.3100000E-03
  1.3000000E-03  1.2899999E-03  1.2800000E-03  1.2700000E-03  1.2599999E-03
  1.2500000E-03  1.2400000E-03  1.2299999E-03  1.2200000E-03  1.2100000E-03
  1.1999999E-03  1.1900000E-03  1.1800000E-03  1.1699999E-03  1.1600000E-03
  1.1500000E-03  1.1399999E-03  1.1300000E-03  1.1199999E-03  1.1100000E-03
  1.1000000E-03  1.0899999E-03  1.0800000E-03  1.0700000E-03  1.0599999E-03
  1.0500000E-03  1.0400000E-03  1.0299999E-03  1.0200000E-03  1.0100000E-03
  9.9999993E-04  9.8999997E-04  9.8000001E-04  9.6999999E-04  9.5999998E-04
  9.4999996E-04  9.4000000E-04  9.2999998E-04  9.1999996E-04  9.1000000E-04
  8.9999998E-04  8.8999997E-04  8.7999995E-04  8.6999999E-04  8.5999997E-04
  8.4999995E-04  8.3999999E-04  8.2999998E-04  8.1999996E-04  8.1000000E-04
  7.9999998E-04  7.8999996E-04  7.8000000E-04  7.6999998E-04  7.5999997E-04
  7.5000001E-04  7.3999999E-04  7.2999997E-04  7.2000001E-04  7.0999999E-04
  6.9999998E-04  6.8999996E-04  6.8000000E-04  6.6999998E-04  6.5999996E-04
  6.5000000E-04  6.3999998E-04  6.2999997E-04  6.2000001E-04  6.0999999E-04
  5.9999997E-04  5.9000001E-04  5.7999999E-04  5.6999997E-04  5.5999996E-04
  5.5000000E-04  5.3999998E-04  5.2999996E-04  5.2000000E-04  5.0999998E-04
  4.9999997E-04  4.9000001E-04  4.7999999E-04  4.7000000E-04  4.5999998E-04
  4.4999999E-04  4.3999997E-04  4.2999999E-04  4.2000000E-04  4.0999998E-04
  3.9999999E-04  3.9000000E-04  3.7999998E-04  3.6999999E-04  3.6000001E-04
  3.4999999E-04  3.4000000E-04  3.2999998E-04  3.1999999E-04  3.1000000E-04
  2.9999999E-04  2.9000000E-04  2.7999998E-04  2.6999999E-04  2.6000000E-04
  2.4999998E-04  2.3999999E-04  2.2999999E-04  2.1999999E-04  2.1000000E-04
  1.9999999E-04  1.8999999E-04  1.8000000E-04  1.7000000E-04  1.6000000E-04
  1.4999999E-04  1.3999999E-04  1.3000000E-04  1.2000000E-04  1.0999999E-04
  9.9999997E-05  9.0000001E-05  7.9999998E-05  6.9999995E-05  5.9999998E-05
  4.9999999E-05  3.9999999E-05  2.9999999E-05  1.9999999E-05  9.9999997E-06
  Lowest boundary   (GeV):   0.000000    

  Cumul. Flux (Part/cmq/pr):

  0.3577430     +/-   0.1328687     %   0.3585020     +/-   0.1314529     % 
  0.3593090     +/-   0.1288540     %   0.3600370     +/-   0.1198649     % 
  0.3608110     +/-   0.1186776     %   0.3616180     +/-   0.1142201     % 
  0.3624130     +/-   0.1166535     %   0.3632050     +/-   0.1146698     % 
  0.3640260     +/-   0.1081166     %   0.3647940     +/-   0.1112758     % 
  0.3655750     +/-   0.1128839     %   0.3663390     +/-   0.1074566     % 
  0.3670880     +/-   0.1020099     %   0.3678950     +/-   0.1025998     % 
  0.3686670     +/-   0.1099012     %   0.3695000     +/-   0.1074661     % 
  0.3703090     +/-   0.1045022     %   0.3711130     +/-   0.1051021     % 
  0.3718640     +/-   0.1073481     %   0.3726340     +/-   0.1111433     % 
  0.3734070     +/-   0.1165248     %   0.3741840     +/-   0.1158712     % 
  0.3750130     +/-   0.1093742     %   0.3758140     +/-   0.1060606     % 
  0.3765970     +/-   0.1080375     %   0.3773730     +/-   0.1012437     % 
  0.3781370     +/-   0.1016808     %   0.3788650     +/-   9.8758116E-02 % 
  0.3795970     +/-   0.1014062     %   0.3803750     +/-   0.1037603     % 
  0.3811560     +/-   0.1015587     %   0.3819480     +/-   0.1041594     % 
  0.3827080     +/-   0.1042689     %   0.3835450     +/-   0.1045631     % 
  0.3843190     +/-   0.1027625     %   0.3850790     +/-   0.1037268     % 
  0.3858340     +/-   0.1027389     %   0.3865420     +/-   9.9790648E-02 % 
  0.3873460     +/-   0.1029539     %   0.3881250     +/-   9.7807616E-02 % 
  0.3888920     +/-   9.2779264E-02 %   0.3896570     +/-   9.1491535E-02 % 
  0.3903300     +/-   9.6327707E-02 %   0.3910830     +/-   9.4765991E-02 % 
  0.3917820     +/-   9.8698765E-02 %   0.3924840     +/-   9.8413348E-02 % 
  0.3932040     +/-   9.9122114E-02 %   0.3939230     +/-   9.9056892E-02 % 
  0.3946700     +/-   0.1034952     %   0.3953530     +/-   9.7421423E-02 % 
  0.3960450     +/-   9.7855203E-02 %   0.3967500     +/-   9.3130082E-02 % 
  0.3974390     +/-   9.4857357E-02 %   0.3981420     +/-   9.5156081E-02 % 
  0.3988420     +/-   9.7790204E-02 %   0.3995520     +/-   9.8569445E-02 % 
  0.4002430     +/-   9.7377367E-02 %   0.4009260     +/-   9.7871467E-02 % 
  0.4015820     +/-   0.1089479     %   0.4022580     +/-   0.1067931     % 
  0.4030000     +/-   0.1064551     %   0.4037150     +/-   0.1062016     % 
  0.4044010     +/-   0.1049173     %   0.4050320     +/-   0.1067477     % 
  0.4057650     +/-   0.1095580     %   0.4065060     +/-   0.1076576     % 
  0.4072020     +/-   0.1059158     %   0.4078920     +/-   0.1080685     % 
  0.4085150     +/-   0.1052146     %   0.4091440     +/-   0.1048960     % 
  0.4097820     +/-   0.1008143     %   0.4104220     +/-   0.1025292     % 
  0.4110900     +/-   0.1003236     %   0.4117440     +/-   9.9646501E-02 % 
  0.4123900     +/-   0.1018939     %   0.4130430     +/-   0.1010489     % 
  0.4137150     +/-   9.8654673E-02 %   0.4143600     +/-   9.4437920E-02 % 
  0.4150230     +/-   9.7590908E-02 %   0.4157000     +/-   9.9966586E-02 % 
  0.4163390     +/-   0.1019911     %   0.4169860     +/-   9.8585889E-02 % 
  0.4176080     +/-   9.6056335E-02 %   0.4182230     +/-   9.4778754E-02 % 
  0.4188460     +/-   9.3216784E-02 %   0.4194830     +/-   9.3643032E-02 % 
  0.4201710     +/-   8.9152321E-02 %   0.4207840     +/-   8.5895300E-02 % 
  0.4214220     +/-   8.2094863E-02 %   0.4220580     +/-   8.3774716E-02 % 
  0.4226650     +/-   8.3066337E-02 %   0.4233000     +/-   7.7293307E-02 % 
  0.4239380     +/-   7.8552254E-02 %   0.4245890     +/-   8.0596857E-02 % 
  0.4252240     +/-   7.8664124E-02 %   0.4258620     +/-   7.5680837E-02 % 
  0.4265070     +/-   8.0380790E-02 %   0.4271410     +/-   8.3917737E-02 % 
  0.4277510     +/-   8.1598155E-02 %   0.4283640     +/-   8.0024518E-02 % 
  0.4290070     +/-   7.5704210E-02 %   0.4296040     +/-   8.1597984E-02 % 
  0.4302460     +/-   7.9970494E-02 %   0.4308500     +/-   8.0398411E-02 % 
  0.4314970     +/-   7.5112849E-02 %   0.4320910     +/-   7.0552438E-02 % 
  0.4327210     +/-   6.7173608E-02 %   0.4332770     +/-   6.1092902E-02 % 
  0.4339090     +/-   6.0439501E-02 %   0.4344970     +/-   5.5846337E-02 % 
  0.4351210     +/-   5.6009304E-02 %   0.4356790     +/-   5.8148406E-02 % 
  0.4362890     +/-   5.7297479E-02 %   0.4369080     +/-   5.6984756E-02 % 
  0.4375080     +/-   5.8181018E-02 %   0.4381280     +/-   5.9137434E-02 % 
  0.4387580     +/-   5.9896510E-02 %   0.4393960     +/-   5.6001045E-02 % 
  0.4400220     +/-   5.3450745E-02 %   0.4406030     +/-   5.4355666E-02 % 
  0.4412420     +/-   5.5810813E-02 %   0.4418300     +/-   5.5799000E-02 % 
  0.4424470     +/-   5.7459600E-02 %   0.4430560     +/-   6.0435254E-02 % 
  0.4436640     +/-   5.9520733E-02 %   0.4443040     +/-   5.7981081E-02 % 
  0.4449260     +/-   6.2352858E-02 %   0.4455550     +/-   5.5586886E-02 % 
  0.4461350     +/-   5.8281809E-02 %   0.4467290     +/-   5.8368146E-02 % 
  0.4473270     +/-   5.8291424E-02 %   0.4479060     +/-   5.8978297E-02 % 
  0.4484900     +/-   6.1597373E-02 %   0.4491230     +/-   6.1383143E-02 % 
  0.4497400     +/-   6.2828876E-02 %   0.4503430     +/-   6.4224936E-02 % 
  0.4509380     +/-   6.6065468E-02 %   0.4515620     +/-   6.2687591E-02 % 
  0.4521980     +/-   6.3395090E-02 %   0.4528090     +/-   6.6425830E-02 % 
  0.4534360     +/-   6.4383388E-02 %   0.4540300     +/-   6.1666593E-02 % 
  0.4546200     +/-   6.3760795E-02 %   0.4552500     +/-   6.4129390E-02 % 
  0.4558400     +/-   6.1517715E-02 %   0.4564330     +/-   6.1142683E-02 % 
  0.4570210     +/-   6.3344002E-02 %   0.4576220     +/-   6.6245809E-02 % 
  0.4582100     +/-   6.6516519E-02 %   0.4587960     +/-   6.5808579E-02 % 
  0.4593750     +/-   6.4862542E-02 %   0.4599440     +/-   6.6474371E-02 % 
  0.4605890     +/-   6.2363800E-02 %   0.4612180     +/-   5.8699097E-02 % 
  0.4617970     +/-   5.8816172E-02 %   0.4623840     +/-   5.3074304E-02 % 
  0.4629640     +/-   5.2601449E-02 %   0.4635540     +/-   5.3039238E-02 % 
  0.4641490     +/-   5.0063182E-02 %   0.4647500     +/-   4.9628519E-02 % 
  0.4653480     +/-   4.5321647E-02 %   0.4659480     +/-   4.6346724E-02 % 
  0.4665140     +/-   4.5050245E-02 %   0.4671090     +/-   4.7625415E-02 % 
  0.4676950     +/-   4.7140513E-02 %   0.4682620     +/-   4.5899685E-02 % 
  0.4688570     +/-   4.2780790E-02 %   0.4694510     +/-   4.3424331E-02 % 
  0.4700010     +/-   4.7313329E-02 %   0.4706180     +/-   4.4777583E-02 % 
  0.4711920     +/-   4.8625302E-02 %   0.4717780     +/-   5.1797114E-02 % 
  0.4723480     +/-   5.0210096E-02 %   0.4729410     +/-   4.4460740E-02 % 
  0.4735910     +/-   4.3599147E-02 %   0.4741500     +/-   4.5095336E-02 % 
  0.4747550     +/-   4.3913122E-02 %   0.4754090     +/-   4.2868555E-02 % 
  0.4760080     +/-   4.1042566E-02 %   0.4765550     +/-   4.1077819E-02 % 
  0.4771390     +/-   4.5628134E-02 %   0.4777340     +/-   4.5193560E-02 % 
  0.4783320     +/-   4.7444578E-02 %   0.4788930     +/-   5.1807832E-02 % 
  0.4794790     +/-   5.0017383E-02 %   0.4800830     +/-   4.8620988E-02 % 
  0.4806710     +/-   4.6741281E-02 %   0.4812540     +/-   4.5408245E-02 % 
  0.4818430     +/-   4.7731388E-02 %   0.4824440     +/-   4.4429574E-02 % 
  0.4830110     +/-   4.4178966E-02 %   0.4836170     +/-   3.7003607E-02 % 
  0.4842020     +/-   3.9795849E-02 %   0.4847550     +/-   3.5162352E-02 % 
  0.4853000     +/-   3.3995565E-02 %   0.4858950     +/-   3.0465873E-02 % 
  0.4864610     +/-   3.1485584E-02 %   0.4870330     +/-   3.4309868E-02 % 
  0.4875990     +/-   3.5735760E-02 %   0.4882310     +/-   3.5909254E-02 % 
  0.4888220     +/-   4.2523634E-02 %   0.4894030     +/-   4.5595024E-02 % 
  0.4899720     +/-   4.3329760E-02 %   0.4905800     +/-   4.1612275E-02 % 
  0.4911710     +/-   4.3152984E-02 %   0.4917470     +/-   4.8479542E-02 % 
  0.4923090     +/-   4.9262416E-02 %   0.4928420     +/-   4.9749147E-02 % 
  0.4933850     +/-   4.9233861E-02 %   0.4939410     +/-   5.0417636E-02 % 
  0.4944450     +/-   5.3446092E-02 %   0.4950340     +/-   5.7940170E-02 % 
  0.4955730     +/-   5.9937239E-02 %   0.4961370     +/-   6.2441640E-02 % 
  0.4966990     +/-   6.1186519E-02 %   0.4972420     +/-   6.4727411E-02 % 
  0.4977960     +/-   6.4862430E-02 %   0.4983230     +/-   6.6454686E-02 % 
  0.4989050     +/-   6.8484418E-02 %   0.4994750     +/-   6.9878787E-02 % 
  0.5000440     +/-   6.7670733E-02 %   0.5005990     +/-   6.7384340E-02 % 
  0.5011710     +/-   6.8815887E-02 %   0.5017400     +/-   6.6044517E-02 % 
  0.5023280     +/-   6.9811642E-02 %   0.5028500     +/-   6.7049935E-02 % 
  0.5034120     +/-   6.3893206E-02 %   0.5039400     +/-   6.3781835E-02 % 
  0.5044990     +/-   6.2974863E-02 %   0.5050170     +/-   6.5373190E-02 % 
  0.5055540     +/-   6.5876998E-02 %   0.5060840     +/-   6.4685270E-02 % 
  0.5066470     +/-   6.5594874E-02 %   0.5072180     +/-   6.8819508E-02 % 
  0.5077810     +/-   6.8494387E-02 %   0.5083240     +/-   6.6448420E-02 % 
  0.5088760     +/-   6.2819362E-02 %   0.5094240     +/-   6.3184738E-02 % 
  0.5099040     +/-   6.0582049E-02 %   0.5104420     +/-   6.0121458E-02 % 
  0.5109700     +/-   6.1425541E-02 %   0.5115340     +/-   6.1438262E-02 % 
  0.5120720     +/-   5.7356399E-02 %   0.5125760     +/-   5.5871353E-02 % 
  0.5130780     +/-   5.3793777E-02 %   0.5135790     +/-   5.4605428E-02 % 
  0.5140890     +/-   5.5244766E-02 %   0.5145720     +/-   5.5709027E-02 % 
  0.5248750     +/-   5.1618293E-02 %   0.5256050     +/-   5.1092498E-02 % 
  0.5263320     +/-   5.2257940E-02 %   0.5270320     +/-   5.3087104E-02 % 
  0.5277560     +/-   5.4076117E-02 %   0.5284500     +/-   5.1555518E-02 % 
  0.5291420     +/-   4.7450110E-02 %   0.5298300     +/-   5.0976813E-02 % 
  0.5305600     +/-   5.0866563E-02 %   0.5312450     +/-   5.0327986E-02 % 
  0.5319320     +/-   5.4464154E-02 %   0.5326020     +/-   5.6155894E-02 % 
  0.5333540     +/-   5.7229172E-02 %   0.5340390     +/-   5.8125284E-02 % 
  0.5347290     +/-   5.6330357E-02 %   0.5354580     +/-   5.9316982E-02 % 
  0.5361640     +/-   5.7848312E-02 %   0.5369150     +/-   5.6952890E-02 % 
  0.5375940     +/-   5.5315353E-02 %   0.5383360     +/-   5.5437092E-02 % 
  0.5390580     +/-   5.5463161E-02 %   0.5398210     +/-   5.7697833E-02 % 
  0.5406020     +/-   5.7460759E-02 %   0.5413900     +/-   6.1158761E-02 % 
  0.5421920     +/-   6.1292533E-02 %   0.5430480     +/-   5.9793867E-02 % 
  0.5438530     +/-   6.1361365E-02 %   0.5446930     +/-   5.6657117E-02 % 
  0.5455160     +/-   5.4908320E-02 %   0.5464440     +/-   5.2111290E-02 % 
  0.5473350     +/-   5.3103320E-02 %   0.5482800     +/-   5.1384199E-02 % 
  0.5491930     +/-   5.0785247E-02 %   0.5500920     +/-   5.1113591E-02 % 
  0.5510040     +/-   5.3349011E-02 %   0.5518880     +/-   5.0021365E-02 % 
  0.5526570     +/-   4.8060197E-02 %   0.5533960     +/-   4.7781073E-02 % 
  0.5540320     +/-   4.5070484E-02 %   0.5545500     +/-   4.7327913E-02 % 
  0.5549710     +/-   4.7829922E-02 %   0.5552670     +/-   4.6273917E-02 % 
  0.5555030     +/-   4.9278393E-02 %   0.5556470     +/-   4.9859524E-02 % 
  0.5557840     +/-   4.9068961E-02 %   0.5558600     +/-   4.9930751E-02 % 
  0.5559320     +/-   4.9821787E-02 %   0.5559690     +/-   4.9516223E-02 % 
  0.5559890     +/-   4.9647372E-02 %   0.5560010     +/-   4.9751252E-02 % 
  0.5560110     +/-   4.9510017E-02 %   0.5560110     +/-   4.9510017E-02 % 

  **** Double diff. Fluxes as a function of energy ****


  Solid angle minimum value (sr):   0.000000    

  Solid angle upper boundaries (sr):

   6.283185    

  Angular minimum value (deg.):   0.000000    

  Angular upper boundaries (deg.):

   90.00000    


  Energy interval (GeV):  3.0000000E-03  2.9899999E-03

  Flux (Part/sr/GeV/cmq/pr):

   5693.657     +/-   0.1328687     % 

  Flux (Part/deg/GeV/cmq/pr):

   397.4922     +/-   0.1328687     % 

  Energy interval (GeV):  2.9899999E-03  2.9799999E-03

  Flux (Part/sr/GeV/cmq/pr):

   12.07986     +/-    1.403641     % 

  Flux (Part/deg/GeV/cmq/pr):

  0.8433334     +/-    1.403641     % 

  Energy interval (GeV):  2.9799999E-03  2.9700000E-03

  Flux (Part/sr/GeV/cmq/pr):

   12.84380     +/-    3.120119     % 

  Flux (Part/deg/GeV/cmq/pr):

  0.8966667     +/-    3.120119     % 

  Energy interval (GeV):  2.9700000E-03  2.9600000E-03

  Flux (Part/sr/GeV/cmq/pr):

   11.58648     +/-    6.274481     % 

  Flux (Part/deg/GeV/cmq/pr):

  0.8088889     +/-    6.274481     % 

  Energy interval (GeV):  2.9600000E-03  2.9499999E-03

  Flux (Part/sr/GeV/cmq/pr):

   12.31859     +/-    3.114204     % 

  Flux (Part/deg/GeV/cmq/pr):

  0.8600001     +/-    3.114204     % 

  Energy interval (GeV):  2.9499999E-03  2.9400000E-03

  Flux (Part/sr/GeV/cmq/pr):

   12.84380     +/-    3.187069     % 

  Flux (Part/deg/GeV/cmq/pr):

  0.8966667     +/-    3.187069     % 

  Energy interval (GeV):  2.9400000E-03  2.9300000E-03

  Flux (Part/sr/GeV/cmq/pr):

   12.65282     +/-    2.018467     % 

  Flux (Part/deg/GeV/cmq/pr):

  0.8833334     +/-    2.018467     % 

  Energy interval (GeV):  2.9300000E-03  2.9199999E-03

  Flux (Part/sr/GeV/cmq/pr):

   12.60507     +/-    3.204186     % 

  Flux (Part/deg/GeV/cmq/pr):

  0.8800001     +/-    3.204186     % 

  Energy interval (GeV):  2.9199999E-03  2.9100000E-03

  Flux (Part/sr/GeV/cmq/pr):

   13.06662     +/-    3.304424     % 

  Flux (Part/deg/GeV/cmq/pr):

  0.9122223     +/-    3.304424     % 

  Energy interval (GeV):  2.9100000E-03  2.9000000E-03

  Flux (Part/sr/GeV/cmq/pr):

   12.22310     +/-    3.386667     % 

  Flux (Part/deg/GeV/cmq/pr):

  0.8533334     +/-    3.386667     % 

  Energy interval (GeV):  2.9000000E-03  2.8899999E-03

  Flux (Part/sr/GeV/cmq/pr):

   12.43000     +/-    4.496955     % 

  Flux (Part/deg/GeV/cmq/pr):

  0.8677778     +/-    4.496955     % 

  Energy interval (GeV):  2.8899999E-03  2.8800000E-03

  Flux (Part/sr/GeV/cmq/pr):

   12.15944     +/-    3.459312     % 

  Flux (Part/deg/GeV/cmq/pr):

  0.8488889     +/-    3.459312     % 

  Energy interval (GeV):  2.8800000E-03  2.8700000E-03

  Flux (Part/sr/GeV/cmq/pr):

   11.92070     +/-    3.854525     % 

  Flux (Part/deg/GeV/cmq/pr):

  0.8322223     +/-    3.854525     % 

  Energy interval (GeV):  2.8700000E-03  2.8599999E-03

  Flux (Part/sr/GeV/cmq/pr):

   12.84380     +/-    1.935626     % 

  Flux (Part/deg/GeV/cmq/pr):

  0.8966667     +/-    1.935626     % 

  Energy interval (GeV):  2.8599999E-03  2.8499998E-03

  Flux (Part/sr/GeV/cmq/pr):

   12.28676     +/-    5.607478     % 

  Flux (Part/deg/GeV/cmq/pr):

  0.8577778     +/-    5.607478     % 

  Energy interval (GeV):  2.8499998E-03  2.8400000E-03

  Flux (Part/sr/GeV/cmq/pr):

   13.25761     +/-    1.639437     % 

  Flux (Part/deg/GeV/cmq/pr):

  0.9255556     +/-    1.639437     % 

  Energy interval (GeV):  2.8400000E-03  2.8299999E-03

  Flux (Part/sr/GeV/cmq/pr):

   12.87564     +/-    4.170786     % 

  Flux (Part/deg/GeV/cmq/pr):

  0.8988889     +/-    4.170786     % 

  Energy interval (GeV):  2.8299999E-03  2.8199998E-03

  Flux (Part/sr/GeV/cmq/pr):

   12.79606     +/-    2.978590     % 

  Flux (Part/deg/GeV/cmq/pr):

  0.8933334     +/-    2.978590     % 

  Energy interval (GeV):  2.8199998E-03  2.8100000E-03

  Flux (Part/sr/GeV/cmq/pr):

   11.95254     +/-    3.556779     % 

  Flux (Part/deg/GeV/cmq/pr):

  0.8344445     +/-    3.556779     % 

  Energy interval (GeV):  2.8100000E-03  2.7999999E-03

  Flux (Part/sr/GeV/cmq/pr):

   12.25493     +/-    2.556495     % 

  Flux (Part/deg/GeV/cmq/pr):

  0.8555556     +/-    2.556495     % 

  Energy interval (GeV):  2.7999999E-03  2.7899998E-03

  Flux (Part/sr/GeV/cmq/pr):

   12.30268     +/-    3.747153     % 

  Flux (Part/deg/GeV/cmq/pr):

  0.8588889     +/-    3.747153     % 

  Energy interval (GeV):  2.7899998E-03  2.7800000E-03

  Flux (Part/sr/GeV/cmq/pr):

   12.36634     +/-    1.247794     % 

  Flux (Part/deg/GeV/cmq/pr):

  0.8633333     +/-    1.247794     % 

  Energy interval (GeV):  2.7800000E-03  2.7699999E-03

  Flux (Part/sr/GeV/cmq/pr):

   13.19394     +/-    4.704463     % 

  Flux (Part/deg/GeV/cmq/pr):

  0.9211112     +/-    4.704463     % 

  Energy interval (GeV):  2.7699999E-03  2.7599998E-03

  Flux (Part/sr/GeV/cmq/pr):

   12.74831     +/-    3.104826     % 

  Flux (Part/deg/GeV/cmq/pr):

  0.8900000     +/-    3.104826     % 

  Energy interval (GeV):  2.7599998E-03  2.7500000E-03

  Flux (Part/sr/GeV/cmq/pr):

   12.46183     +/-    3.424542     % 

  Flux (Part/deg/GeV/cmq/pr):

  0.8700001     +/-    3.424542     % 

  Energy interval (GeV):  2.7500000E-03  2.7399999E-03

  Flux (Part/sr/GeV/cmq/pr):

   12.35042     +/-    4.857751     % 

  Flux (Part/deg/GeV/cmq/pr):

  0.8622223     +/-    4.857751     % 

  Energy interval (GeV):  2.7399999E-03  2.7299998E-03

  Flux (Part/sr/GeV/cmq/pr):

   12.15944     +/-    3.562998     % 

  Flux (Part/deg/GeV/cmq/pr):

  0.8488889     +/-    3.562998     % 

  Energy interval (GeV):  2.7299998E-03  2.7200000E-03

  Flux (Part/sr/GeV/cmq/pr):

   11.58648     +/-    2.869859     % 

  Flux (Part/deg/GeV/cmq/pr):

  0.8088889     +/-    2.869859     % 

  Energy interval (GeV):  2.7200000E-03  2.7099999E-03

  Flux (Part/sr/GeV/cmq/pr):

   11.65014     +/-    3.962926     % 

  Flux (Part/deg/GeV/cmq/pr):

  0.8133334     +/-    3.962926     % 

  Energy interval (GeV):  2.7099999E-03  2.6999998E-03

  Flux (Part/sr/GeV/cmq/pr):

   12.38225     +/-    3.581716     % 

  Flux (Part/deg/GeV/cmq/pr):

  0.8644445     +/-    3.581716     % 

  Energy interval (GeV):  2.6999998E-03  2.6900000E-03

  Flux (Part/sr/GeV/cmq/pr):

   12.43000     +/-    3.618150     % 

  Flux (Part/deg/GeV/cmq/pr):

  0.8677778     +/-    3.618150     % 

  Energy interval (GeV):  2.6900000E-03  2.6799999E-03

  Flux (Part/sr/GeV/cmq/pr):

   12.60507     +/-    2.367214     % 

  Flux (Part/deg/GeV/cmq/pr):

  0.8800001     +/-    2.367214     % 

  Energy interval (GeV):  2.6799999E-03  2.6699998E-03

  Flux (Part/sr/GeV/cmq/pr):

   12.09578     +/-    2.606790     % 

  Flux (Part/deg/GeV/cmq/pr):

  0.8444445     +/-    2.606790     % 

  Energy interval (GeV):  2.6699998E-03  2.6600000E-03

  Flux (Part/sr/GeV/cmq/pr):

   13.32127     +/-    1.275638     % 

  Flux (Part/deg/GeV/cmq/pr):

  0.9300001     +/-    1.275638     % 

  Energy interval (GeV):  2.6600000E-03  2.6499999E-03

  Flux (Part/sr/GeV/cmq/pr):

   12.31859     +/-    1.406430     % 

  Flux (Part/deg/GeV/cmq/pr):

  0.8600000     +/-    1.406430     % 

  Energy interval (GeV):  2.6499999E-03  2.6399998E-03

  Flux (Part/sr/GeV/cmq/pr):

   12.09578     +/-    5.425139     % 

  Flux (Part/deg/GeV/cmq/pr):

  0.8444445     +/-    5.425139     % 

  Energy interval (GeV):  2.6399998E-03  2.6300000E-03

  Flux (Part/sr/GeV/cmq/pr):

   12.01620     +/-    6.037033     % 

  Flux (Part/deg/GeV/cmq/pr):

  0.8388889     +/-    6.037033     % 

  Energy interval (GeV):  2.6300000E-03  2.6199999E-03

  Flux (Part/sr/GeV/cmq/pr):

   11.26817     +/-    3.271535     % 

  Flux (Part/deg/GeV/cmq/pr):

  0.7866667     +/-    3.271535     % 

  Energy interval (GeV):  2.6199999E-03  2.6099999E-03

  Flux (Part/sr/GeV/cmq/pr):

   12.79606     +/-    1.950795     % 

  Flux (Part/deg/GeV/cmq/pr):

  0.8933334     +/-    1.950795     % 

  Energy interval (GeV):  2.6099999E-03  2.6000000E-03

  Flux (Part/sr/GeV/cmq/pr):

   12.39817     +/-    4.010398     % 

  Flux (Part/deg/GeV/cmq/pr):

  0.8655556     +/-    4.010398     % 

  Energy interval (GeV):  2.6000000E-03  2.5899999E-03

  Flux (Part/sr/GeV/cmq/pr):

   12.20718     +/-    2.890455     % 

  Flux (Part/deg/GeV/cmq/pr):

  0.8522223     +/-    2.890455     % 

  Energy interval (GeV):  2.5899999E-03  2.5799999E-03

  Flux (Part/sr/GeV/cmq/pr):

   12.17535     +/-    2.694839     % 

  Flux (Part/deg/GeV/cmq/pr):

  0.8500000     +/-    2.694839     % 

  Energy interval (GeV):  2.5799999E-03  2.5700000E-03

  Flux (Part/sr/GeV/cmq/pr):

   10.71113     +/-    3.598479     % 

  Flux (Part/deg/GeV/cmq/pr):

  0.7477778     +/-    3.598479     % 

  Energy interval (GeV):  2.5700000E-03  2.5599999E-03

  Flux (Part/sr/GeV/cmq/pr):

   11.98437     +/-    1.337944     % 

  Flux (Part/deg/GeV/cmq/pr):

  0.8366667     +/-    1.337944     % 

  Energy interval (GeV):  2.5599999E-03  2.5499999E-03

  Flux (Part/sr/GeV/cmq/pr):

   11.12493     +/-    4.757736     % 

  Flux (Part/deg/GeV/cmq/pr):

  0.7766667     +/-    4.757736     % 

  Energy interval (GeV):  2.5499999E-03  2.5400000E-03

  Flux (Part/sr/GeV/cmq/pr):

   11.17268     +/-    3.725554     % 

  Flux (Part/deg/GeV/cmq/pr):

  0.7800000     +/-    3.725554     % 

  Energy interval (GeV):  2.5400000E-03  2.5299999E-03

  Flux (Part/sr/GeV/cmq/pr):

   11.45916     +/-    3.694288     % 

  Flux (Part/deg/GeV/cmq/pr):

  0.8000000     +/-    3.694288     % 

  Energy interval (GeV):  2.5299999E-03  2.5199999E-03

  Flux (Part/sr/GeV/cmq/pr):

   11.44324     +/-    1.448725     % 

  Flux (Part/deg/GeV/cmq/pr):

  0.7988889     +/-    1.448725     % 

  Energy interval (GeV):  2.5199999E-03  2.5100000E-03

  Flux (Part/sr/GeV/cmq/pr):

   11.88887     +/-    4.611192     % 

  Flux (Part/deg/GeV/cmq/pr):

  0.8300000     +/-    4.611192     % 

  Energy interval (GeV):  2.5100000E-03  2.4999999E-03

  Flux (Part/sr/GeV/cmq/pr):

   10.87028     +/-    3.477114     % 

  Flux (Part/deg/GeV/cmq/pr):

  0.7588889     +/-    3.477114     % 

  Energy interval (GeV):  2.4999999E-03  2.4899999E-03

  Flux (Part/sr/GeV/cmq/pr):

   11.01352     +/-    3.854618     % 

  Flux (Part/deg/GeV/cmq/pr):

  0.7688890     +/-    3.854618     % 

  Energy interval (GeV):  2.4899999E-03  2.4800000E-03

  Flux (Part/sr/GeV/cmq/pr):

   11.22042     +/-    3.408685     % 

  Flux (Part/deg/GeV/cmq/pr):

  0.7833334     +/-    3.408685     % 

  Energy interval (GeV):  2.4800000E-03  2.4699999E-03

  Flux (Part/sr/GeV/cmq/pr):

   10.96578     +/-    4.881037     % 

  Flux (Part/deg/GeV/cmq/pr):

  0.7655556     +/-    4.881037     % 

  Energy interval (GeV):  2.4699999E-03  2.4599999E-03

  Flux (Part/sr/GeV/cmq/pr):

   11.18859     +/-    2.903034     % 

  Flux (Part/deg/GeV/cmq/pr):

  0.7811112     +/-    2.903034     % 

  Energy interval (GeV):  2.4599999E-03  2.4500000E-03

  Flux (Part/sr/GeV/cmq/pr):

   11.14085     +/-    2.432769     % 

  Flux (Part/deg/GeV/cmq/pr):

  0.7777779     +/-    2.432769     % 

  Energy interval (GeV):  2.4500000E-03  2.4400000E-03

  Flux (Part/sr/GeV/cmq/pr):

   11.30000     +/-    4.318228     % 

  Flux (Part/deg/GeV/cmq/pr):

  0.7888889     +/-    4.318228     % 

  Energy interval (GeV):  2.4400000E-03  2.4299999E-03

  Flux (Part/sr/GeV/cmq/pr):

   10.99761     +/-    4.349968     % 

  Flux (Part/deg/GeV/cmq/pr):

  0.7677778     +/-    4.349968     % 

  Energy interval (GeV):  2.4299999E-03  2.4200000E-03

  Flux (Part/sr/GeV/cmq/pr):

   10.87028     +/-    2.227691     % 

  Flux (Part/deg/GeV/cmq/pr):

  0.7588890     +/-    2.227691     % 

  Energy interval (GeV):  2.4200000E-03  2.4100000E-03

  Flux (Part/sr/GeV/cmq/pr):

   10.44056     +/-    7.403108     % 

  Flux (Part/deg/GeV/cmq/pr):

  0.7288889     +/-    7.403108     % 

  Energy interval (GeV):  2.4100000E-03  2.3999999E-03

  Flux (Part/sr/GeV/cmq/pr):

   10.75887     +/-    3.495948     % 

  Flux (Part/deg/GeV/cmq/pr):

  0.7511111     +/-    3.495948     % 

  Energy interval (GeV):  2.3999999E-03  2.3900000E-03

  Flux (Part/sr/GeV/cmq/pr):

   11.80930     +/-    1.099023     % 

  Flux (Part/deg/GeV/cmq/pr):

  0.8244445     +/-    1.099023     % 

  Energy interval (GeV):  2.3900000E-03  2.3800000E-03

  Flux (Part/sr/GeV/cmq/pr):

   11.37958     +/-    2.121083     % 

  Flux (Part/deg/GeV/cmq/pr):

  0.7944445     +/-    2.121083     % 

  Energy interval (GeV):  2.3800000E-03  2.3699999E-03

  Flux (Part/sr/GeV/cmq/pr):

   10.91803     +/-    2.399720     % 

  Flux (Part/deg/GeV/cmq/pr):

  0.7622223     +/-    2.399720     % 

  Energy interval (GeV):  2.3699999E-03  2.3600000E-03

  Flux (Part/sr/GeV/cmq/pr):

   10.04268     +/-    1.592691     % 

  Flux (Part/deg/GeV/cmq/pr):

  0.7011111     +/-    1.592691     % 

  Energy interval (GeV):  2.3600000E-03  2.3500000E-03

  Flux (Part/sr/GeV/cmq/pr):

   11.66606     +/-    4.558535     % 

  Flux (Part/deg/GeV/cmq/pr):

  0.8144445     +/-    4.558535     % 

  Energy interval (GeV):  2.3500000E-03  2.3399999E-03

  Flux (Part/sr/GeV/cmq/pr):

   11.79338     +/-    2.190645     % 

  Flux (Part/deg/GeV/cmq/pr):

  0.8233334     +/-    2.190645     % 

  Energy interval (GeV):  2.3399999E-03  2.3300000E-03

  Flux (Part/sr/GeV/cmq/pr):

   11.07718     +/-    4.794418     % 

  Flux (Part/deg/GeV/cmq/pr):

  0.7733334     +/-    4.794418     % 

  Energy interval (GeV):  2.3300000E-03  2.3200000E-03

  Flux (Part/sr/GeV/cmq/pr):

   10.98169     +/-    3.421947     % 

  Flux (Part/deg/GeV/cmq/pr):

  0.7666667     +/-    3.421947     % 

  Energy interval (GeV):  2.3200000E-03  2.3099999E-03

  Flux (Part/sr/GeV/cmq/pr):

   9.915353     +/-    3.558556     % 

  Flux (Part/deg/GeV/cmq/pr):

  0.6922222     +/-    3.558556     % 

  Energy interval (GeV):  2.3099999E-03  2.3000001E-03

  Flux (Part/sr/GeV/cmq/pr):

   10.01085     +/-    3.864944     % 

  Flux (Part/deg/GeV/cmq/pr):

  0.6988889     +/-    3.864944     % 

  Energy interval (GeV):  2.3000001E-03  2.2900000E-03

  Flux (Part/sr/GeV/cmq/pr):

   10.15409     +/-    3.875945     % 

  Flux (Part/deg/GeV/cmq/pr):

  0.7088889     +/-    3.875945     % 

  Energy interval (GeV):  2.2900000E-03  2.2799999E-03

  Flux (Part/sr/GeV/cmq/pr):

   10.18592     +/-    4.199901     % 

  Flux (Part/deg/GeV/cmq/pr):

  0.7111111     +/-    4.199901     % 

  Energy interval (GeV):  2.2799999E-03  2.2700001E-03

  Flux (Part/sr/GeV/cmq/pr):

   10.63155     +/-    1.780746     % 

  Flux (Part/deg/GeV/cmq/pr):

  0.7422222     +/-    1.780746     % 

  Energy interval (GeV):  2.2700001E-03  2.2600000E-03

  Flux (Part/sr/GeV/cmq/pr):

   10.40873     +/-    2.126978     % 

  Flux (Part/deg/GeV/cmq/pr):

  0.7266667     +/-    2.126978     % 

  Energy interval (GeV):  2.2600000E-03  2.2499999E-03

  Flux (Part/sr/GeV/cmq/pr):

   10.28141     +/-    4.548820     % 

  Flux (Part/deg/GeV/cmq/pr):

  0.7177778     +/-    4.548820     % 

  Energy interval (GeV):  2.2499999E-03  2.2399998E-03

  Flux (Part/sr/GeV/cmq/pr):

   10.39282     +/-    1.772718     % 

  Flux (Part/deg/GeV/cmq/pr):

  0.7255556     +/-    1.772718     % 

  Energy interval (GeV):  2.2399998E-03  2.2300000E-03

  Flux (Part/sr/GeV/cmq/pr):

   10.69521     +/-    4.153358     % 

  Flux (Part/deg/GeV/cmq/pr):

  0.7466667     +/-    4.153358     % 

  Energy interval (GeV):  2.2300000E-03  2.2199999E-03

  Flux (Part/sr/GeV/cmq/pr):

   10.26549     +/-    4.721688     % 

  Flux (Part/deg/GeV/cmq/pr):

  0.7166667     +/-    4.721688     % 

  Energy interval (GeV):  2.2199999E-03  2.2099998E-03

  Flux (Part/sr/GeV/cmq/pr):

   10.55197     +/-    4.615730     % 

  Flux (Part/deg/GeV/cmq/pr):

  0.7366667     +/-    4.615730     % 

  Energy interval (GeV):  2.2099998E-03  2.2000000E-03

  Flux (Part/sr/GeV/cmq/pr):

   10.77479     +/-    2.739622     % 

  Flux (Part/deg/GeV/cmq/pr):

  0.7522223     +/-    2.739622     % 

  Energy interval (GeV):  2.2000000E-03  2.1899999E-03

  Flux (Part/sr/GeV/cmq/pr):

   10.17000     +/-    3.546251     % 

  Flux (Part/deg/GeV/cmq/pr):

  0.7100000     +/-    3.546251     % 

  Energy interval (GeV):  2.1899999E-03  2.1799998E-03

  Flux (Part/sr/GeV/cmq/pr):

   10.29733     +/-    5.949035     % 

  Flux (Part/deg/GeV/cmq/pr):

  0.7188889     +/-    5.949035     % 

  Energy interval (GeV):  2.1799998E-03  2.1700000E-03

  Flux (Part/sr/GeV/cmq/pr):

   9.899437     +/-    2.180815     % 

  Flux (Part/deg/GeV/cmq/pr):

  0.6911111     +/-    2.180815     % 

  Energy interval (GeV):  2.1700000E-03  2.1599999E-03

  Flux (Part/sr/GeV/cmq/pr):

   9.788029     +/-    5.929945     % 

  Flux (Part/deg/GeV/cmq/pr):

  0.6833333     +/-    5.929945     % 

  Energy interval (GeV):  2.1599999E-03  2.1499998E-03

  Flux (Part/sr/GeV/cmq/pr):

   9.915353     +/-    2.442234     % 

  Flux (Part/deg/GeV/cmq/pr):

  0.6922222     +/-    2.442234     % 

  Energy interval (GeV):  2.1499998E-03  2.1400000E-03

  Flux (Part/sr/GeV/cmq/pr):

   10.13817     +/-    2.562768     % 

  Flux (Part/deg/GeV/cmq/pr):

  0.7077778     +/-    2.562768     % 

  Energy interval (GeV):  2.1400000E-03  2.1299999E-03

  Flux (Part/sr/GeV/cmq/pr):

   10.94986     +/-    3.579538     % 

  Flux (Part/deg/GeV/cmq/pr):

  0.7644445     +/-    3.579538     % 

  Energy interval (GeV):  2.1299999E-03  2.1199998E-03

  Flux (Part/sr/GeV/cmq/pr):

   9.756198     +/-    3.734265     % 

  Flux (Part/deg/GeV/cmq/pr):

  0.6811112     +/-    3.734265     % 

  Energy interval (GeV):  2.1199998E-03  2.1100000E-03

  Flux (Part/sr/GeV/cmq/pr):

   10.15409     +/-    4.600521     % 

  Flux (Part/deg/GeV/cmq/pr):

  0.7088889     +/-    4.600521     % 

  Energy interval (GeV):  2.1100000E-03  2.0999999E-03

  Flux (Part/sr/GeV/cmq/pr):

   10.12225     +/-    1.458117     % 

  Flux (Part/deg/GeV/cmq/pr):

  0.7066667     +/-    1.458117     % 

  Energy interval (GeV):  2.0999999E-03  2.0899998E-03

  Flux (Part/sr/GeV/cmq/pr):

   9.660705     +/-    3.762169     % 

  Flux (Part/deg/GeV/cmq/pr):

  0.6744444     +/-    3.762169     % 

  Energy interval (GeV):  2.0899998E-03  2.0800000E-03

  Flux (Part/sr/GeV/cmq/pr):

   10.10634     +/-    5.866010     % 

  Flux (Part/deg/GeV/cmq/pr):

  0.7055556     +/-    5.866010     % 

  Energy interval (GeV):  2.0800000E-03  2.0699999E-03

  Flux (Part/sr/GeV/cmq/pr):

   10.15409     +/-    2.676078     % 

  Flux (Part/deg/GeV/cmq/pr):

  0.7088889     +/-    2.676078     % 

  Energy interval (GeV):  2.0699999E-03  2.0599999E-03

  Flux (Part/sr/GeV/cmq/pr):

   10.36099     +/-    2.928676     % 

  Flux (Part/deg/GeV/cmq/pr):

  0.7233334     +/-    2.928676     % 

  Energy interval (GeV):  2.0599999E-03  2.0500000E-03

  Flux (Part/sr/GeV/cmq/pr):

   10.10634     +/-    2.977587     % 

  Flux (Part/deg/GeV/cmq/pr):

  0.7055556     +/-    2.977587     % 

  Energy interval (GeV):  2.0500000E-03  2.0399999E-03

  Flux (Part/sr/GeV/cmq/pr):

   10.15409     +/-    4.997273     % 

  Flux (Part/deg/GeV/cmq/pr):

  0.7088889     +/-    4.997273     % 

  Energy interval (GeV):  2.0399999E-03  2.0299999E-03

  Flux (Part/sr/GeV/cmq/pr):

   10.26549     +/-    3.660689     % 

  Flux (Part/deg/GeV/cmq/pr):

  0.7166667     +/-    3.660689     % 

  Energy interval (GeV):  2.0299999E-03  2.0200000E-03

  Flux (Part/sr/GeV/cmq/pr):

   10.09042     +/-    3.027817     % 

  Flux (Part/deg/GeV/cmq/pr):

  0.7044445     +/-    3.027817     % 

  Energy interval (GeV):  2.0200000E-03  2.0099999E-03

  Flux (Part/sr/GeV/cmq/pr):

   9.708451     +/-    2.417685     % 

  Flux (Part/deg/GeV/cmq/pr):

  0.6777778     +/-    2.417685     % 

  Energy interval (GeV):  2.0099999E-03  1.9999999E-03

  Flux (Part/sr/GeV/cmq/pr):

   9.756198     +/-    2.455126     % 

  Flux (Part/deg/GeV/cmq/pr):

  0.6811112     +/-    2.455126     % 

  Energy interval (GeV):  1.9999999E-03  1.9900000E-03

  Flux (Part/sr/GeV/cmq/pr):

   10.23366     +/-    3.286244     % 

  Flux (Part/deg/GeV/cmq/pr):

  0.7144445     +/-    3.286244     % 

  Energy interval (GeV):  1.9900000E-03  1.9799999E-03

  Flux (Part/sr/GeV/cmq/pr):

   9.501550     +/-    7.404366     % 

  Flux (Part/deg/GeV/cmq/pr):

  0.6633334     +/-    7.404366     % 

  Energy interval (GeV):  1.9799999E-03  1.9699999E-03

  Flux (Part/sr/GeV/cmq/pr):

   10.21775     +/-    3.216804     % 

  Flux (Part/deg/GeV/cmq/pr):

  0.7133334     +/-    3.216804     % 

  Energy interval (GeV):  1.9699999E-03  1.9600000E-03

  Flux (Part/sr/GeV/cmq/pr):

   9.612958     +/-    2.529917     % 

  Flux (Part/deg/GeV/cmq/pr):

  0.6711111     +/-    2.529917     % 

  Energy interval (GeV):  1.9600000E-03  1.9499999E-03

  Flux (Part/sr/GeV/cmq/pr):

   10.29732     +/-    4.187394     % 

  Flux (Part/deg/GeV/cmq/pr):

  0.7188889     +/-    4.187394     % 

  Energy interval (GeV):  1.9499999E-03  1.9400000E-03

  Flux (Part/sr/GeV/cmq/pr):

   9.453804     +/-    4.598148     % 

  Flux (Part/deg/GeV/cmq/pr):

  0.6600000     +/-    4.598148     % 

  Energy interval (GeV):  1.9400000E-03  1.9299999E-03

  Flux (Part/sr/GeV/cmq/pr):

   10.02676     +/-    3.094221     % 

  Flux (Part/deg/GeV/cmq/pr):

  0.7000000     +/-    3.094221     % 

  Energy interval (GeV):  1.9299999E-03  1.9200000E-03

  Flux (Part/sr/GeV/cmq/pr):

   8.849015     +/-    7.330102     % 

  Flux (Part/deg/GeV/cmq/pr):

  0.6177778     +/-    7.330102     % 

  Energy interval (GeV):  1.9200000E-03  1.9100000E-03

  Flux (Part/sr/GeV/cmq/pr):

   10.05859     +/-    3.489992     % 

  Flux (Part/deg/GeV/cmq/pr):

  0.7022222     +/-    3.489992     % 

  Energy interval (GeV):  1.9100000E-03  1.8999999E-03

  Flux (Part/sr/GeV/cmq/pr):

   9.358311     +/-    5.085006     % 

  Flux (Part/deg/GeV/cmq/pr):

  0.6533334     +/-    5.085006     % 

  Energy interval (GeV):  1.8999999E-03  1.8900000E-03

  Flux (Part/sr/GeV/cmq/pr):

   9.931269     +/-    2.674411     % 

  Flux (Part/deg/GeV/cmq/pr):

  0.6933334     +/-    2.674411     % 

  Energy interval (GeV):  1.8900000E-03  1.8800000E-03

  Flux (Part/sr/GeV/cmq/pr):

   8.880846     +/-    3.635386     % 

  Flux (Part/deg/GeV/cmq/pr):

  0.6200001     +/-    3.635386     % 

  Energy interval (GeV):  1.8800000E-03  1.8699999E-03

  Flux (Part/sr/GeV/cmq/pr):

   9.708451     +/-    5.755242     % 

  Flux (Part/deg/GeV/cmq/pr):

  0.6777778     +/-    5.755242     % 

  Energy interval (GeV):  1.8699999E-03  1.8600000E-03

  Flux (Part/sr/GeV/cmq/pr):

   9.851691     +/-    5.047012     % 

  Flux (Part/deg/GeV/cmq/pr):

  0.6877778     +/-    5.047012     % 

  Energy interval (GeV):  1.8600000E-03  1.8500000E-03

  Flux (Part/sr/GeV/cmq/pr):

   9.549296     +/-    2.400809     % 

  Flux (Part/deg/GeV/cmq/pr):

  0.6666667     +/-    2.400809     % 

  Energy interval (GeV):  1.8500000E-03  1.8399999E-03

  Flux (Part/sr/GeV/cmq/pr):

   9.867607     +/-    6.210202     % 

  Flux (Part/deg/GeV/cmq/pr):

  0.6888890     +/-    6.210202     % 

  Energy interval (GeV):  1.8399999E-03  1.8300000E-03

  Flux (Part/sr/GeV/cmq/pr):

   10.02676     +/-    6.059876     % 

  Flux (Part/deg/GeV/cmq/pr):

  0.7000000     +/-    6.059876     % 

  Energy interval (GeV):  1.8300000E-03  1.8200000E-03

  Flux (Part/sr/GeV/cmq/pr):

   10.15409     +/-    2.853785     % 

  Flux (Part/deg/GeV/cmq/pr):

  0.7088889     +/-    2.853785     % 

  Energy interval (GeV):  1.8200000E-03  1.8099999E-03

  Flux (Part/sr/GeV/cmq/pr):

   9.963099     +/-    3.439146     % 

  Flux (Part/deg/GeV/cmq/pr):

  0.6955556     +/-    3.439146     % 

  Energy interval (GeV):  1.8099999E-03  1.8000000E-03

  Flux (Part/sr/GeV/cmq/pr):

   9.246902     +/-    3.655209     % 

  Flux (Part/deg/GeV/cmq/pr):

  0.6455556     +/-    3.655209     % 

  Energy interval (GeV):  1.8000000E-03  1.7900000E-03

  Flux (Part/sr/GeV/cmq/pr):

   10.17000     +/-    3.162972     % 

  Flux (Part/deg/GeV/cmq/pr):

  0.7100000     +/-    3.162972     % 

  Energy interval (GeV):  1.7900000E-03  1.7799999E-03

  Flux (Part/sr/GeV/cmq/pr):

   9.358311     +/-    1.670653     % 

  Flux (Part/deg/GeV/cmq/pr):

  0.6533334     +/-    1.670653     % 

  Energy interval (GeV):  1.7799999E-03  1.7700000E-03

  Flux (Part/sr/GeV/cmq/pr):

   9.819860     +/-    3.462863     % 

  Flux (Part/deg/GeV/cmq/pr):

  0.6855556     +/-    3.462863     % 

  Energy interval (GeV):  1.7700000E-03  1.7599999E-03

  Flux (Part/sr/GeV/cmq/pr):

   9.692536     +/-    3.845662     % 

  Flux (Part/deg/GeV/cmq/pr):

  0.6766667     +/-    3.845662     % 

  Energy interval (GeV):  1.7599999E-03  1.7499999E-03

  Flux (Part/sr/GeV/cmq/pr):

   9.676620     +/-    2.305566     % 

  Flux (Part/deg/GeV/cmq/pr):

  0.6755556     +/-    2.305566     % 

  Energy interval (GeV):  1.7499999E-03  1.7400000E-03

  Flux (Part/sr/GeV/cmq/pr):

   10.18592     +/-    4.680985     % 

  Flux (Part/deg/GeV/cmq/pr):

  0.7111111     +/-    4.680985     % 

  Energy interval (GeV):  1.7400000E-03  1.7299999E-03

  Flux (Part/sr/GeV/cmq/pr):

   9.899437     +/-    5.056008     % 

  Flux (Part/deg/GeV/cmq/pr):

  0.6911111     +/-    5.056008     % 

  Energy interval (GeV):  1.7299999E-03  1.7199999E-03

  Flux (Part/sr/GeV/cmq/pr):

   10.01085     +/-    6.256118     % 

  Flux (Part/deg/GeV/cmq/pr):

  0.6988890     +/-    6.256118     % 

  Energy interval (GeV):  1.7199999E-03  1.7100000E-03

  Flux (Part/sr/GeV/cmq/pr):

   9.230987     +/-    3.543933     % 

  Flux (Part/deg/GeV/cmq/pr):

  0.6444445     +/-    3.543933     % 

  Energy interval (GeV):  1.7100000E-03  1.6999999E-03

  Flux (Part/sr/GeV/cmq/pr):

   9.453804     +/-    3.484890     % 

  Flux (Part/deg/GeV/cmq/pr):

  0.6600000     +/-    3.484890     % 

  Energy interval (GeV):  1.6999999E-03  1.6899999E-03

  Flux (Part/sr/GeV/cmq/pr):

   9.517466     +/-    5.933510     % 

  Flux (Part/deg/GeV/cmq/pr):

  0.6644444     +/-    5.933510     % 

  Energy interval (GeV):  1.6899999E-03  1.6800000E-03

  Flux (Part/sr/GeV/cmq/pr):

   9.215071     +/-    2.552978     % 

  Flux (Part/deg/GeV/cmq/pr):

  0.6433334     +/-    2.552978     % 

  Energy interval (GeV):  1.6800000E-03  1.6699999E-03

  Flux (Part/sr/GeV/cmq/pr):

   9.294648     +/-    3.287046     % 

  Flux (Part/deg/GeV/cmq/pr):

  0.6488889     +/-    3.287046     % 

  Energy interval (GeV):  1.6699999E-03  1.6600000E-03

  Flux (Part/sr/GeV/cmq/pr):

   10.07451     +/-    3.484478     % 

  Flux (Part/deg/GeV/cmq/pr):

  0.7033334     +/-    3.484478     % 

  Energy interval (GeV):  1.6600000E-03  1.6500000E-03

  Flux (Part/sr/GeV/cmq/pr):

   9.819860     +/-    4.784633     % 

  Flux (Part/deg/GeV/cmq/pr):

  0.6855556     +/-    4.784633     % 

  Energy interval (GeV):  1.6500000E-03  1.6399999E-03

  Flux (Part/sr/GeV/cmq/pr):

   9.597043     +/-    2.616870     % 

  Flux (Part/deg/GeV/cmq/pr):

  0.6700000     +/-    2.616870     % 

  Energy interval (GeV):  1.6399999E-03  1.6300000E-03

  Flux (Part/sr/GeV/cmq/pr):

   9.469719     +/-    5.334645     % 

  Flux (Part/deg/GeV/cmq/pr):

  0.6611112     +/-    5.334645     % 

  Energy interval (GeV):  1.6300000E-03  1.6200000E-03

  Flux (Part/sr/GeV/cmq/pr):

   9.931269     +/-    5.472234     % 

  Flux (Part/deg/GeV/cmq/pr):

  0.6933334     +/-    5.472234     % 

  Energy interval (GeV):  1.6200000E-03  1.6099999E-03

  Flux (Part/sr/GeV/cmq/pr):

   10.12225     +/-    4.566521     % 

  Flux (Part/deg/GeV/cmq/pr):

  0.7066667     +/-    4.566521     % 

  Energy interval (GeV):  1.6099999E-03  1.6000000E-03

  Flux (Part/sr/GeV/cmq/pr):

   9.724367     +/-    4.462716     % 

  Flux (Part/deg/GeV/cmq/pr):

  0.6788889     +/-    4.462716     % 

  Energy interval (GeV):  1.6000000E-03  1.5900000E-03

  Flux (Part/sr/GeV/cmq/pr):

   9.979015     +/-    3.685557     % 

  Flux (Part/deg/GeV/cmq/pr):

  0.6966667     +/-    3.685557     % 

  Energy interval (GeV):  1.5900000E-03  1.5799999E-03

  Flux (Part/sr/GeV/cmq/pr):

   9.453804     +/-    4.278877     % 

  Flux (Part/deg/GeV/cmq/pr):

  0.6600000     +/-    4.278877     % 

  Energy interval (GeV):  1.5799999E-03  1.5700000E-03

  Flux (Part/sr/GeV/cmq/pr):

   9.390141     +/-    4.919636     % 

  Flux (Part/deg/GeV/cmq/pr):

  0.6555556     +/-    4.919636     % 

  Energy interval (GeV):  1.5700000E-03  1.5600000E-03

  Flux (Part/sr/GeV/cmq/pr):

   10.02676     +/-    2.703079     % 

  Flux (Part/deg/GeV/cmq/pr):

  0.7000000     +/-    2.703079     % 

  Energy interval (GeV):  1.5600000E-03  1.5499999E-03

  Flux (Part/sr/GeV/cmq/pr):

   9.390141     +/-    2.666462     % 

  Flux (Part/deg/GeV/cmq/pr):

  0.6555556     +/-    2.666462     % 

  Energy interval (GeV):  1.5499999E-03  1.5400000E-03

  Flux (Part/sr/GeV/cmq/pr):

   9.437888     +/-    5.309966     % 

  Flux (Part/deg/GeV/cmq/pr):

  0.6588889     +/-    5.309966     % 

  Energy interval (GeV):  1.5400000E-03  1.5300000E-03

  Flux (Part/sr/GeV/cmq/pr):

   9.358311     +/-    3.386446     % 

  Flux (Part/deg/GeV/cmq/pr):

  0.6533334     +/-    3.386446     % 

  Energy interval (GeV):  1.5300000E-03  1.5199999E-03

  Flux (Part/sr/GeV/cmq/pr):

   9.565212     +/-    3.383478     % 

  Flux (Part/deg/GeV/cmq/pr):

  0.6677778     +/-    3.383478     % 

  Energy interval (GeV):  1.5199999E-03  1.5100000E-03

  Flux (Part/sr/GeV/cmq/pr):

   9.358311     +/-    5.521320     % 

  Flux (Part/deg/GeV/cmq/pr):

  0.6533334     +/-    5.521320     % 

  Energy interval (GeV):  1.5100000E-03  1.5000000E-03

  Flux (Part/sr/GeV/cmq/pr):

   9.326480     +/-    2.873286     % 

  Flux (Part/deg/GeV/cmq/pr):

  0.6511111     +/-    2.873286     % 

  Energy interval (GeV):  1.5000000E-03  1.4899999E-03

  Flux (Part/sr/GeV/cmq/pr):

   9.215071     +/-    4.381226     % 

  Flux (Part/deg/GeV/cmq/pr):

  0.6433334     +/-    4.381226     % 

  Energy interval (GeV):  1.4899999E-03  1.4800000E-03

  Flux (Part/sr/GeV/cmq/pr):

   9.055916     +/-    7.910564     % 

  Flux (Part/deg/GeV/cmq/pr):

  0.6322222     +/-    7.910564     % 

  Energy interval (GeV):  1.4800000E-03  1.4700000E-03

  Flux (Part/sr/GeV/cmq/pr):

   10.26549     +/-    3.129711     % 

  Flux (Part/deg/GeV/cmq/pr):

  0.7166667     +/-    3.129711     % 

  Energy interval (GeV):  1.4700000E-03  1.4599999E-03

  Flux (Part/sr/GeV/cmq/pr):

   10.01085     +/-    3.203410     % 

  Flux (Part/deg/GeV/cmq/pr):

  0.6988890     +/-    3.203410     % 

  Energy interval (GeV):  1.4599999E-03  1.4500000E-03

  Flux (Part/sr/GeV/cmq/pr):

   9.215071     +/-    2.355471     % 

  Flux (Part/deg/GeV/cmq/pr):

  0.6433334     +/-    2.355471     % 

  Energy interval (GeV):  1.4500000E-03  1.4400000E-03

  Flux (Part/sr/GeV/cmq/pr):

   9.342395     +/-    4.867881     % 

  Flux (Part/deg/GeV/cmq/pr):

  0.6522223     +/-    4.867881     % 

  Energy interval (GeV):  1.4400000E-03  1.4299999E-03

  Flux (Part/sr/GeV/cmq/pr):

   9.230987     +/-    5.513199     % 

  Flux (Part/deg/GeV/cmq/pr):

  0.6444445     +/-    5.513199     % 

  Energy interval (GeV):  1.4299999E-03  1.4200000E-03

  Flux (Part/sr/GeV/cmq/pr):

   9.390141     +/-    2.040948     % 

  Flux (Part/deg/GeV/cmq/pr):

  0.6555556     +/-    2.040948     % 

  Energy interval (GeV):  1.4200000E-03  1.4099999E-03

  Flux (Part/sr/GeV/cmq/pr):

   9.469719     +/-    2.774383     % 

  Flux (Part/deg/GeV/cmq/pr):

  0.6611112     +/-    2.774383     % 

  Energy interval (GeV):  1.4099999E-03  1.4000000E-03

  Flux (Part/sr/GeV/cmq/pr):

   9.565212     +/-    2.501380     % 

  Flux (Part/deg/GeV/cmq/pr):

  0.6677778     +/-    2.501380     % 

  Energy interval (GeV):  1.4000000E-03  1.3900000E-03

  Flux (Part/sr/GeV/cmq/pr):

   9.517466     +/-    4.429072     % 

  Flux (Part/deg/GeV/cmq/pr):

  0.6644445     +/-    4.429072     % 

  Energy interval (GeV):  1.3900000E-03  1.3799999E-03

  Flux (Part/sr/GeV/cmq/pr):

   9.549296     +/-    4.958159     % 

  Flux (Part/deg/GeV/cmq/pr):

  0.6666667     +/-    4.958159     % 

  Energy interval (GeV):  1.3799999E-03  1.3700000E-03

  Flux (Part/sr/GeV/cmq/pr):

   9.008170     +/-    2.393324     % 

  Flux (Part/deg/GeV/cmq/pr):

  0.6288889     +/-    2.393324     % 

  Energy interval (GeV):  1.3700000E-03  1.3600000E-03

  Flux (Part/sr/GeV/cmq/pr):

   9.469719     +/-    4.610376     % 

  Flux (Part/deg/GeV/cmq/pr):

  0.6611112     +/-    4.610376     % 

  Energy interval (GeV):  1.3600000E-03  1.3499999E-03

  Flux (Part/sr/GeV/cmq/pr):

   9.326480     +/-    3.021489     % 

  Flux (Part/deg/GeV/cmq/pr):

  0.6511111     +/-    3.021489     % 

  Energy interval (GeV):  1.3499999E-03  1.3400000E-03

  Flux (Part/sr/GeV/cmq/pr):

   9.024085     +/-    2.726564     % 

  Flux (Part/deg/GeV/cmq/pr):

  0.6300001     +/-    2.726564     % 

  Energy interval (GeV):  1.3400000E-03  1.3300000E-03

  Flux (Part/sr/GeV/cmq/pr):

   9.469719     +/-    4.820044     % 

  Flux (Part/deg/GeV/cmq/pr):

  0.6611112     +/-    4.820044     % 

  Energy interval (GeV):  1.3300000E-03  1.3199999E-03

  Flux (Part/sr/GeV/cmq/pr):

   9.453804     +/-    4.417387     % 

  Flux (Part/deg/GeV/cmq/pr):

  0.6600000     +/-    4.417387     % 

  Energy interval (GeV):  1.3199999E-03  1.3100000E-03

  Flux (Part/sr/GeV/cmq/pr):

   8.753522     +/-    5.982068     % 

  Flux (Part/deg/GeV/cmq/pr):

  0.6111112     +/-    5.982068     % 

  Energy interval (GeV):  1.3100000E-03  1.3000000E-03

  Flux (Part/sr/GeV/cmq/pr):

   9.819860     +/-    2.343085     % 

  Flux (Part/deg/GeV/cmq/pr):

  0.6855556     +/-    2.343085     % 

  Energy interval (GeV):  1.3000000E-03  1.2899999E-03

  Flux (Part/sr/GeV/cmq/pr):

   9.135493     +/-    3.574613     % 

  Flux (Part/deg/GeV/cmq/pr):

  0.6377778     +/-    3.574613     % 

  Energy interval (GeV):  1.2899999E-03  1.2800000E-03

  Flux (Part/sr/GeV/cmq/pr):

   9.326480     +/-    4.345676     % 

  Flux (Part/deg/GeV/cmq/pr):

  0.6511111     +/-    4.345676     % 

  Energy interval (GeV):  1.2800000E-03  1.2700000E-03

  Flux (Part/sr/GeV/cmq/pr):

   9.071832     +/-    1.901708     % 

  Flux (Part/deg/GeV/cmq/pr):

  0.6333334     +/-    1.901708     % 

  Energy interval (GeV):  1.2700000E-03  1.2599999E-03

  Flux (Part/sr/GeV/cmq/pr):

   9.437888     +/-    4.862688     % 

  Flux (Part/deg/GeV/cmq/pr):

  0.6588889     +/-    4.862688     % 

  Energy interval (GeV):  1.2599999E-03  1.2500000E-03

  Flux (Part/sr/GeV/cmq/pr):

   10.34507     +/-    3.689102     % 

  Flux (Part/deg/GeV/cmq/pr):

  0.7222223     +/-    3.689102     % 

  Energy interval (GeV):  1.2500000E-03  1.2400000E-03

  Flux (Part/sr/GeV/cmq/pr):

   8.896761     +/-    5.414219     % 

  Flux (Part/deg/GeV/cmq/pr):

  0.6211112     +/-    5.414219     % 

  Energy interval (GeV):  1.2400000E-03  1.2299999E-03

  Flux (Part/sr/GeV/cmq/pr):

   9.628874     +/-    3.937564     % 

  Flux (Part/deg/GeV/cmq/pr):

  0.6722223     +/-    3.937564     % 

  Energy interval (GeV):  1.2299999E-03  1.2200000E-03

  Flux (Part/sr/GeV/cmq/pr):

   10.40873     +/-    2.221078     % 

  Flux (Part/deg/GeV/cmq/pr):

  0.7266667     +/-    2.221078     % 

  Energy interval (GeV):  1.2200000E-03  1.2100000E-03

  Flux (Part/sr/GeV/cmq/pr):

   9.533381     +/-    3.226403     % 

  Flux (Part/deg/GeV/cmq/pr):

  0.6655556     +/-    3.226403     % 

  Energy interval (GeV):  1.2100000E-03  1.1999999E-03

  Flux (Part/sr/GeV/cmq/pr):

   8.705775     +/-    1.650408     % 

  Flux (Part/deg/GeV/cmq/pr):

  0.6077778     +/-    1.650408     % 

  Energy interval (GeV):  1.1999999E-03  1.1900000E-03

  Flux (Part/sr/GeV/cmq/pr):

   9.294649     +/-    5.903190     % 

  Flux (Part/deg/GeV/cmq/pr):

  0.6488889     +/-    5.903190     % 

  Energy interval (GeV):  1.1900000E-03  1.1800000E-03

  Flux (Part/sr/GeV/cmq/pr):

   9.469719     +/-    1.503239     % 

  Flux (Part/deg/GeV/cmq/pr):

  0.6611111     +/-    1.503239     % 

  Energy interval (GeV):  1.1800000E-03  1.1699999E-03

  Flux (Part/sr/GeV/cmq/pr):

   9.517466     +/-    4.389433     % 

  Flux (Part/deg/GeV/cmq/pr):

  0.6644445     +/-    4.389433     % 

  Energy interval (GeV):  1.1699999E-03  1.1600000E-03

  Flux (Part/sr/GeV/cmq/pr):

   8.928593     +/-    4.608799     % 

  Flux (Part/deg/GeV/cmq/pr):

  0.6233333     +/-    4.608799     % 

  Energy interval (GeV):  1.1600000E-03  1.1500000E-03

  Flux (Part/sr/GeV/cmq/pr):

   9.326480     +/-    4.911890     % 

  Flux (Part/deg/GeV/cmq/pr):

  0.6511111     +/-    4.911890     % 

  Energy interval (GeV):  1.1500000E-03  1.1399999E-03

  Flux (Part/sr/GeV/cmq/pr):

   9.612959     +/-    3.315395     % 

  Flux (Part/deg/GeV/cmq/pr):

  0.6711112     +/-    3.315395     % 

  Energy interval (GeV):  1.1399999E-03  1.1300000E-03

  Flux (Part/sr/GeV/cmq/pr):

   9.358311     +/-    5.176609     % 

  Flux (Part/deg/GeV/cmq/pr):

  0.6533334     +/-    5.176609     % 

  Energy interval (GeV):  1.1300000E-03  1.1199999E-03

  Flux (Part/sr/GeV/cmq/pr):

   9.278733     +/-    3.328234     % 

  Flux (Part/deg/GeV/cmq/pr):

  0.6477778     +/-    3.328234     % 

  Energy interval (GeV):  1.1199999E-03  1.1100000E-03

  Flux (Part/sr/GeV/cmq/pr):

   9.374226     +/-    4.706593     % 

  Flux (Part/deg/GeV/cmq/pr):

  0.6544445     +/-    4.706593     % 

  Energy interval (GeV):  1.1100000E-03  1.1000000E-03

  Flux (Part/sr/GeV/cmq/pr):

   9.565212     +/-    3.038600     % 

  Flux (Part/deg/GeV/cmq/pr):

  0.6677778     +/-    3.038600     % 

  Energy interval (GeV):  1.1000000E-03  1.0899999E-03

  Flux (Part/sr/GeV/cmq/pr):

   9.024085     +/-    1.065524     % 

  Flux (Part/deg/GeV/cmq/pr):

  0.6300001     +/-    1.065524     % 

  Energy interval (GeV):  1.0899999E-03  1.0800000E-03

  Flux (Part/sr/GeV/cmq/pr):

   9.644790     +/-    6.550968     % 

  Flux (Part/deg/GeV/cmq/pr):

  0.6733334     +/-    6.550968     % 

  Energy interval (GeV):  1.0800000E-03  1.0700000E-03

  Flux (Part/sr/GeV/cmq/pr):

   9.310564     +/-    6.767806     % 

  Flux (Part/deg/GeV/cmq/pr):

  0.6500000     +/-    6.767806     % 

  Energy interval (GeV):  1.0700000E-03  1.0599999E-03

  Flux (Part/sr/GeV/cmq/pr):

   8.801269     +/-    4.379342     % 

  Flux (Part/deg/GeV/cmq/pr):

  0.6144445     +/-    4.379342     % 

  Energy interval (GeV):  1.0599999E-03  1.0500000E-03

  Flux (Part/sr/GeV/cmq/pr):

   8.673944     +/-    3.760349     % 

  Flux (Part/deg/GeV/cmq/pr):

  0.6055556     +/-    3.760349     % 

  Energy interval (GeV):  1.0500000E-03  1.0400000E-03

  Flux (Part/sr/GeV/cmq/pr):

   9.469719     +/-    4.003740     % 

  Flux (Part/deg/GeV/cmq/pr):

  0.6611111     +/-    4.003740     % 

  Energy interval (GeV):  1.0400000E-03  1.0299999E-03

  Flux (Part/sr/GeV/cmq/pr):

   9.008170     +/-    4.156638     % 

  Flux (Part/deg/GeV/cmq/pr):

  0.6288889     +/-    4.156638     % 

  Energy interval (GeV):  1.0299999E-03  1.0200000E-03

  Flux (Part/sr/GeV/cmq/pr):

   9.103662     +/-    5.567023     % 

  Flux (Part/deg/GeV/cmq/pr):

  0.6355556     +/-    5.567023     % 

  Energy interval (GeV):  1.0200000E-03  1.0100000E-03

  Flux (Part/sr/GeV/cmq/pr):

   9.008170     +/-    1.638448     % 

  Flux (Part/deg/GeV/cmq/pr):

  0.6288889     +/-    1.638448     % 

  Energy interval (GeV):  1.0100000E-03  9.9999993E-04

  Flux (Part/sr/GeV/cmq/pr):

   10.05859     +/-    3.150682     % 

  Flux (Part/deg/GeV/cmq/pr):

  0.7022222     +/-    3.150682     % 

  Energy interval (GeV):  9.9999993E-04  9.8999997E-04

  Flux (Part/sr/GeV/cmq/pr):

   9.406057     +/-    6.355886     % 

  Flux (Part/deg/GeV/cmq/pr):

  0.6566667     +/-    6.355886     % 

  Energy interval (GeV):  9.8999997E-04  9.8000001E-04

  Flux (Part/sr/GeV/cmq/pr):

   9.246902     +/-    5.202093     % 

  Flux (Part/deg/GeV/cmq/pr):

  0.6455556     +/-    5.202093     % 

  Energy interval (GeV):  9.8000001E-04  9.6999999E-04

  Flux (Part/sr/GeV/cmq/pr):

   9.055916     +/-    3.339190     % 

  Flux (Part/deg/GeV/cmq/pr):

  0.6322222     +/-    3.339190     % 

  Energy interval (GeV):  9.6999999E-04  9.5999998E-04

  Flux (Part/sr/GeV/cmq/pr):

   9.676620     +/-    3.254336     % 

  Flux (Part/deg/GeV/cmq/pr):

  0.6755556     +/-    3.254336     % 

  Energy interval (GeV):  9.5999998E-04  9.4999996E-04

  Flux (Part/sr/GeV/cmq/pr):

   9.406057     +/-    4.366663     % 

  Flux (Part/deg/GeV/cmq/pr):

  0.6566667     +/-    4.366663     % 

  Energy interval (GeV):  9.4999996E-04  9.4000000E-04

  Flux (Part/sr/GeV/cmq/pr):

   9.167325     +/-    7.336996     % 

  Flux (Part/deg/GeV/cmq/pr):

  0.6400000     +/-    7.336996     % 

  Energy interval (GeV):  9.4000000E-04  9.2999998E-04

  Flux (Part/sr/GeV/cmq/pr):

   8.944508     +/-    2.001284     % 

  Flux (Part/deg/GeV/cmq/pr):

  0.6244445     +/-    2.001284     % 

  Energy interval (GeV):  9.2999998E-04  9.1999996E-04

  Flux (Part/sr/GeV/cmq/pr):

   8.482959     +/-    2.900492     % 

  Flux (Part/deg/GeV/cmq/pr):

  0.5922223     +/-    2.900492     % 

  Energy interval (GeV):  9.1999996E-04  9.1000000E-04

  Flux (Part/sr/GeV/cmq/pr):

   8.642114     +/-    5.529463     % 

  Flux (Part/deg/GeV/cmq/pr):

  0.6033334     +/-    5.529463     % 

  Energy interval (GeV):  9.1000000E-04  8.9999998E-04

  Flux (Part/sr/GeV/cmq/pr):

   8.849014     +/-    4.095430     % 

  Flux (Part/deg/GeV/cmq/pr):

  0.6177778     +/-    4.095430     % 

  Energy interval (GeV):  8.9999998E-04  8.8999997E-04

  Flux (Part/sr/GeV/cmq/pr):

   8.021409     +/-    5.650408     % 

  Flux (Part/deg/GeV/cmq/pr):

  0.5600000     +/-    5.650408     % 

  Energy interval (GeV):  8.8999997E-04  8.7999995E-04

  Flux (Part/sr/GeV/cmq/pr):

   9.374227     +/-    6.058767     % 

  Flux (Part/deg/GeV/cmq/pr):

  0.6544445     +/-    6.058767     % 

  Energy interval (GeV):  8.7999995E-04  8.6999999E-04

  Flux (Part/sr/GeV/cmq/pr):

   8.578451     +/-    6.396034     % 

  Flux (Part/deg/GeV/cmq/pr):

  0.5988889     +/-    6.396034     % 

  Energy interval (GeV):  8.6999999E-04  8.5999997E-04

  Flux (Part/sr/GeV/cmq/pr):

   8.976339     +/-    4.994527     % 

  Flux (Part/deg/GeV/cmq/pr):

  0.6266667     +/-    4.994527     % 

  Energy interval (GeV):  8.5999997E-04  8.4999995E-04

  Flux (Part/sr/GeV/cmq/pr):

   8.944508     +/-    4.309211     % 

  Flux (Part/deg/GeV/cmq/pr):

  0.6244445     +/-    4.309211     % 

  Energy interval (GeV):  8.4999995E-04  8.3999999E-04

  Flux (Part/sr/GeV/cmq/pr):

   8.642114     +/-    4.664428     % 

  Flux (Part/deg/GeV/cmq/pr):

  0.6033334     +/-    4.664428     % 

  Energy interval (GeV):  8.3999999E-04  8.2999998E-04

  Flux (Part/sr/GeV/cmq/pr):

   8.817183     +/-    2.236373     % 

  Flux (Part/deg/GeV/cmq/pr):

  0.6155556     +/-    2.236373     % 

  Energy interval (GeV):  8.2999998E-04  8.1999996E-04

  Flux (Part/sr/GeV/cmq/pr):

   8.387465     +/-    3.140976     % 

  Flux (Part/deg/GeV/cmq/pr):

  0.5855556     +/-    3.140976     % 

  Energy interval (GeV):  8.1999996E-04  8.1000000E-04

  Flux (Part/sr/GeV/cmq/pr):

   9.262817     +/-    2.571585     % 

  Flux (Part/deg/GeV/cmq/pr):

  0.6466667     +/-    2.571585     % 

  Energy interval (GeV):  8.1000000E-04  7.9999998E-04

  Flux (Part/sr/GeV/cmq/pr):

   9.071832     +/-    2.353755     % 

  Flux (Part/deg/GeV/cmq/pr):

  0.6333334     +/-    2.353755     % 

  Energy interval (GeV):  7.9999998E-04  7.8999996E-04

  Flux (Part/sr/GeV/cmq/pr):

   9.055916     +/-    2.264340     % 

  Flux (Part/deg/GeV/cmq/pr):

  0.6322222     +/-    2.264340     % 

  Energy interval (GeV):  7.8999996E-04  7.8000000E-04

  Flux (Part/sr/GeV/cmq/pr):

   8.833099     +/-    1.305529     % 

  Flux (Part/deg/GeV/cmq/pr):

  0.6166667     +/-    1.305529     % 

  Energy interval (GeV):  7.8000000E-04  7.6999998E-04

  Flux (Part/sr/GeV/cmq/pr):

   9.103662     +/-    3.277680     % 

  Flux (Part/deg/GeV/cmq/pr):

  0.6355556     +/-    3.277680     % 

  Energy interval (GeV):  7.6999998E-04  7.5999997E-04

  Flux (Part/sr/GeV/cmq/pr):

   9.055917     +/-    4.254383     % 

  Flux (Part/deg/GeV/cmq/pr):

  0.6322223     +/-    4.254383     % 

  Energy interval (GeV):  7.5999997E-04  7.5000001E-04

  Flux (Part/sr/GeV/cmq/pr):

   9.358311     +/-    5.113366     % 

  Flux (Part/deg/GeV/cmq/pr):

  0.6533334     +/-    5.113366     % 

  Energy interval (GeV):  7.5000001E-04  7.3999999E-04

  Flux (Part/sr/GeV/cmq/pr):

   8.307888     +/-    3.790490     % 

  Flux (Part/deg/GeV/cmq/pr):

  0.5800000     +/-    3.790490     % 

  Energy interval (GeV):  7.3999999E-04  7.2999997E-04

  Flux (Part/sr/GeV/cmq/pr):

   8.944508     +/-    3.215179     % 

  Flux (Part/deg/GeV/cmq/pr):

  0.6244445     +/-    3.215179     % 

  Energy interval (GeV):  7.2999997E-04  7.2000001E-04

  Flux (Part/sr/GeV/cmq/pr):

   8.403381     +/-    1.908090     % 

  Flux (Part/deg/GeV/cmq/pr):

  0.5866667     +/-    1.908090     % 

  Energy interval (GeV):  7.2000001E-04  7.0999999E-04

  Flux (Part/sr/GeV/cmq/pr):

   8.896761     +/-    5.820142     % 

  Flux (Part/deg/GeV/cmq/pr):

  0.6211112     +/-    5.820142     % 

  Energy interval (GeV):  7.0999999E-04  6.9999998E-04

  Flux (Part/sr/GeV/cmq/pr):

   8.244226     +/-    5.482421     % 

  Flux (Part/deg/GeV/cmq/pr):

  0.5755556     +/-    5.482421     % 

  Energy interval (GeV):  6.9999998E-04  6.8999996E-04

  Flux (Part/sr/GeV/cmq/pr):

   8.546620     +/-    2.402883     % 

  Flux (Part/deg/GeV/cmq/pr):

  0.5966667     +/-    2.402883     % 

  Energy interval (GeV):  6.8999996E-04  6.8000000E-04

  Flux (Part/sr/GeV/cmq/pr):

   8.435212     +/-    4.090468     % 

  Flux (Part/deg/GeV/cmq/pr):

  0.5888889     +/-    4.090468     % 

  Energy interval (GeV):  6.8000000E-04  6.6999998E-04

  Flux (Part/sr/GeV/cmq/pr):

   8.960423     +/-    3.330076     % 

  Flux (Part/deg/GeV/cmq/pr):

  0.6255556     +/-    3.330076     % 

  Energy interval (GeV):  6.6999998E-04  6.5999996E-04

  Flux (Part/sr/GeV/cmq/pr):

   9.087748     +/-    3.593394     % 

  Flux (Part/deg/GeV/cmq/pr):

  0.6344445     +/-    3.593394     % 

  Energy interval (GeV):  6.5999996E-04  6.5000000E-04

  Flux (Part/sr/GeV/cmq/pr):

   8.960423     +/-    3.032569     % 

  Flux (Part/deg/GeV/cmq/pr):

  0.6255556     +/-    3.032569     % 

  Energy interval (GeV):  6.5000000E-04  6.3999998E-04

  Flux (Part/sr/GeV/cmq/pr):

   8.642114     +/-    3.276325     % 

  Flux (Part/deg/GeV/cmq/pr):

  0.6033334     +/-    3.276325     % 

  Energy interval (GeV):  6.3999998E-04  6.2999997E-04

  Flux (Part/sr/GeV/cmq/pr):

   8.785353     +/-    5.301815     % 

  Flux (Part/deg/GeV/cmq/pr):

  0.6133333     +/-    5.301815     % 

  Energy interval (GeV):  6.2999997E-04  6.2000001E-04

  Flux (Part/sr/GeV/cmq/pr):

   8.721691     +/-    1.543023     % 

  Flux (Part/deg/GeV/cmq/pr):

  0.6088889     +/-    1.543023     % 

  Energy interval (GeV):  6.2000001E-04  6.0999999E-04

  Flux (Part/sr/GeV/cmq/pr):

   7.639437     +/-    4.370037     % 

  Flux (Part/deg/GeV/cmq/pr):

  0.5333334     +/-    4.370037     % 

  Energy interval (GeV):  6.0999999E-04  5.9999997E-04

  Flux (Part/sr/GeV/cmq/pr):

   8.562536     +/-    2.828090     % 

  Flux (Part/deg/GeV/cmq/pr):

  0.5977778     +/-    2.828090     % 

  Energy interval (GeV):  5.9999997E-04  5.9000001E-04

  Flux (Part/sr/GeV/cmq/pr):

   8.403381     +/-    5.575070     % 

  Flux (Part/deg/GeV/cmq/pr):

  0.5866667     +/-    5.575070     % 

  Energy interval (GeV):  5.9000001E-04  5.7999999E-04

  Flux (Part/sr/GeV/cmq/pr):

   8.976338     +/-    2.590715     % 

  Flux (Part/deg/GeV/cmq/pr):

  0.6266667     +/-    2.590715     % 

  Energy interval (GeV):  5.7999999E-04  5.6999997E-04

  Flux (Part/sr/GeV/cmq/pr):

   8.562536     +/-    4.089219     % 

  Flux (Part/deg/GeV/cmq/pr):

  0.5977778     +/-    4.089219     % 

  Energy interval (GeV):  5.6999997E-04  5.5999996E-04

  Flux (Part/sr/GeV/cmq/pr):

   8.021409     +/-    4.699492     % 

  Flux (Part/deg/GeV/cmq/pr):

  0.5600000     +/-    4.699492     % 

  Energy interval (GeV):  5.5999996E-04  5.5000000E-04

  Flux (Part/sr/GeV/cmq/pr):

   7.989578     +/-    2.411100     % 

  Flux (Part/deg/GeV/cmq/pr):

  0.5577778     +/-    2.411100     % 

  Energy interval (GeV):  5.5000000E-04  5.3999998E-04

  Flux (Part/sr/GeV/cmq/pr):

   7.973662     +/-    7.094959     % 

  Flux (Part/deg/GeV/cmq/pr):

  0.5566667     +/-    7.094959     % 

  Energy interval (GeV):  5.3999998E-04  5.2999996E-04

  Flux (Part/sr/GeV/cmq/pr):

   8.116902     +/-    4.089540     % 

  Flux (Part/deg/GeV/cmq/pr):

  0.5666667     +/-    4.089540     % 

  Energy interval (GeV):  5.2999996E-04  5.2000000E-04

  Flux (Part/sr/GeV/cmq/pr):

   7.687184     +/-    2.234683     % 

  Flux (Part/deg/GeV/cmq/pr):

  0.5366667     +/-    2.234683     % 

  Energy interval (GeV):  5.2000000E-04  5.0999998E-04

  Flux (Part/sr/GeV/cmq/pr):

   163.9773     +/-   0.6959547     % 

  Flux (Part/deg/GeV/cmq/pr):

   11.44778     +/-   0.6959547     % 

  Energy interval (GeV):  5.0999998E-04  4.9999997E-04

  Flux (Part/sr/GeV/cmq/pr):

   11.61831     +/-    2.302429     % 

  Flux (Part/deg/GeV/cmq/pr):

  0.8111112     +/-    2.302429     % 

  Energy interval (GeV):  4.9999997E-04  4.9000001E-04

  Flux (Part/sr/GeV/cmq/pr):

   11.57056     +/-    3.888113     % 

  Flux (Part/deg/GeV/cmq/pr):

  0.8077778     +/-    3.888113     % 

  Energy interval (GeV):  4.9000001E-04  4.7999999E-04

  Flux (Part/sr/GeV/cmq/pr):

   11.14085     +/-    1.410601     % 

  Flux (Part/deg/GeV/cmq/pr):

  0.7777779     +/-    1.410601     % 

  Energy interval (GeV):  4.7999999E-04  4.7000000E-04

  Flux (Part/sr/GeV/cmq/pr):

   11.52282     +/-    3.734393     % 

  Flux (Part/deg/GeV/cmq/pr):

  0.8044445     +/-    3.734393     % 

  Energy interval (GeV):  4.7000000E-04  4.5999998E-04

  Flux (Part/sr/GeV/cmq/pr):

   11.04535     +/-    2.794052     % 

  Flux (Part/deg/GeV/cmq/pr):

  0.7711111     +/-    2.794052     % 

  Energy interval (GeV):  4.5999998E-04  4.4999999E-04

  Flux (Part/sr/GeV/cmq/pr):

   11.01352     +/-    4.652417     % 

  Flux (Part/deg/GeV/cmq/pr):

  0.7688890     +/-    4.652417     % 

  Energy interval (GeV):  4.4999999E-04  4.3999997E-04

  Flux (Part/sr/GeV/cmq/pr):

   10.94986     +/-    4.506987     % 

  Flux (Part/deg/GeV/cmq/pr):

  0.7644445     +/-    4.506987     % 

  Energy interval (GeV):  4.3999997E-04  4.2999999E-04

  Flux (Part/sr/GeV/cmq/pr):

   11.61831     +/-    2.765291     % 

  Flux (Part/deg/GeV/cmq/pr):

  0.8111112     +/-    2.765291     % 

  Energy interval (GeV):  4.2999999E-04  4.2000000E-04

  Flux (Part/sr/GeV/cmq/pr):

   10.90211     +/-    2.651957     % 

  Flux (Part/deg/GeV/cmq/pr):

  0.7611111     +/-    2.651957     % 

  Energy interval (GeV):  4.2000000E-04  4.0999998E-04

  Flux (Part/sr/GeV/cmq/pr):

   10.93394     +/-    5.906418     % 

  Flux (Part/deg/GeV/cmq/pr):

  0.7633334     +/-    5.906418     % 

  Energy interval (GeV):  4.0999998E-04  3.9999999E-04

  Flux (Part/sr/GeV/cmq/pr):

   10.66338     +/-    2.359909     % 

  Flux (Part/deg/GeV/cmq/pr):

  0.7444445     +/-    2.359909     % 

  Energy interval (GeV):  3.9999999E-04  3.9000000E-04

  Flux (Part/sr/GeV/cmq/pr):

   11.96845     +/-    3.213575     % 

  Flux (Part/deg/GeV/cmq/pr):

  0.8355556     +/-    3.213575     % 

  Energy interval (GeV):  3.9000000E-04  3.7999998E-04

  Flux (Part/sr/GeV/cmq/pr):

   10.90211     +/-    4.403826     % 

  Flux (Part/deg/GeV/cmq/pr):

  0.7611111     +/-    4.403826     % 

  Energy interval (GeV):  3.7999998E-04  3.6999999E-04

  Flux (Part/sr/GeV/cmq/pr):

   10.98169     +/-    2.075047     % 

  Flux (Part/deg/GeV/cmq/pr):

  0.7666667     +/-    2.075047     % 

  Energy interval (GeV):  3.6999999E-04  3.6000001E-04

  Flux (Part/sr/GeV/cmq/pr):

   11.60240     +/-    2.438461     % 

  Flux (Part/deg/GeV/cmq/pr):

  0.8100001     +/-    2.438461     % 

  Energy interval (GeV):  3.6000001E-04  3.4999999E-04

  Flux (Part/sr/GeV/cmq/pr):

   11.23634     +/-    1.059959     % 

  Flux (Part/deg/GeV/cmq/pr):

  0.7844445     +/-    1.059959     % 

  Energy interval (GeV):  3.4999999E-04  3.4000000E-04

  Flux (Part/sr/GeV/cmq/pr):

   11.95254     +/-    4.013492     % 

  Flux (Part/deg/GeV/cmq/pr):

  0.8344445     +/-    4.013492     % 

  Energy interval (GeV):  3.4000000E-04  3.2999998E-04

  Flux (Part/sr/GeV/cmq/pr):

   10.80662     +/-    3.595451     % 

  Flux (Part/deg/GeV/cmq/pr):

  0.7544445     +/-    3.595451     % 

  Energy interval (GeV):  3.2999998E-04  3.1999999E-04

  Flux (Part/sr/GeV/cmq/pr):

   11.80930     +/-    2.340128     % 

  Flux (Part/deg/GeV/cmq/pr):

  0.8244445     +/-    2.340128     % 

  Energy interval (GeV):  3.1999999E-04  3.1000000E-04

  Flux (Part/sr/GeV/cmq/pr):

   11.49099     +/-    1.704782     % 

  Flux (Part/deg/GeV/cmq/pr):

  0.8022223     +/-    1.704782     % 

  Energy interval (GeV):  3.1000000E-04  2.9999999E-04

  Flux (Part/sr/GeV/cmq/pr):

   12.14352     +/-    3.929663     % 

  Flux (Part/deg/GeV/cmq/pr):

  0.8477778     +/-    3.929663     % 

  Energy interval (GeV):  2.9999999E-04  2.9000000E-04

  Flux (Part/sr/GeV/cmq/pr):

   12.43000     +/-    4.551311     % 

  Flux (Part/deg/GeV/cmq/pr):

  0.8677778     +/-    4.551311     % 

  Energy interval (GeV):  2.9000000E-04  2.7999998E-04

  Flux (Part/sr/GeV/cmq/pr):

   12.54141     +/-    6.340734     % 

  Flux (Part/deg/GeV/cmq/pr):

  0.8755556     +/-    6.340734     % 

  Energy interval (GeV):  2.7999998E-04  2.6999999E-04

  Flux (Part/sr/GeV/cmq/pr):

   12.76423     +/-    2.764314     % 

  Flux (Part/deg/GeV/cmq/pr):

  0.8911111     +/-    2.764314     % 

  Energy interval (GeV):  2.6999999E-04  2.6000000E-04

  Flux (Part/sr/GeV/cmq/pr):

   13.62366     +/-    1.516444     % 

  Flux (Part/deg/GeV/cmq/pr):

  0.9511111     +/-    1.516444     % 

  Energy interval (GeV):  2.6000000E-04  2.4999998E-04

  Flux (Part/sr/GeV/cmq/pr):

   12.81197     +/-    3.447065     % 

  Flux (Part/deg/GeV/cmq/pr):

  0.8944445     +/-    3.447065     % 

  Energy interval (GeV):  2.4999998E-04  2.3999999E-04

  Flux (Part/sr/GeV/cmq/pr):

   13.36901     +/-    3.271103     % 

  Flux (Part/deg/GeV/cmq/pr):

  0.9333333     +/-    3.271103     % 

  Energy interval (GeV):  2.3999999E-04  2.2999999E-04

  Flux (Part/sr/GeV/cmq/pr):

   13.09845     +/-    2.419479     % 

  Flux (Part/deg/GeV/cmq/pr):

  0.9144445     +/-    2.419479     % 

  Energy interval (GeV):  2.2999999E-04  2.1999999E-04

  Flux (Part/sr/GeV/cmq/pr):

   14.76958     +/-    3.107299     % 

  Flux (Part/deg/GeV/cmq/pr):

   1.031111     +/-    3.107299     % 

  Energy interval (GeV):  2.1999999E-04  2.1000000E-04

  Flux (Part/sr/GeV/cmq/pr):

   14.18071     +/-    3.111317     % 

  Flux (Part/deg/GeV/cmq/pr):

  0.9900001     +/-    3.111317     % 

  Energy interval (GeV):  2.1000000E-04  1.9999999E-04

  Flux (Part/sr/GeV/cmq/pr):

   15.04014     +/-    4.554569     % 

  Flux (Part/deg/GeV/cmq/pr):

   1.050000     +/-    4.554569     % 

  Energy interval (GeV):  1.9999999E-04  1.8999999E-04

  Flux (Part/sr/GeV/cmq/pr):

   14.53085     +/-    2.228585     % 

  Flux (Part/deg/GeV/cmq/pr):

   1.014444     +/-    2.228585     % 

  Energy interval (GeV):  1.8999999E-04  1.8000000E-04

  Flux (Part/sr/GeV/cmq/pr):

   14.30803     +/-    2.918719     % 

  Flux (Part/deg/GeV/cmq/pr):

  0.9988890     +/-    2.918719     % 

  Energy interval (GeV):  1.8000000E-04  1.7000000E-04

  Flux (Part/sr/GeV/cmq/pr):

   14.51493     +/-    2.586650     % 

  Flux (Part/deg/GeV/cmq/pr):

   1.013333     +/-    2.586650     % 

  Energy interval (GeV):  1.7000000E-04  1.6000000E-04

  Flux (Part/sr/GeV/cmq/pr):

   14.06930     +/-    2.744233     % 

  Flux (Part/deg/GeV/cmq/pr):

  0.9822223     +/-    2.744233     % 

  Energy interval (GeV):  1.6000000E-04  1.4999999E-04

  Flux (Part/sr/GeV/cmq/pr):

   12.23901     +/-    2.546573     % 

  Flux (Part/deg/GeV/cmq/pr):

  0.8544445     +/-    2.546573     % 

  Energy interval (GeV):  1.4999999E-04  1.3999999E-04

  Flux (Part/sr/GeV/cmq/pr):

   11.76155     +/-    1.441628     % 

  Flux (Part/deg/GeV/cmq/pr):

  0.8211111     +/-    1.441628     % 

  Energy interval (GeV):  1.3999999E-04  1.3000000E-04

  Flux (Part/sr/GeV/cmq/pr):

   10.12225     +/-    3.545590     % 

  Flux (Part/deg/GeV/cmq/pr):

  0.7066667     +/-    3.545590     % 

  Energy interval (GeV):  1.3000000E-04  1.2000000E-04

  Flux (Part/sr/GeV/cmq/pr):

   8.244226     +/-    4.695130     % 

  Flux (Part/deg/GeV/cmq/pr):

  0.5755556     +/-    4.695130     % 

  Energy interval (GeV):  1.2000000E-04  1.0999999E-04

  Flux (Part/sr/GeV/cmq/pr):

   6.700423     +/-    7.040261     % 

  Flux (Part/deg/GeV/cmq/pr):

  0.4677778     +/-    7.040261     % 

  Energy interval (GeV):  1.0999999E-04  9.9999997E-05

  Flux (Part/sr/GeV/cmq/pr):

   4.710986     +/-    8.350816     % 

  Flux (Part/deg/GeV/cmq/pr):

  0.3288889     +/-    8.350816     % 

  Energy interval (GeV):  9.9999997E-05  9.0000001E-05

  Flux (Part/sr/GeV/cmq/pr):

   3.756057     +/-    7.881811     % 

  Flux (Part/deg/GeV/cmq/pr):

  0.2622222     +/-    7.881811     % 

  Energy interval (GeV):  9.0000001E-05  7.9999998E-05

  Flux (Part/sr/GeV/cmq/pr):

   2.291831     +/-    9.534396     % 

  Flux (Part/deg/GeV/cmq/pr):

  0.1600000     +/-    9.534396     % 

  Energy interval (GeV):  7.9999998E-05  6.9999995E-05

  Flux (Part/sr/GeV/cmq/pr):

   2.180423     +/-    4.256169     % 

  Flux (Part/deg/GeV/cmq/pr):

  0.1522222     +/-    4.256169     % 

  Energy interval (GeV):  6.9999995E-05  5.9999998E-05

  Flux (Part/sr/GeV/cmq/pr):

   1.209578     +/-    12.02347     % 

  Flux (Part/deg/GeV/cmq/pr):

  8.4444448E-02 +/-    12.02347     % 

  Energy interval (GeV):  5.9999998E-05  4.9999999E-05

  Flux (Part/sr/GeV/cmq/pr):

   1.145916     +/-    15.46601     % 

  Flux (Part/deg/GeV/cmq/pr):

  8.0000006E-02 +/-    15.46601     % 

  Energy interval (GeV):  4.9999999E-05  3.9999999E-05

  Flux (Part/sr/GeV/cmq/pr):

  0.5888733     +/-    20.31527     % 

  Flux (Part/deg/GeV/cmq/pr):

  4.1111112E-02 +/-    20.31527     % 

  Energy interval (GeV):  3.9999999E-05  2.9999999E-05

  Flux (Part/sr/GeV/cmq/pr):

  0.3183099     +/-    27.38613     % 

  Flux (Part/deg/GeV/cmq/pr):

  2.2222223E-02 +/-    27.38613     % 

  Energy interval (GeV):  2.9999999E-05  1.9999999E-05

  Flux (Part/sr/GeV/cmq/pr):

  0.1909859     +/-    31.18048     % 

  Flux (Part/deg/GeV/cmq/pr):

  1.3333334E-02 +/-    31.18048     % 

  Energy interval (GeV):  1.9999999E-05  9.9999997E-06

  Flux (Part/sr/GeV/cmq/pr):

  0.1591549     +/-    15.81139     % 

  Flux (Part/deg/GeV/cmq/pr):

  1.1111111E-02 +/-    15.81139     % 

  Energy interval (GeV):  9.9999997E-06   0.000000    

  Flux (Part/sr/GeV/cmq/pr):

   0.000000     +/-    0.000000     % 

  Flux (Part/deg/GeV/cmq/pr):

   0.000000     +/-    0.000000     % 
